[2024-12-29 15:20:27] 开始处理任务
[2024-12-29 15:20:27] 使用配置文件: C:\computer\3\itproject\digitaltool\file\sync\out\20241229151631_pHRg\20241229151631_pHRg.yaml
[2024-12-29 15:20:28] add ffmpeg to path
[2024-12-29 15:20:33] Loads checkpoint by local backend from path: ./models/dwpose/dw-ll_ucoco_384.pth
[2024-12-29 15:20:34] cuda start
[2024-12-29 15:20:40] C:\ProgramData\miniconda3\envs\musetalk\lib\site-packages\torch\utils\_contextlib.py:125: UserWarning: Decorating classes is deprecated and will be disabled in future versions. You should only decorate functions or methods. To preserve the current behavior of class decoration, you can directly decorate the `__init__` method and nothing else.
[2024-12-29 15:20:41] warnings.warn("Decorating classes is deprecated and will be disabled in "
[2024-12-29 15:20:42] {'20241226200103_wbvh': {'preparation': False, 'bbox_shift': 5, 'video_path': 'C:\\computer\\3\\itproject\\digitaltool\\file\\train\\20241226200103_wbvh\\20241226200103_wbvh.mp4', 'audio_clips': {'audio_0': 'C:\\computer\\3\\itproject\\digitaltool\\file\\sync\\out\\20241229151631_pHRg\\20241229151631_pHRg.wav'}}}
[2024-12-29 15:20:43] avatar_path---------------------: C:\computer\3\itproject\MuseTalk\results\20241226200103_wbvh
[2024-12-29 15:20:44] reading images...
[2024-12-29 15:20:45] 
[2024-12-29 15:20:46] 0%|          | 0/600 [00:00<?, ?it/s]
[2024-12-29 15:20:47] 1%|▏         | 8/600 [00:00<00:07, 79.21it/s]
[2024-12-29 15:20:48] 3%|▎         | 16/600 [00:00<00:07, 79.21it/s]
[2024-12-29 15:20:49] 4%|▍         | 25/600 [00:00<00:07, 81.16it/s]
[2024-12-29 15:20:50] 6%|▌         | 34/600 [00:00<00:06, 83.44it/s]
[2024-12-29 15:20:51] 7%|▋         | 43/600 [00:00<00:06, 84.26it/s]
[2024-12-29 15:20:52] 9%|▊         | 52/600 [00:00<00:06, 84.62it/s]
[2024-12-29 15:20:53] 10%|█         | 61/600 [00:00<00:06, 84.98it/s]
[2024-12-29 15:20:54] 12%|█▏        | 70/600 [00:00<00:06, 84.95it/s]
[2024-12-29 15:20:55] 13%|█▎        | 79/600 [00:00<00:06, 83.21it/s]
[2024-12-29 15:20:56] 15%|█▍        | 88/600 [00:01<00:06, 81.49it/s]
[2024-12-29 15:20:57] 16%|█▌        | 97/600 [00:01<00:06, 81.82it/s]
[2024-12-29 15:20:58] 18%|█▊        | 106/600 [00:01<00:06, 80.92it/s]
[2024-12-29 15:20:59] 19%|█▉        | 115/600 [00:01<00:06, 80.42it/s]
[2024-12-29 15:21:00] 21%|██        | 124/600 [00:01<00:05, 79.86it/s]
[2024-12-29 15:21:01] 22%|██▏       | 133/600 [00:01<00:05, 81.32it/s]
[2024-12-29 15:21:02] 24%|██▎       | 142/600 [00:01<00:05, 81.03it/s]
[2024-12-29 15:21:03] 25%|██▌       | 151/600 [00:01<00:05, 81.37it/s]
[2024-12-29 15:21:04] 27%|██▋       | 160/600 [00:01<00:05, 80.51it/s]
[2024-12-29 15:21:05] 28%|██▊       | 169/600 [00:02<00:05, 82.00it/s]
[2024-12-29 15:21:06] 30%|██▉       | 178/600 [00:02<00:05, 82.40it/s]
[2024-12-29 15:21:07] 31%|███       | 187/600 [00:02<00:05, 80.89it/s]
[2024-12-29 15:21:08] 33%|███▎      | 196/600 [00:02<00:05, 79.76it/s]
[2024-12-29 15:21:09] 34%|███▍      | 204/600 [00:02<00:05, 78.74it/s]
