[2024-12-23 14:09:03] ä»»åŠ¡å·²åŠ å…¥é˜Ÿåˆ—ï¼Œå³å°†å¼€å§‹å¤„ç†...
[2024-12-23 14:09:03] å¼€å§‹å¤„ç†ä»»åŠ¡...
[2024-12-23 14:09:08] tango args: C:\computer\3\itproject\digitaltool\static\action_uploads\20241223140903-7cca81\20241223140903-7cca81.wav C:\computer\3\itproject\digitaltool\static\action_uploads\20241223140903-7cca81\20241223140903-7cca81.mp4 C:\computer\3\itproject\digitaltool\static\action_uploads\20241223140903-7cca81\20241223140903-7cca81_output.mp4
[2024-12-23 14:09:08] è§†é¢‘å¼€å§‹ç”Ÿæˆ
[2024-12-23 14:09:09] C:\computer\3\itproject\manyaitools_modules\TANGO\datasets/data_json/youtube_test/speaker1.json
[2024-12-23 14:09:11] ffmpeg version 2024-06-24-git-6ec22731ae-full_build-www.gyan.dev Copyright (c) 2000-2024 the FFmpeg developers
[2024-12-23 14:09:11] built with gcc 13.2.0 (Rev5, Built by MSYS2 project)
[2024-12-23 14:09:11] configuration: --enable-gpl --enable-version3 --enable-static --disable-w32threads --disable-autodetect --enable-fontconfig --enable-iconv --enable-gnutls --enable-libxml2 --enable-gmp --enable-bzlib --enable-lzma --enable-libsnappy --enable-zlib --enable-librist --enable-libsrt --enable-libssh --enable-libzmq --enable-avisynth --enable-libbluray --enable-libcaca --enable-sdl2 --enable-libaribb24 --enable-libaribcaption --enable-libdav1d --enable-libdavs2 --enable-libopenjpeg --enable-libquirc --enable-libuavs3d --enable-libxevd --enable-libzvbi --enable-libqrencode --enable-librav1e --enable-libsvtav1 --enable-libwebp --enable-libx264 --enable-libx265 --enable-libxavs2 --enable-libxeve --enable-libxvid --enable-libaom --enable-libjxl --enable-libvpx --enable-mediafoundation --enable-libass --enable-frei0r --enable-libfreetype --enable-libfribidi --enable-libharfbuzz --enable-liblensfun --enable-libvidstab --enable-libvmaf --enable-libzimg --enable-amf --enable-cuda-llvm --enable-cuvid --enable-dxva2 --enable-d3d11va --enable-d3d12va --enable-ffnvcodec --enable-libvpl --enable-nvdec --enable-nvenc --enable-vaapi --enable-libshaderc --enable-vulkan --enable-libplacebo --enable-opencl --enable-libcdio --enable-libgme --enable-libmodplug --enable-libopenmpt --enable-libopencore-amrwb --enable-libmp3lame --enable-libshine --enable-libtheora --enable-libtwolame --enable-libvo-amrwbenc --enable-libcodec2 --enable-libilbc --enable-libgsm --enable-libopencore-amrnb --enable-libopus --enable-libspeex --enable-libvorbis --enable-ladspa --enable-libbs2b --enable-libflite --enable-libmysofa --enable-librubberband --enable-libsoxr --enable-chromaprint
[2024-12-23 14:09:11] libavutil      59. 25.100 / 59. 25.100
[2024-12-23 14:09:11] libavcodec     61.  8.100 / 61.  8.100
[2024-12-23 14:09:11] libavformat    61.  4.100 / 61.  4.100
[2024-12-23 14:09:11] libavdevice    61.  2.100 / 61.  2.100
[2024-12-23 14:09:11] libavfilter    10.  2.102 / 10.  2.102
[2024-12-23 14:09:11] libswscale      8.  2.100 /  8.  2.100
[2024-12-23 14:09:11] libswresample   5.  2.100 /  5.  2.100
[2024-12-23 14:09:11] libpostproc    58.  2.100 / 58.  2.100
[2024-12-23 14:09:11] Input #0, mov,mp4,m4a,3gp,3g2,mj2, from 'C:\computer\3\itproject\manyaitools_modules\TANGO\outputs/tmpvideo\save_video_fps.mp4':
[2024-12-23 14:09:11] Metadata:
[2024-12-23 14:09:11] major_brand     : isom
[2024-12-23 14:09:11] minor_version   : 512
[2024-12-23 14:09:11] compatible_brands: isomiso2mp41
[2024-12-23 14:09:11] encoder         : Lavf58.76.100
[2024-12-23 14:09:11] Duration: 00:00:10.00, start: 0.000000, bitrate: 4877 kb/s
[2024-12-23 14:09:11] Stream #0:0[0x1](und): Video: mpeg4 (Simple Profile) (mp4v / 0x7634706D), yuv420p, 720x1280 [SAR 1:1 DAR 9:16], 4875 kb/s, 30 fps, 30 tbr, 15360 tbn (default)
[2024-12-23 14:09:11] Metadata:
[2024-12-23 14:09:11] handler_name    : VideoHandler
[2024-12-23 14:09:11] vendor_id       : [0][0][0][0]
[2024-12-23 14:09:11] Stream mapping:
[2024-12-23 14:09:11] Stream #0:0 -> #0:0 (mpeg4 (native) -> h264 (libx264))
[2024-12-23 14:09:11] Press [q] to stop, [?] for help
[2024-12-23 14:09:11] [libx264 @ 0000016b5703d2c0] using SAR=1/1
[2024-12-23 14:09:11] [libx264 @ 0000016b5703d2c0] using cpu capabilities: MMX2 SSE2Fast SSSE3 SSE4.2 AVX FMA3 BMI2 AVX2
[2024-12-23 14:09:11] [libx264 @ 0000016b5703d2c0] profile High, level 3.1, 4:2:0, 8-bit
[2024-12-23 14:09:11] [libx264 @ 0000016b5703d2c0] 264 - core 164 r3191 4613ac3 - H.264/MPEG-4 AVC codec - Copyleft 2003-2024 - http://www.videolan.org/x264.html - options: cabac=1 ref=3 deblock=1:0:0 analyse=0x3:0x113 me=hex subme=7 psy=1 psy_rd=1.00:0.00 mixed_ref=1 me_range=16 chroma_me=1 trellis=1 8x8dct=1 cqm=0 deadzone=21,11 fast_pskip=1 chroma_qp_offset=-2 threads=24 lookahead_threads=4 sliced_threads=0 nr=0 decimate=1 interlaced=0 bluray_compat=0 constrained_intra=0 bframes=3 b_pyramid=2 b_adapt=1 b_bias=0 direct=1 weightb=1 open_gop=0 weightp=2 keyint=250 keyint_min=25 scenecut=40 intra_refresh=0 rc_lookahead=40 rc=crf mbtree=1 crf=23.0 qcomp=0.60 qpmin=0 qpmax=69 qpstep=4 ip_ratio=1.40 aq=1:1.00
[2024-12-23 14:09:11] Output #0, mp4, to 'C:\computer\3\itproject\manyaitools_modules\TANGO\outputs/tmpvideo\save_video.mp4':
[2024-12-23 14:09:11] Metadata:
[2024-12-23 14:09:11] major_brand     : isom
[2024-12-23 14:09:11] minor_version   : 512
[2024-12-23 14:09:11] compatible_brands: isomiso2mp41
[2024-12-23 14:09:11] encoder         : Lavf61.4.100
[2024-12-23 14:09:11] Stream #0:0(und): Video: h264 (avc1 / 0x31637661), yuv420p(progressive), 720x1280 [SAR 1:1 DAR 9:16], q=2-31, 30 fps, 15360 tbn (default)
[2024-12-23 14:09:11] Metadata:
[2024-12-23 14:09:11] handler_name    : VideoHandler
[2024-12-23 14:09:11] vendor_id       : [0][0][0][0]
[2024-12-23 14:09:11] encoder         : Lavc61.8.100 libx264
[2024-12-23 14:09:11] Side data:
[2024-12-23 14:09:11] cpb: bitrate max/min/avg: 0/0/0 buffer size: 0 vbv_delay: N/A
[2024-12-23 14:09:12] frame=    0 fps=0.0 q=0.0 size=       0KiB time=N/A bitrate=N/A speed=N/A
[2024-12-23 14:09:13] frame=    0 fps=0.0 q=0.0 size=       0KiB time=N/A bitrate=N/A speed=N/A
[2024-12-23 14:09:13] frame=    0 fps=0.0 q=0.0 size=       0KiB time=N/A bitrate=N/A speed=N/A
[2024-12-23 14:09:14] frame=    0 fps=0.0 q=0.0 size=       0KiB time=N/A bitrate=N/A speed=N/A
[2024-12-23 14:09:14] frame=    0 fps=0.0 q=0.0 size=       0KiB time=N/A bitrate=N/A speed=N/A
[2024-12-23 14:09:15] frame=    0 fps=0.0 q=0.0 size=       0KiB time=N/A bitrate=N/A speed=N/A
[2024-12-23 14:09:15] frame=    0 fps=0.0 q=0.0 size=       0KiB time=N/A bitrate=N/A speed=N/A
[2024-12-23 14:09:16] frame=    0 fps=0.0 q=0.0 size=       0KiB time=N/A bitrate=N/A speed=N/A
[2024-12-23 14:09:16] frame=    0 fps=0.0 q=0.0 size=       0KiB time=N/A bitrate=N/A speed=N/A
[2024-12-23 14:09:17] frame=    0 fps=0.0 q=0.0 size=       0KiB time=N/A bitrate=N/A speed=N/A
[2024-12-23 14:09:17] frame=    4 fps=0.7 q=29.0 size=       0KiB time=00:00:00.06 bitrate=   5.8kbits/s speed=0.0118x
[2024-12-23 14:09:18] frame=   11 fps=1.8 q=29.0 size=       0KiB time=00:00:00.30 bitrate=   1.3kbits/s speed=0.0485x
[2024-12-23 14:09:18] frame=   18 fps=2.7 q=29.0 size=       0KiB time=00:00:00.53 bitrate=   0.7kbits/s speed=0.0796x
[2024-12-23 14:09:19] frame=   25 fps=3.5 q=29.0 size=     256KiB time=00:00:00.76 bitrate=2735.9kbits/s speed=0.106x
[2024-12-23 14:09:19] frame=   32 fps=4.1 q=29.0 size=     256KiB time=00:00:01.00 bitrate=2097.5kbits/s speed=0.129x
[2024-12-23 14:09:20] frame=   38 fps=4.6 q=29.0 size=     256KiB time=00:00:01.20 bitrate=1747.9kbits/s speed=0.145x
[2024-12-23 14:09:20] frame=   45 fps=5.1 q=29.0 size=     256KiB time=00:00:01.43 bitrate=1463.4kbits/s speed=0.163x
[2024-12-23 14:09:21] frame=   52 fps=5.6 q=29.0 size=     512KiB time=00:00:01.66 bitrate=2516.8kbits/s speed=0.179x
[2024-12-23 14:09:21] frame=   59 fps=6.0 q=29.0 size=     512KiB time=00:00:01.90 bitrate=2207.7kbits/s speed=0.194x
[2024-12-23 14:09:22] frame=   67 fps=6.5 q=29.0 size=     512KiB time=00:00:02.16 bitrate=1936.0kbits/s speed=0.21x
[2024-12-23 14:09:22] frame=   73 fps=6.7 q=29.0 size=     768KiB time=00:00:02.36 bitrate=2658.5kbits/s speed=0.218x
[2024-12-23 14:09:23] frame=   81 fps=7.1 q=29.0 size=     768KiB time=00:00:02.63 bitrate=2389.3kbits/s speed=0.232x
[2024-12-23 14:09:23] frame=   89 fps=7.5 q=29.0 size=     768KiB time=00:00:02.90 bitrate=2169.6kbits/s speed=0.244x
[2024-12-23 14:09:24] frame=   95 fps=7.7 q=29.0 size=     768KiB time=00:00:03.10 bitrate=2029.6kbits/s speed=0.25x
[2024-12-23 14:09:24] frame=  101 fps=7.8 q=29.0 size=    1024KiB time=00:00:03.30 bitrate=2542.1kbits/s speed=0.256x
[2024-12-23 14:09:25] frame=  108 fps=8.1 q=29.0 size=    1024KiB time=00:00:03.53 bitrate=2374.2kbits/s speed=0.264x
[2024-12-23 14:09:26] frame=  116 fps=8.3 q=29.0 size=    1024KiB time=00:00:03.80 bitrate=2207.6kbits/s speed=0.273x
[2024-12-23 14:09:26] frame=  123 fps=8.5 q=29.0 size=    1280KiB time=00:00:04.03 bitrate=2599.9kbits/s speed=0.279x
[2024-12-23 14:09:27] frame=  131 fps=8.8 q=29.0 size=    1280KiB time=00:00:04.30 bitrate=2438.6kbits/s speed=0.287x
[2024-12-23 14:09:27] frame=  139 fps=9.0 q=29.0 size=    1280KiB time=00:00:04.56 bitrate=2296.2kbits/s speed=0.295x
[2024-12-23 14:09:28] frame=  147 fps=9.2 q=29.0 size=    1536KiB time=00:00:04.83 bitrate=2603.4kbits/s speed=0.302x
[2024-12-23 14:09:28] frame=  155 fps=9.4 q=29.0 size=    1536KiB time=00:00:05.10 bitrate=2467.3kbits/s speed=0.309x
[2024-12-23 14:09:29] frame=  163 fps=9.6 q=29.0 size=    1536KiB time=00:00:05.36 bitrate=2344.7kbits/s speed=0.315x
[2024-12-23 14:09:29] frame=  171 fps=9.7 q=29.0 size=    1792KiB time=00:00:05.63 bitrate=2606.0kbits/s speed=0.321x
[2024-12-23 14:09:30] frame=  179 fps=9.9 q=29.0 size=    1792KiB time=00:00:05.90 bitrate=2488.2kbits/s speed=0.327x
[2024-12-23 14:09:30] frame=  188 fps= 10 q=29.0 size=    1792KiB time=00:00:06.20 bitrate=2367.8kbits/s speed=0.334x
[2024-12-23 14:09:31] frame=  196 fps= 10 q=29.0 size=    2048KiB time=00:00:06.46 bitrate=2594.5kbits/s speed=0.339x
[2024-12-23 14:09:31] frame=  205 fps= 10 q=29.0 size=    2048KiB time=00:00:06.76 bitrate=2479.4kbits/s speed=0.345x
[2024-12-23 14:09:32] frame=  213 fps= 11 q=29.0 size=    2048KiB time=00:00:07.03 bitrate=2385.4kbits/s speed=0.35x
[2024-12-23 14:09:32] frame=  221 fps= 11 q=29.0 size=    2304KiB time=00:00:07.30 bitrate=2585.6kbits/s speed=0.354x
[2024-12-23 14:09:32] frame=  229 fps= 11 q=29.0 size=    2304KiB time=00:00:07.56 bitrate=2494.5kbits/s speed=0.357x
[2024-12-23 14:09:32] [out#0/mp4 @ 0000016b57039580] video:2965KiB audio:0KiB subtitle:0KiB other streams:0KiB global headers:0KiB muxing overhead: 0.129110%
[2024-12-23 14:09:32] frame=  299 fps= 14 q=-1.0 Lsize=    2969KiB time=00:00:09.90 bitrate=2456.6kbits/s speed=0.463x
[2024-12-23 14:09:32] [libx264 @ 0000016b5703d2c0] frame I:2     Avg QP:21.41  size: 48036
[2024-12-23 14:09:32] [libx264 @ 0000016b5703d2c0] frame P:209   Avg QP:23.48  size: 13025
[2024-12-23 14:09:32] [libx264 @ 0000016b5703d2c0] frame B:88    Avg QP:24.80  size:  2469
[2024-12-23 14:09:32] [libx264 @ 0000016b5703d2c0] consecutive B-frames: 45.5% 44.8%  3.0%  6.7%
[2024-12-23 14:09:32] [libx264 @ 0000016b5703d2c0] mb I  I16..4: 19.4% 75.3%  5.3%
[2024-12-23 14:09:32] [libx264 @ 0000016b5703d2c0] mb P  I16..4:  3.4% 11.5%  0.2%  P16..4: 50.4%  9.4%  3.5%  0.0%  0.0%    skip:21.6%
[2024-12-23 14:09:32] [libx264 @ 0000016b5703d2c0] mb B  I16..4:  0.6%  1.6%  0.0%  B16..8: 30.2%  1.2%  0.1%  direct: 0.7%  skip:65.6%  L0:39.6% L1:57.2% BI: 3.2%
[2024-12-23 14:09:32] [libx264 @ 0000016b5703d2c0] 8x8 transform intra:76.2% inter:85.5%
[2024-12-23 14:09:32] [libx264 @ 0000016b5703d2c0] coded y,uvDC,uvAC intra: 43.4% 70.5% 12.9% inter: 14.2% 21.4% 0.3%
[2024-12-23 14:09:32] [libx264 @ 0000016b5703d2c0] i16 v,h,dc,p: 36% 17% 21% 26%
[2024-12-23 14:09:32] [libx264 @ 0000016b5703d2c0] i8 v,h,dc,ddl,ddr,vr,hd,vl,hu: 30% 18% 33%  3%  3%  4%  3%  4%  2%
[2024-12-23 14:09:32] [libx264 @ 0000016b5703d2c0] i4 v,h,dc,ddl,ddr,vr,hd,vl,hu: 29% 16% 10%  5% 11% 11%  8%  7%  4%
[2024-12-23 14:09:32] [libx264 @ 0000016b5703d2c0] i8c dc,h,v,p: 43% 19% 30%  8%
[2024-12-23 14:09:32] [libx264 @ 0000016b5703d2c0] Weighted P-Frames: Y:0.0% UV:0.0%
[2024-12-23 14:09:32] [libx264 @ 0000016b5703d2c0] ref P L0: 76.1% 13.5%  8.1%  2.3%
[2024-12-23 14:09:32] [libx264 @ 0000016b5703d2c0] ref B L0: 87.1% 12.2%  0.7%
[2024-12-23 14:09:32] [libx264 @ 0000016b5703d2c0] ref B L1: 98.6%  1.4%
[2024-12-23 14:09:32] [libx264 @ 0000016b5703d2c0] kb/s:2436.50
[2024-12-23 14:09:40] C:\ProgramData\miniconda3\envs\tango\lib\site-packages\timm\models\layers\__init__.py:48: FutureWarning: Importing from timm.models.layers is deprecated, please import via timm.layers
[2024-12-23 14:09:40] warnings.warn(f"Importing from {__name__} is deprecated, please import via timm.layers", FutureWarning)
[2024-12-23 14:09:41] [92m12-23 14:09:41[0m Load checkpoint from C:\computer\3\itproject\manyaitools_modules\TANGO\SMPLer-X\main\../pretrained_models\smpler_x_s32.pth.tar
[2024-12-23 14:09:41] [92m12-23 14:09:41[0m Creating graph...
[2024-12-23 14:09:42] Loads checkpoint by local backend from path: C:\computer\3\itproject\manyaitools_modules\TANGO\SMPLer-X\main\../pretrained_models/mmdet/faster_rcnn_r50_fpn_1x_coco_20200130-047c8118.pth
[2024-12-23 14:10:16] 0%|          | 0/1 [00:00<?, ?it/s]
[2024-12-23 14:10:16] 100%|â–ˆâ–ˆâ–ˆâ–ˆâ–ˆâ–ˆâ–ˆâ–ˆâ–ˆâ–ˆ| 1/1 [00:34<00:00, 34.30s/it]
[2024-12-23 14:10:16] 100%|â–ˆâ–ˆâ–ˆâ–ˆâ–ˆâ–ˆâ–ˆâ–ˆâ–ˆâ–ˆ| 1/1 [00:34<00:00, 34.30s/it]
[2024-12-23 14:10:17] [0mcmd_smplx:  cd ./SMPLer-X/ && python app.py --video_folder_path C:\computer\3\itproject\manyaitools_modules\TANGO\outputs/tmpvideo --data_save_path C:\computer\3\itproject\manyaitools_modules\TANGO\outputs/tmpdata --json_save_path C:\computer\3\itproject\manyaitools_modules\TANGO\outputs/save_video.json && cd ..
[2024-12-23 14:10:19] json_path C:\computer\3\itproject\manyaitools_modules\TANGO\outputs/save_video.json
[2024-12-23 14:10:20] 0%|          | 0/299 [00:00<?, ?it/s]
[2024-12-23 14:10:20] 100%|â–ˆâ–ˆâ–ˆâ–ˆâ–ˆâ–ˆâ–ˆâ–ˆâ–ˆâ–ˆ| 299/299 [00:00<00:00, 299092.99it/s]
[2024-12-23 14:10:21] nodes: 299, edges: 742
[2024-12-23 14:10:21] Average In-degree: 2.4816053511705687
[2024-12-23 14:10:21] Average Out-degree: 2.4816053511705687
[2024-12-23 14:10:21] max in degree: 11, max out degree: 28
[2024-12-23 14:10:21] min in degree: 1, min out degree: 1
[2024-12-23 14:10:21] average_dis_continue: 0.02970297029702973
[2024-12-23 14:10:21] Moviepy - Building video C:\computer\3\itproject\manyaitools_modules\TANGO\tmp\video_only_1734934221.7728796.mp4.
[2024-12-23 14:10:21] Moviepy - Writing video C:\computer\3\itproject\manyaitools_modules\TANGO\tmp\video_only_1734934221.7728796.mp4
[2024-12-23 14:10:21] t:   0%|          | 0/101 [00:00<?, ?it/s, now=None]
[2024-12-23 14:10:22] t:  18%|â–ˆâ–Š        | 18/101 [00:00<00:00, 176.47it/s, now=None]
[2024-12-23 14:10:22] t:  48%|â–ˆâ–ˆâ–ˆâ–ˆâ–Š     | 48/101 [00:00<00:00, 224.92it/s, now=None]
[2024-12-23 14:10:22] t:  79%|â–ˆâ–ˆâ–ˆâ–ˆâ–ˆâ–ˆâ–ˆâ–‰  | 80/101 [00:00<00:00, 264.08it/s, now=None]
[2024-12-23 14:10:22] Moviepy - Done !
[2024-12-23 14:10:22] Moviepy - video ready C:\computer\3\itproject\manyaitools_modules\TANGO\tmp\video_only_1734934221.7728796.mp4
[2024-12-23 14:10:22] before nodes: 299, edges: 742
[2024-12-23 14:10:22] after nodes: 299, edges: 742
[2024-12-23 14:10:22] Average In-degree: 2.4816053511705687
[2024-12-23 14:10:22] Average Out-degree: 2.4816053511705687
[2024-12-23 14:10:22] max in degree: 11, max out degree: 28
[2024-12-23 14:10:22] min in degree: 1, min out degree: 1
[2024-12-23 14:10:22] [0mcmd_graph:  python ./create_graph.py --json_save_path C:\computer\3\itproject\manyaitools_modules\TANGO\outputs/save_video.json --graph_save_path C:\computer\3\itproject\manyaitools_modules\TANGO\outputs/save_video.pkl
[2024-12-23 14:10:23] Some weights of the model checkpoint at facebook/wav2vec2-base-960h were not used when initializing Wav2Vec2Model: ['wav2vec2.encoder.pos_conv_embed.conv.weight_g', 'lm_head.weight', 'wav2vec2.encoder.pos_conv_embed.conv.weight_v', 'lm_head.bias']
[2024-12-23 14:10:23] - This IS expected if you are initializing Wav2Vec2Model from the checkpoint of a model trained on another task or with another architecture (e.g. initializing a BertForSequenceClassification model from a BertForPreTraining model).
[2024-12-23 14:10:23] - This IS NOT expected if you are initializing Wav2Vec2Model from the checkpoint of a model that you expect to be exactly identical (initializing a BertForSequenceClassification model from a BertForSequenceClassification model).
[2024-12-23 14:10:23] Some weights of Wav2Vec2Model were not initialized from the model checkpoint at facebook/wav2vec2-base-960h and are newly initialized: ['wav2vec2.encoder.pos_conv_embed.conv.parametrizations.weight.original0', 'wav2vec2.masked_spec_embed', 'wav2vec2.encoder.pos_conv_embed.conv.parametrizations.weight.original1']
[2024-12-23 14:10:23] You should probably TRAIN this model on a down-stream task to be able to use it for predictions and inference.
[2024-12-23 14:10:24] Some weights of the model checkpoint at facebook/wav2vec2-base-960h were not used when initializing Wav2Vec2Model: ['wav2vec2.encoder.pos_conv_embed.conv.weight_g', 'lm_head.weight', 'wav2vec2.encoder.pos_conv_embed.conv.weight_v', 'lm_head.bias']
[2024-12-23 14:10:24] - This IS expected if you are initializing Wav2Vec2Model from the checkpoint of a model trained on another task or with another architecture (e.g. initializing a BertForSequenceClassification model from a BertForPreTraining model).
[2024-12-23 14:10:24] - This IS NOT expected if you are initializing Wav2Vec2Model from the checkpoint of a model that you expect to be exactly identical (initializing a BertForSequenceClassification model from a BertForSequenceClassification model).
[2024-12-23 14:10:24] Some weights of Wav2Vec2Model were not initialized from the model checkpoint at facebook/wav2vec2-base-960h and are newly initialized: ['wav2vec2.encoder.pos_conv_embed.conv.parametrizations.weight.original0', 'wav2vec2.masked_spec_embed', 'wav2vec2.encoder.pos_conv_embed.conv.parametrizations.weight.original1']
[2024-12-23 14:10:24] You should probably TRAIN this model on a down-stream task to be able to use it for predictions and inference.
[2024-12-23 14:10:25] Some weights of the model checkpoint at facebook/wav2vec2-base-960h were not used when initializing Wav2Vec2Model: ['wav2vec2.encoder.pos_conv_embed.conv.weight_g', 'lm_head.weight', 'wav2vec2.encoder.pos_conv_embed.conv.weight_v', 'lm_head.bias']
[2024-12-23 14:10:25] - This IS expected if you are initializing Wav2Vec2Model from the checkpoint of a model trained on another task or with another architecture (e.g. initializing a BertForSequenceClassification model from a BertForPreTraining model).
[2024-12-23 14:10:25] - This IS NOT expected if you are initializing Wav2Vec2Model from the checkpoint of a model that you expect to be exactly identical (initializing a BertForSequenceClassification model from a BertForSequenceClassification model).
[2024-12-23 14:10:25] Some weights of Wav2Vec2Model were not initialized from the model checkpoint at facebook/wav2vec2-base-960h and are newly initialized: ['wav2vec2.encoder.pos_conv_embed.conv.parametrizations.weight.original0', 'wav2vec2.masked_spec_embed', 'wav2vec2.encoder.pos_conv_embed.conv.parametrizations.weight.original1']
[2024-12-23 14:10:25] You should probably TRAIN this model on a down-stream task to be able to use it for predictions and inference.
[2024-12-23 14:10:25] Some weights of the model checkpoint at facebook/wav2vec2-base-960h were not used when initializing Wav2Vec2Model: ['wav2vec2.encoder.pos_conv_embed.conv.weight_g', 'lm_head.weight', 'wav2vec2.encoder.pos_conv_embed.conv.weight_v', 'lm_head.bias']
[2024-12-23 14:10:25] - This IS expected if you are initializing Wav2Vec2Model from the checkpoint of a model trained on another task or with another architecture (e.g. initializing a BertForSequenceClassification model from a BertForPreTraining model).
[2024-12-23 14:10:25] - This IS NOT expected if you are initializing Wav2Vec2Model from the checkpoint of a model that you expect to be exactly identical (initializing a BertForSequenceClassification model from a BertForSequenceClassification model).
[2024-12-23 14:10:25] Some weights of Wav2Vec2Model were not initialized from the model checkpoint at facebook/wav2vec2-base-960h and are newly initialized: ['wav2vec2.encoder.pos_conv_embed.conv.parametrizations.weight.original0', 'wav2vec2.masked_spec_embed', 'wav2vec2.encoder.pos_conv_embed.conv.parametrizations.weight.original1']
[2024-12-23 14:10:25] You should probably TRAIN this model on a down-stream task to be able to use it for predictions and inference.
[2024-12-23 14:10:26] Some weights of the model checkpoint at facebook/wav2vec2-base-960h were not used when initializing Wav2Vec2ForCTC: ['wav2vec2.encoder.pos_conv_embed.conv.weight_g', 'wav2vec2.encoder.pos_conv_embed.conv.weight_v']
[2024-12-23 14:10:26] - This IS expected if you are initializing Wav2Vec2ForCTC from the checkpoint of a model trained on another task or with another architecture (e.g. initializing a BertForSequenceClassification model from a BertForPreTraining model).
[2024-12-23 14:10:26] - This IS NOT expected if you are initializing Wav2Vec2ForCTC from the checkpoint of a model that you expect to be exactly identical (initializing a BertForSequenceClassification model from a BertForSequenceClassification model).
[2024-12-23 14:10:26] Some weights of Wav2Vec2ForCTC were not initialized from the model checkpoint at facebook/wav2vec2-base-960h and are newly initialized: ['wav2vec2.encoder.pos_conv_embed.conv.parametrizations.weight.original0', 'wav2vec2.masked_spec_embed', 'wav2vec2.encoder.pos_conv_embed.conv.parametrizations.weight.original1']
[2024-12-23 14:10:26] You should probably TRAIN this model on a down-stream task to be able to use it for predictions and inference.
[2024-12-23 14:10:28] Some weights of the model checkpoint at bert-base-uncased were not used when initializing BertModel: ['cls.seq_relationship.weight', 'cls.seq_relationship.bias', 'cls.predictions.transform.LayerNorm.weight', 'cls.predictions.bias', 'cls.predictions.transform.dense.weight', 'cls.predictions.transform.LayerNorm.bias', 'cls.predictions.transform.dense.bias']
[2024-12-23 14:10:28] - This IS expected if you are initializing BertModel from the checkpoint of a model trained on another task or with another architecture (e.g. initializing a BertForSequenceClassification model from a BertForPreTraining model).
[2024-12-23 14:10:28] - This IS NOT expected if you are initializing BertModel from the checkpoint of a model that you expect to be exactly identical (initializing a BertForSequenceClassification model from a BertForSequenceClassification model).
[2024-12-23 14:10:29] start test_fn
[2024-12-23 14:10:29] before nodes: 299, edges: 742
[2024-12-23 14:10:29] after nodes: 299, edges: 742
[2024-12-23 14:10:29] Average In-degree: 2.4816053511705687
[2024-12-23 14:10:29] Average Out-degree: 2.4816053511705687
[2024-12-23 14:10:29] max in degree: 11, max out degree: 28
[2024-12-23 14:10:29] min in degree: 1, min out degree: 1
[2024-12-23 14:10:29] start search_path_dp
[2024-12-23 14:10:29] å¯ç”¨å†…å­˜å¤§äºŽ5Gï¼Œæ— éœ€é‡Šæ”¾
[2024-12-23 14:10:29] å½“å‰å¯ç”¨æ˜¾å­˜å……è¶³ï¼Œæ— éœ€é‡Šæ”¾æ˜¾å­˜ã€‚
[2024-12-23 14:10:29] å¯ç”¨å†…å­˜å¤§äºŽ5Gï¼Œæ— éœ€é‡Šæ”¾
[2024-12-23 14:10:29] å½“å‰å¯ç”¨æ˜¾å­˜å……è¶³ï¼Œæ— éœ€é‡Šæ”¾æ˜¾å­˜ã€‚
[2024-12-23 14:10:29] å¯ç”¨å†…å­˜å¤§äºŽ5Gï¼Œæ— éœ€é‡Šæ”¾
[2024-12-23 14:10:29] å½“å‰å¯ç”¨æ˜¾å­˜å……è¶³ï¼Œæ— éœ€é‡Šæ”¾æ˜¾å­˜ã€‚
[2024-12-23 14:10:29] å¯ç”¨å†…å­˜å¤§äºŽ5Gï¼Œæ— éœ€é‡Šæ”¾
[2024-12-23 14:10:29] å½“å‰å¯ç”¨æ˜¾å­˜å……è¶³ï¼Œæ— éœ€é‡Šæ”¾æ˜¾å­˜ã€‚
[2024-12-23 14:10:29] å¯ç”¨å†…å­˜å¤§äºŽ5Gï¼Œæ— éœ€é‡Šæ”¾
[2024-12-23 14:10:29] å½“å‰å¯ç”¨æ˜¾å­˜å……è¶³ï¼Œæ— éœ€é‡Šæ”¾æ˜¾å­˜ã€‚
[2024-12-23 14:10:29] å¯ç”¨å†…å­˜å¤§äºŽ5Gï¼Œæ— éœ€é‡Šæ”¾
[2024-12-23 14:10:29] å½“å‰å¯ç”¨æ˜¾å­˜å……è¶³ï¼Œæ— éœ€é‡Šæ”¾æ˜¾å­˜ã€‚
[2024-12-23 14:10:29] å¯ç”¨å†…å­˜å¤§äºŽ5Gï¼Œæ— éœ€é‡Šæ”¾
[2024-12-23 14:10:29] å½“å‰å¯ç”¨æ˜¾å­˜å……è¶³ï¼Œæ— éœ€é‡Šæ”¾æ˜¾å­˜ã€‚
[2024-12-23 14:10:29] å¯ç”¨å†…å­˜å¤§äºŽ5Gï¼Œæ— éœ€é‡Šæ”¾
[2024-12-23 14:10:29] å½“å‰å¯ç”¨æ˜¾å­˜å……è¶³ï¼Œæ— éœ€é‡Šæ”¾æ˜¾å­˜ã€‚
[2024-12-23 14:10:29] å¯ç”¨å†…å­˜å¤§äºŽ5Gï¼Œæ— éœ€é‡Šæ”¾
[2024-12-23 14:10:29] å½“å‰å¯ç”¨æ˜¾å­˜å……è¶³ï¼Œæ— éœ€é‡Šæ”¾æ˜¾å­˜ã€‚
[2024-12-23 14:10:29] å¯ç”¨å†…å­˜å¤§äºŽ5Gï¼Œæ— éœ€é‡Šæ”¾
[2024-12-23 14:10:29] å½“å‰å¯ç”¨æ˜¾å­˜å……è¶³ï¼Œæ— éœ€é‡Šæ”¾æ˜¾å­˜ã€‚
[2024-12-23 14:10:29] å¯ç”¨å†…å­˜å¤§äºŽ5Gï¼Œæ— éœ€é‡Šæ”¾
[2024-12-23 14:10:29] å½“å‰å¯ç”¨æ˜¾å­˜å……è¶³ï¼Œæ— éœ€é‡Šæ”¾æ˜¾å­˜ã€‚
[2024-12-23 14:10:29] å¯ç”¨å†…å­˜å¤§äºŽ5Gï¼Œæ— éœ€é‡Šæ”¾
[2024-12-23 14:10:29] å½“å‰å¯ç”¨æ˜¾å­˜å……è¶³ï¼Œæ— éœ€é‡Šæ”¾æ˜¾å­˜ã€‚
[2024-12-23 14:10:29] å¯ç”¨å†…å­˜å¤§äºŽ5Gï¼Œæ— éœ€é‡Šæ”¾
[2024-12-23 14:10:29] å½“å‰å¯ç”¨æ˜¾å­˜å……è¶³ï¼Œæ— éœ€é‡Šæ”¾æ˜¾å­˜ã€‚
[2024-12-23 14:10:29] å¯ç”¨å†…å­˜å¤§äºŽ5Gï¼Œæ— éœ€é‡Šæ”¾
[2024-12-23 14:10:29] å½“å‰å¯ç”¨æ˜¾å­˜å……è¶³ï¼Œæ— éœ€é‡Šæ”¾æ˜¾å­˜ã€‚
[2024-12-23 14:10:29] å¯ç”¨å†…å­˜å¤§äºŽ5Gï¼Œæ— éœ€é‡Šæ”¾
[2024-12-23 14:10:29] å½“å‰å¯ç”¨æ˜¾å­˜å……è¶³ï¼Œæ— éœ€é‡Šæ”¾æ˜¾å­˜ã€‚
[2024-12-23 14:10:29] å¯ç”¨å†…å­˜å¤§äºŽ5Gï¼Œæ— éœ€é‡Šæ”¾
[2024-12-23 14:10:29] å½“å‰å¯ç”¨æ˜¾å­˜å……è¶³ï¼Œæ— éœ€é‡Šæ”¾æ˜¾å­˜ã€‚
[2024-12-23 14:10:29] å¯ç”¨å†…å­˜å¤§äºŽ5Gï¼Œæ— éœ€é‡Šæ”¾
[2024-12-23 14:10:29] å½“å‰å¯ç”¨æ˜¾å­˜å……è¶³ï¼Œæ— éœ€é‡Šæ”¾æ˜¾å­˜ã€‚
[2024-12-23 14:10:29] å¯ç”¨å†…å­˜å¤§äºŽ5Gï¼Œæ— éœ€é‡Šæ”¾
[2024-12-23 14:10:29] å½“å‰å¯ç”¨æ˜¾å­˜å……è¶³ï¼Œæ— éœ€é‡Šæ”¾æ˜¾å­˜ã€‚
[2024-12-23 14:10:29] å¯ç”¨å†…å­˜å¤§äºŽ5Gï¼Œæ— éœ€é‡Šæ”¾
[2024-12-23 14:10:29] å½“å‰å¯ç”¨æ˜¾å­˜å……è¶³ï¼Œæ— éœ€é‡Šæ”¾æ˜¾å­˜ã€‚
[2024-12-23 14:10:29] å¯ç”¨å†…å­˜å¤§äºŽ5Gï¼Œæ— éœ€é‡Šæ”¾
[2024-12-23 14:10:29] å½“å‰å¯ç”¨æ˜¾å­˜å……è¶³ï¼Œæ— éœ€é‡Šæ”¾æ˜¾å­˜ã€‚
[2024-12-23 14:10:29] å¯ç”¨å†…å­˜å¤§äºŽ5Gï¼Œæ— éœ€é‡Šæ”¾
[2024-12-23 14:10:29] å½“å‰å¯ç”¨æ˜¾å­˜å……è¶³ï¼Œæ— éœ€é‡Šæ”¾æ˜¾å­˜ã€‚
[2024-12-23 14:10:29] å¯ç”¨å†…å­˜å¤§äºŽ5Gï¼Œæ— éœ€é‡Šæ”¾
[2024-12-23 14:10:29] å½“å‰å¯ç”¨æ˜¾å­˜å……è¶³ï¼Œæ— éœ€é‡Šæ”¾æ˜¾å­˜ã€‚
[2024-12-23 14:10:29] å¯ç”¨å†…å­˜å¤§äºŽ5Gï¼Œæ— éœ€é‡Šæ”¾
[2024-12-23 14:10:29] å½“å‰å¯ç”¨æ˜¾å­˜å……è¶³ï¼Œæ— éœ€é‡Šæ”¾æ˜¾å­˜ã€‚
[2024-12-23 14:10:29] å¯ç”¨å†…å­˜å¤§äºŽ5Gï¼Œæ— éœ€é‡Šæ”¾
[2024-12-23 14:10:29] å½“å‰å¯ç”¨æ˜¾å­˜å……è¶³ï¼Œæ— éœ€é‡Šæ”¾æ˜¾å­˜ã€‚
[2024-12-23 14:10:29] å¯ç”¨å†…å­˜å¤§äºŽ5Gï¼Œæ— éœ€é‡Šæ”¾
[2024-12-23 14:10:29] å½“å‰å¯ç”¨æ˜¾å­˜å……è¶³ï¼Œæ— éœ€é‡Šæ”¾æ˜¾å­˜ã€‚
[2024-12-23 14:10:29] å¯ç”¨å†…å­˜å¤§äºŽ5Gï¼Œæ— éœ€é‡Šæ”¾
[2024-12-23 14:10:29] å½“å‰å¯ç”¨æ˜¾å­˜å……è¶³ï¼Œæ— éœ€é‡Šæ”¾æ˜¾å­˜ã€‚
[2024-12-23 14:10:29] å¯ç”¨å†…å­˜å¤§äºŽ5Gï¼Œæ— éœ€é‡Šæ”¾
[2024-12-23 14:10:29] å½“å‰å¯ç”¨æ˜¾å­˜å……è¶³ï¼Œæ— éœ€é‡Šæ”¾æ˜¾å­˜ã€‚
[2024-12-23 14:10:29] å¯ç”¨å†…å­˜å¤§äºŽ5Gï¼Œæ— éœ€é‡Šæ”¾
[2024-12-23 14:10:29] å½“å‰å¯ç”¨æ˜¾å­˜å……è¶³ï¼Œæ— éœ€é‡Šæ”¾æ˜¾å­˜ã€‚
[2024-12-23 14:10:29] å¯ç”¨å†…å­˜å¤§äºŽ5Gï¼Œæ— éœ€é‡Šæ”¾
[2024-12-23 14:10:29] å½“å‰å¯ç”¨æ˜¾å­˜å……è¶³ï¼Œæ— éœ€é‡Šæ”¾æ˜¾å­˜ã€‚
[2024-12-23 14:10:29] å¯ç”¨å†…å­˜å¤§äºŽ5Gï¼Œæ— éœ€é‡Šæ”¾
[2024-12-23 14:10:29] å½“å‰å¯ç”¨æ˜¾å­˜å……è¶³ï¼Œæ— éœ€é‡Šæ”¾æ˜¾å­˜ã€‚
[2024-12-23 14:10:29] å¯ç”¨å†…å­˜å¤§äºŽ5Gï¼Œæ— éœ€é‡Šæ”¾
[2024-12-23 14:10:29] å½“å‰å¯ç”¨æ˜¾å­˜å……è¶³ï¼Œæ— éœ€é‡Šæ”¾æ˜¾å­˜ã€‚
[2024-12-23 14:10:29] å¯ç”¨å†…å­˜å¤§äºŽ5Gï¼Œæ— éœ€é‡Šæ”¾
[2024-12-23 14:10:29] å½“å‰å¯ç”¨æ˜¾å­˜å……è¶³ï¼Œæ— éœ€é‡Šæ”¾æ˜¾å­˜ã€‚
[2024-12-23 14:10:29] å¯ç”¨å†…å­˜å¤§äºŽ5Gï¼Œæ— éœ€é‡Šæ”¾
[2024-12-23 14:10:29] å½“å‰å¯ç”¨æ˜¾å­˜å……è¶³ï¼Œæ— éœ€é‡Šæ”¾æ˜¾å­˜ã€‚
[2024-12-23 14:10:29] å¯ç”¨å†…å­˜å¤§äºŽ5Gï¼Œæ— éœ€é‡Šæ”¾
[2024-12-23 14:10:29] å½“å‰å¯ç”¨æ˜¾å­˜å……è¶³ï¼Œæ— éœ€é‡Šæ”¾æ˜¾å­˜ã€‚
[2024-12-23 14:10:29] å¯ç”¨å†…å­˜å¤§äºŽ5Gï¼Œæ— éœ€é‡Šæ”¾
[2024-12-23 14:10:29] å½“å‰å¯ç”¨æ˜¾å­˜å……è¶³ï¼Œæ— éœ€é‡Šæ”¾æ˜¾å­˜ã€‚
[2024-12-23 14:10:29] å¯ç”¨å†…å­˜å¤§äºŽ5Gï¼Œæ— éœ€é‡Šæ”¾
[2024-12-23 14:10:29] å½“å‰å¯ç”¨æ˜¾å­˜å……è¶³ï¼Œæ— éœ€é‡Šæ”¾æ˜¾å­˜ã€‚
[2024-12-23 14:10:29] å¯ç”¨å†…å­˜å¤§äºŽ5Gï¼Œæ— éœ€é‡Šæ”¾
[2024-12-23 14:10:29] å½“å‰å¯ç”¨æ˜¾å­˜å……è¶³ï¼Œæ— éœ€é‡Šæ”¾æ˜¾å­˜ã€‚
[2024-12-23 14:10:29] å¯ç”¨å†…å­˜å¤§äºŽ5Gï¼Œæ— éœ€é‡Šæ”¾
[2024-12-23 14:10:29] å½“å‰å¯ç”¨æ˜¾å­˜å……è¶³ï¼Œæ— éœ€é‡Šæ”¾æ˜¾å­˜ã€‚
[2024-12-23 14:10:30] å¯ç”¨å†…å­˜å¤§äºŽ5Gï¼Œæ— éœ€é‡Šæ”¾
[2024-12-23 14:10:30] å½“å‰å¯ç”¨æ˜¾å­˜å……è¶³ï¼Œæ— éœ€é‡Šæ”¾æ˜¾å­˜ã€‚
[2024-12-23 14:10:30] å¯ç”¨å†…å­˜å¤§äºŽ5Gï¼Œæ— éœ€é‡Šæ”¾
[2024-12-23 14:10:30] å½“å‰å¯ç”¨æ˜¾å­˜å……è¶³ï¼Œæ— éœ€é‡Šæ”¾æ˜¾å­˜ã€‚
[2024-12-23 14:10:30] å¯ç”¨å†…å­˜å¤§äºŽ5Gï¼Œæ— éœ€é‡Šæ”¾
[2024-12-23 14:10:30] å½“å‰å¯ç”¨æ˜¾å­˜å……è¶³ï¼Œæ— éœ€é‡Šæ”¾æ˜¾å­˜ã€‚
[2024-12-23 14:10:30] å¯ç”¨å†…å­˜å¤§äºŽ5Gï¼Œæ— éœ€é‡Šæ”¾
[2024-12-23 14:10:30] å½“å‰å¯ç”¨æ˜¾å­˜å……è¶³ï¼Œæ— éœ€é‡Šæ”¾æ˜¾å­˜ã€‚
[2024-12-23 14:10:30] å¯ç”¨å†…å­˜å¤§äºŽ5Gï¼Œæ— éœ€é‡Šæ”¾
[2024-12-23 14:10:30] å½“å‰å¯ç”¨æ˜¾å­˜å……è¶³ï¼Œæ— éœ€é‡Šæ”¾æ˜¾å­˜ã€‚
[2024-12-23 14:10:30] å¯ç”¨å†…å­˜å¤§äºŽ5Gï¼Œæ— éœ€é‡Šæ”¾
[2024-12-23 14:10:30] å½“å‰å¯ç”¨æ˜¾å­˜å……è¶³ï¼Œæ— éœ€é‡Šæ”¾æ˜¾å­˜ã€‚
[2024-12-23 14:10:30] å¯ç”¨å†…å­˜å¤§äºŽ5Gï¼Œæ— éœ€é‡Šæ”¾
[2024-12-23 14:10:30] å½“å‰å¯ç”¨æ˜¾å­˜å……è¶³ï¼Œæ— éœ€é‡Šæ”¾æ˜¾å­˜ã€‚
[2024-12-23 14:10:30] å¯ç”¨å†…å­˜å¤§äºŽ5Gï¼Œæ— éœ€é‡Šæ”¾
[2024-12-23 14:10:30] å½“å‰å¯ç”¨æ˜¾å­˜å……è¶³ï¼Œæ— éœ€é‡Šæ”¾æ˜¾å­˜ã€‚
[2024-12-23 14:10:30] å¯ç”¨å†…å­˜å¤§äºŽ5Gï¼Œæ— éœ€é‡Šæ”¾
[2024-12-23 14:10:30] å½“å‰å¯ç”¨æ˜¾å­˜å……è¶³ï¼Œæ— éœ€é‡Šæ”¾æ˜¾å­˜ã€‚
[2024-12-23 14:10:30] å¯ç”¨å†…å­˜å¤§äºŽ5Gï¼Œæ— éœ€é‡Šæ”¾
[2024-12-23 14:10:30] å½“å‰å¯ç”¨æ˜¾å­˜å……è¶³ï¼Œæ— éœ€é‡Šæ”¾æ˜¾å­˜ã€‚
[2024-12-23 14:10:30] å¯ç”¨å†…å­˜å¤§äºŽ5Gï¼Œæ— éœ€é‡Šæ”¾
[2024-12-23 14:10:30] å½“å‰å¯ç”¨æ˜¾å­˜å……è¶³ï¼Œæ— éœ€é‡Šæ”¾æ˜¾å­˜ã€‚
[2024-12-23 14:10:30] å¯ç”¨å†…å­˜å¤§äºŽ5Gï¼Œæ— éœ€é‡Šæ”¾
[2024-12-23 14:10:30] å½“å‰å¯ç”¨æ˜¾å­˜å……è¶³ï¼Œæ— éœ€é‡Šæ”¾æ˜¾å­˜ã€‚
[2024-12-23 14:10:30] å¯ç”¨å†…å­˜å¤§äºŽ5Gï¼Œæ— éœ€é‡Šæ”¾
[2024-12-23 14:10:30] å½“å‰å¯ç”¨æ˜¾å­˜å……è¶³ï¼Œæ— éœ€é‡Šæ”¾æ˜¾å­˜ã€‚
[2024-12-23 14:10:30] å¯ç”¨å†…å­˜å¤§äºŽ5Gï¼Œæ— éœ€é‡Šæ”¾
[2024-12-23 14:10:30] å½“å‰å¯ç”¨æ˜¾å­˜å……è¶³ï¼Œæ— éœ€é‡Šæ”¾æ˜¾å­˜ã€‚
[2024-12-23 14:10:30] å¯ç”¨å†…å­˜å¤§äºŽ5Gï¼Œæ— éœ€é‡Šæ”¾
[2024-12-23 14:10:30] å½“å‰å¯ç”¨æ˜¾å­˜å……è¶³ï¼Œæ— éœ€é‡Šæ”¾æ˜¾å­˜ã€‚
[2024-12-23 14:10:30] å¯ç”¨å†…å­˜å¤§äºŽ5Gï¼Œæ— éœ€é‡Šæ”¾
[2024-12-23 14:10:30] å½“å‰å¯ç”¨æ˜¾å­˜å……è¶³ï¼Œæ— éœ€é‡Šæ”¾æ˜¾å­˜ã€‚
[2024-12-23 14:10:30] å¯ç”¨å†…å­˜å¤§äºŽ5Gï¼Œæ— éœ€é‡Šæ”¾
[2024-12-23 14:10:30] å½“å‰å¯ç”¨æ˜¾å­˜å……è¶³ï¼Œæ— éœ€é‡Šæ”¾æ˜¾å­˜ã€‚
[2024-12-23 14:10:30] å¯ç”¨å†…å­˜å¤§äºŽ5Gï¼Œæ— éœ€é‡Šæ”¾
[2024-12-23 14:10:30] å½“å‰å¯ç”¨æ˜¾å­˜å……è¶³ï¼Œæ— éœ€é‡Šæ”¾æ˜¾å­˜ã€‚
[2024-12-23 14:10:30] å¯ç”¨å†…å­˜å¤§äºŽ5Gï¼Œæ— éœ€é‡Šæ”¾
[2024-12-23 14:10:30] å½“å‰å¯ç”¨æ˜¾å­˜å……è¶³ï¼Œæ— éœ€é‡Šæ”¾æ˜¾å­˜ã€‚
[2024-12-23 14:10:30] å¯ç”¨å†…å­˜å¤§äºŽ5Gï¼Œæ— éœ€é‡Šæ”¾
[2024-12-23 14:10:30] å½“å‰å¯ç”¨æ˜¾å­˜å……è¶³ï¼Œæ— éœ€é‡Šæ”¾æ˜¾å­˜ã€‚
[2024-12-23 14:10:30] å¯ç”¨å†…å­˜å¤§äºŽ5Gï¼Œæ— éœ€é‡Šæ”¾
[2024-12-23 14:10:30] å½“å‰å¯ç”¨æ˜¾å­˜å……è¶³ï¼Œæ— éœ€é‡Šæ”¾æ˜¾å­˜ã€‚
[2024-12-23 14:10:30] å¯ç”¨å†…å­˜å¤§äºŽ5Gï¼Œæ— éœ€é‡Šæ”¾
[2024-12-23 14:10:30] å½“å‰å¯ç”¨æ˜¾å­˜å……è¶³ï¼Œæ— éœ€é‡Šæ”¾æ˜¾å­˜ã€‚
[2024-12-23 14:10:30] å¯ç”¨å†…å­˜å¤§äºŽ5Gï¼Œæ— éœ€é‡Šæ”¾
[2024-12-23 14:10:30] å½“å‰å¯ç”¨æ˜¾å­˜å……è¶³ï¼Œæ— éœ€é‡Šæ”¾æ˜¾å­˜ã€‚
[2024-12-23 14:10:30] å¯ç”¨å†…å­˜å¤§äºŽ5Gï¼Œæ— éœ€é‡Šæ”¾
[2024-12-23 14:10:30] å½“å‰å¯ç”¨æ˜¾å­˜å……è¶³ï¼Œæ— éœ€é‡Šæ”¾æ˜¾å­˜ã€‚
[2024-12-23 14:10:30] å¯ç”¨å†…å­˜å¤§äºŽ5Gï¼Œæ— éœ€é‡Šæ”¾
[2024-12-23 14:10:30] å½“å‰å¯ç”¨æ˜¾å­˜å……è¶³ï¼Œæ— éœ€é‡Šæ”¾æ˜¾å­˜ã€‚
[2024-12-23 14:10:30] å¯ç”¨å†…å­˜å¤§äºŽ5Gï¼Œæ— éœ€é‡Šæ”¾
[2024-12-23 14:10:30] å½“å‰å¯ç”¨æ˜¾å­˜å……è¶³ï¼Œæ— éœ€é‡Šæ”¾æ˜¾å­˜ã€‚
[2024-12-23 14:10:30] å¯ç”¨å†…å­˜å¤§äºŽ5Gï¼Œæ— éœ€é‡Šæ”¾
[2024-12-23 14:10:30] å½“å‰å¯ç”¨æ˜¾å­˜å……è¶³ï¼Œæ— éœ€é‡Šæ”¾æ˜¾å­˜ã€‚
[2024-12-23 14:10:30] å¯ç”¨å†…å­˜å¤§äºŽ5Gï¼Œæ— éœ€é‡Šæ”¾
[2024-12-23 14:10:30] å½“å‰å¯ç”¨æ˜¾å­˜å……è¶³ï¼Œæ— éœ€é‡Šæ”¾æ˜¾å­˜ã€‚
[2024-12-23 14:10:30] å¯ç”¨å†…å­˜å¤§äºŽ5Gï¼Œæ— éœ€é‡Šæ”¾
[2024-12-23 14:10:30] å½“å‰å¯ç”¨æ˜¾å­˜å……è¶³ï¼Œæ— éœ€é‡Šæ”¾æ˜¾å­˜ã€‚
[2024-12-23 14:10:30] å¯ç”¨å†…å­˜å¤§äºŽ5Gï¼Œæ— éœ€é‡Šæ”¾
[2024-12-23 14:10:30] å½“å‰å¯ç”¨æ˜¾å­˜å……è¶³ï¼Œæ— éœ€é‡Šæ”¾æ˜¾å­˜ã€‚
[2024-12-23 14:10:30] å¯ç”¨å†…å­˜å¤§äºŽ5Gï¼Œæ— éœ€é‡Šæ”¾
[2024-12-23 14:10:30] å½“å‰å¯ç”¨æ˜¾å­˜å……è¶³ï¼Œæ— éœ€é‡Šæ”¾æ˜¾å­˜ã€‚
[2024-12-23 14:10:30] å¯ç”¨å†…å­˜å¤§äºŽ5Gï¼Œæ— éœ€é‡Šæ”¾
[2024-12-23 14:10:30] å½“å‰å¯ç”¨æ˜¾å­˜å……è¶³ï¼Œæ— éœ€é‡Šæ”¾æ˜¾å­˜ã€‚
[2024-12-23 14:10:30] å¯ç”¨å†…å­˜å¤§äºŽ5Gï¼Œæ— éœ€é‡Šæ”¾
[2024-12-23 14:10:30] å½“å‰å¯ç”¨æ˜¾å­˜å……è¶³ï¼Œæ— éœ€é‡Šæ”¾æ˜¾å­˜ã€‚
[2024-12-23 14:10:30] å¯ç”¨å†…å­˜å¤§äºŽ5Gï¼Œæ— éœ€é‡Šæ”¾
[2024-12-23 14:10:30] å½“å‰å¯ç”¨æ˜¾å­˜å……è¶³ï¼Œæ— éœ€é‡Šæ”¾æ˜¾å­˜ã€‚
[2024-12-23 14:10:30] å¯ç”¨å†…å­˜å¤§äºŽ5Gï¼Œæ— éœ€é‡Šæ”¾
[2024-12-23 14:10:30] å½“å‰å¯ç”¨æ˜¾å­˜å……è¶³ï¼Œæ— éœ€é‡Šæ”¾æ˜¾å­˜ã€‚
[2024-12-23 14:10:30] å¯ç”¨å†…å­˜å¤§äºŽ5Gï¼Œæ— éœ€é‡Šæ”¾
[2024-12-23 14:10:30] å½“å‰å¯ç”¨æ˜¾å­˜å……è¶³ï¼Œæ— éœ€é‡Šæ”¾æ˜¾å­˜ã€‚
[2024-12-23 14:10:30] å¯ç”¨å†…å­˜å¤§äºŽ5Gï¼Œæ— éœ€é‡Šæ”¾
[2024-12-23 14:10:30] å½“å‰å¯ç”¨æ˜¾å­˜å……è¶³ï¼Œæ— éœ€é‡Šæ”¾æ˜¾å­˜ã€‚
[2024-12-23 14:10:30] å¯ç”¨å†…å­˜å¤§äºŽ5Gï¼Œæ— éœ€é‡Šæ”¾
[2024-12-23 14:10:30] å½“å‰å¯ç”¨æ˜¾å­˜å……è¶³ï¼Œæ— éœ€é‡Šæ”¾æ˜¾å­˜ã€‚
[2024-12-23 14:10:30] å¯ç”¨å†…å­˜å¤§äºŽ5Gï¼Œæ— éœ€é‡Šæ”¾
[2024-12-23 14:10:30] å½“å‰å¯ç”¨æ˜¾å­˜å……è¶³ï¼Œæ— éœ€é‡Šæ”¾æ˜¾å­˜ã€‚
[2024-12-23 14:10:30] å¯ç”¨å†…å­˜å¤§äºŽ5Gï¼Œæ— éœ€é‡Šæ”¾
[2024-12-23 14:10:30] å½“å‰å¯ç”¨æ˜¾å­˜å……è¶³ï¼Œæ— éœ€é‡Šæ”¾æ˜¾å­˜ã€‚
[2024-12-23 14:10:30] å¯ç”¨å†…å­˜å¤§äºŽ5Gï¼Œæ— éœ€é‡Šæ”¾
[2024-12-23 14:10:30] å½“å‰å¯ç”¨æ˜¾å­˜å……è¶³ï¼Œæ— éœ€é‡Šæ”¾æ˜¾å­˜ã€‚
[2024-12-23 14:10:30] å¯ç”¨å†…å­˜å¤§äºŽ5Gï¼Œæ— éœ€é‡Šæ”¾
[2024-12-23 14:10:30] å½“å‰å¯ç”¨æ˜¾å­˜å……è¶³ï¼Œæ— éœ€é‡Šæ”¾æ˜¾å­˜ã€‚
[2024-12-23 14:10:30] å¯ç”¨å†…å­˜å¤§äºŽ5Gï¼Œæ— éœ€é‡Šæ”¾
[2024-12-23 14:10:30] å½“å‰å¯ç”¨æ˜¾å­˜å……è¶³ï¼Œæ— éœ€é‡Šæ”¾æ˜¾å­˜ã€‚
[2024-12-23 14:10:30] å¯ç”¨å†…å­˜å¤§äºŽ5Gï¼Œæ— éœ€é‡Šæ”¾
[2024-12-23 14:10:30] å½“å‰å¯ç”¨æ˜¾å­˜å……è¶³ï¼Œæ— éœ€é‡Šæ”¾æ˜¾å­˜ã€‚
[2024-12-23 14:10:30] å¯ç”¨å†…å­˜å¤§äºŽ5Gï¼Œæ— éœ€é‡Šæ”¾
[2024-12-23 14:10:30] å½“å‰å¯ç”¨æ˜¾å­˜å……è¶³ï¼Œæ— éœ€é‡Šæ”¾æ˜¾å­˜ã€‚
[2024-12-23 14:10:30] å¯ç”¨å†…å­˜å¤§äºŽ5Gï¼Œæ— éœ€é‡Šæ”¾
[2024-12-23 14:10:30] å½“å‰å¯ç”¨æ˜¾å­˜å……è¶³ï¼Œæ— éœ€é‡Šæ”¾æ˜¾å­˜ã€‚
[2024-12-23 14:10:30] å¯ç”¨å†…å­˜å¤§äºŽ5Gï¼Œæ— éœ€é‡Šæ”¾
[2024-12-23 14:10:30] å½“å‰å¯ç”¨æ˜¾å­˜å……è¶³ï¼Œæ— éœ€é‡Šæ”¾æ˜¾å­˜ã€‚
[2024-12-23 14:10:30] å¯ç”¨å†…å­˜å¤§äºŽ5Gï¼Œæ— éœ€é‡Šæ”¾
[2024-12-23 14:10:30] å½“å‰å¯ç”¨æ˜¾å­˜å……è¶³ï¼Œæ— éœ€é‡Šæ”¾æ˜¾å­˜ã€‚
[2024-12-23 14:10:30] å¯ç”¨å†…å­˜å¤§äºŽ5Gï¼Œæ— éœ€é‡Šæ”¾
[2024-12-23 14:10:30] å½“å‰å¯ç”¨æ˜¾å­˜å……è¶³ï¼Œæ— éœ€é‡Šæ”¾æ˜¾å­˜ã€‚
[2024-12-23 14:10:30] å¯ç”¨å†…å­˜å¤§äºŽ5Gï¼Œæ— éœ€é‡Šæ”¾
[2024-12-23 14:10:30] å½“å‰å¯ç”¨æ˜¾å­˜å……è¶³ï¼Œæ— éœ€é‡Šæ”¾æ˜¾å­˜ã€‚
[2024-12-23 14:10:30] å¯ç”¨å†…å­˜å¤§äºŽ5Gï¼Œæ— éœ€é‡Šæ”¾
[2024-12-23 14:10:30] å½“å‰å¯ç”¨æ˜¾å­˜å……è¶³ï¼Œæ— éœ€é‡Šæ”¾æ˜¾å­˜ã€‚
[2024-12-23 14:10:30] å¯ç”¨å†…å­˜å¤§äºŽ5Gï¼Œæ— éœ€é‡Šæ”¾
[2024-12-23 14:10:30] å½“å‰å¯ç”¨æ˜¾å­˜å……è¶³ï¼Œæ— éœ€é‡Šæ”¾æ˜¾å­˜ã€‚
[2024-12-23 14:10:30] å¯ç”¨å†…å­˜å¤§äºŽ5Gï¼Œæ— éœ€é‡Šæ”¾
[2024-12-23 14:10:30] å½“å‰å¯ç”¨æ˜¾å­˜å……è¶³ï¼Œæ— éœ€é‡Šæ”¾æ˜¾å­˜ã€‚
[2024-12-23 14:10:30] å¯ç”¨å†…å­˜å¤§äºŽ5Gï¼Œæ— éœ€é‡Šæ”¾
[2024-12-23 14:10:30] å½“å‰å¯ç”¨æ˜¾å­˜å……è¶³ï¼Œæ— éœ€é‡Šæ”¾æ˜¾å­˜ã€‚
[2024-12-23 14:10:30] å¯ç”¨å†…å­˜å¤§äºŽ5Gï¼Œæ— éœ€é‡Šæ”¾
[2024-12-23 14:10:30] å½“å‰å¯ç”¨æ˜¾å­˜å……è¶³ï¼Œæ— éœ€é‡Šæ”¾æ˜¾å­˜ã€‚
[2024-12-23 14:10:30] å¯ç”¨å†…å­˜å¤§äºŽ5Gï¼Œæ— éœ€é‡Šæ”¾
[2024-12-23 14:10:30] å½“å‰å¯ç”¨æ˜¾å­˜å……è¶³ï¼Œæ— éœ€é‡Šæ”¾æ˜¾å­˜ã€‚
[2024-12-23 14:10:30] å¯ç”¨å†…å­˜å¤§äºŽ5Gï¼Œæ— éœ€é‡Šæ”¾
[2024-12-23 14:10:30] å½“å‰å¯ç”¨æ˜¾å­˜å……è¶³ï¼Œæ— éœ€é‡Šæ”¾æ˜¾å­˜ã€‚
[2024-12-23 14:10:30] å¯ç”¨å†…å­˜å¤§äºŽ5Gï¼Œæ— éœ€é‡Šæ”¾
[2024-12-23 14:10:30] å½“å‰å¯ç”¨æ˜¾å­˜å……è¶³ï¼Œæ— éœ€é‡Šæ”¾æ˜¾å­˜ã€‚
[2024-12-23 14:10:30] å¯ç”¨å†…å­˜å¤§äºŽ5Gï¼Œæ— éœ€é‡Šæ”¾
[2024-12-23 14:10:30] å½“å‰å¯ç”¨æ˜¾å­˜å……è¶³ï¼Œæ— éœ€é‡Šæ”¾æ˜¾å­˜ã€‚
[2024-12-23 14:10:30] å¯ç”¨å†…å­˜å¤§äºŽ5Gï¼Œæ— éœ€é‡Šæ”¾
[2024-12-23 14:10:30] å½“å‰å¯ç”¨æ˜¾å­˜å……è¶³ï¼Œæ— éœ€é‡Šæ”¾æ˜¾å­˜ã€‚
[2024-12-23 14:10:30] å¯ç”¨å†…å­˜å¤§äºŽ5Gï¼Œæ— éœ€é‡Šæ”¾
[2024-12-23 14:10:30] å½“å‰å¯ç”¨æ˜¾å­˜å……è¶³ï¼Œæ— éœ€é‡Šæ”¾æ˜¾å­˜ã€‚
[2024-12-23 14:10:30] å¯ç”¨å†…å­˜å¤§äºŽ5Gï¼Œæ— éœ€é‡Šæ”¾
[2024-12-23 14:10:30] å½“å‰å¯ç”¨æ˜¾å­˜å……è¶³ï¼Œæ— éœ€é‡Šæ”¾æ˜¾å­˜ã€‚
[2024-12-23 14:10:30] å¯ç”¨å†…å­˜å¤§äºŽ5Gï¼Œæ— éœ€é‡Šæ”¾
[2024-12-23 14:10:30] å½“å‰å¯ç”¨æ˜¾å­˜å……è¶³ï¼Œæ— éœ€é‡Šæ”¾æ˜¾å­˜ã€‚
[2024-12-23 14:10:30] å¯ç”¨å†…å­˜å¤§äºŽ5Gï¼Œæ— éœ€é‡Šæ”¾
[2024-12-23 14:10:30] å½“å‰å¯ç”¨æ˜¾å­˜å……è¶³ï¼Œæ— éœ€é‡Šæ”¾æ˜¾å­˜ã€‚
[2024-12-23 14:10:30] å¯ç”¨å†…å­˜å¤§äºŽ5Gï¼Œæ— éœ€é‡Šæ”¾
[2024-12-23 14:10:30] å½“å‰å¯ç”¨æ˜¾å­˜å……è¶³ï¼Œæ— éœ€é‡Šæ”¾æ˜¾å­˜ã€‚
[2024-12-23 14:10:30] å¯ç”¨å†…å­˜å¤§äºŽ5Gï¼Œæ— éœ€é‡Šæ”¾
[2024-12-23 14:10:30] å½“å‰å¯ç”¨æ˜¾å­˜å……è¶³ï¼Œæ— éœ€é‡Šæ”¾æ˜¾å­˜ã€‚
[2024-12-23 14:10:30] å¯ç”¨å†…å­˜å¤§äºŽ5Gï¼Œæ— éœ€é‡Šæ”¾
[2024-12-23 14:10:30] å½“å‰å¯ç”¨æ˜¾å­˜å……è¶³ï¼Œæ— éœ€é‡Šæ”¾æ˜¾å­˜ã€‚
[2024-12-23 14:10:30] å¯ç”¨å†…å­˜å¤§äºŽ5Gï¼Œæ— éœ€é‡Šæ”¾
[2024-12-23 14:10:30] å½“å‰å¯ç”¨æ˜¾å­˜å……è¶³ï¼Œæ— éœ€é‡Šæ”¾æ˜¾å­˜ã€‚
[2024-12-23 14:10:30] å¯ç”¨å†…å­˜å¤§äºŽ5Gï¼Œæ— éœ€é‡Šæ”¾
[2024-12-23 14:10:30] å½“å‰å¯ç”¨æ˜¾å­˜å……è¶³ï¼Œæ— éœ€é‡Šæ”¾æ˜¾å­˜ã€‚
[2024-12-23 14:10:30] å¯ç”¨å†…å­˜å¤§äºŽ5Gï¼Œæ— éœ€é‡Šæ”¾
[2024-12-23 14:10:30] å½“å‰å¯ç”¨æ˜¾å­˜å……è¶³ï¼Œæ— éœ€é‡Šæ”¾æ˜¾å­˜ã€‚
[2024-12-23 14:10:30] å¯ç”¨å†…å­˜å¤§äºŽ5Gï¼Œæ— éœ€é‡Šæ”¾
[2024-12-23 14:10:30] å½“å‰å¯ç”¨æ˜¾å­˜å……è¶³ï¼Œæ— éœ€é‡Šæ”¾æ˜¾å­˜ã€‚
[2024-12-23 14:10:30] å¯ç”¨å†…å­˜å¤§äºŽ5Gï¼Œæ— éœ€é‡Šæ”¾
[2024-12-23 14:10:30] å½“å‰å¯ç”¨æ˜¾å­˜å……è¶³ï¼Œæ— éœ€é‡Šæ”¾æ˜¾å­˜ã€‚
[2024-12-23 14:10:30] å¯ç”¨å†…å­˜å¤§äºŽ5Gï¼Œæ— éœ€é‡Šæ”¾
[2024-12-23 14:10:30] å½“å‰å¯ç”¨æ˜¾å­˜å……è¶³ï¼Œæ— éœ€é‡Šæ”¾æ˜¾å­˜ã€‚
[2024-12-23 14:10:30] å¯ç”¨å†…å­˜å¤§äºŽ5Gï¼Œæ— éœ€é‡Šæ”¾
[2024-12-23 14:10:30] å½“å‰å¯ç”¨æ˜¾å­˜å……è¶³ï¼Œæ— éœ€é‡Šæ”¾æ˜¾å­˜ã€‚
[2024-12-23 14:10:30] å¯ç”¨å†…å­˜å¤§äºŽ5Gï¼Œæ— éœ€é‡Šæ”¾
[2024-12-23 14:10:30] å½“å‰å¯ç”¨æ˜¾å­˜å……è¶³ï¼Œæ— éœ€é‡Šæ”¾æ˜¾å­˜ã€‚
[2024-12-23 14:10:30] å¯ç”¨å†…å­˜å¤§äºŽ5Gï¼Œæ— éœ€é‡Šæ”¾
[2024-12-23 14:10:30] å½“å‰å¯ç”¨æ˜¾å­˜å……è¶³ï¼Œæ— éœ€é‡Šæ”¾æ˜¾å­˜ã€‚
[2024-12-23 14:10:30] å¯ç”¨å†…å­˜å¤§äºŽ5Gï¼Œæ— éœ€é‡Šæ”¾
[2024-12-23 14:10:30] å½“å‰å¯ç”¨æ˜¾å­˜å……è¶³ï¼Œæ— éœ€é‡Šæ”¾æ˜¾å­˜ã€‚
[2024-12-23 14:10:30] å¯ç”¨å†…å­˜å¤§äºŽ5Gï¼Œæ— éœ€é‡Šæ”¾
[2024-12-23 14:10:30] å½“å‰å¯ç”¨æ˜¾å­˜å……è¶³ï¼Œæ— éœ€é‡Šæ”¾æ˜¾å­˜ã€‚
[2024-12-23 14:10:30] å¯ç”¨å†…å­˜å¤§äºŽ5Gï¼Œæ— éœ€é‡Šæ”¾
[2024-12-23 14:10:30] å½“å‰å¯ç”¨æ˜¾å­˜å……è¶³ï¼Œæ— éœ€é‡Šæ”¾æ˜¾å­˜ã€‚
[2024-12-23 14:10:30] å¯ç”¨å†…å­˜å¤§äºŽ5Gï¼Œæ— éœ€é‡Šæ”¾
[2024-12-23 14:10:30] å½“å‰å¯ç”¨æ˜¾å­˜å……è¶³ï¼Œæ— éœ€é‡Šæ”¾æ˜¾å­˜ã€‚
[2024-12-23 14:10:30] å¯ç”¨å†…å­˜å¤§äºŽ5Gï¼Œæ— éœ€é‡Šæ”¾
[2024-12-23 14:10:30] å½“å‰å¯ç”¨æ˜¾å­˜å……è¶³ï¼Œæ— éœ€é‡Šæ”¾æ˜¾å­˜ã€‚
[2024-12-23 14:10:30] å¯ç”¨å†…å­˜å¤§äºŽ5Gï¼Œæ— éœ€é‡Šæ”¾
[2024-12-23 14:10:30] å½“å‰å¯ç”¨æ˜¾å­˜å……è¶³ï¼Œæ— éœ€é‡Šæ”¾æ˜¾å­˜ã€‚
[2024-12-23 14:10:30] å¯ç”¨å†…å­˜å¤§äºŽ5Gï¼Œæ— éœ€é‡Šæ”¾
[2024-12-23 14:10:30] å½“å‰å¯ç”¨æ˜¾å­˜å……è¶³ï¼Œæ— éœ€é‡Šæ”¾æ˜¾å­˜ã€‚
[2024-12-23 14:10:30] å¯ç”¨å†…å­˜å¤§äºŽ5Gï¼Œæ— éœ€é‡Šæ”¾
[2024-12-23 14:10:30] å½“å‰å¯ç”¨æ˜¾å­˜å……è¶³ï¼Œæ— éœ€é‡Šæ”¾æ˜¾å­˜ã€‚
[2024-12-23 14:10:30] å¯ç”¨å†…å­˜å¤§äºŽ5Gï¼Œæ— éœ€é‡Šæ”¾
[2024-12-23 14:10:30] å½“å‰å¯ç”¨æ˜¾å­˜å……è¶³ï¼Œæ— éœ€é‡Šæ”¾æ˜¾å­˜ã€‚
[2024-12-23 14:10:30] å¯ç”¨å†…å­˜å¤§äºŽ5Gï¼Œæ— éœ€é‡Šæ”¾
[2024-12-23 14:10:30] å½“å‰å¯ç”¨æ˜¾å­˜å……è¶³ï¼Œæ— éœ€é‡Šæ”¾æ˜¾å­˜ã€‚
[2024-12-23 14:10:30] å¯ç”¨å†…å­˜å¤§äºŽ5Gï¼Œæ— éœ€é‡Šæ”¾
[2024-12-23 14:10:30] å½“å‰å¯ç”¨æ˜¾å­˜å……è¶³ï¼Œæ— éœ€é‡Šæ”¾æ˜¾å­˜ã€‚
[2024-12-23 14:10:30] å¯ç”¨å†…å­˜å¤§äºŽ5Gï¼Œæ— éœ€é‡Šæ”¾
[2024-12-23 14:10:30] å½“å‰å¯ç”¨æ˜¾å­˜å……è¶³ï¼Œæ— éœ€é‡Šæ”¾æ˜¾å­˜ã€‚
[2024-12-23 14:10:30] å¯ç”¨å†…å­˜å¤§äºŽ5Gï¼Œæ— éœ€é‡Šæ”¾
[2024-12-23 14:10:30] å½“å‰å¯ç”¨æ˜¾å­˜å……è¶³ï¼Œæ— éœ€é‡Šæ”¾æ˜¾å­˜ã€‚
[2024-12-23 14:10:30] å¯ç”¨å†…å­˜å¤§äºŽ5Gï¼Œæ— éœ€é‡Šæ”¾
[2024-12-23 14:10:30] å½“å‰å¯ç”¨æ˜¾å­˜å……è¶³ï¼Œæ— éœ€é‡Šæ”¾æ˜¾å­˜ã€‚
[2024-12-23 14:10:30] å¯ç”¨å†…å­˜å¤§äºŽ5Gï¼Œæ— éœ€é‡Šæ”¾
[2024-12-23 14:10:30] å½“å‰å¯ç”¨æ˜¾å­˜å……è¶³ï¼Œæ— éœ€é‡Šæ”¾æ˜¾å­˜ã€‚
[2024-12-23 14:10:30] å¯ç”¨å†…å­˜å¤§äºŽ5Gï¼Œæ— éœ€é‡Šæ”¾
[2024-12-23 14:10:30] å½“å‰å¯ç”¨æ˜¾å­˜å……è¶³ï¼Œæ— éœ€é‡Šæ”¾æ˜¾å­˜ã€‚
[2024-12-23 14:10:30] å¯ç”¨å†…å­˜å¤§äºŽ5Gï¼Œæ— éœ€é‡Šæ”¾
[2024-12-23 14:10:30] å½“å‰å¯ç”¨æ˜¾å­˜å……è¶³ï¼Œæ— éœ€é‡Šæ”¾æ˜¾å­˜ã€‚
[2024-12-23 14:10:30] å¯ç”¨å†…å­˜å¤§äºŽ5Gï¼Œæ— éœ€é‡Šæ”¾
[2024-12-23 14:10:30] å½“å‰å¯ç”¨æ˜¾å­˜å……è¶³ï¼Œæ— éœ€é‡Šæ”¾æ˜¾å­˜ã€‚
[2024-12-23 14:10:30] å¯ç”¨å†…å­˜å¤§äºŽ5Gï¼Œæ— éœ€é‡Šæ”¾
[2024-12-23 14:10:30] å½“å‰å¯ç”¨æ˜¾å­˜å……è¶³ï¼Œæ— éœ€é‡Šæ”¾æ˜¾å­˜ã€‚
[2024-12-23 14:10:30] å¯ç”¨å†…å­˜å¤§äºŽ5Gï¼Œæ— éœ€é‡Šæ”¾
[2024-12-23 14:10:30] å½“å‰å¯ç”¨æ˜¾å­˜å……è¶³ï¼Œæ— éœ€é‡Šæ”¾æ˜¾å­˜ã€‚
[2024-12-23 14:10:30] å¯ç”¨å†…å­˜å¤§äºŽ5Gï¼Œæ— éœ€é‡Šæ”¾
[2024-12-23 14:10:30] å½“å‰å¯ç”¨æ˜¾å­˜å……è¶³ï¼Œæ— éœ€é‡Šæ”¾æ˜¾å­˜ã€‚
[2024-12-23 14:10:30] å¯ç”¨å†…å­˜å¤§äºŽ5Gï¼Œæ— éœ€é‡Šæ”¾
[2024-12-23 14:10:30] å½“å‰å¯ç”¨æ˜¾å­˜å……è¶³ï¼Œæ— éœ€é‡Šæ”¾æ˜¾å­˜ã€‚
[2024-12-23 14:10:30] å¯ç”¨å†…å­˜å¤§äºŽ5Gï¼Œæ— éœ€é‡Šæ”¾
[2024-12-23 14:10:30] å½“å‰å¯ç”¨æ˜¾å­˜å……è¶³ï¼Œæ— éœ€é‡Šæ”¾æ˜¾å­˜ã€‚
[2024-12-23 14:10:30] å¯ç”¨å†…å­˜å¤§äºŽ5Gï¼Œæ— éœ€é‡Šæ”¾
[2024-12-23 14:10:30] å½“å‰å¯ç”¨æ˜¾å­˜å……è¶³ï¼Œæ— éœ€é‡Šæ”¾æ˜¾å­˜ã€‚
[2024-12-23 14:10:30] å¯ç”¨å†…å­˜å¤§äºŽ5Gï¼Œæ— éœ€é‡Šæ”¾
[2024-12-23 14:10:30] å½“å‰å¯ç”¨æ˜¾å­˜å……è¶³ï¼Œæ— éœ€é‡Šæ”¾æ˜¾å­˜ã€‚
[2024-12-23 14:10:30] å¯ç”¨å†…å­˜å¤§äºŽ5Gï¼Œæ— éœ€é‡Šæ”¾
[2024-12-23 14:10:30] å½“å‰å¯ç”¨æ˜¾å­˜å……è¶³ï¼Œæ— éœ€é‡Šæ”¾æ˜¾å­˜ã€‚
[2024-12-23 14:10:30] å¯ç”¨å†…å­˜å¤§äºŽ5Gï¼Œæ— éœ€é‡Šæ”¾
[2024-12-23 14:10:30] å½“å‰å¯ç”¨æ˜¾å­˜å……è¶³ï¼Œæ— éœ€é‡Šæ”¾æ˜¾å­˜ã€‚
[2024-12-23 14:10:30] å¯ç”¨å†…å­˜å¤§äºŽ5Gï¼Œæ— éœ€é‡Šæ”¾
[2024-12-23 14:10:30] å½“å‰å¯ç”¨æ˜¾å­˜å……è¶³ï¼Œæ— éœ€é‡Šæ”¾æ˜¾å­˜ã€‚
[2024-12-23 14:10:30] å¯ç”¨å†…å­˜å¤§äºŽ5Gï¼Œæ— éœ€é‡Šæ”¾
[2024-12-23 14:10:30] å½“å‰å¯ç”¨æ˜¾å­˜å……è¶³ï¼Œæ— éœ€é‡Šæ”¾æ˜¾å­˜ã€‚
[2024-12-23 14:10:30] å¯ç”¨å†…å­˜å¤§äºŽ5Gï¼Œæ— éœ€é‡Šæ”¾
[2024-12-23 14:10:30] å½“å‰å¯ç”¨æ˜¾å­˜å……è¶³ï¼Œæ— éœ€é‡Šæ”¾æ˜¾å­˜ã€‚
[2024-12-23 14:10:30] å¯ç”¨å†…å­˜å¤§äºŽ5Gï¼Œæ— éœ€é‡Šæ”¾
[2024-12-23 14:10:30] å½“å‰å¯ç”¨æ˜¾å­˜å……è¶³ï¼Œæ— éœ€é‡Šæ”¾æ˜¾å­˜ã€‚
[2024-12-23 14:10:30] å¯ç”¨å†…å­˜å¤§äºŽ5Gï¼Œæ— éœ€é‡Šæ”¾
[2024-12-23 14:10:30] å½“å‰å¯ç”¨æ˜¾å­˜å……è¶³ï¼Œæ— éœ€é‡Šæ”¾æ˜¾å­˜ã€‚
[2024-12-23 14:10:30] å¯ç”¨å†…å­˜å¤§äºŽ5Gï¼Œæ— éœ€é‡Šæ”¾
[2024-12-23 14:10:30] å½“å‰å¯ç”¨æ˜¾å­˜å……è¶³ï¼Œæ— éœ€é‡Šæ”¾æ˜¾å­˜ã€‚
[2024-12-23 14:10:30] å¯ç”¨å†…å­˜å¤§äºŽ5Gï¼Œæ— éœ€é‡Šæ”¾
[2024-12-23 14:10:30] å½“å‰å¯ç”¨æ˜¾å­˜å……è¶³ï¼Œæ— éœ€é‡Šæ”¾æ˜¾å­˜ã€‚
[2024-12-23 14:10:30] å¯ç”¨å†…å­˜å¤§äºŽ5Gï¼Œæ— éœ€é‡Šæ”¾
[2024-12-23 14:10:30] å½“å‰å¯ç”¨æ˜¾å­˜å……è¶³ï¼Œæ— éœ€é‡Šæ”¾æ˜¾å­˜ã€‚
[2024-12-23 14:10:30] Top 1 Paths:
[2024-12-23 14:10:30] Path 1: Cost: 290.53058195447585, Nodes: [0, 1, 2, 3, 4, 5, 6, 7, 8, 9, 10, 11, 12, 17, 18, 19, 20, 21, 22, 23, 24, 25, 26, 27, 28, 29, 30, 31, 32, 33, 34, 35, 36, 37, 38, 39, 40, 41, 42, 43, 44, 45, 46, 47, 48, 49, 50, 51, 52, 53, 54, 55, 56, 57, 58, 59, 60, 61, 189, 188, 187, 186, 185, 184, 183, 182, 181, 180, 179, 178, 177, 176, 175, 174, 173, 172, 171, 170, 169, 168, 167, 166, 165, 164, 163, 162, 161, 160, 159, 158, 157, 156, 155, 154, 153, 152, 151, 150, 149, 148, 147, 146, 145, 144, 143, 142, 141, 140, 139, 138, 137, 136, 135, 134, 133, 132, 131, 130, 129, 128, 129, 64, 65, 64, 63, 62, 61, 200, 199, 198, 197, 198, 199, 200, 201, 202, 203, 204, 205, 206, 207, 208, 209, 210, 211, 212, 213, 214, 215, 216]
[2024-12-23 14:10:30] average_dis_continue: 0.02684563758389258
[2024-12-23 14:10:32] 0%|          | 0/4 [00:00<?, ?it/s]
[2024-12-23 14:10:33] Generating in-between frames:   0%|          | 0/3 [00:00<?, ?it/s]
[2024-12-23 14:10:36] Generating in-between frames:  33%|â–ˆâ–ˆâ–ˆâ–Ž      | 1/3 [00:01<00:02,  1.08s/it]
[2024-12-23 14:10:37] Generating in-between frames:  67%|â–ˆâ–ˆâ–ˆâ–ˆâ–ˆâ–ˆâ–‹   | 2/3 [00:03<00:02,  2.06s/it]
[2024-12-23 14:10:37] Generating in-between frames: 100%|â–ˆâ–ˆâ–ˆâ–ˆâ–ˆâ–ˆâ–ˆâ–ˆâ–ˆâ–ˆ| 3/3 [00:04<00:00,  1.42s/it]
[2024-12-23 14:10:37] Generating in-between frames: 100%|â–ˆâ–ˆâ–ˆâ–ˆâ–ˆâ–ˆâ–ˆâ–ˆâ–ˆâ–ˆ| 3/3 [00:04<00:00,  1.49s/it]
[2024-12-23 14:10:37] [0mGenerated transition video saved at C:\Users\ADMINI~1\AppData\Local\Temp\blending_frames_v5w_8mvb\generated_10_14.mp4
[2024-12-23 14:10:39] 25%|â–ˆâ–ˆâ–Œ       | 1/4 [00:06<00:20,  6.95s/it]
[2024-12-23 14:10:40] Generating in-between frames:   0%|          | 0/3 [00:00<?, ?it/s]
[2024-12-23 14:10:43] Generating in-between frames:  33%|â–ˆâ–ˆâ–ˆâ–Ž      | 1/3 [00:01<00:02,  1.11s/it]
[2024-12-23 14:10:44] Generating in-between frames:  67%|â–ˆâ–ˆâ–ˆâ–ˆâ–ˆâ–ˆâ–‹   | 2/3 [00:03<00:02,  2.12s/it]
[2024-12-23 14:10:44] Generating in-between frames: 100%|â–ˆâ–ˆâ–ˆâ–ˆâ–ˆâ–ˆâ–ˆâ–ˆâ–ˆâ–ˆ| 3/3 [00:04<00:00,  1.46s/it]
[2024-12-23 14:10:44] Generating in-between frames: 100%|â–ˆâ–ˆâ–ˆâ–ˆâ–ˆâ–ˆâ–ˆâ–ˆâ–ˆâ–ˆ| 3/3 [00:04<00:00,  1.54s/it]
[2024-12-23 14:10:44] [0mGenerated transition video saved at C:\Users\ADMINI~1\AppData\Local\Temp\blending_frames_v5w_8mvb\generated_55_59.mp4
[2024-12-23 14:10:46] 50%|â–ˆâ–ˆâ–ˆâ–ˆâ–ˆ     | 2/4 [00:14<00:14,  7.02s/it]
[2024-12-23 14:10:47] Generating in-between frames:   0%|          | 0/3 [00:00<?, ?it/s]
[2024-12-23 14:10:50] Generating in-between frames:  33%|â–ˆâ–ˆâ–ˆâ–Ž      | 1/3 [00:01<00:02,  1.05s/it]
[2024-12-23 14:10:51] Generating in-between frames:  67%|â–ˆâ–ˆâ–ˆâ–ˆâ–ˆâ–ˆâ–‹   | 2/3 [00:03<00:01,  1.96s/it]
[2024-12-23 14:10:51] Generating in-between frames: 100%|â–ˆâ–ˆâ–ˆâ–ˆâ–ˆâ–ˆâ–ˆâ–ˆâ–ˆâ–ˆ| 3/3 [00:04<00:00,  1.37s/it]
[2024-12-23 14:10:51] Generating in-between frames: 100%|â–ˆâ–ˆâ–ˆâ–ˆâ–ˆâ–ˆâ–ˆâ–ˆâ–ˆâ–ˆ| 3/3 [00:04<00:00,  1.44s/it]
[2024-12-23 14:10:51] [0mGenerated transition video saved at C:\Users\ADMINI~1\AppData\Local\Temp\blending_frames_v5w_8mvb\generated_118_122.mp4
[2024-12-23 14:10:53] 75%|â–ˆâ–ˆâ–ˆâ–ˆâ–ˆâ–ˆâ–ˆâ–Œ  | 3/4 [00:20<00:06,  6.91s/it]
[2024-12-23 14:10:54] Generating in-between frames:   0%|          | 0/3 [00:00<?, ?it/s]
[2024-12-23 14:10:57] Generating in-between frames:  33%|â–ˆâ–ˆâ–ˆâ–Ž      | 1/3 [00:01<00:02,  1.06s/it]
[2024-12-23 14:10:58] Generating in-between frames:  67%|â–ˆâ–ˆâ–ˆâ–ˆâ–ˆâ–ˆâ–‹   | 2/3 [00:03<00:02,  2.02s/it]
[2024-12-23 14:10:58] Generating in-between frames: 100%|â–ˆâ–ˆâ–ˆâ–ˆâ–ˆâ–ˆâ–ˆâ–ˆâ–ˆâ–ˆ| 3/3 [00:04<00:00,  1.40s/it]
[2024-12-23 14:10:58] Generating in-between frames: 100%|â–ˆâ–ˆâ–ˆâ–ˆâ–ˆâ–ˆâ–ˆâ–ˆâ–ˆâ–ˆ| 3/3 [00:04<00:00,  1.47s/it]
[2024-12-23 14:10:58] [0mGenerated transition video saved at C:\Users\ADMINI~1\AppData\Local\Temp\blending_frames_v5w_8mvb\generated_124_128.mp4
[2024-12-23 14:10:58] 100%|â–ˆâ–ˆâ–ˆâ–ˆâ–ˆâ–ˆâ–ˆâ–ˆâ–ˆâ–ˆ| 4/4 [00:27<00:00,  6.89s/it]
[2024-12-23 14:10:58] Moviepy - Building video C:\computer\3\itproject\manyaitools_modules\TANGO\outputs/gradio\test_0\retrieved_motions_0\audio_0_retri_0.mp4.
[2024-12-23 14:10:58] 100%|â–ˆâ–ˆâ–ˆâ–ˆâ–ˆâ–ˆâ–ˆâ–ˆâ–ˆâ–ˆ| 4/4 [00:27<00:00,  6.91s/it]
[2024-12-23 14:10:58] Moviepy - Writing video C:\computer\3\itproject\manyaitools_modules\TANGO\outputs/gradio\test_0\retrieved_motions_0\audio_0_retri_0.mp4
[2024-12-23 14:10:58] t:   0%|          | 0/150 [00:00<?, ?it/s, now=None]
[2024-12-23 14:10:58] t:  13%|â–ˆâ–Ž        | 19/150 [00:00<00:00, 186.28it/s, now=None]
[2024-12-23 14:10:58] t:  32%|â–ˆâ–ˆâ–ˆâ–      | 48/150 [00:00<00:00, 208.99it/s, now=None]
[2024-12-23 14:10:59] t:  48%|â–ˆâ–ˆâ–ˆâ–ˆâ–Š     | 72/150 [00:00<00:00, 220.91it/s, now=None]
[2024-12-23 14:10:59] t:  64%|â–ˆâ–ˆâ–ˆâ–ˆâ–ˆâ–ˆâ–   | 96/150 [00:00<00:00, 224.65it/s, now=None]
[2024-12-23 14:10:59] t:  79%|â–ˆâ–ˆâ–ˆâ–ˆâ–ˆâ–ˆâ–ˆâ–‰  | 119/150 [00:00<00:00, 224.94it/s, now=None]
[2024-12-23 14:10:59] t:  95%|â–ˆâ–ˆâ–ˆâ–ˆâ–ˆâ–ˆâ–ˆâ–ˆâ–ˆâ–| 142/150 [00:00<00:00, 200.95it/s, now=None]
[2024-12-23 14:10:59] Moviepy - Done !
[2024-12-23 14:10:59] Moviepy - video ready C:\computer\3\itproject\manyaitools_modules\TANGO\outputs/gradio\test_0\retrieved_motions_0\audio_0_retri_0.mp4
[2024-12-23 14:11:03] start cmd_wav2lip_1: cd Wav2Lip && python C:\computer\3\itproject\manyaitools_modules\TANGO\Wav2Lip\inference.py --checkpoint_path C:\computer\3\itproject\manyaitools_modules\TANGO\Wav2Lip/checkpoints/wav2lip_gan.pth --face C:\computer\3\itproject\manyaitools_modules\TANGO\outputs/gradio\test_0\retrieved_motions_0\audio_0_retri_0.mp4 --audio C:\computer\3\itproject\manyaitools_modules\TANGO\outputs/saved_audio.wav --outfile C:\computer\3\itproject\manyaitools_modules\TANGO\outputs/gradio\test_0\retrieved_motions_0\audio_0_retri_0.mp4 --nosmooth --out_height 1280
[2024-12-23 14:11:03] è§†é¢‘å·²ç»ç”Ÿæˆï¼Œè·¯å¾„ä¸ºï¼šTANGO\outputs\gradio\test_0\retrieved_motions_0æ–‡ä»¶å¤¹ä¸­
[2024-12-23 14:11:03] [0m
[2024-12-23 14:11:03] ä»»åŠ¡å¤„ç†å®Œæˆ
