[2024-12-23 22:06:29] 开始训练...
add ffmpeg to path
Loads checkpoint by local backend from path: ./models/dwpose/dw-ll_ucoco_384.pth
cuda start
C:\ProgramData\miniconda3\envs\musetalk\lib\site-packages\torch\utils\_contextlib.py:125: UserWarning: Decorating classes is deprecated and will be disabled in future versions. You should only decorate functions or methods. To preserve the current behavior of class decoration, you can directly decorate the `__init__` method and nothing else.
  warnings.warn("Decorating classes is deprecated and will be disabled in "
{202412232206230234: {'preparation': True, 'bbox_shift': 5, 'video_path': 'C:\\computer\\3\\itproject\\digitaltool\\static\\train\\20241223220623_0234\\20241223220623_0234.mp4', 'audio_clips': {'audio_0': 'C:\\computer\\3\\itproject\\digitaltool\\static\\train\\20241223220623_0234\\20241223220623_0234.wav'}}}
Traceback (most recent call last):
  File "C:\ProgramData\miniconda3\envs\musetalk\lib\runpy.py", line 196, in _run_module_as_main
    return _run_code(code, main_globals, None,
  File "C:\ProgramData\miniconda3\envs\musetalk\lib\runpy.py", line 86, in _run_code
    exec(code, run_globals)
  File "C:\computer\3\itproject\MuseTalk\scripts\realtime_inference.py", line 323, in <module>
    avatar = Avatar(
  File "C:\ProgramData\miniconda3\envs\musetalk\lib\site-packages\torch\utils\_contextlib.py", line 115, in decorate_context
    return func(*args, **kwargs)
  File "C:\ProgramData\miniconda3\envs\musetalk\lib\site-packages\torch\utils\_contextlib.py", line 129, in <lambda>
    func = cast(F, lambda *args, **kwargs: orig_func(*args, **kwargs))
  File "C:\computer\3\itproject\MuseTalk\scripts\realtime_inference.py", line 56, in __init__
    self.avatar_path = os.path.join(os.getcwd(), "results",avatar_id)
  File "C:\ProgramData\miniconda3\envs\musetalk\lib\ntpath.py", line 143, in join
    genericpath._check_arg_types('join', path, *paths)
  File "C:\ProgramData\miniconda3\envs\musetalk\lib\genericpath.py", line 152, in _check_arg_types
    raise TypeError(f'{funcname}() argument must be str, bytes, or '
TypeError: join() argument must be str, bytes, or os.PathLike object, not 'int'
[0m[2024-12-23 22:06:42] 训练失败，返回码: 1
