[2025-01-04 17:04:57] 执行命令：cmd /c "cd /d C:\computer\3\itproject\manyaitools_modules\MuseTalk && conda activate musetalk && python -m tsxxdw.realtime_inference --inference_config C:\computer\3\itproject\digitaltool\file\sync\out\20250104170457_qmBF\20250104170457_qmBF.yaml --save_path C:\computer\3\itproject\digitaltool\file\sync\out\20250104170457_qmBF\20250104170457_qmBF_output.mp4" 
[2025-01-04 17:04:57] 开始处理任务
[2025-01-04 17:04:57] 使用配置文件: C:\computer\3\itproject\digitaltool\file\sync\out\20250104170457_qmBF\20250104170457_qmBF.yaml
[2025-01-04 17:05:01] add ffmpeg to path
[2025-01-04 17:05:04] Loads checkpoint by local backend from path: ./models/dwpose/dw-ll_ucoco_384.pth
[2025-01-04 17:05:04] cuda start
[2025-01-04 17:05:10] C:\ProgramData\miniconda3\envs\musetalk\lib\site-packages\torch\utils\_contextlib.py:125: UserWarning: Decorating classes is deprecated and will be disabled in future versions. You should only decorate functions or methods. To preserve the current behavior of class decoration, you can directly decorate the `__init__` method and nothing else.
[2025-01-04 17:05:10] warnings.warn("Decorating classes is deprecated and will be disabled in "
[2025-01-04 17:05:10] {'20250102004511_otrg': {'preparation': False, 'bbox_shift': 5, 'video_path': 'C:\\computer\\3\\itproject\\digitaltool\\file\\train\\20250102004511_otrg\\20250102004511_otrg.mp4', 'audio_clips': {'audio_0': 'C:\\computer\\3\\itproject\\digitaltool\\file\\sync\\out\\20250104170457_qmBF\\20250104170457_qmBF.wav'}}}
[2025-01-04 17:05:10] TensorFlow GPU is available.
[2025-01-04 17:05:10] PyTorch GPU is available.
[2025-01-04 17:05:10] Num GPUs Available:  1
[2025-01-04 17:05:10] avatar_path---------------------: C:\computer\3\itproject\manyaitools_modules\MuseTalk\results\20250102004511_otrg
[2025-01-04 17:05:11] reading images...
[2025-01-04 17:05:11] 
[2025-01-04 17:05:11] 0%|          | 0/18174 [00:00<?, ?it/s]
[2025-01-04 17:05:11] 0%|          | 10/18174 [00:00<03:04, 98.47it/s]
[2025-01-04 17:05:11] 0%|          | 20/18174 [00:00<03:06, 97.37it/s]
[2025-01-04 17:05:11] 0%|          | 30/18174 [00:00<03:07, 96.59it/s]
[2025-01-04 17:05:11] 0%|          | 40/18174 [00:00<03:09, 95.69it/s]
[2025-01-04 17:05:11] 0%|          | 50/18174 [00:00<03:19, 90.68it/s]
[2025-01-04 17:05:11] 0%|          | 60/18174 [00:00<03:22, 89.37it/s]
[2025-01-04 17:05:11] 0%|          | 70/18174 [00:00<03:21, 90.00it/s]
[2025-01-04 17:05:12] 0%|          | 80/18174 [00:00<03:21, 89.90it/s]
[2025-01-04 17:05:12] 0%|          | 90/18174 [00:00<03:26, 87.37it/s]
[2025-01-04 17:05:12] 1%|          | 99/18174 [00:01<03:28, 86.77it/s]
[2025-01-04 17:05:12] 1%|          | 109/18174 [00:01<03:24, 88.26it/s]
[2025-01-04 17:05:12] 1%|          | 119/18174 [00:01<03:21, 89.68it/s]
[2025-01-04 17:05:12] 1%|          | 129/18174 [00:01<03:19, 90.27it/s]
[2025-01-04 17:05:12] 1%|          | 139/18174 [00:01<03:19, 90.60it/s]
[2025-01-04 17:05:12] 1%|          | 149/18174 [00:01<03:20, 89.95it/s]
[2025-01-04 17:05:12] 1%|          | 159/18174 [00:01<03:19, 90.11it/s]
[2025-01-04 17:05:13] 1%|          | 169/18174 [00:01<03:19, 90.47it/s]
[2025-01-04 17:05:13] 1%|          | 179/18174 [00:01<03:19, 90.35it/s]
[2025-01-04 17:05:13] 1%|          | 189/18174 [00:02<03:20, 89.91it/s]
[2025-01-04 17:05:13] 1%|          | 198/18174 [00:02<03:19, 89.93it/s]
[2025-01-04 17:05:13] 1%|          | 208/18174 [00:02<03:18, 90.30it/s]
[2025-01-04 17:05:13] 1%|          | 218/18174 [00:02<03:18, 90.48it/s]
[2025-01-04 17:05:13] 1%|▏         | 228/18174 [00:02<03:19, 89.99it/s]
[2025-01-04 17:05:13] 1%|▏         | 238/18174 [00:02<03:19, 89.89it/s]
[2025-01-04 17:05:13] 1%|▏         | 247/18174 [00:02<03:19, 89.91it/s]
[2025-01-04 17:05:13] 1%|▏         | 257/18174 [00:02<03:16, 90.98it/s]
[2025-01-04 17:05:14] 1%|▏         | 267/18174 [00:02<03:15, 91.45it/s]
[2025-01-04 17:05:14] 2%|▏         | 277/18174 [00:03<03:15, 91.66it/s]
[2025-01-04 17:05:14] 2%|▏         | 287/18174 [00:03<03:14, 91.81it/s]
[2025-01-04 17:05:14] 2%|▏         | 297/18174 [00:03<03:14, 91.92it/s]
[2025-01-04 17:05:14] 2%|▏         | 307/18174 [00:03<03:15, 91.61it/s]
[2025-01-04 17:05:14] 2%|▏         | 317/18174 [00:03<03:17, 90.43it/s]
[2025-01-04 17:05:14] 2%|▏         | 327/18174 [00:03<03:22, 88.05it/s]
[2025-01-04 17:05:14] 2%|▏         | 337/18174 [00:03<03:20, 88.77it/s]
[2025-01-04 17:05:14] 2%|▏         | 346/18174 [00:03<03:22, 88.26it/s]
[2025-01-04 17:05:15] 2%|▏         | 355/18174 [00:03<03:21, 88.37it/s]
[2025-01-04 17:05:15] 2%|▏         | 364/18174 [00:04<03:21, 88.46it/s]
[2025-01-04 17:05:15] 2%|▏         | 374/18174 [00:04<03:18, 89.59it/s]
[2025-01-04 17:05:15] 2%|▏         | 384/18174 [00:04<03:17, 90.12it/s]
[2025-01-04 17:05:15] 2%|▏         | 394/18174 [00:04<03:17, 89.98it/s]
[2025-01-04 17:05:15] 2%|▏         | 403/18174 [00:04<03:25, 86.32it/s]
[2025-01-04 17:05:15] 2%|▏         | 412/18174 [00:04<03:32, 83.72it/s]
[2025-01-04 17:05:15] 2%|▏         | 421/18174 [00:04<03:32, 83.49it/s]
[2025-01-04 17:05:15] 2%|▏         | 430/18174 [00:04<03:28, 84.95it/s]
[2025-01-04 17:05:16] 2%|▏         | 439/18174 [00:04<03:27, 85.29it/s]
[2025-01-04 17:05:16] 2%|▏         | 448/18174 [00:05<03:26, 85.90it/s]
[2025-01-04 17:05:16] 3%|▎         | 458/18174 [00:05<03:22, 87.56it/s]
[2025-01-04 17:05:16] 3%|▎         | 467/18174 [00:05<03:20, 88.26it/s]
[2025-01-04 17:05:16] 3%|▎         | 477/18174 [00:05<03:17, 89.55it/s]
[2025-01-04 17:05:16] 3%|▎         | 486/18174 [00:05<03:18, 89.15it/s]
[2025-01-04 17:05:16] 3%|▎         | 495/18174 [00:05<03:19, 88.60it/s]
[2025-01-04 17:05:16] 3%|▎         | 504/18174 [00:05<03:20, 88.21it/s]
[2025-01-04 17:05:16] 3%|▎         | 514/18174 [00:05<03:17, 89.27it/s]
[2025-01-04 17:05:16] 3%|▎         | 523/18174 [00:05<03:18, 89.09it/s]
[2025-01-04 17:05:17] 3%|▎         | 532/18174 [00:05<03:19, 88.45it/s]
[2025-01-04 17:05:17] 3%|▎         | 541/18174 [00:06<03:23, 86.75it/s]
[2025-01-04 17:05:17] 3%|▎         | 550/18174 [00:06<03:27, 84.87it/s]
[2025-01-04 17:05:17] 3%|▎         | 559/18174 [00:06<03:27, 84.76it/s]
[2025-01-04 17:05:17] 3%|▎         | 569/18174 [00:06<03:22, 86.99it/s]
[2025-01-04 17:05:17] 3%|▎         | 579/18174 [00:06<03:19, 88.19it/s]
[2025-01-04 17:05:17] 3%|▎         | 588/18174 [00:06<03:19, 88.08it/s]
[2025-01-04 17:05:17] 3%|▎         | 598/18174 [00:06<03:17, 89.07it/s]
[2025-01-04 17:05:17] 3%|▎         | 608/18174 [00:06<03:14, 90.25it/s]
[2025-01-04 17:05:18] 3%|▎         | 618/18174 [00:06<03:12, 91.08it/s]
[2025-01-04 17:05:18] 3%|▎         | 628/18174 [00:07<03:11, 91.41it/s]
[2025-01-04 17:05:18] 4%|▎         | 638/18174 [00:07<03:11, 91.38it/s]
[2025-01-04 17:05:18] 4%|▎         | 648/18174 [00:07<03:10, 91.87it/s]
[2025-01-04 17:05:18] 4%|▎         | 658/18174 [00:07<03:12, 91.20it/s]
[2025-01-04 17:05:18] 4%|▎         | 668/18174 [00:07<03:11, 91.44it/s]
[2025-01-04 17:05:18] 4%|▎         | 678/18174 [00:07<03:11, 91.32it/s]
[2025-01-04 17:05:18] 4%|▍         | 688/18174 [00:07<03:10, 91.66it/s]
[2025-01-04 17:05:18] 4%|▍         | 698/18174 [00:07<03:09, 92.07it/s]
[2025-01-04 17:05:19] 4%|▍         | 708/18174 [00:07<03:10, 91.84it/s]
[2025-01-04 17:05:19] 4%|▍         | 718/18174 [00:08<03:11, 91.11it/s]
[2025-01-04 17:05:19] 4%|▍         | 728/18174 [00:08<03:11, 91.17it/s]
[2025-01-04 17:05:19] 4%|▍         | 738/18174 [00:08<03:11, 91.21it/s]
[2025-01-04 17:05:19] 4%|▍         | 748/18174 [00:08<03:13, 90.01it/s]
[2025-01-04 17:05:19] 4%|▍         | 758/18174 [00:08<03:15, 89.07it/s]
[2025-01-04 17:05:19] 4%|▍         | 767/18174 [00:08<03:17, 88.23it/s]
[2025-01-04 17:05:19] 4%|▍         | 776/18174 [00:08<03:22, 85.95it/s]
[2025-01-04 17:05:19] 4%|▍         | 785/18174 [00:08<03:21, 86.24it/s]
[2025-01-04 17:05:20] 4%|▍         | 794/18174 [00:08<03:20, 86.81it/s]
[2025-01-04 17:05:20] 4%|▍         | 803/18174 [00:08<03:20, 86.85it/s]
[2025-01-04 17:05:20] 4%|▍         | 812/18174 [00:09<03:18, 87.63it/s]
[2025-01-04 17:05:20] 5%|▍         | 821/18174 [00:09<03:16, 88.29it/s]
[2025-01-04 17:05:20] 5%|▍         | 830/18174 [00:09<03:18, 87.50it/s]
[2025-01-04 17:05:20] 5%|▍         | 840/18174 [00:09<03:14, 88.95it/s]
[2025-01-04 17:05:20] 5%|▍         | 849/18174 [00:09<03:16, 88.22it/s]
