[2024-12-26 19:16:30] ä»»åŠ¡å·²åŠ å…¥é˜Ÿåˆ—ï¼Œå³å°†å¼€å§‹å¤„ç†...
[2024-12-26 19:16:30] å¼€å§‹å¤„ç†ä»»åŠ¡...
[2024-12-26 19:16:35] tango args: C:\computer\3\itproject\digitaltool\file\action\20241226191630-ea01d2\20241226191630-ea01d2.wav C:\computer\3\itproject\digitaltool\file\action\20241226191630-ea01d2\20241226191630-ea01d2.mp4 C:\computer\3\itproject\digitaltool\file\action\20241226191630-ea01d2\20241226191630-ea01d2_output.mp4
[2024-12-26 19:16:35] è§†é¢‘å¼€å§‹ç”Ÿæˆ
[2024-12-26 19:16:36] C:\computer\3\itproject\manyaitools_modules\TANGO\datasets/data_json/youtube_test/speaker1.json
[2024-12-26 19:16:38] ffmpeg version 2024-06-24-git-6ec22731ae-full_build-www.gyan.dev Copyright (c) 2000-2024 the FFmpeg developers
[2024-12-26 19:16:38] built with gcc 13.2.0 (Rev5, Built by MSYS2 project)
[2024-12-26 19:16:38] configuration: --enable-gpl --enable-version3 --enable-static --disable-w32threads --disable-autodetect --enable-fontconfig --enable-iconv --enable-gnutls --enable-libxml2 --enable-gmp --enable-bzlib --enable-lzma --enable-libsnappy --enable-zlib --enable-librist --enable-libsrt --enable-libssh --enable-libzmq --enable-avisynth --enable-libbluray --enable-libcaca --enable-sdl2 --enable-libaribb24 --enable-libaribcaption --enable-libdav1d --enable-libdavs2 --enable-libopenjpeg --enable-libquirc --enable-libuavs3d --enable-libxevd --enable-libzvbi --enable-libqrencode --enable-librav1e --enable-libsvtav1 --enable-libwebp --enable-libx264 --enable-libx265 --enable-libxavs2 --enable-libxeve --enable-libxvid --enable-libaom --enable-libjxl --enable-libvpx --enable-mediafoundation --enable-libass --enable-frei0r --enable-libfreetype --enable-libfribidi --enable-libharfbuzz --enable-liblensfun --enable-libvidstab --enable-libvmaf --enable-libzimg --enable-amf --enable-cuda-llvm --enable-cuvid --enable-dxva2 --enable-d3d11va --enable-d3d12va --enable-ffnvcodec --enable-libvpl --enable-nvdec --enable-nvenc --enable-vaapi --enable-libshaderc --enable-vulkan --enable-libplacebo --enable-opencl --enable-libcdio --enable-libgme --enable-libmodplug --enable-libopenmpt --enable-libopencore-amrwb --enable-libmp3lame --enable-libshine --enable-libtheora --enable-libtwolame --enable-libvo-amrwbenc --enable-libcodec2 --enable-libilbc --enable-libgsm --enable-libopencore-amrnb --enable-libopus --enable-libspeex --enable-libvorbis --enable-ladspa --enable-libbs2b --enable-libflite --enable-libmysofa --enable-librubberband --enable-libsoxr --enable-chromaprint
[2024-12-26 19:16:38] libavutil      59. 25.100 / 59. 25.100
[2024-12-26 19:16:38] libavcodec     61.  8.100 / 61.  8.100
[2024-12-26 19:16:38] libavformat    61.  4.100 / 61.  4.100
[2024-12-26 19:16:38] libavdevice    61.  2.100 / 61.  2.100
[2024-12-26 19:16:38] libavfilter    10.  2.102 / 10.  2.102
[2024-12-26 19:16:38] libswscale      8.  2.100 /  8.  2.100
[2024-12-26 19:16:38] libswresample   5.  2.100 /  5.  2.100
[2024-12-26 19:16:38] libpostproc    58.  2.100 / 58.  2.100
[2024-12-26 19:16:38] Input #0, mov,mp4,m4a,3gp,3g2,mj2, from 'C:\computer\3\itproject\manyaitools_modules\TANGO\outputs/tmpvideo\save_video_fps.mp4':
[2024-12-26 19:16:38] Metadata:
[2024-12-26 19:16:38] major_brand     : isom
[2024-12-26 19:16:38] minor_version   : 512
[2024-12-26 19:16:38] compatible_brands: isomiso2mp41
[2024-12-26 19:16:38] encoder         : Lavf58.76.100
[2024-12-26 19:16:38] Duration: 00:00:10.00, start: 0.000000, bitrate: 4877 kb/s
[2024-12-26 19:16:38] Stream #0:0[0x1](und): Video: mpeg4 (Simple Profile) (mp4v / 0x7634706D), yuv420p, 720x1280 [SAR 1:1 DAR 9:16], 4875 kb/s, 30 fps, 30 tbr, 15360 tbn (default)
[2024-12-26 19:16:38] Metadata:
[2024-12-26 19:16:38] handler_name    : VideoHandler
[2024-12-26 19:16:38] vendor_id       : [0][0][0][0]
[2024-12-26 19:16:38] Stream mapping:
[2024-12-26 19:16:38] Stream #0:0 -> #0:0 (mpeg4 (native) -> h264 (libx264))
[2024-12-26 19:16:38] Press [q] to stop, [?] for help
[2024-12-26 19:16:38] [libx264 @ 00000217abced2c0] using SAR=1/1
[2024-12-26 19:16:38] [libx264 @ 00000217abced2c0] using cpu capabilities: MMX2 SSE2Fast SSSE3 SSE4.2 AVX FMA3 BMI2 AVX2
[2024-12-26 19:16:38] [libx264 @ 00000217abced2c0] profile High, level 3.1, 4:2:0, 8-bit
[2024-12-26 19:16:38] [libx264 @ 00000217abced2c0] 264 - core 164 r3191 4613ac3 - H.264/MPEG-4 AVC codec - Copyleft 2003-2024 - http://www.videolan.org/x264.html - options: cabac=1 ref=3 deblock=1:0:0 analyse=0x3:0x113 me=hex subme=7 psy=1 psy_rd=1.00:0.00 mixed_ref=1 me_range=16 chroma_me=1 trellis=1 8x8dct=1 cqm=0 deadzone=21,11 fast_pskip=1 chroma_qp_offset=-2 threads=24 lookahead_threads=4 sliced_threads=0 nr=0 decimate=1 interlaced=0 bluray_compat=0 constrained_intra=0 bframes=3 b_pyramid=2 b_adapt=1 b_bias=0 direct=1 weightb=1 open_gop=0 weightp=2 keyint=250 keyint_min=25 scenecut=40 intra_refresh=0 rc_lookahead=40 rc=crf mbtree=1 crf=23.0 qcomp=0.60 qpmin=0 qpmax=69 qpstep=4 ip_ratio=1.40 aq=1:1.00
[2024-12-26 19:16:38] Output #0, mp4, to 'C:\computer\3\itproject\manyaitools_modules\TANGO\outputs/tmpvideo\save_video.mp4':
[2024-12-26 19:16:38] Metadata:
[2024-12-26 19:16:38] major_brand     : isom
[2024-12-26 19:16:38] minor_version   : 512
[2024-12-26 19:16:38] compatible_brands: isomiso2mp41
[2024-12-26 19:16:38] encoder         : Lavf61.4.100
[2024-12-26 19:16:38] Stream #0:0(und): Video: h264 (avc1 / 0x31637661), yuv420p(progressive), 720x1280 [SAR 1:1 DAR 9:16], q=2-31, 30 fps, 15360 tbn (default)
[2024-12-26 19:16:38] Metadata:
[2024-12-26 19:16:38] handler_name    : VideoHandler
[2024-12-26 19:16:38] vendor_id       : [0][0][0][0]
[2024-12-26 19:16:38] encoder         : Lavc61.8.100 libx264
[2024-12-26 19:16:38] Side data:
[2024-12-26 19:16:38] cpb: bitrate max/min/avg: 0/0/0 buffer size: 0 vbv_delay: N/A
[2024-12-26 19:16:39] frame=    0 fps=0.0 q=0.0 size=       0KiB time=N/A bitrate=N/A speed=N/A
[2024-12-26 19:16:40] frame=    0 fps=0.0 q=0.0 size=       0KiB time=N/A bitrate=N/A speed=N/A
[2024-12-26 19:16:40] frame=    0 fps=0.0 q=0.0 size=       0KiB time=N/A bitrate=N/A speed=N/A
[2024-12-26 19:16:41] frame=    0 fps=0.0 q=0.0 size=       0KiB time=N/A bitrate=N/A speed=N/A
[2024-12-26 19:16:41] frame=    0 fps=0.0 q=0.0 size=       0KiB time=N/A bitrate=N/A speed=N/A
[2024-12-26 19:16:42] frame=    0 fps=0.0 q=0.0 size=       0KiB time=N/A bitrate=N/A speed=N/A
[2024-12-26 19:16:42] frame=    0 fps=0.0 q=0.0 size=       0KiB time=N/A bitrate=N/A speed=N/A
[2024-12-26 19:16:43] frame=    0 fps=0.0 q=0.0 size=       0KiB time=N/A bitrate=N/A speed=N/A
[2024-12-26 19:16:43] frame=    0 fps=0.0 q=0.0 size=       0KiB time=N/A bitrate=N/A speed=N/A
[2024-12-26 19:16:44] frame=    0 fps=0.0 q=0.0 size=       0KiB time=N/A bitrate=N/A speed=N/A
[2024-12-26 19:16:44] frame=    3 fps=0.5 q=29.0 size=       0KiB time=00:00:00.03 bitrate=  11.5kbits/s speed=0.00588x
[2024-12-26 19:16:45] frame=   10 fps=1.6 q=29.0 size=       0KiB time=00:00:00.26 bitrate=   1.4kbits/s speed=0.0431x
[2024-12-26 19:16:45] frame=   17 fps=2.5 q=29.0 size=       0KiB time=00:00:00.50 bitrate=   0.8kbits/s speed=0.0747x
[2024-12-26 19:16:46] frame=   24 fps=3.3 q=29.0 size=     256KiB time=00:00:00.73 bitrate=2860.3kbits/s speed=0.102x
[2024-12-26 19:16:46] frame=   30 fps=3.9 q=29.0 size=     256KiB time=00:00:00.93 bitrate=2247.4kbits/s speed=0.121x
[2024-12-26 19:16:47] frame=   37 fps=4.5 q=29.0 size=     256KiB time=00:00:01.16 bitrate=1797.9kbits/s speed=0.141x
[2024-12-26 19:16:47] frame=   44 fps=5.0 q=29.0 size=     256KiB time=00:00:01.40 bitrate=1498.2kbits/s speed=0.16x
[2024-12-26 19:16:48] frame=   50 fps=5.4 q=29.0 size=     512KiB time=00:00:01.60 bitrate=2621.7kbits/s speed=0.172x
[2024-12-26 19:16:48] frame=   58 fps=5.9 q=29.0 size=     512KiB time=00:00:01.86 bitrate=2247.2kbits/s speed=0.191x
[2024-12-26 19:16:49] frame=   65 fps=6.3 q=29.0 size=     512KiB time=00:00:02.10 bitrate=1997.5kbits/s speed=0.204x
[2024-12-26 19:16:49] frame=   71 fps=6.6 q=29.0 size=     768KiB time=00:00:02.30 bitrate=2735.6kbits/s speed=0.213x
[2024-12-26 19:16:50] frame=   78 fps=6.9 q=29.0 size=     768KiB time=00:00:02.53 bitrate=2483.6kbits/s speed=0.223x
[2024-12-26 19:16:50] frame=   86 fps=7.3 q=29.0 size=     768KiB time=00:00:02.80 bitrate=2247.1kbits/s speed=0.236x
[2024-12-26 19:16:51] frame=   93 fps=7.5 q=29.0 size=     768KiB time=00:00:03.03 bitrate=2074.2kbits/s speed=0.245x
[2024-12-26 19:16:51] frame=   99 fps=7.7 q=29.0 size=    1024KiB time=00:00:03.23 bitrate=2594.5kbits/s speed=0.251x
[2024-12-26 19:16:52] frame=  105 fps=7.8 q=29.0 size=    1024KiB time=00:00:03.43 bitrate=2443.4kbits/s speed=0.256x
[2024-12-26 19:16:52] frame=  112 fps=8.1 q=29.0 size=    1024KiB time=00:00:03.66 bitrate=2287.9kbits/s speed=0.264x
[2024-12-26 19:16:53] frame=  119 fps=8.2 q=29.0 size=    1280KiB time=00:00:03.90 bitrate=2688.8kbits/s speed=0.27x
[2024-12-26 19:16:53] frame=  127 fps=8.5 q=29.0 size=    1280KiB time=00:00:04.16 bitrate=2516.7kbits/s speed=0.279x
[2024-12-26 19:16:54] frame=  135 fps=8.7 q=29.0 size=    1280KiB time=00:00:04.43 bitrate=2365.3kbits/s speed=0.287x
[2024-12-26 19:16:54] frame=  143 fps=8.9 q=29.0 size=    1536KiB time=00:00:04.70 bitrate=2677.3kbits/s speed=0.294x
[2024-12-26 19:16:55] frame=  150 fps=9.1 q=29.0 size=    1536KiB time=00:00:04.93 bitrate=2550.7kbits/s speed=0.299x
[2024-12-26 19:16:55] frame=  158 fps=9.3 q=29.0 size=    1536KiB time=00:00:05.20 bitrate=2419.9kbits/s speed=0.306x
[2024-12-26 19:16:56] frame=  166 fps=9.5 q=29.0 size=    1536KiB time=00:00:05.46 bitrate=2301.8kbits/s speed=0.312x
[2024-12-26 19:16:57] frame=  175 fps=9.7 q=29.0 size=    1792KiB time=00:00:05.76 bitrate=2545.7kbits/s speed=0.32x
[2024-12-26 19:16:57] frame=  183 fps=9.9 q=29.0 size=    1792KiB time=00:00:06.03 bitrate=2433.2kbits/s speed=0.325x
[2024-12-26 19:16:58] frame=  191 fps= 10 q=29.0 size=    2048KiB time=00:00:06.30 bitrate=2663.1kbits/s speed=0.33x
[2024-12-26 19:16:58] frame=  200 fps= 10 q=29.0 size=    2048KiB time=00:00:06.60 bitrate=2542.1kbits/s speed=0.337x
[2024-12-26 19:16:59] frame=  208 fps= 10 q=29.0 size=    2048KiB time=00:00:06.86 bitrate=2443.3kbits/s speed=0.341x
[2024-12-26 19:16:59] frame=  216 fps= 10 q=29.0 size=    2048KiB time=00:00:07.13 bitrate=2352.0kbits/s speed=0.346x
[2024-12-26 19:17:00] frame=  224 fps= 11 q=29.0 size=    2304KiB time=00:00:07.40 bitrate=2550.6kbits/s speed=0.35x
[2024-12-26 19:17:00] frame=  256 fps= 12 q=29.0 size=    2560KiB time=00:00:08.46 bitrate=2477.0kbits/s speed=0.39x
[2024-12-26 19:17:00] [out#0/mp4 @ 00000217abce9580] video:2965KiB audio:0KiB subtitle:0KiB other streams:0KiB global headers:0KiB muxing overhead: 0.129110%
[2024-12-26 19:17:00] frame=  299 fps= 14 q=-1.0 Lsize=    2969KiB time=00:00:09.90 bitrate=2456.6kbits/s speed=0.454x
[2024-12-26 19:17:00] [libx264 @ 00000217abced2c0] frame I:2     Avg QP:21.41  size: 48036
[2024-12-26 19:17:00] [libx264 @ 00000217abced2c0] frame P:209   Avg QP:23.48  size: 13025
[2024-12-26 19:17:00] [libx264 @ 00000217abced2c0] frame B:88    Avg QP:24.80  size:  2469
[2024-12-26 19:17:00] [libx264 @ 00000217abced2c0] consecutive B-frames: 45.5% 44.8%  3.0%  6.7%
[2024-12-26 19:17:00] [libx264 @ 00000217abced2c0] mb I  I16..4: 19.4% 75.3%  5.3%
[2024-12-26 19:17:00] [libx264 @ 00000217abced2c0] mb P  I16..4:  3.4% 11.5%  0.2%  P16..4: 50.4%  9.4%  3.5%  0.0%  0.0%    skip:21.6%
[2024-12-26 19:17:00] [libx264 @ 00000217abced2c0] mb B  I16..4:  0.6%  1.6%  0.0%  B16..8: 30.2%  1.2%  0.1%  direct: 0.7%  skip:65.6%  L0:39.6% L1:57.2% BI: 3.2%
[2024-12-26 19:17:00] [libx264 @ 00000217abced2c0] 8x8 transform intra:76.2% inter:85.5%
[2024-12-26 19:17:00] [libx264 @ 00000217abced2c0] coded y,uvDC,uvAC intra: 43.4% 70.5% 12.9% inter: 14.2% 21.4% 0.3%
[2024-12-26 19:17:00] [libx264 @ 00000217abced2c0] i16 v,h,dc,p: 36% 17% 21% 26%
[2024-12-26 19:17:00] [libx264 @ 00000217abced2c0] i8 v,h,dc,ddl,ddr,vr,hd,vl,hu: 30% 18% 33%  3%  3%  4%  3%  4%  2%
[2024-12-26 19:17:00] [libx264 @ 00000217abced2c0] i4 v,h,dc,ddl,ddr,vr,hd,vl,hu: 29% 16% 10%  5% 11% 11%  8%  7%  4%
[2024-12-26 19:17:00] [libx264 @ 00000217abced2c0] i8c dc,h,v,p: 43% 19% 30%  8%
[2024-12-26 19:17:00] [libx264 @ 00000217abced2c0] Weighted P-Frames: Y:0.0% UV:0.0%
[2024-12-26 19:17:00] [libx264 @ 00000217abced2c0] ref P L0: 76.1% 13.5%  8.1%  2.3%
[2024-12-26 19:17:00] [libx264 @ 00000217abced2c0] ref B L0: 87.1% 12.2%  0.7%
[2024-12-26 19:17:00] [libx264 @ 00000217abced2c0] ref B L1: 98.6%  1.4%
[2024-12-26 19:17:00] [libx264 @ 00000217abced2c0] kb/s:2436.50
[2024-12-26 19:17:08] C:\ProgramData\miniconda3\envs\tango\lib\site-packages\timm\models\layers\__init__.py:48: FutureWarning: Importing from timm.models.layers is deprecated, please import via timm.layers
[2024-12-26 19:17:08] warnings.warn(f"Importing from {__name__} is deprecated, please import via timm.layers", FutureWarning)
[2024-12-26 19:17:08] [92m12-26 19:17:08[0m Load checkpoint from C:\computer\3\itproject\manyaitools_modules\TANGO\SMPLer-X\main\../pretrained_models\smpler_x_s32.pth.tar
[2024-12-26 19:17:08] [92m12-26 19:17:08[0m Creating graph...
[2024-12-26 19:17:09] Loads checkpoint by local backend from path: C:\computer\3\itproject\manyaitools_modules\TANGO\SMPLer-X\main\../pretrained_models/mmdet/faster_rcnn_r50_fpn_1x_coco_20200130-047c8118.pth
[2024-12-26 19:17:41] 0%|          | 0/1 [00:00<?, ?it/s]
[2024-12-26 19:17:41] 100%|â–ˆâ–ˆâ–ˆâ–ˆâ–ˆâ–ˆâ–ˆâ–ˆâ–ˆâ–ˆ| 1/1 [00:31<00:00, 32.00s/it]
[2024-12-26 19:17:41] 100%|â–ˆâ–ˆâ–ˆâ–ˆâ–ˆâ–ˆâ–ˆâ–ˆâ–ˆâ–ˆ| 1/1 [00:31<00:00, 32.00s/it]
[2024-12-26 19:17:42] [0mcmd_smplx:  cd ./SMPLer-X/ && python app.py --video_folder_path C:\computer\3\itproject\manyaitools_modules\TANGO\outputs/tmpvideo --data_save_path C:\computer\3\itproject\manyaitools_modules\TANGO\outputs/tmpdata --json_save_path C:\computer\3\itproject\manyaitools_modules\TANGO\outputs/save_video.json && cd ..
[2024-12-26 19:17:44] json_path C:\computer\3\itproject\manyaitools_modules\TANGO\outputs/save_video.json
[2024-12-26 19:17:45] 0%|          | 0/299 [00:00<?, ?it/s]
[2024-12-26 19:17:45] 100%|â–ˆâ–ˆâ–ˆâ–ˆâ–ˆâ–ˆâ–ˆâ–ˆâ–ˆâ–ˆ| 299/299 [00:00<00:00, 299307.14it/s]
[2024-12-26 19:17:46] nodes: 299, edges: 740
[2024-12-26 19:17:46] Average In-degree: 2.4749163879598663
[2024-12-26 19:17:46] Average Out-degree: 2.4749163879598663
[2024-12-26 19:17:46] max in degree: 10, max out degree: 28
[2024-12-26 19:17:46] min in degree: 1, min out degree: 1
[2024-12-26 19:17:46] average_dis_continue: 0.13861386138613863
[2024-12-26 19:17:46] Moviepy - Building video C:\computer\3\itproject\manyaitools_modules\TANGO\tmp\video_only_1735211866.834556.mp4.
[2024-12-26 19:17:46] Moviepy - Writing video C:\computer\3\itproject\manyaitools_modules\TANGO\tmp\video_only_1735211866.834556.mp4
[2024-12-26 19:17:46] t:   0%|          | 0/101 [00:00<?, ?it/s, now=None]
[2024-12-26 19:17:47] t:  21%|â–ˆâ–ˆ        | 21/101 [00:00<00:00, 203.88it/s, now=None]
[2024-12-26 19:17:47] t:  48%|â–ˆâ–ˆâ–ˆâ–ˆâ–Š     | 48/101 [00:00<00:00, 230.26it/s, now=None]
[2024-12-26 19:17:47] t:  76%|â–ˆâ–ˆâ–ˆâ–ˆâ–ˆâ–ˆâ–ˆâ–Œ  | 77/101 [00:00<00:00, 254.90it/s, now=None]
[2024-12-26 19:17:47] Moviepy - Done !
[2024-12-26 19:17:47] Moviepy - video ready C:\computer\3\itproject\manyaitools_modules\TANGO\tmp\video_only_1735211866.834556.mp4
[2024-12-26 19:17:47] before nodes: 299, edges: 740
[2024-12-26 19:17:47] after nodes: 299, edges: 740
[2024-12-26 19:17:47] Average In-degree: 2.4749163879598663
[2024-12-26 19:17:47] Average Out-degree: 2.4749163879598663
[2024-12-26 19:17:47] max in degree: 10, max out degree: 28
[2024-12-26 19:17:47] min in degree: 1, min out degree: 1
[2024-12-26 19:17:47] [0mcmd_graph:  python ./create_graph.py --json_save_path C:\computer\3\itproject\manyaitools_modules\TANGO\outputs/save_video.json --graph_save_path C:\computer\3\itproject\manyaitools_modules\TANGO\outputs/save_video.pkl
[2024-12-26 19:18:49] Some weights of the model checkpoint at facebook/wav2vec2-base-960h were not used when initializing Wav2Vec2Model: ['wav2vec2.encoder.pos_conv_embed.conv.weight_g', 'wav2vec2.encoder.pos_conv_embed.conv.weight_v', 'lm_head.bias', 'lm_head.weight']
[2024-12-26 19:18:49] - This IS expected if you are initializing Wav2Vec2Model from the checkpoint of a model trained on another task or with another architecture (e.g. initializing a BertForSequenceClassification model from a BertForPreTraining model).
[2024-12-26 19:18:49] - This IS NOT expected if you are initializing Wav2Vec2Model from the checkpoint of a model that you expect to be exactly identical (initializing a BertForSequenceClassification model from a BertForSequenceClassification model).
[2024-12-26 19:18:49] Some weights of Wav2Vec2Model were not initialized from the model checkpoint at facebook/wav2vec2-base-960h and are newly initialized: ['wav2vec2.encoder.pos_conv_embed.conv.parametrizations.weight.original0', 'wav2vec2.encoder.pos_conv_embed.conv.parametrizations.weight.original1', 'wav2vec2.masked_spec_embed']
[2024-12-26 19:18:49] You should probably TRAIN this model on a down-stream task to be able to use it for predictions and inference.
[2024-12-26 19:19:29] Some weights of the model checkpoint at facebook/wav2vec2-base-960h were not used when initializing Wav2Vec2Model: ['wav2vec2.encoder.pos_conv_embed.conv.weight_g', 'wav2vec2.encoder.pos_conv_embed.conv.weight_v', 'lm_head.bias', 'lm_head.weight']
[2024-12-26 19:19:29] - This IS expected if you are initializing Wav2Vec2Model from the checkpoint of a model trained on another task or with another architecture (e.g. initializing a BertForSequenceClassification model from a BertForPreTraining model).
[2024-12-26 19:19:29] - This IS NOT expected if you are initializing Wav2Vec2Model from the checkpoint of a model that you expect to be exactly identical (initializing a BertForSequenceClassification model from a BertForSequenceClassification model).
[2024-12-26 19:19:29] Some weights of Wav2Vec2Model were not initialized from the model checkpoint at facebook/wav2vec2-base-960h and are newly initialized: ['wav2vec2.encoder.pos_conv_embed.conv.parametrizations.weight.original0', 'wav2vec2.encoder.pos_conv_embed.conv.parametrizations.weight.original1', 'wav2vec2.masked_spec_embed']
[2024-12-26 19:19:29] You should probably TRAIN this model on a down-stream task to be able to use it for predictions and inference.
[2024-12-26 19:19:50] Some weights of the model checkpoint at facebook/wav2vec2-base-960h were not used when initializing Wav2Vec2Model: ['wav2vec2.encoder.pos_conv_embed.conv.weight_g', 'wav2vec2.encoder.pos_conv_embed.conv.weight_v', 'lm_head.bias', 'lm_head.weight']
[2024-12-26 19:19:50] - This IS expected if you are initializing Wav2Vec2Model from the checkpoint of a model trained on another task or with another architecture (e.g. initializing a BertForSequenceClassification model from a BertForPreTraining model).
[2024-12-26 19:19:50] - This IS NOT expected if you are initializing Wav2Vec2Model from the checkpoint of a model that you expect to be exactly identical (initializing a BertForSequenceClassification model from a BertForSequenceClassification model).
[2024-12-26 19:19:50] Some weights of Wav2Vec2Model were not initialized from the model checkpoint at facebook/wav2vec2-base-960h and are newly initialized: ['wav2vec2.encoder.pos_conv_embed.conv.parametrizations.weight.original0', 'wav2vec2.encoder.pos_conv_embed.conv.parametrizations.weight.original1', 'wav2vec2.masked_spec_embed']
[2024-12-26 19:19:50] You should probably TRAIN this model on a down-stream task to be able to use it for predictions and inference.
[2024-12-26 19:20:10] Some weights of the model checkpoint at facebook/wav2vec2-base-960h were not used when initializing Wav2Vec2Model: ['wav2vec2.encoder.pos_conv_embed.conv.weight_g', 'wav2vec2.encoder.pos_conv_embed.conv.weight_v', 'lm_head.bias', 'lm_head.weight']
[2024-12-26 19:20:10] - This IS expected if you are initializing Wav2Vec2Model from the checkpoint of a model trained on another task or with another architecture (e.g. initializing a BertForSequenceClassification model from a BertForPreTraining model).
[2024-12-26 19:20:10] - This IS NOT expected if you are initializing Wav2Vec2Model from the checkpoint of a model that you expect to be exactly identical (initializing a BertForSequenceClassification model from a BertForSequenceClassification model).
[2024-12-26 19:20:10] Some weights of Wav2Vec2Model were not initialized from the model checkpoint at facebook/wav2vec2-base-960h and are newly initialized: ['wav2vec2.encoder.pos_conv_embed.conv.parametrizations.weight.original0', 'wav2vec2.encoder.pos_conv_embed.conv.parametrizations.weight.original1', 'wav2vec2.masked_spec_embed']
[2024-12-26 19:20:10] You should probably TRAIN this model on a down-stream task to be able to use it for predictions and inference.
[2024-12-26 19:20:31] Some weights of the model checkpoint at facebook/wav2vec2-base-960h were not used when initializing Wav2Vec2ForCTC: ['wav2vec2.encoder.pos_conv_embed.conv.weight_g', 'wav2vec2.encoder.pos_conv_embed.conv.weight_v']
[2024-12-26 19:20:31] - This IS expected if you are initializing Wav2Vec2ForCTC from the checkpoint of a model trained on another task or with another architecture (e.g. initializing a BertForSequenceClassification model from a BertForPreTraining model).
[2024-12-26 19:20:31] - This IS NOT expected if you are initializing Wav2Vec2ForCTC from the checkpoint of a model that you expect to be exactly identical (initializing a BertForSequenceClassification model from a BertForSequenceClassification model).
[2024-12-26 19:20:31] Some weights of Wav2Vec2ForCTC were not initialized from the model checkpoint at facebook/wav2vec2-base-960h and are newly initialized: ['wav2vec2.encoder.pos_conv_embed.conv.parametrizations.weight.original0', 'wav2vec2.encoder.pos_conv_embed.conv.parametrizations.weight.original1', 'wav2vec2.masked_spec_embed']
[2024-12-26 19:20:31] You should probably TRAIN this model on a down-stream task to be able to use it for predictions and inference.
[2024-12-26 19:21:11] Some weights of the model checkpoint at bert-base-uncased were not used when initializing BertModel: ['cls.predictions.bias', 'cls.predictions.transform.LayerNorm.bias', 'cls.seq_relationship.bias', 'cls.predictions.transform.dense.weight', 'cls.predictions.transform.LayerNorm.weight', 'cls.predictions.transform.dense.bias', 'cls.seq_relationship.weight']
[2024-12-26 19:21:11] - This IS expected if you are initializing BertModel from the checkpoint of a model trained on another task or with another architecture (e.g. initializing a BertForSequenceClassification model from a BertForPreTraining model).
[2024-12-26 19:21:11] - This IS NOT expected if you are initializing BertModel from the checkpoint of a model that you expect to be exactly identical (initializing a BertForSequenceClassification model from a BertForSequenceClassification model).
[2024-12-26 19:21:12] start test_fn
[2024-12-26 19:21:13] before nodes: 299, edges: 740
[2024-12-26 19:21:13] after nodes: 299, edges: 740
[2024-12-26 19:21:13] Average In-degree: 2.4749163879598663
[2024-12-26 19:21:13] Average Out-degree: 2.4749163879598663
[2024-12-26 19:21:13] max in degree: 10, max out degree: 28
[2024-12-26 19:21:13] min in degree: 1, min out degree: 1
[2024-12-26 19:21:13] start search_path_dp
[2024-12-26 19:21:13] å¯ç”¨å†…å­˜å¤§äºŽ5Gï¼Œæ— éœ€é‡Šæ”¾
[2024-12-26 19:21:13] å½“å‰å¯ç”¨æ˜¾å­˜å……è¶³ï¼Œæ— éœ€é‡Šæ”¾æ˜¾å­˜ã€‚
[2024-12-26 19:21:13] å¯ç”¨å†…å­˜å¤§äºŽ5Gï¼Œæ— éœ€é‡Šæ”¾
[2024-12-26 19:21:13] å½“å‰å¯ç”¨æ˜¾å­˜å……è¶³ï¼Œæ— éœ€é‡Šæ”¾æ˜¾å­˜ã€‚
[2024-12-26 19:21:13] å¯ç”¨å†…å­˜å¤§äºŽ5Gï¼Œæ— éœ€é‡Šæ”¾
[2024-12-26 19:21:13] å½“å‰å¯ç”¨æ˜¾å­˜å……è¶³ï¼Œæ— éœ€é‡Šæ”¾æ˜¾å­˜ã€‚
[2024-12-26 19:21:13] å¯ç”¨å†…å­˜å¤§äºŽ5Gï¼Œæ— éœ€é‡Šæ”¾
[2024-12-26 19:21:13] å½“å‰å¯ç”¨æ˜¾å­˜å……è¶³ï¼Œæ— éœ€é‡Šæ”¾æ˜¾å­˜ã€‚
[2024-12-26 19:21:13] å¯ç”¨å†…å­˜å¤§äºŽ5Gï¼Œæ— éœ€é‡Šæ”¾
[2024-12-26 19:21:13] å½“å‰å¯ç”¨æ˜¾å­˜å……è¶³ï¼Œæ— éœ€é‡Šæ”¾æ˜¾å­˜ã€‚
[2024-12-26 19:21:13] å¯ç”¨å†…å­˜å¤§äºŽ5Gï¼Œæ— éœ€é‡Šæ”¾
[2024-12-26 19:21:13] å½“å‰å¯ç”¨æ˜¾å­˜å……è¶³ï¼Œæ— éœ€é‡Šæ”¾æ˜¾å­˜ã€‚
[2024-12-26 19:21:13] å¯ç”¨å†…å­˜å¤§äºŽ5Gï¼Œæ— éœ€é‡Šæ”¾
[2024-12-26 19:21:13] å½“å‰å¯ç”¨æ˜¾å­˜å……è¶³ï¼Œæ— éœ€é‡Šæ”¾æ˜¾å­˜ã€‚
[2024-12-26 19:21:13] å¯ç”¨å†…å­˜å¤§äºŽ5Gï¼Œæ— éœ€é‡Šæ”¾
[2024-12-26 19:21:13] å½“å‰å¯ç”¨æ˜¾å­˜å……è¶³ï¼Œæ— éœ€é‡Šæ”¾æ˜¾å­˜ã€‚
[2024-12-26 19:21:13] å¯ç”¨å†…å­˜å¤§äºŽ5Gï¼Œæ— éœ€é‡Šæ”¾
[2024-12-26 19:21:13] å½“å‰å¯ç”¨æ˜¾å­˜å……è¶³ï¼Œæ— éœ€é‡Šæ”¾æ˜¾å­˜ã€‚
[2024-12-26 19:21:13] å¯ç”¨å†…å­˜å¤§äºŽ5Gï¼Œæ— éœ€é‡Šæ”¾
[2024-12-26 19:21:13] å½“å‰å¯ç”¨æ˜¾å­˜å……è¶³ï¼Œæ— éœ€é‡Šæ”¾æ˜¾å­˜ã€‚
[2024-12-26 19:21:13] å¯ç”¨å†…å­˜å¤§äºŽ5Gï¼Œæ— éœ€é‡Šæ”¾
[2024-12-26 19:21:13] å½“å‰å¯ç”¨æ˜¾å­˜å……è¶³ï¼Œæ— éœ€é‡Šæ”¾æ˜¾å­˜ã€‚
[2024-12-26 19:21:13] å¯ç”¨å†…å­˜å¤§äºŽ5Gï¼Œæ— éœ€é‡Šæ”¾
[2024-12-26 19:21:13] å½“å‰å¯ç”¨æ˜¾å­˜å……è¶³ï¼Œæ— éœ€é‡Šæ”¾æ˜¾å­˜ã€‚
[2024-12-26 19:21:13] å¯ç”¨å†…å­˜å¤§äºŽ5Gï¼Œæ— éœ€é‡Šæ”¾
[2024-12-26 19:21:13] å½“å‰å¯ç”¨æ˜¾å­˜å……è¶³ï¼Œæ— éœ€é‡Šæ”¾æ˜¾å­˜ã€‚
[2024-12-26 19:21:13] å¯ç”¨å†…å­˜å¤§äºŽ5Gï¼Œæ— éœ€é‡Šæ”¾
[2024-12-26 19:21:13] å½“å‰å¯ç”¨æ˜¾å­˜å……è¶³ï¼Œæ— éœ€é‡Šæ”¾æ˜¾å­˜ã€‚
[2024-12-26 19:21:13] å¯ç”¨å†…å­˜å¤§äºŽ5Gï¼Œæ— éœ€é‡Šæ”¾
[2024-12-26 19:21:13] å½“å‰å¯ç”¨æ˜¾å­˜å……è¶³ï¼Œæ— éœ€é‡Šæ”¾æ˜¾å­˜ã€‚
[2024-12-26 19:21:13] å¯ç”¨å†…å­˜å¤§äºŽ5Gï¼Œæ— éœ€é‡Šæ”¾
[2024-12-26 19:21:13] å½“å‰å¯ç”¨æ˜¾å­˜å……è¶³ï¼Œæ— éœ€é‡Šæ”¾æ˜¾å­˜ã€‚
[2024-12-26 19:21:13] å¯ç”¨å†…å­˜å¤§äºŽ5Gï¼Œæ— éœ€é‡Šæ”¾
[2024-12-26 19:21:13] å½“å‰å¯ç”¨æ˜¾å­˜å……è¶³ï¼Œæ— éœ€é‡Šæ”¾æ˜¾å­˜ã€‚
[2024-12-26 19:21:13] å¯ç”¨å†…å­˜å¤§äºŽ5Gï¼Œæ— éœ€é‡Šæ”¾
[2024-12-26 19:21:13] å½“å‰å¯ç”¨æ˜¾å­˜å……è¶³ï¼Œæ— éœ€é‡Šæ”¾æ˜¾å­˜ã€‚
[2024-12-26 19:21:13] å¯ç”¨å†…å­˜å¤§äºŽ5Gï¼Œæ— éœ€é‡Šæ”¾
[2024-12-26 19:21:13] å½“å‰å¯ç”¨æ˜¾å­˜å……è¶³ï¼Œæ— éœ€é‡Šæ”¾æ˜¾å­˜ã€‚
[2024-12-26 19:21:13] å¯ç”¨å†…å­˜å¤§äºŽ5Gï¼Œæ— éœ€é‡Šæ”¾
[2024-12-26 19:21:13] å½“å‰å¯ç”¨æ˜¾å­˜å……è¶³ï¼Œæ— éœ€é‡Šæ”¾æ˜¾å­˜ã€‚
[2024-12-26 19:21:13] å¯ç”¨å†…å­˜å¤§äºŽ5Gï¼Œæ— éœ€é‡Šæ”¾
[2024-12-26 19:21:13] å½“å‰å¯ç”¨æ˜¾å­˜å……è¶³ï¼Œæ— éœ€é‡Šæ”¾æ˜¾å­˜ã€‚
[2024-12-26 19:21:13] å¯ç”¨å†…å­˜å¤§äºŽ5Gï¼Œæ— éœ€é‡Šæ”¾
[2024-12-26 19:21:13] å½“å‰å¯ç”¨æ˜¾å­˜å……è¶³ï¼Œæ— éœ€é‡Šæ”¾æ˜¾å­˜ã€‚
[2024-12-26 19:21:13] å¯ç”¨å†…å­˜å¤§äºŽ5Gï¼Œæ— éœ€é‡Šæ”¾
[2024-12-26 19:21:13] å½“å‰å¯ç”¨æ˜¾å­˜å……è¶³ï¼Œæ— éœ€é‡Šæ”¾æ˜¾å­˜ã€‚
[2024-12-26 19:21:13] å¯ç”¨å†…å­˜å¤§äºŽ5Gï¼Œæ— éœ€é‡Šæ”¾
[2024-12-26 19:21:13] å½“å‰å¯ç”¨æ˜¾å­˜å……è¶³ï¼Œæ— éœ€é‡Šæ”¾æ˜¾å­˜ã€‚
[2024-12-26 19:21:13] å¯ç”¨å†…å­˜å¤§äºŽ5Gï¼Œæ— éœ€é‡Šæ”¾
[2024-12-26 19:21:13] å½“å‰å¯ç”¨æ˜¾å­˜å……è¶³ï¼Œæ— éœ€é‡Šæ”¾æ˜¾å­˜ã€‚
[2024-12-26 19:21:13] å¯ç”¨å†…å­˜å¤§äºŽ5Gï¼Œæ— éœ€é‡Šæ”¾
[2024-12-26 19:21:13] å½“å‰å¯ç”¨æ˜¾å­˜å……è¶³ï¼Œæ— éœ€é‡Šæ”¾æ˜¾å­˜ã€‚
[2024-12-26 19:21:13] å¯ç”¨å†…å­˜å¤§äºŽ5Gï¼Œæ— éœ€é‡Šæ”¾
[2024-12-26 19:21:13] å½“å‰å¯ç”¨æ˜¾å­˜å……è¶³ï¼Œæ— éœ€é‡Šæ”¾æ˜¾å­˜ã€‚
[2024-12-26 19:21:13] å¯ç”¨å†…å­˜å¤§äºŽ5Gï¼Œæ— éœ€é‡Šæ”¾
[2024-12-26 19:21:13] å½“å‰å¯ç”¨æ˜¾å­˜å……è¶³ï¼Œæ— éœ€é‡Šæ”¾æ˜¾å­˜ã€‚
[2024-12-26 19:21:13] å¯ç”¨å†…å­˜å¤§äºŽ5Gï¼Œæ— éœ€é‡Šæ”¾
[2024-12-26 19:21:13] å½“å‰å¯ç”¨æ˜¾å­˜å……è¶³ï¼Œæ— éœ€é‡Šæ”¾æ˜¾å­˜ã€‚
[2024-12-26 19:21:13] å¯ç”¨å†…å­˜å¤§äºŽ5Gï¼Œæ— éœ€é‡Šæ”¾
[2024-12-26 19:21:13] å½“å‰å¯ç”¨æ˜¾å­˜å……è¶³ï¼Œæ— éœ€é‡Šæ”¾æ˜¾å­˜ã€‚
[2024-12-26 19:21:13] å¯ç”¨å†…å­˜å¤§äºŽ5Gï¼Œæ— éœ€é‡Šæ”¾
[2024-12-26 19:21:13] å½“å‰å¯ç”¨æ˜¾å­˜å……è¶³ï¼Œæ— éœ€é‡Šæ”¾æ˜¾å­˜ã€‚
[2024-12-26 19:21:13] å¯ç”¨å†…å­˜å¤§äºŽ5Gï¼Œæ— éœ€é‡Šæ”¾
[2024-12-26 19:21:13] å½“å‰å¯ç”¨æ˜¾å­˜å……è¶³ï¼Œæ— éœ€é‡Šæ”¾æ˜¾å­˜ã€‚
[2024-12-26 19:21:13] å¯ç”¨å†…å­˜å¤§äºŽ5Gï¼Œæ— éœ€é‡Šæ”¾
[2024-12-26 19:21:13] å½“å‰å¯ç”¨æ˜¾å­˜å……è¶³ï¼Œæ— éœ€é‡Šæ”¾æ˜¾å­˜ã€‚
[2024-12-26 19:21:13] å¯ç”¨å†…å­˜å¤§äºŽ5Gï¼Œæ— éœ€é‡Šæ”¾
[2024-12-26 19:21:13] å½“å‰å¯ç”¨æ˜¾å­˜å……è¶³ï¼Œæ— éœ€é‡Šæ”¾æ˜¾å­˜ã€‚
[2024-12-26 19:21:13] å¯ç”¨å†…å­˜å¤§äºŽ5Gï¼Œæ— éœ€é‡Šæ”¾
[2024-12-26 19:21:13] å½“å‰å¯ç”¨æ˜¾å­˜å……è¶³ï¼Œæ— éœ€é‡Šæ”¾æ˜¾å­˜ã€‚
[2024-12-26 19:21:13] å¯ç”¨å†…å­˜å¤§äºŽ5Gï¼Œæ— éœ€é‡Šæ”¾
[2024-12-26 19:21:13] å½“å‰å¯ç”¨æ˜¾å­˜å……è¶³ï¼Œæ— éœ€é‡Šæ”¾æ˜¾å­˜ã€‚
[2024-12-26 19:21:13] å¯ç”¨å†…å­˜å¤§äºŽ5Gï¼Œæ— éœ€é‡Šæ”¾
[2024-12-26 19:21:13] å½“å‰å¯ç”¨æ˜¾å­˜å……è¶³ï¼Œæ— éœ€é‡Šæ”¾æ˜¾å­˜ã€‚
[2024-12-26 19:21:13] å¯ç”¨å†…å­˜å¤§äºŽ5Gï¼Œæ— éœ€é‡Šæ”¾
[2024-12-26 19:21:13] å½“å‰å¯ç”¨æ˜¾å­˜å……è¶³ï¼Œæ— éœ€é‡Šæ”¾æ˜¾å­˜ã€‚
[2024-12-26 19:21:13] å¯ç”¨å†…å­˜å¤§äºŽ5Gï¼Œæ— éœ€é‡Šæ”¾
[2024-12-26 19:21:13] å½“å‰å¯ç”¨æ˜¾å­˜å……è¶³ï¼Œæ— éœ€é‡Šæ”¾æ˜¾å­˜ã€‚
[2024-12-26 19:21:13] å¯ç”¨å†…å­˜å¤§äºŽ5Gï¼Œæ— éœ€é‡Šæ”¾
[2024-12-26 19:21:13] å½“å‰å¯ç”¨æ˜¾å­˜å……è¶³ï¼Œæ— éœ€é‡Šæ”¾æ˜¾å­˜ã€‚
[2024-12-26 19:21:13] å¯ç”¨å†…å­˜å¤§äºŽ5Gï¼Œæ— éœ€é‡Šæ”¾
[2024-12-26 19:21:13] å½“å‰å¯ç”¨æ˜¾å­˜å……è¶³ï¼Œæ— éœ€é‡Šæ”¾æ˜¾å­˜ã€‚
[2024-12-26 19:21:13] å¯ç”¨å†…å­˜å¤§äºŽ5Gï¼Œæ— éœ€é‡Šæ”¾
[2024-12-26 19:21:13] å½“å‰å¯ç”¨æ˜¾å­˜å……è¶³ï¼Œæ— éœ€é‡Šæ”¾æ˜¾å­˜ã€‚
[2024-12-26 19:21:13] å¯ç”¨å†…å­˜å¤§äºŽ5Gï¼Œæ— éœ€é‡Šæ”¾
[2024-12-26 19:21:13] å½“å‰å¯ç”¨æ˜¾å­˜å……è¶³ï¼Œæ— éœ€é‡Šæ”¾æ˜¾å­˜ã€‚
[2024-12-26 19:21:13] å¯ç”¨å†…å­˜å¤§äºŽ5Gï¼Œæ— éœ€é‡Šæ”¾
[2024-12-26 19:21:13] å½“å‰å¯ç”¨æ˜¾å­˜å……è¶³ï¼Œæ— éœ€é‡Šæ”¾æ˜¾å­˜ã€‚
[2024-12-26 19:21:13] å¯ç”¨å†…å­˜å¤§äºŽ5Gï¼Œæ— éœ€é‡Šæ”¾
[2024-12-26 19:21:13] å½“å‰å¯ç”¨æ˜¾å­˜å……è¶³ï¼Œæ— éœ€é‡Šæ”¾æ˜¾å­˜ã€‚
[2024-12-26 19:21:13] å¯ç”¨å†…å­˜å¤§äºŽ5Gï¼Œæ— éœ€é‡Šæ”¾
[2024-12-26 19:21:13] å½“å‰å¯ç”¨æ˜¾å­˜å……è¶³ï¼Œæ— éœ€é‡Šæ”¾æ˜¾å­˜ã€‚
[2024-12-26 19:21:13] å¯ç”¨å†…å­˜å¤§äºŽ5Gï¼Œæ— éœ€é‡Šæ”¾
[2024-12-26 19:21:13] å½“å‰å¯ç”¨æ˜¾å­˜å……è¶³ï¼Œæ— éœ€é‡Šæ”¾æ˜¾å­˜ã€‚
[2024-12-26 19:21:13] å¯ç”¨å†…å­˜å¤§äºŽ5Gï¼Œæ— éœ€é‡Šæ”¾
[2024-12-26 19:21:13] å½“å‰å¯ç”¨æ˜¾å­˜å……è¶³ï¼Œæ— éœ€é‡Šæ”¾æ˜¾å­˜ã€‚
[2024-12-26 19:21:13] å¯ç”¨å†…å­˜å¤§äºŽ5Gï¼Œæ— éœ€é‡Šæ”¾
[2024-12-26 19:21:13] å½“å‰å¯ç”¨æ˜¾å­˜å……è¶³ï¼Œæ— éœ€é‡Šæ”¾æ˜¾å­˜ã€‚
[2024-12-26 19:21:13] å¯ç”¨å†…å­˜å¤§äºŽ5Gï¼Œæ— éœ€é‡Šæ”¾
[2024-12-26 19:21:13] å½“å‰å¯ç”¨æ˜¾å­˜å……è¶³ï¼Œæ— éœ€é‡Šæ”¾æ˜¾å­˜ã€‚
[2024-12-26 19:21:13] å¯ç”¨å†…å­˜å¤§äºŽ5Gï¼Œæ— éœ€é‡Šæ”¾
[2024-12-26 19:21:13] å½“å‰å¯ç”¨æ˜¾å­˜å……è¶³ï¼Œæ— éœ€é‡Šæ”¾æ˜¾å­˜ã€‚
[2024-12-26 19:21:13] å¯ç”¨å†…å­˜å¤§äºŽ5Gï¼Œæ— éœ€é‡Šæ”¾
[2024-12-26 19:21:13] å½“å‰å¯ç”¨æ˜¾å­˜å……è¶³ï¼Œæ— éœ€é‡Šæ”¾æ˜¾å­˜ã€‚
[2024-12-26 19:21:13] å¯ç”¨å†…å­˜å¤§äºŽ5Gï¼Œæ— éœ€é‡Šæ”¾
[2024-12-26 19:21:13] å½“å‰å¯ç”¨æ˜¾å­˜å……è¶³ï¼Œæ— éœ€é‡Šæ”¾æ˜¾å­˜ã€‚
[2024-12-26 19:21:13] å¯ç”¨å†…å­˜å¤§äºŽ5Gï¼Œæ— éœ€é‡Šæ”¾
[2024-12-26 19:21:13] å½“å‰å¯ç”¨æ˜¾å­˜å……è¶³ï¼Œæ— éœ€é‡Šæ”¾æ˜¾å­˜ã€‚
[2024-12-26 19:21:13] å¯ç”¨å†…å­˜å¤§äºŽ5Gï¼Œæ— éœ€é‡Šæ”¾
[2024-12-26 19:21:13] å½“å‰å¯ç”¨æ˜¾å­˜å……è¶³ï¼Œæ— éœ€é‡Šæ”¾æ˜¾å­˜ã€‚
[2024-12-26 19:21:13] å¯ç”¨å†…å­˜å¤§äºŽ5Gï¼Œæ— éœ€é‡Šæ”¾
[2024-12-26 19:21:13] å½“å‰å¯ç”¨æ˜¾å­˜å……è¶³ï¼Œæ— éœ€é‡Šæ”¾æ˜¾å­˜ã€‚
[2024-12-26 19:21:13] å¯ç”¨å†…å­˜å¤§äºŽ5Gï¼Œæ— éœ€é‡Šæ”¾
[2024-12-26 19:21:13] å½“å‰å¯ç”¨æ˜¾å­˜å……è¶³ï¼Œæ— éœ€é‡Šæ”¾æ˜¾å­˜ã€‚
[2024-12-26 19:21:13] å¯ç”¨å†…å­˜å¤§äºŽ5Gï¼Œæ— éœ€é‡Šæ”¾
[2024-12-26 19:21:13] å½“å‰å¯ç”¨æ˜¾å­˜å……è¶³ï¼Œæ— éœ€é‡Šæ”¾æ˜¾å­˜ã€‚
[2024-12-26 19:21:13] å¯ç”¨å†…å­˜å¤§äºŽ5Gï¼Œæ— éœ€é‡Šæ”¾
[2024-12-26 19:21:13] å½“å‰å¯ç”¨æ˜¾å­˜å……è¶³ï¼Œæ— éœ€é‡Šæ”¾æ˜¾å­˜ã€‚
[2024-12-26 19:21:13] å¯ç”¨å†…å­˜å¤§äºŽ5Gï¼Œæ— éœ€é‡Šæ”¾
[2024-12-26 19:21:13] å½“å‰å¯ç”¨æ˜¾å­˜å……è¶³ï¼Œæ— éœ€é‡Šæ”¾æ˜¾å­˜ã€‚
[2024-12-26 19:21:13] å¯ç”¨å†…å­˜å¤§äºŽ5Gï¼Œæ— éœ€é‡Šæ”¾
[2024-12-26 19:21:13] å½“å‰å¯ç”¨æ˜¾å­˜å……è¶³ï¼Œæ— éœ€é‡Šæ”¾æ˜¾å­˜ã€‚
[2024-12-26 19:21:13] å¯ç”¨å†…å­˜å¤§äºŽ5Gï¼Œæ— éœ€é‡Šæ”¾
[2024-12-26 19:21:13] å½“å‰å¯ç”¨æ˜¾å­˜å……è¶³ï¼Œæ— éœ€é‡Šæ”¾æ˜¾å­˜ã€‚
[2024-12-26 19:21:13] å¯ç”¨å†…å­˜å¤§äºŽ5Gï¼Œæ— éœ€é‡Šæ”¾
[2024-12-26 19:21:13] å½“å‰å¯ç”¨æ˜¾å­˜å……è¶³ï¼Œæ— éœ€é‡Šæ”¾æ˜¾å­˜ã€‚
[2024-12-26 19:21:13] å¯ç”¨å†…å­˜å¤§äºŽ5Gï¼Œæ— éœ€é‡Šæ”¾
[2024-12-26 19:21:13] å½“å‰å¯ç”¨æ˜¾å­˜å……è¶³ï¼Œæ— éœ€é‡Šæ”¾æ˜¾å­˜ã€‚
[2024-12-26 19:21:13] å¯ç”¨å†…å­˜å¤§äºŽ5Gï¼Œæ— éœ€é‡Šæ”¾
[2024-12-26 19:21:13] å½“å‰å¯ç”¨æ˜¾å­˜å……è¶³ï¼Œæ— éœ€é‡Šæ”¾æ˜¾å­˜ã€‚
[2024-12-26 19:21:13] å¯ç”¨å†…å­˜å¤§äºŽ5Gï¼Œæ— éœ€é‡Šæ”¾
[2024-12-26 19:21:13] å½“å‰å¯ç”¨æ˜¾å­˜å……è¶³ï¼Œæ— éœ€é‡Šæ”¾æ˜¾å­˜ã€‚
[2024-12-26 19:21:13] å¯ç”¨å†…å­˜å¤§äºŽ5Gï¼Œæ— éœ€é‡Šæ”¾
[2024-12-26 19:21:13] å½“å‰å¯ç”¨æ˜¾å­˜å……è¶³ï¼Œæ— éœ€é‡Šæ”¾æ˜¾å­˜ã€‚
[2024-12-26 19:21:13] å¯ç”¨å†…å­˜å¤§äºŽ5Gï¼Œæ— éœ€é‡Šæ”¾
[2024-12-26 19:21:13] å½“å‰å¯ç”¨æ˜¾å­˜å……è¶³ï¼Œæ— éœ€é‡Šæ”¾æ˜¾å­˜ã€‚
[2024-12-26 19:21:13] å¯ç”¨å†…å­˜å¤§äºŽ5Gï¼Œæ— éœ€é‡Šæ”¾
[2024-12-26 19:21:13] å½“å‰å¯ç”¨æ˜¾å­˜å……è¶³ï¼Œæ— éœ€é‡Šæ”¾æ˜¾å­˜ã€‚
[2024-12-26 19:21:13] å¯ç”¨å†…å­˜å¤§äºŽ5Gï¼Œæ— éœ€é‡Šæ”¾
[2024-12-26 19:21:13] å½“å‰å¯ç”¨æ˜¾å­˜å……è¶³ï¼Œæ— éœ€é‡Šæ”¾æ˜¾å­˜ã€‚
[2024-12-26 19:21:13] å¯ç”¨å†…å­˜å¤§äºŽ5Gï¼Œæ— éœ€é‡Šæ”¾
[2024-12-26 19:21:13] å½“å‰å¯ç”¨æ˜¾å­˜å……è¶³ï¼Œæ— éœ€é‡Šæ”¾æ˜¾å­˜ã€‚
[2024-12-26 19:21:13] å¯ç”¨å†…å­˜å¤§äºŽ5Gï¼Œæ— éœ€é‡Šæ”¾
[2024-12-26 19:21:13] å½“å‰å¯ç”¨æ˜¾å­˜å……è¶³ï¼Œæ— éœ€é‡Šæ”¾æ˜¾å­˜ã€‚
[2024-12-26 19:21:14] å¯ç”¨å†…å­˜å¤§äºŽ5Gï¼Œæ— éœ€é‡Šæ”¾
[2024-12-26 19:21:14] å½“å‰å¯ç”¨æ˜¾å­˜å……è¶³ï¼Œæ— éœ€é‡Šæ”¾æ˜¾å­˜ã€‚
[2024-12-26 19:21:14] å¯ç”¨å†…å­˜å¤§äºŽ5Gï¼Œæ— éœ€é‡Šæ”¾
[2024-12-26 19:21:14] å½“å‰å¯ç”¨æ˜¾å­˜å……è¶³ï¼Œæ— éœ€é‡Šæ”¾æ˜¾å­˜ã€‚
[2024-12-26 19:21:14] å¯ç”¨å†…å­˜å¤§äºŽ5Gï¼Œæ— éœ€é‡Šæ”¾
[2024-12-26 19:21:14] å½“å‰å¯ç”¨æ˜¾å­˜å……è¶³ï¼Œæ— éœ€é‡Šæ”¾æ˜¾å­˜ã€‚
[2024-12-26 19:21:14] å¯ç”¨å†…å­˜å¤§äºŽ5Gï¼Œæ— éœ€é‡Šæ”¾
[2024-12-26 19:21:14] å½“å‰å¯ç”¨æ˜¾å­˜å……è¶³ï¼Œæ— éœ€é‡Šæ”¾æ˜¾å­˜ã€‚
[2024-12-26 19:21:14] å¯ç”¨å†…å­˜å¤§äºŽ5Gï¼Œæ— éœ€é‡Šæ”¾
[2024-12-26 19:21:14] å½“å‰å¯ç”¨æ˜¾å­˜å……è¶³ï¼Œæ— éœ€é‡Šæ”¾æ˜¾å­˜ã€‚
[2024-12-26 19:21:14] å¯ç”¨å†…å­˜å¤§äºŽ5Gï¼Œæ— éœ€é‡Šæ”¾
[2024-12-26 19:21:14] å½“å‰å¯ç”¨æ˜¾å­˜å……è¶³ï¼Œæ— éœ€é‡Šæ”¾æ˜¾å­˜ã€‚
[2024-12-26 19:21:14] å¯ç”¨å†…å­˜å¤§äºŽ5Gï¼Œæ— éœ€é‡Šæ”¾
[2024-12-26 19:21:14] å½“å‰å¯ç”¨æ˜¾å­˜å……è¶³ï¼Œæ— éœ€é‡Šæ”¾æ˜¾å­˜ã€‚
[2024-12-26 19:21:14] å¯ç”¨å†…å­˜å¤§äºŽ5Gï¼Œæ— éœ€é‡Šæ”¾
[2024-12-26 19:21:14] å½“å‰å¯ç”¨æ˜¾å­˜å……è¶³ï¼Œæ— éœ€é‡Šæ”¾æ˜¾å­˜ã€‚
[2024-12-26 19:21:14] å¯ç”¨å†…å­˜å¤§äºŽ5Gï¼Œæ— éœ€é‡Šæ”¾
[2024-12-26 19:21:14] å½“å‰å¯ç”¨æ˜¾å­˜å……è¶³ï¼Œæ— éœ€é‡Šæ”¾æ˜¾å­˜ã€‚
[2024-12-26 19:21:14] å¯ç”¨å†…å­˜å¤§äºŽ5Gï¼Œæ— éœ€é‡Šæ”¾
[2024-12-26 19:21:14] å½“å‰å¯ç”¨æ˜¾å­˜å……è¶³ï¼Œæ— éœ€é‡Šæ”¾æ˜¾å­˜ã€‚
[2024-12-26 19:21:14] å¯ç”¨å†…å­˜å¤§äºŽ5Gï¼Œæ— éœ€é‡Šæ”¾
[2024-12-26 19:21:14] å½“å‰å¯ç”¨æ˜¾å­˜å……è¶³ï¼Œæ— éœ€é‡Šæ”¾æ˜¾å­˜ã€‚
[2024-12-26 19:21:14] å¯ç”¨å†…å­˜å¤§äºŽ5Gï¼Œæ— éœ€é‡Šæ”¾
[2024-12-26 19:21:14] å½“å‰å¯ç”¨æ˜¾å­˜å……è¶³ï¼Œæ— éœ€é‡Šæ”¾æ˜¾å­˜ã€‚
[2024-12-26 19:21:14] å¯ç”¨å†…å­˜å¤§äºŽ5Gï¼Œæ— éœ€é‡Šæ”¾
[2024-12-26 19:21:14] å½“å‰å¯ç”¨æ˜¾å­˜å……è¶³ï¼Œæ— éœ€é‡Šæ”¾æ˜¾å­˜ã€‚
[2024-12-26 19:21:14] å¯ç”¨å†…å­˜å¤§äºŽ5Gï¼Œæ— éœ€é‡Šæ”¾
[2024-12-26 19:21:14] å½“å‰å¯ç”¨æ˜¾å­˜å……è¶³ï¼Œæ— éœ€é‡Šæ”¾æ˜¾å­˜ã€‚
[2024-12-26 19:21:14] å¯ç”¨å†…å­˜å¤§äºŽ5Gï¼Œæ— éœ€é‡Šæ”¾
[2024-12-26 19:21:14] å½“å‰å¯ç”¨æ˜¾å­˜å……è¶³ï¼Œæ— éœ€é‡Šæ”¾æ˜¾å­˜ã€‚
[2024-12-26 19:21:14] å¯ç”¨å†…å­˜å¤§äºŽ5Gï¼Œæ— éœ€é‡Šæ”¾
[2024-12-26 19:21:14] å½“å‰å¯ç”¨æ˜¾å­˜å……è¶³ï¼Œæ— éœ€é‡Šæ”¾æ˜¾å­˜ã€‚
[2024-12-26 19:21:14] å¯ç”¨å†…å­˜å¤§äºŽ5Gï¼Œæ— éœ€é‡Šæ”¾
[2024-12-26 19:21:14] å½“å‰å¯ç”¨æ˜¾å­˜å……è¶³ï¼Œæ— éœ€é‡Šæ”¾æ˜¾å­˜ã€‚
[2024-12-26 19:21:14] å¯ç”¨å†…å­˜å¤§äºŽ5Gï¼Œæ— éœ€é‡Šæ”¾
[2024-12-26 19:21:14] å½“å‰å¯ç”¨æ˜¾å­˜å……è¶³ï¼Œæ— éœ€é‡Šæ”¾æ˜¾å­˜ã€‚
[2024-12-26 19:21:14] å¯ç”¨å†…å­˜å¤§äºŽ5Gï¼Œæ— éœ€é‡Šæ”¾
[2024-12-26 19:21:14] å½“å‰å¯ç”¨æ˜¾å­˜å……è¶³ï¼Œæ— éœ€é‡Šæ”¾æ˜¾å­˜ã€‚
[2024-12-26 19:21:14] å¯ç”¨å†…å­˜å¤§äºŽ5Gï¼Œæ— éœ€é‡Šæ”¾
[2024-12-26 19:21:14] å½“å‰å¯ç”¨æ˜¾å­˜å……è¶³ï¼Œæ— éœ€é‡Šæ”¾æ˜¾å­˜ã€‚
[2024-12-26 19:21:14] å¯ç”¨å†…å­˜å¤§äºŽ5Gï¼Œæ— éœ€é‡Šæ”¾
[2024-12-26 19:21:14] å½“å‰å¯ç”¨æ˜¾å­˜å……è¶³ï¼Œæ— éœ€é‡Šæ”¾æ˜¾å­˜ã€‚
[2024-12-26 19:21:14] å¯ç”¨å†…å­˜å¤§äºŽ5Gï¼Œæ— éœ€é‡Šæ”¾
[2024-12-26 19:21:14] å½“å‰å¯ç”¨æ˜¾å­˜å……è¶³ï¼Œæ— éœ€é‡Šæ”¾æ˜¾å­˜ã€‚
[2024-12-26 19:21:14] å¯ç”¨å†…å­˜å¤§äºŽ5Gï¼Œæ— éœ€é‡Šæ”¾
[2024-12-26 19:21:14] å½“å‰å¯ç”¨æ˜¾å­˜å……è¶³ï¼Œæ— éœ€é‡Šæ”¾æ˜¾å­˜ã€‚
[2024-12-26 19:21:14] å¯ç”¨å†…å­˜å¤§äºŽ5Gï¼Œæ— éœ€é‡Šæ”¾
[2024-12-26 19:21:14] å½“å‰å¯ç”¨æ˜¾å­˜å……è¶³ï¼Œæ— éœ€é‡Šæ”¾æ˜¾å­˜ã€‚
[2024-12-26 19:21:14] å¯ç”¨å†…å­˜å¤§äºŽ5Gï¼Œæ— éœ€é‡Šæ”¾
[2024-12-26 19:21:14] å½“å‰å¯ç”¨æ˜¾å­˜å……è¶³ï¼Œæ— éœ€é‡Šæ”¾æ˜¾å­˜ã€‚
[2024-12-26 19:21:14] å¯ç”¨å†…å­˜å¤§äºŽ5Gï¼Œæ— éœ€é‡Šæ”¾
[2024-12-26 19:21:14] å½“å‰å¯ç”¨æ˜¾å­˜å……è¶³ï¼Œæ— éœ€é‡Šæ”¾æ˜¾å­˜ã€‚
[2024-12-26 19:21:14] å¯ç”¨å†…å­˜å¤§äºŽ5Gï¼Œæ— éœ€é‡Šæ”¾
[2024-12-26 19:21:14] å½“å‰å¯ç”¨æ˜¾å­˜å……è¶³ï¼Œæ— éœ€é‡Šæ”¾æ˜¾å­˜ã€‚
[2024-12-26 19:21:14] å¯ç”¨å†…å­˜å¤§äºŽ5Gï¼Œæ— éœ€é‡Šæ”¾
[2024-12-26 19:21:14] å½“å‰å¯ç”¨æ˜¾å­˜å……è¶³ï¼Œæ— éœ€é‡Šæ”¾æ˜¾å­˜ã€‚
[2024-12-26 19:21:14] å¯ç”¨å†…å­˜å¤§äºŽ5Gï¼Œæ— éœ€é‡Šæ”¾
[2024-12-26 19:21:14] å½“å‰å¯ç”¨æ˜¾å­˜å……è¶³ï¼Œæ— éœ€é‡Šæ”¾æ˜¾å­˜ã€‚
[2024-12-26 19:21:14] å¯ç”¨å†…å­˜å¤§äºŽ5Gï¼Œæ— éœ€é‡Šæ”¾
[2024-12-26 19:21:14] å½“å‰å¯ç”¨æ˜¾å­˜å……è¶³ï¼Œæ— éœ€é‡Šæ”¾æ˜¾å­˜ã€‚
[2024-12-26 19:21:14] å¯ç”¨å†…å­˜å¤§äºŽ5Gï¼Œæ— éœ€é‡Šæ”¾
[2024-12-26 19:21:14] å½“å‰å¯ç”¨æ˜¾å­˜å……è¶³ï¼Œæ— éœ€é‡Šæ”¾æ˜¾å­˜ã€‚
[2024-12-26 19:21:14] å¯ç”¨å†…å­˜å¤§äºŽ5Gï¼Œæ— éœ€é‡Šæ”¾
[2024-12-26 19:21:14] å½“å‰å¯ç”¨æ˜¾å­˜å……è¶³ï¼Œæ— éœ€é‡Šæ”¾æ˜¾å­˜ã€‚
[2024-12-26 19:21:14] å¯ç”¨å†…å­˜å¤§äºŽ5Gï¼Œæ— éœ€é‡Šæ”¾
[2024-12-26 19:21:14] å½“å‰å¯ç”¨æ˜¾å­˜å……è¶³ï¼Œæ— éœ€é‡Šæ”¾æ˜¾å­˜ã€‚
[2024-12-26 19:21:14] å¯ç”¨å†…å­˜å¤§äºŽ5Gï¼Œæ— éœ€é‡Šæ”¾
[2024-12-26 19:21:14] å½“å‰å¯ç”¨æ˜¾å­˜å……è¶³ï¼Œæ— éœ€é‡Šæ”¾æ˜¾å­˜ã€‚
[2024-12-26 19:21:14] å¯ç”¨å†…å­˜å¤§äºŽ5Gï¼Œæ— éœ€é‡Šæ”¾
[2024-12-26 19:21:14] å½“å‰å¯ç”¨æ˜¾å­˜å……è¶³ï¼Œæ— éœ€é‡Šæ”¾æ˜¾å­˜ã€‚
[2024-12-26 19:21:14] å¯ç”¨å†…å­˜å¤§äºŽ5Gï¼Œæ— éœ€é‡Šæ”¾
[2024-12-26 19:21:14] å½“å‰å¯ç”¨æ˜¾å­˜å……è¶³ï¼Œæ— éœ€é‡Šæ”¾æ˜¾å­˜ã€‚
[2024-12-26 19:21:14] å¯ç”¨å†…å­˜å¤§äºŽ5Gï¼Œæ— éœ€é‡Šæ”¾
[2024-12-26 19:21:14] å½“å‰å¯ç”¨æ˜¾å­˜å……è¶³ï¼Œæ— éœ€é‡Šæ”¾æ˜¾å­˜ã€‚
[2024-12-26 19:21:14] å¯ç”¨å†…å­˜å¤§äºŽ5Gï¼Œæ— éœ€é‡Šæ”¾
[2024-12-26 19:21:14] å½“å‰å¯ç”¨æ˜¾å­˜å……è¶³ï¼Œæ— éœ€é‡Šæ”¾æ˜¾å­˜ã€‚
[2024-12-26 19:21:14] å¯ç”¨å†…å­˜å¤§äºŽ5Gï¼Œæ— éœ€é‡Šæ”¾
[2024-12-26 19:21:14] å½“å‰å¯ç”¨æ˜¾å­˜å……è¶³ï¼Œæ— éœ€é‡Šæ”¾æ˜¾å­˜ã€‚
[2024-12-26 19:21:14] å¯ç”¨å†…å­˜å¤§äºŽ5Gï¼Œæ— éœ€é‡Šæ”¾
[2024-12-26 19:21:14] å½“å‰å¯ç”¨æ˜¾å­˜å……è¶³ï¼Œæ— éœ€é‡Šæ”¾æ˜¾å­˜ã€‚
[2024-12-26 19:21:14] å¯ç”¨å†…å­˜å¤§äºŽ5Gï¼Œæ— éœ€é‡Šæ”¾
[2024-12-26 19:21:14] å½“å‰å¯ç”¨æ˜¾å­˜å……è¶³ï¼Œæ— éœ€é‡Šæ”¾æ˜¾å­˜ã€‚
[2024-12-26 19:21:14] å¯ç”¨å†…å­˜å¤§äºŽ5Gï¼Œæ— éœ€é‡Šæ”¾
[2024-12-26 19:21:14] å½“å‰å¯ç”¨æ˜¾å­˜å……è¶³ï¼Œæ— éœ€é‡Šæ”¾æ˜¾å­˜ã€‚
[2024-12-26 19:21:14] å¯ç”¨å†…å­˜å¤§äºŽ5Gï¼Œæ— éœ€é‡Šæ”¾
[2024-12-26 19:21:14] å½“å‰å¯ç”¨æ˜¾å­˜å……è¶³ï¼Œæ— éœ€é‡Šæ”¾æ˜¾å­˜ã€‚
[2024-12-26 19:21:14] å¯ç”¨å†…å­˜å¤§äºŽ5Gï¼Œæ— éœ€é‡Šæ”¾
[2024-12-26 19:21:14] å½“å‰å¯ç”¨æ˜¾å­˜å……è¶³ï¼Œæ— éœ€é‡Šæ”¾æ˜¾å­˜ã€‚
[2024-12-26 19:21:14] å¯ç”¨å†…å­˜å¤§äºŽ5Gï¼Œæ— éœ€é‡Šæ”¾
[2024-12-26 19:21:14] å½“å‰å¯ç”¨æ˜¾å­˜å……è¶³ï¼Œæ— éœ€é‡Šæ”¾æ˜¾å­˜ã€‚
[2024-12-26 19:21:14] å¯ç”¨å†…å­˜å¤§äºŽ5Gï¼Œæ— éœ€é‡Šæ”¾
[2024-12-26 19:21:14] å½“å‰å¯ç”¨æ˜¾å­˜å……è¶³ï¼Œæ— éœ€é‡Šæ”¾æ˜¾å­˜ã€‚
[2024-12-26 19:21:14] å¯ç”¨å†…å­˜å¤§äºŽ5Gï¼Œæ— éœ€é‡Šæ”¾
[2024-12-26 19:21:14] å½“å‰å¯ç”¨æ˜¾å­˜å……è¶³ï¼Œæ— éœ€é‡Šæ”¾æ˜¾å­˜ã€‚
[2024-12-26 19:21:14] å¯ç”¨å†…å­˜å¤§äºŽ5Gï¼Œæ— éœ€é‡Šæ”¾
[2024-12-26 19:21:14] å½“å‰å¯ç”¨æ˜¾å­˜å……è¶³ï¼Œæ— éœ€é‡Šæ”¾æ˜¾å­˜ã€‚
[2024-12-26 19:21:14] å¯ç”¨å†…å­˜å¤§äºŽ5Gï¼Œæ— éœ€é‡Šæ”¾
[2024-12-26 19:21:14] å½“å‰å¯ç”¨æ˜¾å­˜å……è¶³ï¼Œæ— éœ€é‡Šæ”¾æ˜¾å­˜ã€‚
[2024-12-26 19:21:14] å¯ç”¨å†…å­˜å¤§äºŽ5Gï¼Œæ— éœ€é‡Šæ”¾
[2024-12-26 19:21:14] å½“å‰å¯ç”¨æ˜¾å­˜å……è¶³ï¼Œæ— éœ€é‡Šæ”¾æ˜¾å­˜ã€‚
[2024-12-26 19:21:14] å¯ç”¨å†…å­˜å¤§äºŽ5Gï¼Œæ— éœ€é‡Šæ”¾
[2024-12-26 19:21:14] å½“å‰å¯ç”¨æ˜¾å­˜å……è¶³ï¼Œæ— éœ€é‡Šæ”¾æ˜¾å­˜ã€‚
[2024-12-26 19:21:14] å¯ç”¨å†…å­˜å¤§äºŽ5Gï¼Œæ— éœ€é‡Šæ”¾
[2024-12-26 19:21:14] å½“å‰å¯ç”¨æ˜¾å­˜å……è¶³ï¼Œæ— éœ€é‡Šæ”¾æ˜¾å­˜ã€‚
[2024-12-26 19:21:14] å¯ç”¨å†…å­˜å¤§äºŽ5Gï¼Œæ— éœ€é‡Šæ”¾
[2024-12-26 19:21:14] å½“å‰å¯ç”¨æ˜¾å­˜å……è¶³ï¼Œæ— éœ€é‡Šæ”¾æ˜¾å­˜ã€‚
[2024-12-26 19:21:14] å¯ç”¨å†…å­˜å¤§äºŽ5Gï¼Œæ— éœ€é‡Šæ”¾
[2024-12-26 19:21:14] å½“å‰å¯ç”¨æ˜¾å­˜å……è¶³ï¼Œæ— éœ€é‡Šæ”¾æ˜¾å­˜ã€‚
[2024-12-26 19:21:14] å¯ç”¨å†…å­˜å¤§äºŽ5Gï¼Œæ— éœ€é‡Šæ”¾
[2024-12-26 19:21:14] å½“å‰å¯ç”¨æ˜¾å­˜å……è¶³ï¼Œæ— éœ€é‡Šæ”¾æ˜¾å­˜ã€‚
[2024-12-26 19:21:14] å¯ç”¨å†…å­˜å¤§äºŽ5Gï¼Œæ— éœ€é‡Šæ”¾
[2024-12-26 19:21:14] å½“å‰å¯ç”¨æ˜¾å­˜å……è¶³ï¼Œæ— éœ€é‡Šæ”¾æ˜¾å­˜ã€‚
[2024-12-26 19:21:14] å¯ç”¨å†…å­˜å¤§äºŽ5Gï¼Œæ— éœ€é‡Šæ”¾
[2024-12-26 19:21:14] å½“å‰å¯ç”¨æ˜¾å­˜å……è¶³ï¼Œæ— éœ€é‡Šæ”¾æ˜¾å­˜ã€‚
[2024-12-26 19:21:14] å¯ç”¨å†…å­˜å¤§äºŽ5Gï¼Œæ— éœ€é‡Šæ”¾
[2024-12-26 19:21:14] å½“å‰å¯ç”¨æ˜¾å­˜å……è¶³ï¼Œæ— éœ€é‡Šæ”¾æ˜¾å­˜ã€‚
[2024-12-26 19:21:14] å¯ç”¨å†…å­˜å¤§äºŽ5Gï¼Œæ— éœ€é‡Šæ”¾
[2024-12-26 19:21:14] å½“å‰å¯ç”¨æ˜¾å­˜å……è¶³ï¼Œæ— éœ€é‡Šæ”¾æ˜¾å­˜ã€‚
[2024-12-26 19:21:14] å¯ç”¨å†…å­˜å¤§äºŽ5Gï¼Œæ— éœ€é‡Šæ”¾
[2024-12-26 19:21:14] å½“å‰å¯ç”¨æ˜¾å­˜å……è¶³ï¼Œæ— éœ€é‡Šæ”¾æ˜¾å­˜ã€‚
[2024-12-26 19:21:14] å¯ç”¨å†…å­˜å¤§äºŽ5Gï¼Œæ— éœ€é‡Šæ”¾
[2024-12-26 19:21:14] å½“å‰å¯ç”¨æ˜¾å­˜å……è¶³ï¼Œæ— éœ€é‡Šæ”¾æ˜¾å­˜ã€‚
[2024-12-26 19:21:14] å¯ç”¨å†…å­˜å¤§äºŽ5Gï¼Œæ— éœ€é‡Šæ”¾
[2024-12-26 19:21:14] å½“å‰å¯ç”¨æ˜¾å­˜å……è¶³ï¼Œæ— éœ€é‡Šæ”¾æ˜¾å­˜ã€‚
[2024-12-26 19:21:14] å¯ç”¨å†…å­˜å¤§äºŽ5Gï¼Œæ— éœ€é‡Šæ”¾
[2024-12-26 19:21:14] å½“å‰å¯ç”¨æ˜¾å­˜å……è¶³ï¼Œæ— éœ€é‡Šæ”¾æ˜¾å­˜ã€‚
[2024-12-26 19:21:14] å¯ç”¨å†…å­˜å¤§äºŽ5Gï¼Œæ— éœ€é‡Šæ”¾
[2024-12-26 19:21:14] å½“å‰å¯ç”¨æ˜¾å­˜å……è¶³ï¼Œæ— éœ€é‡Šæ”¾æ˜¾å­˜ã€‚
[2024-12-26 19:21:14] å¯ç”¨å†…å­˜å¤§äºŽ5Gï¼Œæ— éœ€é‡Šæ”¾
[2024-12-26 19:21:14] å½“å‰å¯ç”¨æ˜¾å­˜å……è¶³ï¼Œæ— éœ€é‡Šæ”¾æ˜¾å­˜ã€‚
[2024-12-26 19:21:14] å¯ç”¨å†…å­˜å¤§äºŽ5Gï¼Œæ— éœ€é‡Šæ”¾
[2024-12-26 19:21:14] å½“å‰å¯ç”¨æ˜¾å­˜å……è¶³ï¼Œæ— éœ€é‡Šæ”¾æ˜¾å­˜ã€‚
[2024-12-26 19:21:14] å¯ç”¨å†…å­˜å¤§äºŽ5Gï¼Œæ— éœ€é‡Šæ”¾
[2024-12-26 19:21:14] å½“å‰å¯ç”¨æ˜¾å­˜å……è¶³ï¼Œæ— éœ€é‡Šæ”¾æ˜¾å­˜ã€‚
[2024-12-26 19:21:14] å¯ç”¨å†…å­˜å¤§äºŽ5Gï¼Œæ— éœ€é‡Šæ”¾
[2024-12-26 19:21:14] å½“å‰å¯ç”¨æ˜¾å­˜å……è¶³ï¼Œæ— éœ€é‡Šæ”¾æ˜¾å­˜ã€‚
[2024-12-26 19:21:14] å¯ç”¨å†…å­˜å¤§äºŽ5Gï¼Œæ— éœ€é‡Šæ”¾
[2024-12-26 19:21:14] å½“å‰å¯ç”¨æ˜¾å­˜å……è¶³ï¼Œæ— éœ€é‡Šæ”¾æ˜¾å­˜ã€‚
[2024-12-26 19:21:14] å¯ç”¨å†…å­˜å¤§äºŽ5Gï¼Œæ— éœ€é‡Šæ”¾
[2024-12-26 19:21:14] å½“å‰å¯ç”¨æ˜¾å­˜å……è¶³ï¼Œæ— éœ€é‡Šæ”¾æ˜¾å­˜ã€‚
[2024-12-26 19:21:14] å¯ç”¨å†…å­˜å¤§äºŽ5Gï¼Œæ— éœ€é‡Šæ”¾
[2024-12-26 19:21:14] å½“å‰å¯ç”¨æ˜¾å­˜å……è¶³ï¼Œæ— éœ€é‡Šæ”¾æ˜¾å­˜ã€‚
[2024-12-26 19:21:14] å¯ç”¨å†…å­˜å¤§äºŽ5Gï¼Œæ— éœ€é‡Šæ”¾
[2024-12-26 19:21:14] å½“å‰å¯ç”¨æ˜¾å­˜å……è¶³ï¼Œæ— éœ€é‡Šæ”¾æ˜¾å­˜ã€‚
[2024-12-26 19:21:14] å¯ç”¨å†…å­˜å¤§äºŽ5Gï¼Œæ— éœ€é‡Šæ”¾
[2024-12-26 19:21:14] å½“å‰å¯ç”¨æ˜¾å­˜å……è¶³ï¼Œæ— éœ€é‡Šæ”¾æ˜¾å­˜ã€‚
[2024-12-26 19:21:14] å¯ç”¨å†…å­˜å¤§äºŽ5Gï¼Œæ— éœ€é‡Šæ”¾
[2024-12-26 19:21:14] å½“å‰å¯ç”¨æ˜¾å­˜å……è¶³ï¼Œæ— éœ€é‡Šæ”¾æ˜¾å­˜ã€‚
[2024-12-26 19:21:14] å¯ç”¨å†…å­˜å¤§äºŽ5Gï¼Œæ— éœ€é‡Šæ”¾
[2024-12-26 19:21:14] å½“å‰å¯ç”¨æ˜¾å­˜å……è¶³ï¼Œæ— éœ€é‡Šæ”¾æ˜¾å­˜ã€‚
[2024-12-26 19:21:14] å¯ç”¨å†…å­˜å¤§äºŽ5Gï¼Œæ— éœ€é‡Šæ”¾
[2024-12-26 19:21:14] å½“å‰å¯ç”¨æ˜¾å­˜å……è¶³ï¼Œæ— éœ€é‡Šæ”¾æ˜¾å­˜ã€‚
[2024-12-26 19:21:14] å¯ç”¨å†…å­˜å¤§äºŽ5Gï¼Œæ— éœ€é‡Šæ”¾
[2024-12-26 19:21:14] å½“å‰å¯ç”¨æ˜¾å­˜å……è¶³ï¼Œæ— éœ€é‡Šæ”¾æ˜¾å­˜ã€‚
[2024-12-26 19:21:14] Top 1 Paths:
[2024-12-26 19:21:14] Path 1: Cost: 304.62207720991705, Nodes: [0, 1, 2, 3, 4, 5, 6, 7, 8, 9, 10, 11, 12, 17, 18, 19, 20, 21, 22, 23, 24, 25, 26, 27, 28, 29, 30, 31, 70, 69, 68, 67, 66, 65, 64, 63, 62, 61, 255, 254, 253, 252, 251, 250, 249, 248, 247, 246, 245, 244, 243, 242, 241, 240, 239, 238, 237, 236, 235, 234, 233, 232, 231, 230, 229, 228, 229, 228, 227, 226, 225, 224, 223, 218, 217, 216, 215, 214, 213, 212, 211, 210, 209, 208, 207, 206, 205, 204, 203, 202, 201, 200, 199, 198, 197, 196, 197, 196, 195, 194, 193, 192, 193, 182, 181, 180, 179, 178, 177, 176, 175, 174, 173, 172, 173, 172, 171, 170, 169, 168, 167, 166, 165, 164, 163, 162, 161, 160, 159, 158, 157, 156, 155, 154, 153, 152, 151, 150, 149, 148, 147, 146, 145, 144, 143, 142, 141, 140, 139, 138]
[2024-12-26 19:21:14] average_dis_continue: 0.03355704697986572
[2024-12-26 19:21:16] 0%|          | 0/5 [00:00<?, ?it/s]
[2024-12-26 19:21:17] Generating in-between frames:   0%|          | 0/3 [00:00<?, ?it/s]
[2024-12-26 19:21:20] Generating in-between frames:  33%|â–ˆâ–ˆâ–ˆâ–Ž      | 1/3 [00:01<00:02,  1.08s/it]
[2024-12-26 19:21:21] Generating in-between frames:  67%|â–ˆâ–ˆâ–ˆâ–ˆâ–ˆâ–ˆâ–‹   | 2/3 [00:03<00:02,  2.08s/it]
[2024-12-26 19:21:21] Generating in-between frames: 100%|â–ˆâ–ˆâ–ˆâ–ˆâ–ˆâ–ˆâ–ˆâ–ˆâ–ˆâ–ˆ| 3/3 [00:04<00:00,  1.43s/it]
[2024-12-26 19:21:21] Generating in-between frames: 100%|â–ˆâ–ˆâ–ˆâ–ˆâ–ˆâ–ˆâ–ˆâ–ˆâ–ˆâ–ˆ| 3/3 [00:04<00:00,  1.50s/it]
[2024-12-26 19:21:21] [0mGenerated transition video saved at C:\Users\ADMINI~1\AppData\Local\Temp\blending_frames_qhvvqtfi\generated_10_14.mp4
[2024-12-26 19:21:23] 20%|â–ˆâ–ˆ        | 1/5 [00:06<00:27,  6.89s/it]
[2024-12-26 19:21:24] Generating in-between frames:   0%|          | 0/3 [00:00<?, ?it/s]
[2024-12-26 19:21:27] Generating in-between frames:  33%|â–ˆâ–ˆâ–ˆâ–Ž      | 1/3 [00:01<00:02,  1.13s/it]
[2024-12-26 19:21:28] Generating in-between frames:  67%|â–ˆâ–ˆâ–ˆâ–ˆâ–ˆâ–ˆâ–‹   | 2/3 [00:03<00:02,  2.03s/it]
[2024-12-26 19:21:28] Generating in-between frames: 100%|â–ˆâ–ˆâ–ˆâ–ˆâ–ˆâ–ˆâ–ˆâ–ˆâ–ˆâ–ˆ| 3/3 [00:04<00:00,  1.40s/it]
[2024-12-26 19:21:28] Generating in-between frames: 100%|â–ˆâ–ˆâ–ˆâ–ˆâ–ˆâ–ˆâ–ˆâ–ˆâ–ˆâ–ˆ| 3/3 [00:04<00:00,  1.48s/it]
[2024-12-26 19:21:28] [0mGenerated transition video saved at C:\Users\ADMINI~1\AppData\Local\Temp\blending_frames_qhvvqtfi\generated_25_29.mp4
[2024-12-26 19:21:30] 40%|â–ˆâ–ˆâ–ˆâ–ˆ      | 2/5 [00:13<00:20,  6.92s/it]
[2024-12-26 19:21:31] Generating in-between frames:   0%|          | 0/3 [00:00<?, ?it/s]
[2024-12-26 19:21:34] Generating in-between frames:  33%|â–ˆâ–ˆâ–ˆâ–Ž      | 1/3 [00:01<00:02,  1.04s/it]
[2024-12-26 19:21:34] Generating in-between frames:  67%|â–ˆâ–ˆâ–ˆâ–ˆâ–ˆâ–ˆâ–‹   | 2/3 [00:03<00:01,  1.97s/it]
[2024-12-26 19:21:34] Generating in-between frames: 100%|â–ˆâ–ˆâ–ˆâ–ˆâ–ˆâ–ˆâ–ˆâ–ˆâ–ˆâ–ˆ| 3/3 [00:04<00:00,  1.37s/it]
[2024-12-26 19:21:34] Generating in-between frames: 100%|â–ˆâ–ˆâ–ˆâ–ˆâ–ˆâ–ˆâ–ˆâ–ˆâ–ˆâ–ˆ| 3/3 [00:04<00:00,  1.44s/it]
[2024-12-26 19:21:35] [0mGenerated transition video saved at C:\Users\ADMINI~1\AppData\Local\Temp\blending_frames_qhvvqtfi\generated_35_39.mp4
[2024-12-26 19:21:37] 60%|â–ˆâ–ˆâ–ˆâ–ˆâ–ˆâ–ˆ    | 3/5 [00:20<00:13,  6.84s/it]
[2024-12-26 19:21:38] Generating in-between frames:   0%|          | 0/3 [00:00<?, ?it/s]
[2024-12-26 19:21:41] Generating in-between frames:  33%|â–ˆâ–ˆâ–ˆâ–Ž      | 1/3 [00:01<00:02,  1.03s/it]
[2024-12-26 19:21:41] Generating in-between frames:  67%|â–ˆâ–ˆâ–ˆâ–ˆâ–ˆâ–ˆâ–‹   | 2/3 [00:03<00:02,  2.05s/it]
[2024-12-26 19:21:41] Generating in-between frames: 100%|â–ˆâ–ˆâ–ˆâ–ˆâ–ˆâ–ˆâ–ˆâ–ˆâ–ˆâ–ˆ| 3/3 [00:04<00:00,  1.42s/it]
[2024-12-26 19:21:41] Generating in-between frames: 100%|â–ˆâ–ˆâ–ˆâ–ˆâ–ˆâ–ˆâ–ˆâ–ˆâ–ˆâ–ˆ| 3/3 [00:04<00:00,  1.49s/it]
[2024-12-26 19:21:42] [0mGenerated transition video saved at C:\Users\ADMINI~1\AppData\Local\Temp\blending_frames_qhvvqtfi\generated_70_74.mp4
[2024-12-26 19:21:44] 80%|â–ˆâ–ˆâ–ˆâ–ˆâ–ˆâ–ˆâ–ˆâ–ˆ  | 4/5 [00:27<00:06,  6.86s/it]
[2024-12-26 19:21:45] Generating in-between frames:   0%|          | 0/3 [00:00<?, ?it/s]
[2024-12-26 19:21:47] Generating in-between frames:  33%|â–ˆâ–ˆâ–ˆâ–Ž      | 1/3 [00:01<00:02,  1.10s/it]
[2024-12-26 19:21:48] Generating in-between frames:  67%|â–ˆâ–ˆâ–ˆâ–ˆâ–ˆâ–ˆâ–‹   | 2/3 [00:03<00:01,  1.97s/it]
[2024-12-26 19:21:48] Generating in-between frames: 100%|â–ˆâ–ˆâ–ˆâ–ˆâ–ˆâ–ˆâ–ˆâ–ˆâ–ˆâ–ˆ| 3/3 [00:04<00:00,  1.37s/it]
[2024-12-26 19:21:48] Generating in-between frames: 100%|â–ˆâ–ˆâ–ˆâ–ˆâ–ˆâ–ˆâ–ˆâ–ˆâ–ˆâ–ˆ| 3/3 [00:04<00:00,  1.44s/it]
[2024-12-26 19:21:49] [0mGenerated transition video saved at C:\Users\ADMINI~1\AppData\Local\Temp\blending_frames_qhvvqtfi\generated_100_104.mp4
[2024-12-26 19:21:49] 100%|â–ˆâ–ˆâ–ˆâ–ˆâ–ˆâ–ˆâ–ˆâ–ˆâ–ˆâ–ˆ| 5/5 [00:34<00:00,  6.84s/it]
[2024-12-26 19:21:49] Moviepy - Building video C:\computer\3\itproject\manyaitools_modules\TANGO\outputs/gradio\test_0\retrieved_motions_0\audio_0_retri_0.mp4.
[2024-12-26 19:21:49] 100%|â–ˆâ–ˆâ–ˆâ–ˆâ–ˆâ–ˆâ–ˆâ–ˆâ–ˆâ–ˆ| 5/5 [00:34<00:00,  6.85s/it]
[2024-12-26 19:21:49] Moviepy - Writing video C:\computer\3\itproject\manyaitools_modules\TANGO\outputs/gradio\test_0\retrieved_motions_0\audio_0_retri_0.mp4
[2024-12-26 19:21:49] t:   0%|          | 0/150 [00:00<?, ?it/s, now=None]
[2024-12-26 19:21:49] t:  11%|â–ˆ         | 16/150 [00:00<00:00, 156.86it/s, now=None]
[2024-12-26 19:21:49] t:  32%|â–ˆâ–ˆâ–ˆâ–      | 48/150 [00:00<00:00, 197.80it/s, now=None]
[2024-12-26 19:21:49] t:  49%|â–ˆâ–ˆâ–ˆâ–ˆâ–Š     | 73/150 [00:00<00:00, 216.29it/s, now=None]
[2024-12-26 19:21:49] t:  63%|â–ˆâ–ˆâ–ˆâ–ˆâ–ˆâ–ˆâ–Ž   | 95/150 [00:00<00:00, 206.84it/s, now=None]
[2024-12-26 19:21:49] t:  77%|â–ˆâ–ˆâ–ˆâ–ˆâ–ˆâ–ˆâ–ˆâ–‹  | 116/150 [00:00<00:00, 201.93it/s, now=None]
[2024-12-26 19:21:49] t:  96%|â–ˆâ–ˆâ–ˆâ–ˆâ–ˆâ–ˆâ–ˆâ–ˆâ–ˆâ–Œ| 144/150 [00:00<00:00, 224.56it/s, now=None]
[2024-12-26 19:21:50] Moviepy - Done !
[2024-12-26 19:21:50] Moviepy - video ready C:\computer\3\itproject\manyaitools_modules\TANGO\outputs/gradio\test_0\retrieved_motions_0\audio_0_retri_0.mp4
[2024-12-26 19:21:53] start cmd_wav2lip_1: cd Wav2Lip && python C:\computer\3\itproject\manyaitools_modules\TANGO\Wav2Lip\inference.py --checkpoint_path C:\computer\3\itproject\manyaitools_modules\TANGO\Wav2Lip/checkpoints/wav2lip_gan.pth --face C:\computer\3\itproject\manyaitools_modules\TANGO\outputs/gradio\test_0\retrieved_motions_0\audio_0_retri_0.mp4 --audio C:\computer\3\itproject\manyaitools_modules\TANGO\outputs/saved_audio.wav --outfile C:\computer\3\itproject\manyaitools_modules\TANGO\outputs/gradio\test_0\retrieved_motions_0\audio_0_retri_0.mp4 --nosmooth --out_height 1280
[2024-12-26 19:21:53] è§†é¢‘å·²ç»ç”Ÿæˆï¼Œè·¯å¾„ä¸ºï¼šTANGO\outputs\gradio\test_0\retrieved_motions_0æ–‡ä»¶å¤¹ä¸­
[2024-12-26 19:21:54] [0m
[2024-12-26 19:21:54] ä»»åŠ¡å¤„ç†å®Œæˆ
