[2025-01-04 17:35:59] add ffmpeg to path
[2025-01-04 17:36:02] Loads checkpoint by local backend from path: ./models/dwpose/dw-ll_ucoco_384.pth
[2025-01-04 17:36:02] cuda start
[2025-01-04 17:36:08] C:\ProgramData\miniconda3\envs\musetalk\lib\site-packages\torch\utils\_contextlib.py:125: UserWarning: Decorating classes is deprecated and will be disabled in future versions. You should only decorate functions or methods. To preserve the current behavior of class decoration, you can directly decorate the `__init__` method and nothing else.
[2025-01-04 17:36:08] warnings.warn("Decorating classes is deprecated and will be disabled in "
[2025-01-04 17:36:08] {'20250102004511_otrg': {'preparation': False, 'bbox_shift': 5, 'video_path': 'C:\\computer\\3\\itproject\\digitaltool\\file\\train\\20250102004511_otrg\\20250102004511_otrg.mp4', 'audio_clips': {'audio_0': 'C:\\computer\\3\\itproject\\digitaltool\\file\\sync\\out\\20250104173556_bojQ\\20250104173556_bojQ.wav'}}}
[2025-01-04 17:36:08] TensorFlow GPU is available.
[2025-01-04 17:36:08] PyTorch GPU is available.
[2025-01-04 17:36:09] Num GPUs Available:  1
[2025-01-04 17:36:09] avatar_path---------------------: C:\computer\3\itproject\manyaitools_modules\MuseTalk\results\20250102004511_otrg
[2025-01-04 17:36:09] reading images...
[2025-01-04 17:36:09] 
[2025-01-04 17:36:10] 0%|          | 0/18174 [00:00<?, ?it/s]
[2025-01-04 17:36:10] 0%|          | 10/18174 [00:00<03:05, 97.71it/s]
[2025-01-04 17:36:10] 0%|          | 20/18174 [00:00<03:12, 94.47it/s]
[2025-01-04 17:36:10] 0%|          | 30/18174 [00:00<03:14, 93.33it/s]
[2025-01-04 17:36:10] 0%|          | 40/18174 [00:00<03:15, 92.71it/s]
[2025-01-04 17:36:11] 0%|          | 50/18174 [00:00<03:14, 93.28it/s]
[2025-01-04 17:36:11] 0%|          | 60/18174 [00:00<03:14, 93.19it/s]
[2025-01-04 17:36:11] 0%|          | 70/18174 [00:00<03:15, 92.69it/s]
[2025-01-04 17:36:11] 0%|          | 80/18174 [00:00<03:16, 92.25it/s]
[2025-01-04 17:36:11] 0%|          | 90/18174 [00:00<03:15, 92.62it/s]
[2025-01-04 17:36:12] 1%|          | 100/18174 [00:01<03:16, 91.92it/s]
[2025-01-04 17:36:12] 1%|          | 110/18174 [00:01<03:15, 92.33it/s]
[2025-01-04 17:36:12] 1%|          | 120/18174 [00:01<03:16, 91.83it/s]
[2025-01-04 17:36:12] 1%|          | 130/18174 [00:01<03:18, 90.76it/s]
[2025-01-04 17:36:12] 1%|          | 140/18174 [00:01<03:17, 91.40it/s]
[2025-01-04 17:36:13] 1%|          | 150/18174 [00:01<03:18, 90.88it/s]
[2025-01-04 17:36:13] 1%|          | 160/18174 [00:01<03:22, 88.83it/s]
[2025-01-04 17:36:13] 1%|          | 170/18174 [00:01<03:21, 89.32it/s]
[2025-01-04 17:36:13] 1%|          | 180/18174 [00:01<03:19, 90.28it/s]
[2025-01-04 17:36:13] 1%|          | 190/18174 [00:02<03:17, 91.08it/s]
[2025-01-04 17:36:14] 1%|          | 200/18174 [00:02<03:15, 91.73it/s]
[2025-01-04 17:36:14] 1%|          | 210/18174 [00:02<03:15, 91.95it/s]
[2025-01-04 17:36:14] 1%|          | 220/18174 [00:02<03:18, 90.34it/s]
[2025-01-04 17:36:14] 1%|▏         | 230/18174 [00:02<03:17, 91.01it/s]
[2025-01-04 17:36:14] 1%|▏         | 240/18174 [00:02<03:16, 91.34it/s]
[2025-01-04 17:36:15] 1%|▏         | 250/18174 [00:02<03:17, 90.96it/s]
[2025-01-04 17:36:15] 1%|▏         | 260/18174 [00:02<03:15, 91.62it/s]
[2025-01-04 17:36:15] 1%|▏         | 270/18174 [00:02<03:13, 92.67it/s]
[2025-01-04 17:36:15] 2%|▏         | 280/18174 [00:03<03:13, 92.36it/s]
[2025-01-04 17:36:15] 2%|▏         | 290/18174 [00:03<03:13, 92.24it/s]
[2025-01-04 17:36:16] 2%|▏         | 300/18174 [00:03<03:15, 91.58it/s]
[2025-01-04 17:36:16] 2%|▏         | 310/18174 [00:03<03:22, 88.21it/s]
[2025-01-04 17:36:16] 2%|▏         | 320/18174 [00:03<03:20, 89.00it/s]
[2025-01-04 17:36:16] 2%|▏         | 330/18174 [00:03<03:18, 89.68it/s]
[2025-01-04 17:36:16] 2%|▏         | 340/18174 [00:03<03:17, 90.52it/s]
[2025-01-04 17:36:17] 2%|▏         | 350/18174 [00:03<03:16, 90.74it/s]
[2025-01-04 17:36:17] 2%|▏         | 360/18174 [00:03<03:15, 91.29it/s]
[2025-01-04 17:36:17] 2%|▏         | 370/18174 [00:04<03:14, 91.42it/s]
[2025-01-04 17:36:17] 2%|▏         | 380/18174 [00:04<03:14, 91.61it/s]
[2025-01-04 17:36:17] 2%|▏         | 390/18174 [00:04<03:14, 91.65it/s]
[2025-01-04 17:36:18] 2%|▏         | 400/18174 [00:04<03:14, 91.40it/s]
[2025-01-04 17:36:18] 2%|▏         | 410/18174 [00:04<03:16, 90.35it/s]
[2025-01-04 17:36:18] 2%|▏         | 420/18174 [00:04<03:14, 91.11it/s]
[2025-01-04 17:36:18] 2%|▏         | 430/18174 [00:04<03:14, 91.06it/s]
[2025-01-04 17:36:18] 2%|▏         | 440/18174 [00:04<03:14, 91.07it/s]
[2025-01-04 17:36:19] 2%|▏         | 450/18174 [00:04<03:14, 91.27it/s]
[2025-01-04 17:36:19] 3%|▎         | 460/18174 [00:05<03:12, 91.79it/s]
[2025-01-04 17:36:19] 3%|▎         | 470/18174 [00:05<03:13, 91.55it/s]
[2025-01-04 17:36:19] 3%|▎         | 480/18174 [00:05<03:12, 91.93it/s]
[2025-01-04 17:36:19] 3%|▎         | 490/18174 [00:05<03:14, 90.94it/s]
[2025-01-04 17:36:20] 3%|▎         | 500/18174 [00:05<03:13, 91.41it/s]
[2025-01-04 17:36:20] 3%|▎         | 510/18174 [00:05<03:12, 91.84it/s]
[2025-01-04 17:36:20] 3%|▎         | 520/18174 [00:05<03:13, 91.18it/s]
[2025-01-04 17:36:20] 3%|▎         | 530/18174 [00:05<03:15, 90.18it/s]
[2025-01-04 17:36:20] 3%|▎         | 540/18174 [00:05<03:13, 91.01it/s]
[2025-01-04 17:36:21] 3%|▎         | 550/18174 [00:06<03:12, 91.57it/s]
[2025-01-04 17:36:21] 3%|▎         | 560/18174 [00:06<03:11, 91.82it/s]
[2025-01-04 17:36:21] 3%|▎         | 570/18174 [00:06<03:10, 92.51it/s]
[2025-01-04 17:36:21] 3%|▎         | 580/18174 [00:06<03:11, 91.82it/s]
[2025-01-04 17:36:21] 3%|▎         | 590/18174 [00:06<03:16, 89.57it/s]
[2025-01-04 17:36:22] 3%|▎         | 600/18174 [00:06<03:14, 90.21it/s]
[2025-01-04 17:36:22] 3%|▎         | 610/18174 [00:06<03:15, 89.68it/s]
[2025-01-04 17:36:22] 3%|▎         | 620/18174 [00:06<03:14, 90.17it/s]
[2025-01-04 17:36:22] 3%|▎         | 630/18174 [00:06<03:14, 90.32it/s]
[2025-01-04 17:36:22] 4%|▎         | 640/18174 [00:07<03:15, 89.63it/s]
[2025-01-04 17:36:23] 4%|▎         | 650/18174 [00:07<03:14, 90.26it/s]
[2025-01-04 17:36:23] 4%|▎         | 660/18174 [00:07<03:13, 90.67it/s]
[2025-01-04 17:36:23] 4%|▎         | 670/18174 [00:07<03:12, 90.76it/s]
[2025-01-04 17:36:23] 4%|▎         | 680/18174 [00:07<03:13, 90.54it/s]
[2025-01-04 17:36:23] 4%|▍         | 690/18174 [00:07<03:11, 91.08it/s]
[2025-01-04 17:36:24] 4%|▍         | 700/18174 [00:07<03:13, 90.14it/s]
[2025-01-04 17:36:24] 4%|▍         | 710/18174 [00:07<03:13, 90.48it/s]
[2025-01-04 17:36:24] 4%|▍         | 720/18174 [00:07<03:12, 90.71it/s]
[2025-01-04 17:36:24] 4%|▍         | 730/18174 [00:08<03:14, 89.51it/s]
[2025-01-04 17:36:24] 4%|▍         | 739/18174 [00:08<03:15, 89.15it/s]
[2025-01-04 17:36:25] 4%|▍         | 748/18174 [00:08<03:15, 89.09it/s]
[2025-01-04 17:36:25] 4%|▍         | 757/18174 [00:08<03:17, 88.04it/s]
[2025-01-04 17:36:25] 4%|▍         | 766/18174 [00:08<03:21, 86.52it/s]
[2025-01-04 17:36:25] 4%|▍         | 775/18174 [00:08<03:22, 85.99it/s]
[2025-01-04 17:36:25] 4%|▍         | 784/18174 [00:08<03:19, 86.99it/s]
[2025-01-04 17:36:26] 4%|▍         | 794/18174 [00:08<03:16, 88.46it/s]
[2025-01-04 17:36:26] 4%|▍         | 804/18174 [00:08<03:14, 89.25it/s]
[2025-01-04 17:36:26] 4%|▍         | 813/18174 [00:08<03:14, 89.21it/s]
[2025-01-04 17:36:26] 5%|▍         | 823/18174 [00:09<03:12, 90.11it/s]
[2025-01-04 17:36:26] 5%|▍         | 833/18174 [00:09<03:11, 90.38it/s]
[2025-01-04 17:36:27] 5%|▍         | 843/18174 [00:09<03:10, 90.98it/s]
[2025-01-04 17:36:27] 5%|▍         | 853/18174 [00:09<03:11, 90.58it/s]
[2025-01-04 17:36:27] 5%|▍         | 863/18174 [00:09<03:11, 90.35it/s]
[2025-01-04 17:36:27] 5%|▍         | 873/18174 [00:09<03:11, 90.39it/s]
[2025-01-04 17:36:27] 5%|▍         | 883/18174 [00:09<03:13, 89.19it/s]
[2025-01-04 17:36:28] 5%|▍         | 892/18174 [00:09<03:16, 88.12it/s]
[2025-01-04 17:36:28] 5%|▍         | 901/18174 [00:09<03:15, 88.40it/s]
[2025-01-04 17:36:28] 5%|▌         | 911/18174 [00:10<03:12, 89.89it/s]
[2025-01-04 17:36:28] 5%|▌         | 921/18174 [00:10<03:10, 90.52it/s]
[2025-01-04 17:36:28] 5%|▌         | 931/18174 [00:10<03:08, 91.35it/s]
[2025-01-04 17:36:29] 5%|▌         | 941/18174 [00:10<03:09, 91.16it/s]
[2025-01-04 17:36:29] 5%|▌         | 951/18174 [00:10<03:08, 91.38it/s]
[2025-01-04 17:36:29] 5%|▌         | 961/18174 [00:10<03:12, 89.47it/s]
[2025-01-04 17:36:29] 5%|▌         | 971/18174 [00:10<03:10, 90.39it/s]
[2025-01-04 17:36:29] 5%|▌         | 981/18174 [00:10<03:09, 90.50it/s]
[2025-01-04 17:36:30] 5%|▌         | 991/18174 [00:10<03:09, 90.66it/s]
[2025-01-04 17:36:30] 6%|▌         | 1001/18174 [00:11<03:07, 91.37it/s]
[2025-01-04 17:36:30] 6%|▌         | 1011/18174 [00:11<03:10, 90.24it/s]
[2025-01-04 17:36:30] 6%|▌         | 1021/18174 [00:11<03:10, 90.15it/s]
[2025-01-04 17:36:30] 6%|▌         | 1031/18174 [00:11<03:11, 89.71it/s]
[2025-01-04 17:36:31] 6%|▌         | 1041/18174 [00:11<03:06, 91.65it/s]
[2025-01-04 17:36:31] 6%|▌         | 1051/18174 [00:11<03:05, 92.09it/s]
[2025-01-04 17:36:31] 6%|▌         | 1061/18174 [00:11<03:05, 92.11it/s]
[2025-01-04 17:36:31] 6%|▌         | 1071/18174 [00:11<03:06, 91.87it/s]
[2025-01-04 17:36:31] 6%|▌         | 1081/18174 [00:11<03:06, 91.64it/s]
[2025-01-04 17:36:32] 6%|▌         | 1091/18174 [00:12<03:07, 91.29it/s]
[2025-01-04 17:36:32] 6%|▌         | 1101/18174 [00:12<03:07, 91.18it/s]
[2025-01-04 17:36:32] 6%|▌         | 1111/18174 [00:12<03:07, 91.04it/s]
[2025-01-04 17:36:32] 6%|▌         | 1121/18174 [00:12<03:09, 89.95it/s]
[2025-01-04 17:36:32] 6%|▌         | 1131/18174 [00:12<03:08, 90.56it/s]
[2025-01-04 17:36:33] 6%|▋         | 1141/18174 [00:12<03:08, 90.37it/s]
[2025-01-04 17:36:33] 6%|▋         | 1151/18174 [00:12<03:10, 89.43it/s]
[2025-01-04 17:36:33] 6%|▋         | 1161/18174 [00:12<03:09, 89.75it/s]
[2025-01-04 17:36:33] 6%|▋         | 1171/18174 [00:12<03:08, 90.24it/s]
[2025-01-04 17:36:33] 6%|▋         | 1181/18174 [00:13<03:07, 90.81it/s]
[2025-01-04 17:36:34] 7%|▋         | 1191/18174 [00:13<03:06, 90.93it/s]
[2025-01-04 17:36:34] 7%|▋         | 1201/18174 [00:13<03:06, 90.87it/s]
[2025-01-04 17:36:34] 7%|▋         | 1211/18174 [00:13<03:12, 88.22it/s]
[2025-01-04 17:36:34] 7%|▋         | 1221/18174 [00:13<03:10, 88.84it/s]
[2025-01-04 17:36:34] 7%|▋         | 1231/18174 [00:13<03:09, 89.48it/s]
[2025-01-04 17:36:35] 7%|▋         | 1241/18174 [00:13<03:08, 89.78it/s]
[2025-01-04 17:36:35] 7%|▋         | 1250/18174 [00:13<03:08, 89.84it/s]
[2025-01-04 17:36:35] 7%|▋         | 1260/18174 [00:13<03:06, 90.51it/s]
[2025-01-04 17:36:35] 7%|▋         | 1270/18174 [00:14<03:05, 91.26it/s]
[2025-01-04 17:36:35] 7%|▋         | 1280/18174 [00:14<03:04, 91.66it/s]
[2025-01-04 17:36:36] 7%|▋         | 1290/18174 [00:14<03:03, 92.12it/s]
[2025-01-04 17:36:36] 7%|▋         | 1300/18174 [00:14<03:03, 91.99it/s]
[2025-01-04 17:36:36] 7%|▋         | 1310/18174 [00:14<03:03, 91.76it/s]
[2025-01-04 17:36:36] 7%|▋         | 1320/18174 [00:14<03:03, 91.78it/s]
[2025-01-04 17:36:36] 7%|▋         | 1330/18174 [00:14<03:04, 91.14it/s]
[2025-01-04 17:36:37] 7%|▋         | 1340/18174 [00:14<03:04, 91.07it/s]
[2025-01-04 17:36:37] 7%|▋         | 1350/18174 [00:14<03:04, 91.27it/s]
[2025-01-04 17:36:37] 7%|▋         | 1360/18174 [00:14<03:03, 91.45it/s]
[2025-01-04 17:36:37] 8%|▊         | 1370/18174 [00:15<03:03, 91.65it/s]
[2025-01-04 17:36:37] 8%|▊         | 1380/18174 [00:15<03:02, 91.81it/s]
[2025-01-04 17:36:38] 8%|▊         | 1390/18174 [00:15<03:04, 90.80it/s]
[2025-01-04 17:36:38] 8%|▊         | 1400/18174 [00:15<03:04, 91.14it/s]
[2025-01-04 17:36:38] 8%|▊         | 1410/18174 [00:15<03:04, 90.91it/s]
[2025-01-04 17:36:38] 8%|▊         | 1420/18174 [00:15<03:03, 91.12it/s]
[2025-01-04 17:36:38] 8%|▊         | 1430/18174 [00:15<03:03, 91.42it/s]
[2025-01-04 17:36:39] 8%|▊         | 1440/18174 [00:15<03:02, 91.48it/s]
[2025-01-04 17:36:39] 8%|▊         | 1450/18174 [00:15<03:03, 91.36it/s]
[2025-01-04 17:36:39] 8%|▊         | 1460/18174 [00:16<03:04, 90.55it/s]
[2025-01-04 17:36:39] 8%|▊         | 1470/18174 [00:16<03:03, 90.93it/s]
[2025-01-04 17:36:39] 8%|▊         | 1480/18174 [00:16<03:04, 90.69it/s]
[2025-01-04 17:36:40] 8%|▊         | 1490/18174 [00:16<03:05, 90.16it/s]
[2025-01-04 17:36:40] 8%|▊         | 1500/18174 [00:16<03:03, 90.87it/s]
[2025-01-04 17:36:40] 8%|▊         | 1510/18174 [00:16<03:03, 90.74it/s]
[2025-01-04 17:36:40] 8%|▊         | 1520/18174 [00:16<03:06, 89.07it/s]
[2025-01-04 17:36:40] 8%|▊         | 1530/18174 [00:16<03:05, 89.69it/s]
[2025-01-04 17:36:41] 8%|▊         | 1540/18174 [00:16<03:03, 90.41it/s]
[2025-01-04 17:36:41] 9%|▊         | 1550/18174 [00:17<03:04, 89.94it/s]
[2025-01-04 17:36:41] 9%|▊         | 1560/18174 [00:17<03:03, 90.78it/s]
[2025-01-04 17:36:41] 9%|▊         | 1570/18174 [00:17<03:02, 90.88it/s]
[2025-01-04 17:36:41] 9%|▊         | 1580/18174 [00:17<03:03, 90.60it/s]
[2025-01-04 17:36:42] 9%|▊         | 1590/18174 [00:17<03:01, 91.39it/s]
[2025-01-04 17:36:42] 9%|▉         | 1600/18174 [00:17<03:02, 90.78it/s]
[2025-01-04 17:36:42] 9%|▉         | 1610/18174 [00:17<03:02, 90.82it/s]
[2025-01-04 17:36:42] 9%|▉         | 1620/18174 [00:17<03:02, 90.60it/s]
[2025-01-04 17:36:42] 9%|▉         | 1630/18174 [00:17<03:03, 90.24it/s]
[2025-01-04 17:36:43] 9%|▉         | 1640/18174 [00:18<03:03, 90.32it/s]
[2025-01-04 17:36:43] 9%|▉         | 1650/18174 [00:18<03:02, 90.31it/s]
[2025-01-04 17:36:43] 9%|▉         | 1660/18174 [00:18<03:03, 90.00it/s]
[2025-01-04 17:36:43] 9%|▉         | 1670/18174 [00:18<03:03, 90.00it/s]
[2025-01-04 17:36:43] 9%|▉         | 1680/18174 [00:18<03:01, 90.75it/s]
[2025-01-04 17:36:44] 9%|▉         | 1690/18174 [00:18<03:02, 90.38it/s]
[2025-01-04 17:36:44] 9%|▉         | 1700/18174 [00:18<03:02, 90.29it/s]
[2025-01-04 17:36:44] 9%|▉         | 1710/18174 [00:18<03:01, 90.60it/s]
[2025-01-04 17:36:44] 9%|▉         | 1720/18174 [00:18<03:00, 91.02it/s]
[2025-01-04 17:36:44] 10%|▉         | 1730/18174 [00:19<02:59, 91.37it/s]
[2025-01-04 17:36:45] 10%|▉         | 1740/18174 [00:19<02:59, 91.32it/s]
[2025-01-04 17:36:45] 10%|▉         | 1750/18174 [00:19<02:59, 91.44it/s]
[2025-01-04 17:36:45] 10%|▉         | 1760/18174 [00:19<02:58, 91.77it/s]
[2025-01-04 17:36:45] 10%|▉         | 1770/18174 [00:19<02:58, 92.01it/s]
[2025-01-04 17:36:45] 10%|▉         | 1780/18174 [00:19<02:58, 91.86it/s]
[2025-01-04 17:36:46] 10%|▉         | 1790/18174 [00:19<02:58, 91.83it/s]
[2025-01-04 17:36:46] 10%|▉         | 1800/18174 [00:19<02:58, 91.51it/s]
[2025-01-04 17:36:46] 10%|▉         | 1810/18174 [00:19<02:58, 91.58it/s]
[2025-01-04 17:36:46] 10%|█         | 1820/18174 [00:20<02:58, 91.66it/s]
[2025-01-04 17:36:46] 10%|█         | 1830/18174 [00:20<02:58, 91.49it/s]
[2025-01-04 17:36:47] 10%|█         | 1840/18174 [00:20<02:58, 91.69it/s]
[2025-01-04 17:36:47] 10%|█         | 1850/18174 [00:20<02:59, 91.18it/s]
[2025-01-04 17:36:47] 10%|█         | 1860/18174 [00:20<02:58, 91.40it/s]
[2025-01-04 17:36:47] 10%|█         | 1870/18174 [00:20<02:59, 91.06it/s]
[2025-01-04 17:36:47] 10%|█         | 1880/18174 [00:20<02:59, 90.64it/s]
[2025-01-04 17:36:48] 10%|█         | 1890/18174 [00:20<03:00, 90.19it/s]
[2025-01-04 17:36:48] 10%|█         | 1900/18174 [00:20<02:59, 90.63it/s]
[2025-01-04 17:36:48] 11%|█         | 1910/18174 [00:24<28:09,  9.63it/s]
[2025-01-04 17:36:48] 11%|█         | 1920/18174 [00:24<20:33, 13.17it/s]
[2025-01-04 17:36:48] 11%|█         | 1930/18174 [00:24<15:16, 17.72it/s]
[2025-01-04 17:36:49] 11%|█         | 1940/18174 [00:24<11:35, 23.36it/s]
[2025-01-04 17:36:49] 11%|█         | 1950/18174 [00:24<08:59, 30.10it/s]
[2025-01-04 17:36:49] 11%|█         | 1960/18174 [00:24<07:10, 37.65it/s]
[2025-01-04 17:36:49] 11%|█         | 1970/18174 [00:24<05:55, 45.61it/s]
[2025-01-04 17:36:49] 11%|█         | 1980/18174 [00:24<05:01, 53.67it/s]
[2025-01-04 17:36:50] 11%|█         | 1990/18174 [00:25<04:23, 61.42it/s]
[2025-01-04 17:36:50] 11%|█         | 2000/18174 [00:25<03:57, 68.06it/s]
[2025-01-04 17:36:50] 11%|█         | 2010/18174 [00:25<03:37, 74.31it/s]
[2025-01-04 17:36:50] 11%|█         | 2020/18174 [00:25<03:24, 79.04it/s]
[2025-01-04 17:36:50] 11%|█         | 2030/18174 [00:25<03:15, 82.67it/s]
[2025-01-04 17:36:51] 11%|█         | 2040/18174 [00:25<03:08, 85.74it/s]
[2025-01-04 17:36:51] 11%|█▏        | 2050/18174 [00:25<03:05, 87.09it/s]
[2025-01-04 17:36:51] 11%|█▏        | 2060/18174 [00:25<03:03, 87.60it/s]
[2025-01-04 17:36:51] 11%|█▏        | 2070/18174 [00:25<03:01, 88.77it/s]
[2025-01-04 17:36:51] 11%|█▏        | 2080/18174 [00:25<03:00, 89.38it/s]
[2025-01-04 17:36:52] 11%|█▏        | 2090/18174 [00:26<02:58, 90.08it/s]
[2025-01-04 17:36:52] 12%|█▏        | 2100/18174 [00:26<02:57, 90.65it/s]
[2025-01-04 17:36:52] 12%|█▏        | 2110/18174 [00:26<02:57, 90.48it/s]
[2025-01-04 17:36:52] 12%|█▏        | 2120/18174 [00:26<02:57, 90.24it/s]
[2025-01-04 17:36:52] 12%|█▏        | 2130/18174 [00:26<02:56, 90.95it/s]
[2025-01-04 17:36:53] 12%|█▏        | 2140/18174 [00:26<02:56, 90.89it/s]
[2025-01-04 17:36:53] 12%|█▏        | 2150/18174 [00:26<02:57, 90.16it/s]
[2025-01-04 17:36:53] 12%|█▏        | 2160/18174 [00:26<02:56, 90.74it/s]
[2025-01-04 17:36:53] 12%|█▏        | 2170/18174 [00:26<02:55, 91.29it/s]
[2025-01-04 17:36:53] 12%|█▏        | 2180/18174 [00:27<02:54, 91.71it/s]
[2025-01-04 17:36:54] 12%|█▏        | 2190/18174 [00:27<02:54, 91.71it/s]
[2025-01-04 17:36:54] 12%|█▏        | 2200/18174 [00:27<02:54, 91.46it/s]
[2025-01-04 17:36:54] 12%|█▏        | 2210/18174 [00:27<02:54, 91.65it/s]
[2025-01-04 17:36:54] 12%|█▏        | 2220/18174 [00:27<02:53, 92.22it/s]
[2025-01-04 17:36:54] 12%|█▏        | 2230/18174 [00:27<02:54, 91.51it/s]
[2025-01-04 17:36:55] 12%|█▏        | 2240/18174 [00:27<02:55, 90.82it/s]
[2025-01-04 17:36:55] 12%|█▏        | 2250/18174 [00:27<02:54, 91.22it/s]
[2025-01-04 17:36:55] 12%|█▏        | 2260/18174 [00:27<02:53, 91.72it/s]
[2025-01-04 17:36:55] 12%|█▏        | 2270/18174 [00:28<02:53, 91.93it/s]
[2025-01-04 17:36:55] 13%|█▎        | 2280/18174 [00:28<02:52, 92.20it/s]
[2025-01-04 17:36:56] 13%|█▎        | 2290/18174 [00:28<02:52, 92.19it/s]
[2025-01-04 17:36:56] 13%|█▎        | 2300/18174 [00:28<02:52, 92.02it/s]
[2025-01-04 17:36:56] 13%|█▎        | 2310/18174 [00:28<02:53, 91.67it/s]
[2025-01-04 17:36:56] 13%|█▎        | 2320/18174 [00:28<02:52, 91.83it/s]
[2025-01-04 17:36:56] 13%|█▎        | 2330/18174 [00:28<02:54, 91.01it/s]
[2025-01-04 17:36:57] 13%|█▎        | 2340/18174 [00:28<02:54, 90.73it/s]
[2025-01-04 17:36:57] 13%|█▎        | 2350/18174 [00:28<02:54, 90.66it/s]
[2025-01-04 17:36:57] 13%|█▎        | 2360/18174 [00:29<02:55, 90.36it/s]
[2025-01-04 17:36:57] 13%|█▎        | 2370/18174 [00:29<02:55, 89.95it/s]
[2025-01-04 17:36:57] 13%|█▎        | 2380/18174 [00:29<02:52, 91.60it/s]
[2025-01-04 17:36:58] 13%|█▎        | 2390/18174 [00:29<02:51, 92.09it/s]
[2025-01-04 17:36:58] 13%|█▎        | 2400/18174 [00:29<02:50, 92.38it/s]
[2025-01-04 17:36:58] 13%|█▎        | 2410/18174 [00:29<02:51, 92.10it/s]
[2025-01-04 17:36:58] 13%|█▎        | 2420/18174 [00:29<02:51, 91.66it/s]
[2025-01-04 17:36:58] 13%|█▎        | 2430/18174 [00:29<02:53, 90.70it/s]
[2025-01-04 17:36:59] 13%|█▎        | 2440/18174 [00:29<02:52, 91.25it/s]
[2025-01-04 17:36:59] 13%|█▎        | 2450/18174 [00:30<02:51, 91.65it/s]
[2025-01-04 17:36:59] 14%|█▎        | 2460/18174 [00:30<02:51, 91.56it/s]
[2025-01-04 17:36:59] 14%|█▎        | 2470/18174 [00:30<02:50, 91.99it/s]
[2025-01-04 17:36:59] 14%|█▎        | 2480/18174 [00:30<02:51, 91.46it/s]
[2025-01-04 17:37:00] 14%|█▎        | 2490/18174 [00:30<02:51, 91.67it/s]
[2025-01-04 17:37:00] 14%|█▍        | 2500/18174 [00:30<02:50, 92.06it/s]
[2025-01-04 17:37:00] 14%|█▍        | 2510/18174 [00:30<02:50, 92.14it/s]
[2025-01-04 17:37:00] 14%|█▍        | 2520/18174 [00:30<02:50, 91.85it/s]
[2025-01-04 17:37:00] 14%|█▍        | 2530/18174 [00:30<02:50, 91.69it/s]
[2025-01-04 17:37:01] 14%|█▍        | 2540/18174 [00:31<02:50, 91.94it/s]
[2025-01-04 17:37:01] 14%|█▍        | 2550/18174 [00:31<02:52, 90.52it/s]
[2025-01-04 17:37:01] 14%|█▍        | 2560/18174 [00:31<02:51, 90.93it/s]
[2025-01-04 17:37:01] 14%|█▍        | 2570/18174 [00:31<02:54, 89.54it/s]
[2025-01-04 17:37:01] 14%|█▍        | 2580/18174 [00:31<02:52, 90.42it/s]
[2025-01-04 17:37:02] 14%|█▍        | 2590/18174 [00:31<02:51, 90.89it/s]
[2025-01-04 17:37:02] 14%|█▍        | 2600/18174 [00:31<02:52, 90.36it/s]
[2025-01-04 17:37:02] 14%|█▍        | 2610/18174 [00:31<02:53, 89.57it/s]
[2025-01-04 17:37:02] 14%|█▍        | 2620/18174 [00:31<02:52, 89.94it/s]
[2025-01-04 17:37:02] 14%|█▍        | 2630/18174 [00:32<02:53, 89.75it/s]
[2025-01-04 17:37:03] 15%|█▍        | 2639/18174 [00:39<59:13,  4.37it/s]
[2025-01-04 17:37:03] 15%|█▍        | 2649/18174 [00:39<41:55,  6.17it/s]
[2025-01-04 17:37:03] 15%|█▍        | 2658/18174 [00:39<30:54,  8.37it/s]
[2025-01-04 17:37:03] 15%|█▍        | 2668/18174 [00:39<22:11, 11.64it/s]
[2025-01-04 17:37:03] 15%|█▍        | 2678/18174 [00:39<16:14, 15.90it/s]
[2025-01-04 17:37:04] 15%|█▍        | 2688/18174 [00:39<12:08, 21.25it/s]
[2025-01-04 17:37:04] 15%|█▍        | 2698/18174 [00:39<09:18, 27.71it/s]
[2025-01-04 17:37:04] 15%|█▍        | 2707/18174 [00:39<07:29, 34.38it/s]
[2025-01-04 17:37:04] 15%|█▍        | 2716/18174 [00:40<06:13, 41.43it/s]
[2025-01-04 17:37:04] 15%|█▍        | 2725/18174 [00:40<05:21, 48.02it/s]
[2025-01-04 17:37:05] 15%|█▌        | 2734/18174 [00:40<04:39, 55.32it/s]
[2025-01-04 17:37:05] 15%|█▌        | 2744/18174 [00:40<04:04, 63.08it/s]
[2025-01-04 17:37:05] 15%|█▌        | 2754/18174 [00:40<03:40, 70.05it/s]
[2025-01-04 17:37:05] 15%|█▌        | 2764/18174 [00:40<03:23, 75.71it/s]
[2025-01-04 17:37:05] 15%|█▌        | 2774/18174 [00:40<03:11, 80.38it/s]
[2025-01-04 17:37:06] 15%|█▌        | 2784/18174 [00:40<03:03, 83.73it/s]
[2025-01-04 17:37:06] 15%|█▌        | 2794/18174 [00:40<03:00, 85.40it/s]
[2025-01-04 17:37:06] 15%|█▌        | 2804/18174 [00:40<02:55, 87.36it/s]
[2025-01-04 17:37:06] 15%|█▌        | 2814/18174 [00:41<02:54, 88.05it/s]
[2025-01-04 17:37:06] 16%|█▌        | 2824/18174 [00:41<02:53, 88.49it/s]
[2025-01-04 17:37:07] 16%|█▌        | 2834/18174 [00:41<02:59, 85.58it/s]
[2025-01-04 17:37:07] 16%|█▌        | 2843/18174 [00:41<02:58, 85.87it/s]
[2025-01-04 17:37:07] 16%|█▌        | 2852/18174 [00:41<02:57, 86.14it/s]
[2025-01-04 17:37:07] 16%|█▌        | 2861/18174 [00:41<02:56, 86.68it/s]
[2025-01-04 17:37:07] 16%|█▌        | 2870/18174 [00:41<02:56, 86.71it/s]
[2025-01-04 17:37:08] 16%|█▌        | 2879/18174 [00:41<02:56, 86.46it/s]
[2025-01-04 17:37:08] 16%|█▌        | 2888/18174 [00:41<02:56, 86.74it/s]
[2025-01-04 17:37:08] 16%|█▌        | 2897/18174 [00:42<02:55, 87.01it/s]
[2025-01-04 17:37:08] 16%|█▌        | 2906/18174 [00:42<02:56, 86.35it/s]
[2025-01-04 17:37:08] 16%|█▌        | 2915/18174 [00:42<02:56, 86.66it/s]
[2025-01-04 17:37:09] 16%|█▌        | 2924/18174 [00:42<03:00, 84.67it/s]
[2025-01-04 17:37:09] 16%|█▌        | 2933/18174 [00:42<02:58, 85.57it/s]
[2025-01-04 17:37:09] 16%|█▌        | 2942/18174 [00:42<02:56, 86.20it/s]
[2025-01-04 17:37:09] 16%|█▌        | 2951/18174 [00:42<02:55, 86.83it/s]
[2025-01-04 17:37:09] 16%|█▋        | 2960/18174 [00:42<02:55, 86.86it/s]
[2025-01-04 17:37:10] 16%|█▋        | 2969/18174 [00:42<02:54, 87.18it/s]
[2025-01-04 17:37:10] 16%|█▋        | 2978/18174 [00:43<02:53, 87.46it/s]
[2025-01-04 17:37:10] 16%|█▋        | 2987/18174 [00:43<02:53, 87.66it/s]
[2025-01-04 17:37:10] 16%|█▋        | 2996/18174 [00:43<02:52, 87.93it/s]
[2025-01-04 17:37:10] 17%|█▋        | 3005/18174 [00:43<02:56, 86.04it/s]
[2025-01-04 17:37:11] 17%|█▋        | 3014/18174 [00:43<02:58, 84.95it/s]
[2025-01-04 17:37:11] 17%|█▋        | 3023/18174 [00:43<02:55, 86.24it/s]
[2025-01-04 17:37:11] 17%|█▋        | 3032/18174 [00:43<02:53, 87.29it/s]
[2025-01-04 17:37:11] 17%|█▋        | 3041/18174 [00:43<02:52, 87.76it/s]
[2025-01-04 17:37:11] 17%|█▋        | 3050/18174 [00:43<02:52, 87.72it/s]
[2025-01-04 17:37:12] 17%|█▋        | 3059/18174 [00:43<02:52, 87.44it/s]
[2025-01-04 17:37:12] 17%|█▋        | 3068/18174 [00:44<02:52, 87.60it/s]
[2025-01-04 17:37:12] 17%|█▋        | 3077/18174 [00:44<02:52, 87.53it/s]
[2025-01-04 17:37:12] 17%|█▋        | 3086/18174 [00:44<02:52, 87.43it/s]
[2025-01-04 17:37:12] 17%|█▋        | 3095/18174 [00:44<02:53, 87.02it/s]
[2025-01-04 17:37:13] 17%|█▋        | 3104/18174 [00:44<02:54, 86.33it/s]
[2025-01-04 17:37:13] 17%|█▋        | 3113/18174 [00:44<02:54, 86.54it/s]
[2025-01-04 17:37:13] 17%|█▋        | 3122/18174 [00:44<02:53, 86.64it/s]
[2025-01-04 17:37:13] 17%|█▋        | 3131/18174 [00:44<02:53, 86.95it/s]
[2025-01-04 17:37:13] 17%|█▋        | 3140/18174 [00:44<02:52, 87.36it/s]
[2025-01-04 17:37:14] 17%|█▋        | 3149/18174 [00:44<02:51, 87.65it/s]
[2025-01-04 17:37:14] 17%|█▋        | 3158/18174 [00:45<02:51, 87.56it/s]
[2025-01-04 17:37:14] 17%|█▋        | 3167/18174 [00:45<02:50, 87.77it/s]
[2025-01-04 17:37:14] 17%|█▋        | 3176/18174 [00:45<02:55, 85.53it/s]
[2025-01-04 17:37:14] 18%|█▊        | 3185/18174 [00:45<02:55, 85.34it/s]
[2025-01-04 17:37:15] 18%|█▊        | 3194/18174 [00:45<02:54, 85.77it/s]
[2025-01-04 17:37:15] 18%|█▊        | 3203/18174 [00:45<02:53, 86.29it/s]
[2025-01-04 17:37:15] 18%|█▊        | 3212/18174 [00:45<02:52, 86.53it/s]
[2025-01-04 17:37:15] 18%|█▊        | 3221/18174 [00:45<02:52, 86.61it/s]
[2025-01-04 17:37:15] 18%|█▊        | 3230/18174 [00:45<02:53, 86.10it/s]
[2025-01-04 17:37:16] 18%|█▊        | 3240/18174 [00:46<02:49, 87.86it/s]
[2025-01-04 17:37:16] 18%|█▊        | 3249/18174 [00:46<02:49, 88.22it/s]
[2025-01-04 17:37:16] 18%|█▊        | 3258/18174 [00:46<02:48, 88.41it/s]
[2025-01-04 17:37:16] 18%|█▊        | 3267/18174 [00:46<02:48, 88.27it/s]
[2025-01-04 17:37:16] 18%|█▊        | 3276/18174 [00:46<02:50, 87.61it/s]
[2025-01-04 17:37:17] 18%|█▊        | 3285/18174 [00:46<02:51, 87.03it/s]
[2025-01-04 17:37:17] 18%|█▊        | 3294/18174 [00:46<02:51, 86.88it/s]
[2025-01-04 17:37:17] 18%|█▊        | 3303/18174 [00:53<1:01:04,  4.06it/s]
[2025-01-04 17:37:17] 18%|█▊        | 3312/18174 [00:53<43:36,  5.68it/s]
[2025-01-04 17:37:17] 18%|█▊        | 3321/18174 [00:54<31:21,  7.89it/s]
[2025-01-04 17:37:18] 18%|█▊        | 3330/18174 [00:54<22:47, 10.86it/s]
[2025-01-04 17:37:18] 18%|█▊        | 3339/18174 [00:54<16:48, 14.70it/s]
[2025-01-04 17:37:18] 18%|█▊        | 3348/18174 [00:54<12:37, 19.58it/s]
[2025-01-04 17:37:18] 18%|█▊        | 3357/18174 [00:54<09:40, 25.53it/s]
[2025-01-04 17:37:18] 19%|█▊        | 3366/18174 [00:54<07:35, 32.49it/s]
[2025-01-04 17:37:19] 19%|█▊        | 3375/18174 [00:54<06:08, 40.14it/s]
[2025-01-04 17:37:19] 19%|█▊        | 3385/18174 [00:54<05:02, 48.86it/s]
[2025-01-04 17:37:19] 19%|█▊        | 3394/18174 [00:54<04:22, 56.25it/s]
[2025-01-04 17:37:19] 19%|█▊        | 3403/18174 [00:54<03:56, 62.46it/s]
[2025-01-04 17:37:19] 19%|█▉        | 3412/18174 [00:55<03:37, 68.01it/s]
[2025-01-04 17:37:20] 19%|█▉        | 3421/18174 [00:55<03:21, 73.05it/s]
[2025-01-04 17:37:20] 19%|█▉        | 3430/18174 [00:55<03:11, 77.05it/s]
[2025-01-04 17:37:20] 19%|█▉        | 3439/18174 [00:55<03:04, 79.79it/s]
[2025-01-04 17:37:20] 19%|█▉        | 3448/18174 [00:55<03:02, 80.88it/s]
[2025-01-04 17:37:20] 19%|█▉        | 3457/18174 [00:55<02:57, 82.90it/s]
[2025-01-04 17:37:21] 19%|█▉        | 3466/18174 [00:55<02:56, 83.33it/s]
[2025-01-04 17:37:21] 19%|█▉        | 3475/18174 [00:55<02:53, 84.82it/s]
[2025-01-04 17:37:21] 19%|█▉        | 3484/18174 [00:55<02:52, 84.96it/s]
[2025-01-04 17:37:21] 19%|█▉        | 3493/18174 [00:55<02:53, 84.52it/s]
[2025-01-04 17:37:21] 19%|█▉        | 3502/18174 [00:56<02:51, 85.67it/s]
[2025-01-04 17:37:22] 19%|█▉        | 3511/18174 [00:56<02:50, 85.92it/s]
[2025-01-04 17:37:22] 19%|█▉        | 3520/18174 [00:56<02:52, 85.10it/s]
[2025-01-04 17:37:22] 19%|█▉        | 3529/18174 [00:56<02:55, 83.61it/s]
[2025-01-04 17:37:22] 19%|█▉        | 3538/18174 [00:56<02:54, 83.88it/s]
[2025-01-04 17:37:22] 20%|█▉        | 3547/18174 [00:56<02:56, 82.85it/s]
[2025-01-04 17:37:23] 20%|█▉        | 3556/18174 [00:56<02:55, 83.36it/s]
[2025-01-04 17:37:23] 20%|█▉        | 3565/18174 [00:56<02:55, 83.46it/s]
[2025-01-04 17:37:23] 20%|█▉        | 3574/18174 [00:56<02:51, 84.89it/s]
[2025-01-04 17:37:23] 20%|█▉        | 3583/18174 [00:57<02:51, 84.89it/s]
[2025-01-04 17:37:23] 20%|█▉        | 3592/18174 [00:57<02:49, 85.83it/s]
[2025-01-04 17:37:24] 20%|█▉        | 3601/18174 [00:57<02:48, 86.66it/s]
[2025-01-04 17:37:24] 20%|█▉        | 3610/18174 [00:57<02:48, 86.30it/s]
[2025-01-04 17:37:24] 20%|█▉        | 3619/18174 [00:57<02:47, 86.79it/s]
[2025-01-04 17:37:24] 20%|█▉        | 3628/18174 [00:57<02:47, 86.62it/s]
[2025-01-04 17:37:24] 20%|██        | 3637/18174 [00:57<02:48, 86.25it/s]
[2025-01-04 17:37:25] 20%|██        | 3646/18174 [00:57<02:48, 86.13it/s]
[2025-01-04 17:37:25] 20%|██        | 3655/18174 [00:57<02:48, 86.20it/s]
[2025-01-04 17:37:25] 20%|██        | 3664/18174 [00:57<02:47, 86.78it/s]
[2025-01-04 17:37:25] 20%|██        | 3673/18174 [00:58<02:46, 86.95it/s]
[2025-01-04 17:37:25] 20%|██        | 3682/18174 [00:58<02:47, 86.72it/s]
[2025-01-04 17:37:26] 20%|██        | 3691/18174 [00:58<02:47, 86.34it/s]
[2025-01-04 17:37:26] 20%|██        | 3700/18174 [00:58<02:46, 86.78it/s]
[2025-01-04 17:37:26] 20%|██        | 3709/18174 [00:58<02:45, 87.27it/s]
[2025-01-04 17:37:26] 20%|██        | 3718/18174 [00:58<02:44, 87.97it/s]
[2025-01-04 17:37:26] 21%|██        | 3727/18174 [00:58<02:43, 88.31it/s]
[2025-01-04 17:37:27] 21%|██        | 3736/18174 [00:58<02:44, 87.79it/s]
[2025-01-04 17:37:27] 21%|██        | 3745/18174 [00:58<02:44, 87.63it/s]
[2025-01-04 17:37:27] 21%|██        | 3754/18174 [00:59<02:45, 86.88it/s]
[2025-01-04 17:37:27] 21%|██        | 3763/18174 [00:59<02:45, 87.30it/s]
[2025-01-04 17:37:27] 21%|██        | 3772/18174 [00:59<02:43, 87.92it/s]
[2025-01-04 17:37:28] 21%|██        | 3781/18174 [00:59<02:44, 87.64it/s]
[2025-01-04 17:37:28] 21%|██        | 3790/18174 [00:59<02:43, 87.91it/s]
[2025-01-04 17:37:28] 21%|██        | 3799/18174 [00:59<02:42, 88.35it/s]
[2025-01-04 17:37:28] 21%|██        | 3808/18174 [00:59<02:42, 88.31it/s]
[2025-01-04 17:37:28] 21%|██        | 3817/18174 [00:59<02:42, 88.36it/s]
[2025-01-04 17:37:29] 21%|██        | 3826/18174 [00:59<02:42, 88.06it/s]
[2025-01-04 17:37:29] 21%|██        | 3835/18174 [00:59<02:43, 87.75it/s]
[2025-01-04 17:37:29] 21%|██        | 3844/18174 [01:00<02:43, 87.43it/s]
[2025-01-04 17:37:29] 21%|██        | 3853/18174 [01:00<02:46, 86.05it/s]
[2025-01-04 17:37:29] 21%|██▏       | 3862/18174 [01:00<02:45, 86.45it/s]
[2025-01-04 17:37:30] 21%|██▏       | 3871/18174 [01:00<02:45, 86.18it/s]
[2025-01-04 17:37:30] 21%|██▏       | 3880/18174 [01:00<02:44, 86.92it/s]
[2025-01-04 17:37:30] 21%|██▏       | 3889/18174 [01:00<02:44, 86.78it/s]
[2025-01-04 17:37:30] 21%|██▏       | 3898/18174 [01:00<02:44, 86.56it/s]
[2025-01-04 17:37:30] 21%|██▏       | 3907/18174 [01:00<02:44, 86.74it/s]
[2025-01-04 17:37:31] 22%|██▏       | 3916/18174 [01:00<02:44, 86.78it/s]
[2025-01-04 17:37:31] 22%|██▏       | 3925/18174 [01:00<02:43, 87.11it/s]
[2025-01-04 17:37:31] 22%|██▏       | 3934/18174 [01:01<02:44, 86.60it/s]
[2025-01-04 17:37:31] 22%|██▏       | 3943/18174 [01:01<02:43, 86.99it/s]
[2025-01-04 17:37:32] 22%|██▏       | 3952/18174 [01:08<57:38,  4.11it/s]
[2025-01-04 17:37:32] 22%|██▏       | 3961/18174 [01:08<41:07,  5.76it/s]
[2025-01-04 17:37:32] 22%|██▏       | 3970/18174 [01:08<29:34,  8.00it/s]
[2025-01-04 17:37:32] 22%|██▏       | 3980/18174 [01:08<20:52, 11.33it/s]
[2025-01-04 17:37:32] 22%|██▏       | 3989/18174 [01:08<15:32, 15.22it/s]
[2025-01-04 17:37:33] 22%|██▏       | 3998/18174 [01:08<11:44, 20.13it/s]
[2025-01-04 17:37:33] 22%|██▏       | 4007/18174 [01:08<09:03, 26.08it/s]
[2025-01-04 17:37:33] 22%|██▏       | 4017/18174 [01:08<06:59, 33.76it/s]
[2025-01-04 17:37:33] 22%|██▏       | 4026/18174 [01:09<05:43, 41.23it/s]
[2025-01-04 17:37:33] 22%|██▏       | 4035/18174 [01:09<04:49, 48.87it/s]
[2025-01-04 17:37:34] 22%|██▏       | 4044/18174 [01:09<04:11, 56.27it/s]
[2025-01-04 17:37:34] 22%|██▏       | 4053/18174 [01:09<03:44, 62.91it/s]
[2025-01-04 17:37:34] 22%|██▏       | 4062/18174 [01:09<03:25, 68.82it/s]
[2025-01-04 17:37:34] 22%|██▏       | 4071/18174 [01:09<03:11, 73.48it/s]
[2025-01-04 17:37:34] 22%|██▏       | 4080/18174 [01:09<03:03, 76.90it/s]
[2025-01-04 17:37:35] 22%|██▏       | 4089/18174 [01:09<02:56, 79.64it/s]
[2025-01-04 17:37:35] 23%|██▎       | 4098/18174 [01:09<02:51, 81.87it/s]
[2025-01-04 17:37:35] 23%|██▎       | 4107/18174 [01:09<02:47, 83.80it/s]
[2025-01-04 17:37:35] 23%|██▎       | 4116/18174 [01:10<02:45, 84.84it/s]
[2025-01-04 17:37:35] 23%|██▎       | 4125/18174 [01:10<02:43, 85.84it/s]
[2025-01-04 17:37:36] 23%|██▎       | 4134/18174 [01:10<02:43, 85.83it/s]
[2025-01-04 17:37:36] 23%|██▎       | 4143/18174 [01:10<02:45, 84.56it/s]
[2025-01-04 17:37:36] 23%|██▎       | 4152/18174 [01:10<02:43, 85.73it/s]
[2025-01-04 17:37:36] 23%|██▎       | 4161/18174 [01:10<02:42, 86.22it/s]
[2025-01-04 17:37:36] 23%|██▎       | 4170/18174 [01:10<02:41, 86.84it/s]
[2025-01-04 17:37:37] 23%|██▎       | 4179/18174 [01:10<02:40, 87.02it/s]
[2025-01-04 17:37:37] 23%|██▎       | 4188/18174 [01:10<02:39, 87.88it/s]
[2025-01-04 17:37:37] 23%|██▎       | 4197/18174 [01:11<02:38, 88.44it/s]
[2025-01-04 17:37:37] 23%|██▎       | 4206/18174 [01:11<02:43, 85.65it/s]
[2025-01-04 17:37:37] 23%|██▎       | 4215/18174 [01:11<02:42, 85.75it/s]
[2025-01-04 17:37:38] 23%|██▎       | 4224/18174 [01:11<02:42, 85.91it/s]
[2025-01-04 17:37:38] 23%|██▎       | 4233/18174 [01:11<02:41, 86.40it/s]
[2025-01-04 17:37:38] 23%|██▎       | 4242/18174 [01:11<02:39, 87.26it/s]
[2025-01-04 17:37:38] 23%|██▎       | 4251/18174 [01:11<02:38, 87.98it/s]
[2025-01-04 17:37:38] 23%|██▎       | 4260/18174 [01:11<02:37, 88.56it/s]
[2025-01-04 17:37:39] 23%|██▎       | 4269/18174 [01:11<02:36, 88.90it/s]
[2025-01-04 17:37:39] 24%|██▎       | 4278/18174 [01:11<02:37, 88.33it/s]
[2025-01-04 17:37:39] 24%|██▎       | 4287/18174 [01:12<02:36, 88.51it/s]
[2025-01-04 17:37:39] 24%|██▎       | 4296/18174 [01:12<02:36, 88.74it/s]
[2025-01-04 17:37:39] 24%|██▎       | 4305/18174 [01:12<02:36, 88.86it/s]
[2025-01-04 17:37:40] 24%|██▎       | 4314/18174 [01:12<02:35, 88.86it/s]
[2025-01-04 17:37:40] 24%|██▍       | 4323/18174 [01:12<02:36, 88.41it/s]
[2025-01-04 17:37:40] 24%|██▍       | 4332/18174 [01:12<02:36, 88.40it/s]
[2025-01-04 17:37:40] 24%|██▍       | 4341/18174 [01:12<02:38, 87.20it/s]
[2025-01-04 17:37:40] 24%|██▍       | 4350/18174 [01:12<02:38, 87.16it/s]
[2025-01-04 17:37:41] 24%|██▍       | 4359/18174 [01:12<02:39, 86.76it/s]
[2025-01-04 17:37:41] 24%|██▍       | 4368/18174 [01:12<02:38, 86.96it/s]
[2025-01-04 17:37:41] 24%|██▍       | 4377/18174 [01:13<02:39, 86.44it/s]
[2025-01-04 17:37:41] 24%|██▍       | 4386/18174 [01:13<02:38, 86.85it/s]
[2025-01-04 17:37:41] 24%|██▍       | 4395/18174 [01:13<02:37, 87.22it/s]
[2025-01-04 17:37:42] 24%|██▍       | 4404/18174 [01:13<02:42, 84.68it/s]
[2025-01-04 17:37:42] 24%|██▍       | 4413/18174 [01:13<02:39, 86.14it/s]
[2025-01-04 17:37:42] 24%|██▍       | 4422/18174 [01:13<02:38, 86.68it/s]
[2025-01-04 17:37:42] 24%|██▍       | 4431/18174 [01:13<02:38, 86.53it/s]
[2025-01-04 17:37:42] 24%|██▍       | 4440/18174 [01:13<02:38, 86.74it/s]
[2025-01-04 17:37:43] 24%|██▍       | 4449/18174 [01:13<02:37, 86.89it/s]
[2025-01-04 17:37:43] 25%|██▍       | 4458/18174 [01:14<02:37, 86.82it/s]
[2025-01-04 17:37:43] 25%|██▍       | 4467/18174 [01:14<02:36, 87.35it/s]
[2025-01-04 17:37:43] 25%|██▍       | 4476/18174 [01:14<02:35, 88.00it/s]
[2025-01-04 17:37:43] 25%|██▍       | 4485/18174 [01:14<02:36, 87.50it/s]
[2025-01-04 17:37:44] 25%|██▍       | 4494/18174 [01:14<02:37, 87.05it/s]
[2025-01-04 17:37:44] 25%|██▍       | 4503/18174 [01:14<02:35, 87.80it/s]
[2025-01-04 17:37:44] 25%|██▍       | 4512/18174 [01:14<02:35, 88.06it/s]
[2025-01-04 17:37:44] 25%|██▍       | 4521/18174 [01:14<02:34, 88.19it/s]
[2025-01-04 17:37:44] 25%|██▍       | 4530/18174 [01:14<02:35, 88.00it/s]
[2025-01-04 17:37:45] 25%|██▍       | 4539/18174 [01:14<02:34, 88.02it/s]
[2025-01-04 17:37:45] 25%|██▌       | 4548/18174 [01:15<02:34, 88.45it/s]
[2025-01-04 17:37:45] 25%|██▌       | 4557/18174 [01:15<02:34, 88.20it/s]
[2025-01-04 17:37:45] 25%|██▌       | 4566/18174 [01:15<02:34, 88.03it/s]
[2025-01-04 17:37:45] 25%|██▌       | 4575/18174 [01:15<02:35, 87.39it/s]
[2025-01-04 17:37:46] 25%|██▌       | 4584/18174 [01:22<57:04,  3.97it/s]
[2025-01-04 17:37:46] 25%|██▌       | 4594/18174 [01:22<39:26,  5.74it/s]
[2025-01-04 17:37:46] 25%|██▌       | 4603/18174 [01:22<28:36,  7.91it/s]
[2025-01-04 17:37:46] 25%|██▌       | 4612/18174 [01:22<20:53, 10.82it/s]
[2025-01-04 17:37:46] 25%|██▌       | 4621/18174 [01:23<15:26, 14.62it/s]
[2025-01-04 17:37:47] 25%|██▌       | 4630/18174 [01:23<11:38, 19.40it/s]
[2025-01-04 17:37:47] 26%|██▌       | 4639/18174 [01:23<08:58, 25.14it/s]
[2025-01-04 17:37:47] 26%|██▌       | 4648/18174 [01:23<07:09, 31.49it/s]
[2025-01-04 17:37:47] 26%|██▌       | 4657/18174 [01:23<05:48, 38.74it/s]
[2025-01-04 17:37:47] 26%|██▌       | 4666/18174 [01:23<04:49, 46.61it/s]
[2025-01-04 17:37:48] 26%|██▌       | 4675/18174 [01:23<04:09, 54.14it/s]
[2025-01-04 17:37:48] 26%|██▌       | 4684/18174 [01:23<03:40, 61.26it/s]
[2025-01-04 17:37:48] 26%|██▌       | 4693/18174 [01:23<03:20, 67.40it/s]
[2025-01-04 17:37:48] 26%|██▌       | 4702/18174 [01:24<03:06, 72.23it/s]
[2025-01-04 17:37:48] 26%|██▌       | 4711/18174 [01:24<02:57, 76.01it/s]
[2025-01-04 17:37:49] 26%|██▌       | 4720/18174 [01:24<02:51, 78.54it/s]
[2025-01-04 17:37:49] 26%|██▌       | 4729/18174 [01:24<02:51, 78.47it/s]
[2025-01-04 17:37:49] 26%|██▌       | 4738/18174 [01:24<02:51, 78.46it/s]
[2025-01-04 17:37:49] 26%|██▌       | 4747/18174 [01:24<02:49, 79.00it/s]
[2025-01-04 17:37:49] 26%|██▌       | 4757/18174 [01:24<02:42, 82.44it/s]
[2025-01-04 17:37:50] 26%|██▌       | 4766/18174 [01:24<02:39, 83.83it/s]
[2025-01-04 17:37:50] 26%|██▋       | 4775/18174 [01:24<02:39, 83.87it/s]
[2025-01-04 17:37:50] 26%|██▋       | 4784/18174 [01:25<02:38, 84.65it/s]
[2025-01-04 17:37:50] 26%|██▋       | 4793/18174 [01:25<02:36, 85.67it/s]
[2025-01-04 17:37:50] 26%|██▋       | 4802/18174 [01:25<02:39, 83.86it/s]
[2025-01-04 17:37:51] 26%|██▋       | 4811/18174 [01:25<02:37, 84.76it/s]
[2025-01-04 17:37:51] 27%|██▋       | 4820/18174 [01:25<02:35, 85.71it/s]
[2025-01-04 17:37:51] 27%|██▋       | 4829/18174 [01:25<02:36, 85.16it/s]
[2025-01-04 17:37:51] 27%|██▋       | 4838/18174 [01:25<02:35, 85.79it/s]
[2025-01-04 17:37:51] 27%|██▋       | 4847/18174 [01:25<02:35, 85.72it/s]
[2025-01-04 17:37:52] 27%|██▋       | 4856/18174 [01:25<02:35, 85.40it/s]
[2025-01-04 17:37:52] 27%|██▋       | 4865/18174 [01:25<02:34, 86.29it/s]
[2025-01-04 17:37:52] 27%|██▋       | 4874/18174 [01:26<02:33, 86.89it/s]
[2025-01-04 17:37:52] 27%|██▋       | 4883/18174 [01:26<02:32, 87.12it/s]
[2025-01-04 17:37:52] 27%|██▋       | 4892/18174 [01:26<02:33, 86.72it/s]
[2025-01-04 17:37:53] 27%|██▋       | 4901/18174 [01:26<02:34, 86.01it/s]
[2025-01-04 17:37:53] 27%|██▋       | 4910/18174 [01:26<02:38, 83.94it/s]
[2025-01-04 17:37:53] 27%|██▋       | 4919/18174 [01:26<02:38, 83.41it/s]
[2025-01-04 17:37:53] 27%|██▋       | 4928/18174 [01:26<02:36, 84.50it/s]
[2025-01-04 17:37:53] 27%|██▋       | 4937/18174 [01:26<02:34, 85.58it/s]
[2025-01-04 17:37:54] 27%|██▋       | 4946/18174 [01:26<02:32, 86.73it/s]
[2025-01-04 17:37:54] 27%|██▋       | 4955/18174 [01:27<02:31, 87.23it/s]
[2025-01-04 17:37:54] 27%|██▋       | 4964/18174 [01:27<02:30, 87.56it/s]
[2025-01-04 17:37:54] 27%|██▋       | 4973/18174 [01:27<02:31, 86.86it/s]
[2025-01-04 17:37:54] 27%|██▋       | 4982/18174 [01:27<02:32, 86.65it/s]
[2025-01-04 17:37:55] 27%|██▋       | 4991/18174 [01:27<02:31, 87.03it/s]
[2025-01-04 17:37:55] 28%|██▊       | 5000/18174 [01:27<02:31, 87.13it/s]
[2025-01-04 17:37:55] 28%|██▊       | 5009/18174 [01:27<02:31, 86.72it/s]
[2025-01-04 17:37:55] 28%|██▊       | 5018/18174 [01:27<02:30, 87.42it/s]
[2025-01-04 17:37:55] 28%|██▊       | 5027/18174 [01:27<02:30, 87.11it/s]
[2025-01-04 17:37:56] 28%|██▊       | 5036/18174 [01:27<02:30, 87.29it/s]
[2025-01-04 17:37:56] 28%|██▊       | 5045/18174 [01:28<02:30, 87.28it/s]
[2025-01-04 17:37:56] 28%|██▊       | 5054/18174 [01:28<02:30, 87.00it/s]
[2025-01-04 17:37:56] 28%|██▊       | 5063/18174 [01:28<02:30, 86.86it/s]
[2025-01-04 17:37:56] 28%|██▊       | 5072/18174 [01:28<02:31, 86.71it/s]
[2025-01-04 17:37:57] 28%|██▊       | 5081/18174 [01:28<02:30, 86.89it/s]
[2025-01-04 17:37:57] 28%|██▊       | 5090/18174 [01:28<02:29, 87.50it/s]
[2025-01-04 17:37:57] 28%|██▊       | 5099/18174 [01:28<02:28, 87.77it/s]
[2025-01-04 17:37:57] 28%|██▊       | 5108/18174 [01:28<02:29, 87.35it/s]
[2025-01-04 17:37:57] 28%|██▊       | 5117/18174 [01:28<02:30, 86.77it/s]
[2025-01-04 17:37:58] 28%|██▊       | 5126/18174 [01:28<02:33, 84.83it/s]
[2025-01-04 17:37:58] 28%|██▊       | 5135/18174 [01:29<02:33, 85.04it/s]
[2025-01-04 17:37:58] 28%|██▊       | 5144/18174 [01:29<02:31, 85.75it/s]
[2025-01-04 17:37:58] 28%|██▊       | 5153/18174 [01:29<02:31, 85.91it/s]
[2025-01-04 17:37:58] 28%|██▊       | 5162/18174 [01:29<02:33, 84.86it/s]
[2025-01-04 17:37:59] 28%|██▊       | 5171/18174 [01:29<02:31, 85.85it/s]
[2025-01-04 17:37:59] 29%|██▊       | 5180/18174 [01:29<02:30, 86.53it/s]
[2025-01-04 17:37:59] 29%|██▊       | 5189/18174 [01:29<02:29, 86.69it/s]
[2025-01-04 17:37:59] 29%|██▊       | 5198/18174 [01:29<02:30, 86.32it/s]
[2025-01-04 17:37:59] 29%|██▊       | 5207/18174 [01:29<02:29, 86.66it/s]
[2025-01-04 17:38:00] 29%|██▊       | 5216/18174 [01:36<50:45,  4.25it/s]
[2025-01-04 17:38:00] 29%|██▊       | 5225/18174 [01:36<36:15,  5.95it/s]
[2025-01-04 17:38:00] 29%|██▉       | 5234/18174 [01:36<26:06,  8.26it/s]
[2025-01-04 17:38:00] 29%|██▉       | 5243/18174 [01:37<19:01, 11.33it/s]
[2025-01-04 17:38:00] 29%|██▉       | 5252/18174 [01:37<14:04, 15.30it/s]
[2025-01-04 17:38:01] 29%|██▉       | 5261/18174 [01:37<10:34, 20.36it/s]
[2025-01-04 17:38:01] 29%|██▉       | 5270/18174 [01:37<08:08, 26.41it/s]
[2025-01-04 17:38:01] 29%|██▉       | 5279/18174 [01:37<06:26, 33.33it/s]
[2025-01-04 17:38:01] 29%|██▉       | 5288/18174 [01:37<05:15, 40.82it/s]
[2025-01-04 17:38:01] 29%|██▉       | 5297/18174 [01:37<04:25, 48.47it/s]
[2025-01-04 17:38:02] 29%|██▉       | 5306/18174 [01:37<03:51, 55.61it/s]
[2025-01-04 17:38:02] 29%|██▉       | 5315/18174 [01:37<03:28, 61.62it/s]
[2025-01-04 17:38:02] 29%|██▉       | 5324/18174 [01:37<03:10, 67.57it/s]
[2025-01-04 17:38:02] 29%|██▉       | 5333/18174 [01:38<02:56, 72.72it/s]
[2025-01-04 17:38:02] 29%|██▉       | 5342/18174 [01:38<02:47, 76.81it/s]
[2025-01-04 17:38:03] 29%|██▉       | 5351/18174 [01:38<02:41, 79.60it/s]
[2025-01-04 17:38:03] 29%|██▉       | 5360/18174 [01:38<02:36, 81.72it/s]
[2025-01-04 17:38:03] 30%|██▉       | 5369/18174 [01:38<02:36, 81.81it/s]
[2025-01-04 17:38:03] 30%|██▉       | 5378/18174 [01:38<02:35, 82.35it/s]
[2025-01-04 17:38:03] 30%|██▉       | 5387/18174 [01:38<02:32, 83.69it/s]
[2025-01-04 17:38:04] 30%|██▉       | 5396/18174 [01:38<02:31, 84.50it/s]
[2025-01-04 17:38:04] 30%|██▉       | 5405/18174 [01:38<02:29, 85.45it/s]
[2025-01-04 17:38:04] 30%|██▉       | 5414/18174 [01:39<02:29, 85.53it/s]
[2025-01-04 17:38:04] 30%|██▉       | 5423/18174 [01:39<02:28, 86.14it/s]
[2025-01-04 17:38:04] 30%|██▉       | 5432/18174 [01:39<02:27, 86.57it/s]
[2025-01-04 17:38:05] 30%|██▉       | 5441/18174 [01:39<02:26, 86.67it/s]
[2025-01-04 17:38:05] 30%|██▉       | 5450/18174 [01:39<02:25, 87.15it/s]
[2025-01-04 17:38:05] 30%|███       | 5459/18174 [01:39<02:26, 87.01it/s]
[2025-01-04 17:38:05] 30%|███       | 5468/18174 [01:39<02:26, 86.64it/s]
[2025-01-04 17:38:05] 30%|███       | 5477/18174 [01:39<02:26, 86.87it/s]
[2025-01-04 17:38:06] 30%|███       | 5486/18174 [01:39<02:28, 85.65it/s]
[2025-01-04 17:38:06] 30%|███       | 5495/18174 [01:39<02:28, 85.44it/s]
[2025-01-04 17:38:06] 30%|███       | 5504/18174 [01:40<02:27, 85.76it/s]
[2025-01-04 17:38:06] 30%|███       | 5513/18174 [01:40<02:26, 86.61it/s]
[2025-01-04 17:38:06] 30%|███       | 5522/18174 [01:40<02:24, 87.33it/s]
[2025-01-04 17:38:07] 30%|███       | 5531/18174 [01:40<02:24, 87.35it/s]
[2025-01-04 17:38:07] 30%|███       | 5540/18174 [01:40<02:24, 87.20it/s]
[2025-01-04 17:38:07] 31%|███       | 5549/18174 [01:40<02:26, 86.29it/s]
[2025-01-04 17:38:07] 31%|███       | 5558/18174 [01:40<02:25, 86.52it/s]
[2025-01-04 17:38:07] 31%|███       | 5567/18174 [01:40<02:25, 86.66it/s]
[2025-01-04 17:38:08] 31%|███       | 5576/18174 [01:40<02:25, 86.81it/s]
[2025-01-04 17:38:08] 31%|███       | 5585/18174 [01:40<02:24, 87.02it/s]
[2025-01-04 17:38:08] 31%|███       | 5594/18174 [01:41<02:25, 86.20it/s]
[2025-01-04 17:38:08] 31%|███       | 5603/18174 [01:41<02:30, 83.60it/s]
[2025-01-04 17:38:08] 31%|███       | 5612/18174 [01:41<02:30, 83.71it/s]
[2025-01-04 17:38:09] 31%|███       | 5621/18174 [01:41<02:27, 84.92it/s]
[2025-01-04 17:38:09] 31%|███       | 5631/18174 [01:41<02:24, 86.82it/s]
[2025-01-04 17:38:09] 31%|███       | 5640/18174 [01:41<02:24, 86.90it/s]
[2025-01-04 17:38:09] 31%|███       | 5649/18174 [01:41<02:23, 87.41it/s]
[2025-01-04 17:38:09] 31%|███       | 5658/18174 [01:41<02:23, 87.20it/s]
[2025-01-04 17:38:10] 31%|███       | 5667/18174 [01:41<02:22, 87.50it/s]
[2025-01-04 17:38:10] 31%|███       | 5676/18174 [01:42<02:22, 87.91it/s]
[2025-01-04 17:38:10] 31%|███▏      | 5685/18174 [01:42<02:22, 87.94it/s]
[2025-01-04 17:38:10] 31%|███▏      | 5694/18174 [01:42<02:22, 87.72it/s]
[2025-01-04 17:38:10] 31%|███▏      | 5703/18174 [01:42<02:23, 86.88it/s]
[2025-01-04 17:38:11] 31%|███▏      | 5712/18174 [01:42<02:22, 87.17it/s]
[2025-01-04 17:38:11] 31%|███▏      | 5721/18174 [01:42<02:22, 87.32it/s]
[2025-01-04 17:38:11] 32%|███▏      | 5730/18174 [01:42<02:22, 87.14it/s]
[2025-01-04 17:38:11] 32%|███▏      | 5739/18174 [01:42<02:25, 85.60it/s]
[2025-01-04 17:38:11] 32%|███▏      | 5748/18174 [01:42<02:24, 86.00it/s]
[2025-01-04 17:38:12] 32%|███▏      | 5757/18174 [01:42<02:22, 87.08it/s]
[2025-01-04 17:38:12] 32%|███▏      | 5766/18174 [01:43<02:21, 87.60it/s]
[2025-01-04 17:38:12] 32%|███▏      | 5776/18174 [01:43<02:20, 88.41it/s]
[2025-01-04 17:38:12] 32%|███▏      | 5785/18174 [01:43<02:20, 88.39it/s]
[2025-01-04 17:38:12] 32%|███▏      | 5794/18174 [01:43<02:24, 85.75it/s]
[2025-01-04 17:38:13] 32%|███▏      | 5803/18174 [01:43<02:23, 85.99it/s]
[2025-01-04 17:38:13] 32%|███▏      | 5812/18174 [01:43<02:22, 86.58it/s]
[2025-01-04 17:38:13] 32%|███▏      | 5821/18174 [01:43<02:22, 86.74it/s]
[2025-01-04 17:38:13] 32%|███▏      | 5830/18174 [01:43<02:21, 87.21it/s]
[2025-01-04 17:38:13] 32%|███▏      | 5839/18174 [01:50<49:07,  4.19it/s]
[2025-01-04 17:38:14] 32%|███▏      | 5848/18174 [01:50<35:06,  5.85it/s]
[2025-01-04 17:38:14] 32%|███▏      | 5858/18174 [01:50<24:30,  8.37it/s]
[2025-01-04 17:38:14] 32%|███▏      | 5867/18174 [01:51<18:01, 11.38it/s]
[2025-01-04 17:38:14] 32%|███▏      | 5876/18174 [01:51<13:23, 15.30it/s]
[2025-01-04 17:38:14] 32%|███▏      | 5885/18174 [01:51<10:08, 20.21it/s]
[2025-01-04 17:38:15] 32%|███▏      | 5894/18174 [01:51<07:49, 26.16it/s]
[2025-01-04 17:38:15] 32%|███▏      | 5903/18174 [01:51<06:11, 33.07it/s]
[2025-01-04 17:38:15] 33%|███▎      | 5912/18174 [01:51<05:01, 40.70it/s]
[2025-01-04 17:38:15] 33%|███▎      | 5921/18174 [01:51<04:12, 48.55it/s]
[2025-01-04 17:38:15] 33%|███▎      | 5930/18174 [01:51<03:38, 56.15it/s]
[2025-01-04 17:38:16] 33%|███▎      | 5939/18174 [01:51<03:14, 62.94it/s]
[2025-01-04 17:38:16] 33%|███▎      | 5948/18174 [01:52<02:58, 68.34it/s]
[2025-01-04 17:38:16] 33%|███▎      | 5957/18174 [01:52<02:48, 72.40it/s]
[2025-01-04 17:38:16] 33%|███▎      | 5966/18174 [01:52<02:40, 75.94it/s]
[2025-01-04 17:38:16] 33%|███▎      | 5975/18174 [01:52<02:36, 77.70it/s]
[2025-01-04 17:38:17] 33%|███▎      | 5984/18174 [01:52<02:33, 79.52it/s]
[2025-01-04 17:38:17] 33%|███▎      | 5993/18174 [01:52<02:31, 80.41it/s]
[2025-01-04 17:38:17] 33%|███▎      | 6002/18174 [01:52<02:28, 82.20it/s]
[2025-01-04 17:38:17] 33%|███▎      | 6012/18174 [01:52<02:23, 84.48it/s]
[2025-01-04 17:38:17] 33%|███▎      | 6021/18174 [01:52<02:21, 85.88it/s]
[2025-01-04 17:38:18] 33%|███▎      | 6030/18174 [01:52<02:20, 86.45it/s]
[2025-01-04 17:38:18] 33%|███▎      | 6039/18174 [01:53<02:19, 86.84it/s]
[2025-01-04 17:38:18] 33%|███▎      | 6048/18174 [01:53<02:19, 87.01it/s]
[2025-01-04 17:38:18] 33%|███▎      | 6057/18174 [01:53<02:19, 86.72it/s]
[2025-01-04 17:38:18] 33%|███▎      | 6066/18174 [01:53<02:24, 83.67it/s]
[2025-01-04 17:38:19] 33%|███▎      | 6075/18174 [01:53<02:24, 83.92it/s]
[2025-01-04 17:38:19] 33%|███▎      | 6084/18174 [01:53<02:23, 84.53it/s]
[2025-01-04 17:38:19] 34%|███▎      | 6093/18174 [01:53<02:21, 85.09it/s]
[2025-01-04 17:38:19] 34%|███▎      | 6102/18174 [01:53<02:20, 85.78it/s]
[2025-01-04 17:38:19] 34%|███▎      | 6111/18174 [01:53<02:21, 85.07it/s]
[2025-01-04 17:38:20] 34%|███▎      | 6120/18174 [01:54<02:24, 83.44it/s]
[2025-01-04 17:38:20] 34%|███▎      | 6129/18174 [01:54<02:24, 83.33it/s]
[2025-01-04 17:38:20] 34%|███▍      | 6138/18174 [01:54<02:28, 81.20it/s]
[2025-01-04 17:38:20] 34%|███▍      | 6147/18174 [01:54<02:29, 80.54it/s]
[2025-01-04 17:38:20] 34%|███▍      | 6156/18174 [01:54<02:27, 81.64it/s]
[2025-01-04 17:38:21] 34%|███▍      | 6165/18174 [01:54<02:27, 81.49it/s]
[2025-01-04 17:38:21] 34%|███▍      | 6174/18174 [01:54<02:28, 80.74it/s]
[2025-01-04 17:38:21] 34%|███▍      | 6183/18174 [01:54<02:30, 79.67it/s]
[2025-01-04 17:38:21] 34%|███▍      | 6191/18174 [01:54<02:31, 79.03it/s]
[2025-01-04 17:38:21] 34%|███▍      | 6199/18174 [01:55<02:31, 79.07it/s]
[2025-01-04 17:38:22] 34%|███▍      | 6208/18174 [01:55<02:29, 80.04it/s]
[2025-01-04 17:38:22] 34%|███▍      | 6217/18174 [01:55<02:26, 81.53it/s]
[2025-01-04 17:38:22] 34%|███▍      | 6226/18174 [01:55<02:28, 80.66it/s]
[2025-01-04 17:38:22] 34%|███▍      | 6235/18174 [01:55<02:28, 80.41it/s]
[2025-01-04 17:38:22] 34%|███▍      | 6244/18174 [01:55<02:26, 81.41it/s]
[2025-01-04 17:38:23] 34%|███▍      | 6253/18174 [01:55<02:28, 80.24it/s]
[2025-01-04 17:38:23] 34%|███▍      | 6262/18174 [01:55<02:26, 81.14it/s]
[2025-01-04 17:38:23] 35%|███▍      | 6271/18174 [01:55<02:25, 81.62it/s]
[2025-01-04 17:38:23] 35%|███▍      | 6280/18174 [01:56<02:27, 80.76it/s]
[2025-01-04 17:38:23] 35%|███▍      | 6289/18174 [01:56<02:27, 80.69it/s]
[2025-01-04 17:38:24] 35%|███▍      | 6298/18174 [01:56<02:26, 81.31it/s]
[2025-01-04 17:38:24] 35%|███▍      | 6307/18174 [01:56<02:25, 81.73it/s]
[2025-01-04 17:38:24] 35%|███▍      | 6316/18174 [01:56<02:30, 78.73it/s]
[2025-01-04 17:38:24] 35%|███▍      | 6324/18174 [01:56<02:31, 78.12it/s]
[2025-01-04 17:38:24] 35%|███▍      | 6333/18174 [01:56<02:28, 79.48it/s]
[2025-01-04 17:38:25] 35%|███▍      | 6342/18174 [01:56<02:27, 80.19it/s]
[2025-01-04 17:38:25] 35%|███▍      | 6351/18174 [01:56<02:28, 79.88it/s]
[2025-01-04 17:38:25] 35%|███▍      | 6360/18174 [01:57<02:26, 80.53it/s]
[2025-01-04 17:38:25] 35%|███▌      | 6369/18174 [01:57<02:24, 81.55it/s]
[2025-01-04 17:38:25] 35%|███▌      | 6378/18174 [01:57<02:24, 81.90it/s]
[2025-01-04 17:38:26] 35%|███▌      | 6387/18174 [01:57<02:28, 79.44it/s]
[2025-01-04 17:38:26] 35%|███▌      | 6396/18174 [01:57<02:27, 80.11it/s]
[2025-01-04 17:38:26] 35%|███▌      | 6405/18174 [01:57<02:24, 81.36it/s]
[2025-01-04 17:38:26] 35%|███▌      | 6414/18174 [01:57<02:25, 81.01it/s]
[2025-01-04 17:38:26] 35%|███▌      | 6423/18174 [01:57<02:25, 80.51it/s]
[2025-01-04 17:38:27] 35%|███▌      | 6432/18174 [01:57<02:26, 80.34it/s]
[2025-01-04 17:38:27] 35%|███▌      | 6441/18174 [01:58<02:25, 80.49it/s]
[2025-01-04 17:38:27] 35%|███▌      | 6450/18174 [02:04<44:29,  4.39it/s]
[2025-01-04 17:38:27] 36%|███▌      | 6458/18174 [02:04<32:52,  5.94it/s]
[2025-01-04 17:38:27] 36%|███▌      | 6466/18174 [02:04<24:15,  8.04it/s]
[2025-01-04 17:38:28] 36%|███▌      | 6474/18174 [02:04<17:59, 10.84it/s]
[2025-01-04 17:38:28] 36%|███▌      | 6482/18174 [02:05<13:28, 14.47it/s]
[2025-01-04 17:38:28] 36%|███▌      | 6491/18174 [02:05<09:56, 19.60it/s]
[2025-01-04 17:38:28] 36%|███▌      | 6500/18174 [02:05<07:33, 25.73it/s]
[2025-01-04 17:38:28] 36%|███▌      | 6509/18174 [02:05<05:58, 32.52it/s]
[2025-01-04 17:38:29] 36%|███▌      | 6517/18174 [02:05<04:59, 38.98it/s]
[2025-01-04 17:38:29] 36%|███▌      | 6526/18174 [02:05<04:09, 46.73it/s]
[2025-01-04 17:38:29] 36%|███▌      | 6534/18174 [02:05<03:40, 52.70it/s]
[2025-01-04 17:38:29] 36%|███▌      | 6542/18174 [02:05<03:20, 58.06it/s]
[2025-01-04 17:38:29] 36%|███▌      | 6550/18174 [02:05<03:08, 61.71it/s]
[2025-01-04 17:38:30] 36%|███▌      | 6559/18174 [02:05<02:53, 66.79it/s]
[2025-01-04 17:38:30] 36%|███▌      | 6568/18174 [02:06<02:42, 71.57it/s]
[2025-01-04 17:38:30] 36%|███▌      | 6577/18174 [02:06<02:36, 74.31it/s]
[2025-01-04 17:38:30] 36%|███▌      | 6586/18174 [02:06<02:33, 75.60it/s]
[2025-01-04 17:38:30] 36%|███▋      | 6594/18174 [02:06<02:32, 76.11it/s]
[2025-01-04 17:38:31] 36%|███▋      | 6602/18174 [02:06<02:31, 76.40it/s]
[2025-01-04 17:38:31] 36%|███▋      | 6610/18174 [02:06<02:32, 75.96it/s]
[2025-01-04 17:38:31] 36%|███▋      | 6618/18174 [02:06<02:31, 76.16it/s]
[2025-01-04 17:38:31] 36%|███▋      | 6627/18174 [02:06<02:28, 77.93it/s]
[2025-01-04 17:38:31] 37%|███▋      | 6635/18174 [02:06<02:29, 76.99it/s]
[2025-01-04 17:38:32] 37%|███▋      | 6644/18174 [02:07<02:27, 78.12it/s]
[2025-01-04 17:38:32] 37%|███▋      | 6652/18174 [02:07<02:28, 77.46it/s]
[2025-01-04 17:38:32] 37%|███▋      | 6661/18174 [02:07<02:26, 78.74it/s]
[2025-01-04 17:38:32] 37%|███▋      | 6670/18174 [02:07<02:23, 79.94it/s]
[2025-01-04 17:38:32] 37%|███▋      | 6679/18174 [02:07<02:22, 80.72it/s]
[2025-01-04 17:38:33] 37%|███▋      | 6688/18174 [02:07<02:21, 81.39it/s]
[2025-01-04 17:38:33] 37%|███▋      | 6697/18174 [02:07<02:21, 81.09it/s]
[2025-01-04 17:38:33] 37%|███▋      | 6706/18174 [02:07<02:21, 81.19it/s]
[2025-01-04 17:38:33] 37%|███▋      | 6715/18174 [02:07<02:21, 80.86it/s]
[2025-01-04 17:38:33] 37%|███▋      | 6724/18174 [02:08<02:22, 80.46it/s]
[2025-01-04 17:38:34] 37%|███▋      | 6733/18174 [02:08<02:22, 80.03it/s]
[2025-01-04 17:38:34] 37%|███▋      | 6742/18174 [02:08<02:22, 80.22it/s]
[2025-01-04 17:38:34] 37%|███▋      | 6751/18174 [02:08<02:26, 78.15it/s]
[2025-01-04 17:38:34] 37%|███▋      | 6760/18174 [02:08<02:24, 79.25it/s]
[2025-01-04 17:38:34] 37%|███▋      | 6769/18174 [02:08<02:23, 79.40it/s]
[2025-01-04 17:38:35] 37%|███▋      | 6778/18174 [02:08<02:21, 80.67it/s]
[2025-01-04 17:38:35] 37%|███▋      | 6787/18174 [02:08<02:21, 80.54it/s]
[2025-01-04 17:38:35] 37%|███▋      | 6796/18174 [02:08<02:19, 81.72it/s]
[2025-01-04 17:38:35] 37%|███▋      | 6805/18174 [02:09<02:19, 81.56it/s]
[2025-01-04 17:38:35] 37%|███▋      | 6814/18174 [02:09<02:19, 81.33it/s]
[2025-01-04 17:38:36] 38%|███▊      | 6823/18174 [02:09<02:21, 79.98it/s]
[2025-01-04 17:38:36] 38%|███▊      | 6832/18174 [02:09<02:23, 79.12it/s]
[2025-01-04 17:38:36] 38%|███▊      | 6841/18174 [02:09<02:22, 79.71it/s]
[2025-01-04 17:38:36] 38%|███▊      | 6849/18174 [02:09<02:23, 79.09it/s]
[2025-01-04 17:38:36] 38%|███▊      | 6858/18174 [02:09<02:21, 79.87it/s]
[2025-01-04 17:38:37] 38%|███▊      | 6866/18174 [02:09<02:23, 78.93it/s]
[2025-01-04 17:38:37] 38%|███▊      | 6874/18174 [02:09<02:22, 79.21it/s]
[2025-01-04 17:38:37] 38%|███▊      | 6882/18174 [02:10<02:22, 79.10it/s]
[2025-01-04 17:38:37] 38%|███▊      | 6891/18174 [02:10<02:21, 79.90it/s]
[2025-01-04 17:38:37] 38%|███▊      | 6899/18174 [02:10<02:21, 79.87it/s]
[2025-01-04 17:38:38] 38%|███▊      | 6907/18174 [02:10<02:23, 78.35it/s]
[2025-01-04 17:38:38] 38%|███▊      | 6915/18174 [02:10<02:23, 78.69it/s]
[2025-01-04 17:38:38] 38%|███▊      | 6924/18174 [02:10<02:20, 79.84it/s]
[2025-01-04 17:38:38] 38%|███▊      | 6933/18174 [02:10<02:19, 80.42it/s]
[2025-01-04 17:38:39] 38%|███▊      | 6942/18174 [02:10<02:17, 81.49it/s]
[2025-01-04 17:38:39] 38%|███▊      | 6951/18174 [02:10<02:16, 82.36it/s]
[2025-01-04 17:38:39] 38%|███▊      | 6960/18174 [02:10<02:16, 82.06it/s]
[2025-01-04 17:38:39] 38%|███▊      | 6969/18174 [02:11<02:17, 81.25it/s]
[2025-01-04 17:38:39] 38%|███▊      | 6978/18174 [02:11<02:17, 81.38it/s]
[2025-01-04 17:38:40] 38%|███▊      | 6987/18174 [02:11<02:16, 81.68it/s]
[2025-01-04 17:38:40] 38%|███▊      | 6996/18174 [02:11<02:16, 81.67it/s]
[2025-01-04 17:38:40] 39%|███▊      | 7005/18174 [02:11<02:15, 82.37it/s]
[2025-01-04 17:38:40] 39%|███▊      | 7014/18174 [02:11<02:13, 83.58it/s]
[2025-01-04 17:38:40] 39%|███▊      | 7023/18174 [02:11<02:13, 83.66it/s]
[2025-01-04 17:38:41] 39%|███▊      | 7032/18174 [02:11<02:13, 83.44it/s]
[2025-01-04 17:38:41] 39%|███▊      | 7041/18174 [02:18<41:06,  4.51it/s]
[2025-01-04 17:38:41] 39%|███▉      | 7049/18174 [02:18<30:25,  6.09it/s]
[2025-01-04 17:38:41] 39%|███▉      | 7058/18174 [02:18<21:45,  8.51it/s]
[2025-01-04 17:38:41] 39%|███▉      | 7067/18174 [02:18<15:48, 11.71it/s]
[2025-01-04 17:38:42] 39%|███▉      | 7076/18174 [02:18<11:38, 15.88it/s]
[2025-01-04 17:38:42] 39%|███▉      | 7085/18174 [02:18<08:45, 21.10it/s]
[2025-01-04 17:38:42] 39%|███▉      | 7094/18174 [02:18<06:45, 27.33it/s]
[2025-01-04 17:38:42] 39%|███▉      | 7103/18174 [02:18<05:21, 34.44it/s]
[2025-01-04 17:38:42] 39%|███▉      | 7112/18174 [02:19<04:26, 41.53it/s]
[2025-01-04 17:38:43] 39%|███▉      | 7121/18174 [02:19<03:49, 48.16it/s]
[2025-01-04 17:38:43] 39%|███▉      | 7130/18174 [02:19<03:22, 54.59it/s]
[2025-01-04 17:38:43] 39%|███▉      | 7139/18174 [02:19<03:05, 59.57it/s]
[2025-01-04 17:38:43] 39%|███▉      | 7147/18174 [02:19<02:52, 64.08it/s]
[2025-01-04 17:38:43] 39%|███▉      | 7156/18174 [02:19<02:40, 68.82it/s]
[2025-01-04 17:38:44] 39%|███▉      | 7165/18174 [02:19<02:32, 72.33it/s]
[2025-01-04 17:38:44] 39%|███▉      | 7174/18174 [02:19<02:29, 73.65it/s]
[2025-01-04 17:38:44] 40%|███▉      | 7182/18174 [02:20<02:28, 73.98it/s]
[2025-01-04 17:38:44] 40%|███▉      | 7190/18174 [02:20<02:28, 74.04it/s]
[2025-01-04 17:38:44] 40%|███▉      | 7199/18174 [02:20<02:23, 76.42it/s]
[2025-01-04 17:38:45] 40%|███▉      | 7207/18174 [02:20<02:22, 77.06it/s]
[2025-01-04 17:38:45] 40%|███▉      | 7216/18174 [02:20<02:20, 78.18it/s]
[2025-01-04 17:38:45] 40%|███▉      | 7224/18174 [02:20<02:20, 78.05it/s]
[2025-01-04 17:38:45] 40%|███▉      | 7233/18174 [02:20<02:17, 79.56it/s]
[2025-01-04 17:38:45] 40%|███▉      | 7242/18174 [02:20<02:25, 75.08it/s]
[2025-01-04 17:38:46] 40%|███▉      | 7250/18174 [02:20<02:24, 75.81it/s]
[2025-01-04 17:38:46] 40%|███▉      | 7259/18174 [02:20<02:20, 77.65it/s]
[2025-01-04 17:38:46] 40%|███▉      | 7267/18174 [02:21<02:20, 77.78it/s]
[2025-01-04 17:38:46] 40%|████      | 7275/18174 [02:21<02:19, 78.12it/s]
[2025-01-04 17:38:46] 40%|████      | 7284/18174 [02:21<02:18, 78.75it/s]
[2025-01-04 17:38:47] 40%|████      | 7293/18174 [02:21<02:15, 80.11it/s]
[2025-01-04 17:38:47] 40%|████      | 7302/18174 [02:21<02:14, 80.96it/s]
[2025-01-04 17:38:47] 40%|████      | 7311/18174 [02:21<02:11, 82.43it/s]
[2025-01-04 17:38:47] 40%|████      | 7320/18174 [02:21<02:12, 81.97it/s]
[2025-01-04 17:38:47] 40%|████      | 7329/18174 [02:21<02:10, 82.94it/s]
[2025-01-04 17:38:48] 40%|████      | 7338/18174 [02:21<02:08, 84.41it/s]
[2025-01-04 17:38:48] 40%|████      | 7347/18174 [02:22<02:07, 85.18it/s]
[2025-01-04 17:38:48] 40%|████      | 7356/18174 [02:22<02:07, 84.98it/s]
[2025-01-04 17:38:48] 41%|████      | 7365/18174 [02:22<02:06, 85.56it/s]
[2025-01-04 17:38:48] 41%|████      | 7374/18174 [02:22<02:06, 85.10it/s]
[2025-01-04 17:38:49] 41%|████      | 7383/18174 [02:22<02:06, 85.47it/s]
[2025-01-04 17:38:49] 41%|████      | 7392/18174 [02:22<02:05, 85.95it/s]
[2025-01-04 17:38:49] 41%|████      | 7401/18174 [02:22<02:04, 86.21it/s]
[2025-01-04 17:38:49] 41%|████      | 7410/18174 [02:22<02:05, 86.08it/s]
[2025-01-04 17:38:49] 41%|████      | 7419/18174 [02:22<02:04, 86.06it/s]
[2025-01-04 17:38:50] 41%|████      | 7428/18174 [02:22<02:05, 85.90it/s]
[2025-01-04 17:38:50] 41%|████      | 7437/18174 [02:23<02:05, 85.84it/s]
[2025-01-04 17:38:50] 41%|████      | 7446/18174 [02:23<02:04, 86.48it/s]
[2025-01-04 17:38:50] 41%|████      | 7455/18174 [02:23<02:05, 85.42it/s]
[2025-01-04 17:38:50] 41%|████      | 7464/18174 [02:23<02:06, 84.99it/s]
[2025-01-04 17:38:51] 41%|████      | 7473/18174 [02:23<02:05, 85.48it/s]
[2025-01-04 17:38:51] 41%|████      | 7482/18174 [02:23<02:04, 85.94it/s]
[2025-01-04 17:38:51] 41%|████      | 7491/18174 [02:23<02:03, 86.18it/s]
[2025-01-04 17:38:51] 41%|████▏     | 7500/18174 [02:23<02:03, 86.43it/s]
[2025-01-04 17:38:51] 41%|████▏     | 7509/18174 [02:23<02:02, 86.87it/s]
[2025-01-04 17:38:52] 41%|████▏     | 7518/18174 [02:24<02:03, 86.14it/s]
[2025-01-04 17:38:52] 41%|████▏     | 7527/18174 [02:24<02:07, 83.69it/s]
[2025-01-04 17:38:52] 41%|████▏     | 7536/18174 [02:24<02:07, 83.64it/s]
[2025-01-04 17:38:52] 42%|████▏     | 7545/18174 [02:24<02:11, 80.95it/s]
[2025-01-04 17:38:52] 42%|████▏     | 7554/18174 [02:24<02:10, 81.65it/s]
[2025-01-04 17:38:53] 42%|████▏     | 7563/18174 [02:24<02:06, 83.56it/s]
[2025-01-04 17:38:53] 42%|████▏     | 7572/18174 [02:24<02:05, 84.40it/s]
[2025-01-04 17:38:53] 42%|████▏     | 7581/18174 [02:24<02:08, 82.34it/s]
[2025-01-04 17:38:53] 42%|████▏     | 7590/18174 [02:24<02:10, 81.10it/s]
[2025-01-04 17:38:53] 42%|████▏     | 7599/18174 [02:25<02:08, 82.38it/s]
[2025-01-04 17:38:54] 42%|████▏     | 7608/18174 [02:25<02:07, 82.83it/s]
[2025-01-04 17:38:54] 42%|████▏     | 7617/18174 [02:25<02:05, 84.05it/s]
[2025-01-04 17:38:54] 42%|████▏     | 7626/18174 [02:25<02:05, 83.89it/s]
[2025-01-04 17:38:54] 42%|████▏     | 7635/18174 [02:31<39:41,  4.42it/s]
[2025-01-04 17:38:54] 42%|████▏     | 7644/18174 [02:31<28:24,  6.18it/s]
[2025-01-04 17:38:55] 42%|████▏     | 7652/18174 [02:32<21:13,  8.26it/s]
[2025-01-04 17:38:55] 42%|████▏     | 7661/18174 [02:32<15:20, 11.42it/s]
[2025-01-04 17:38:55] 42%|████▏     | 7670/18174 [02:32<11:19, 15.46it/s]
[2025-01-04 17:38:55] 42%|████▏     | 7679/18174 [02:32<08:29, 20.58it/s]
[2025-01-04 17:38:55] 42%|████▏     | 7688/18174 [02:32<06:32, 26.70it/s]
[2025-01-04 17:38:56] 42%|████▏     | 7697/18174 [02:32<05:11, 33.60it/s]
[2025-01-04 17:38:56] 42%|████▏     | 7706/18174 [02:32<04:16, 40.77it/s]
[2025-01-04 17:38:56] 42%|████▏     | 7715/18174 [02:32<03:37, 47.98it/s]
[2025-01-04 17:38:56] 43%|████▎     | 7724/18174 [02:32<03:09, 55.08it/s]
[2025-01-04 17:38:56] 43%|████▎     | 7733/18174 [02:33<02:52, 60.54it/s]
[2025-01-04 17:38:57] 43%|████▎     | 7742/18174 [02:33<02:44, 63.45it/s]
[2025-01-04 17:38:57] 43%|████▎     | 7750/18174 [02:33<02:40, 64.95it/s]
[2025-01-04 17:38:57] 43%|████▎     | 7758/18174 [02:33<02:38, 65.57it/s]
[2025-01-04 17:38:57] 43%|████▎     | 7767/18174 [02:33<02:29, 69.65it/s]
[2025-01-04 17:38:57] 43%|████▎     | 7776/18174 [02:33<02:22, 73.15it/s]
[2025-01-04 17:38:58] 43%|████▎     | 7784/18174 [02:33<02:20, 74.00it/s]
[2025-01-04 17:38:58] 43%|████▎     | 7793/18174 [02:33<02:16, 75.91it/s]
[2025-01-04 17:38:58] 43%|████▎     | 7802/18174 [02:33<02:13, 77.49it/s]
[2025-01-04 17:38:58] 43%|████▎     | 7811/18174 [02:34<02:11, 78.85it/s]
[2025-01-04 17:38:58] 43%|████▎     | 7820/18174 [02:34<02:10, 79.49it/s]
[2025-01-04 17:38:59] 43%|████▎     | 7829/18174 [02:34<02:10, 79.17it/s]
[2025-01-04 17:38:59] 43%|████▎     | 7837/18174 [02:34<02:11, 78.67it/s]
[2025-01-04 17:38:59] 43%|████▎     | 7846/18174 [02:34<02:08, 80.52it/s]
[2025-01-04 17:38:59] 43%|████▎     | 7855/18174 [02:34<02:06, 81.87it/s]
[2025-01-04 17:38:59] 43%|████▎     | 7864/18174 [02:34<02:04, 83.10it/s]
[2025-01-04 17:39:00] 43%|████▎     | 7873/18174 [02:34<02:02, 84.03it/s]
[2025-01-04 17:39:00] 43%|████▎     | 7882/18174 [02:34<02:01, 84.52it/s]
[2025-01-04 17:39:00] 43%|████▎     | 7891/18174 [02:35<02:01, 84.74it/s]
[2025-01-04 17:39:00] 43%|████▎     | 7900/18174 [02:35<02:01, 84.62it/s]
[2025-01-04 17:39:00] 44%|████▎     | 7909/18174 [02:35<02:01, 84.37it/s]
[2025-01-04 17:39:01] 44%|████▎     | 7918/18174 [02:35<02:02, 83.73it/s]
[2025-01-04 17:39:01] 44%|████▎     | 7927/18174 [02:35<02:02, 83.76it/s]
[2025-01-04 17:39:01] 44%|████▎     | 7936/18174 [02:35<02:04, 82.37it/s]
[2025-01-04 17:39:01] 44%|████▎     | 7945/18174 [02:35<02:04, 82.14it/s]
[2025-01-04 17:39:01] 44%|████▍     | 7954/18174 [02:35<02:03, 82.50it/s]
[2025-01-04 17:39:02] 44%|████▍     | 7963/18174 [02:35<02:01, 83.82it/s]
[2025-01-04 17:39:02] 44%|████▍     | 7972/18174 [02:36<01:59, 85.30it/s]
[2025-01-04 17:39:02] 44%|████▍     | 7981/18174 [02:36<01:59, 85.50it/s]
[2025-01-04 17:39:02] 44%|████▍     | 7990/18174 [02:36<02:02, 82.88it/s]
[2025-01-04 17:39:02] 44%|████▍     | 7999/18174 [02:36<02:08, 79.20it/s]
[2025-01-04 17:39:03] 44%|████▍     | 8007/18174 [02:36<02:08, 79.27it/s]
[2025-01-04 17:39:03] 44%|████▍     | 8016/18174 [02:36<02:05, 80.71it/s]
[2025-01-04 17:39:03] 44%|████▍     | 8025/18174 [02:36<02:03, 81.90it/s]
[2025-01-04 17:39:03] 44%|████▍     | 8034/18174 [02:36<02:03, 82.33it/s]
[2025-01-04 17:39:03] 44%|████▍     | 8043/18174 [02:36<02:01, 83.09it/s]
[2025-01-04 17:39:04] 44%|████▍     | 8052/18174 [02:37<02:00, 83.99it/s]
[2025-01-04 17:39:04] 44%|████▍     | 8061/18174 [02:37<02:00, 83.78it/s]
[2025-01-04 17:39:04] 44%|████▍     | 8070/18174 [02:37<02:00, 84.19it/s]
[2025-01-04 17:39:04] 44%|████▍     | 8079/18174 [02:37<01:58, 84.94it/s]
[2025-01-04 17:39:04] 45%|████▍     | 8088/18174 [02:37<01:57, 85.59it/s]
[2025-01-04 17:39:05] 45%|████▍     | 8097/18174 [02:37<01:56, 86.27it/s]
[2025-01-04 17:39:05] 45%|████▍     | 8106/18174 [02:37<01:56, 86.36it/s]
[2025-01-04 17:39:05] 45%|████▍     | 8115/18174 [02:37<01:56, 86.28it/s]
[2025-01-04 17:39:05] 45%|████▍     | 8124/18174 [02:37<01:56, 86.07it/s]
[2025-01-04 17:39:05] 45%|████▍     | 8133/18174 [02:37<01:57, 85.73it/s]
[2025-01-04 17:39:06] 45%|████▍     | 8142/18174 [02:38<01:56, 86.05it/s]
[2025-01-04 17:39:06] 45%|████▍     | 8151/18174 [02:38<01:55, 86.85it/s]
[2025-01-04 17:39:06] 45%|████▍     | 8160/18174 [02:38<01:55, 86.94it/s]
[2025-01-04 17:39:06] 45%|████▍     | 8169/18174 [02:38<01:56, 85.54it/s]
[2025-01-04 17:39:06] 45%|████▍     | 8178/18174 [02:38<01:56, 85.72it/s]
[2025-01-04 17:39:07] 45%|████▌     | 8187/18174 [02:38<01:56, 85.74it/s]
[2025-01-04 17:39:07] 45%|████▌     | 8196/18174 [02:38<01:55, 86.31it/s]
[2025-01-04 17:39:07] 45%|████▌     | 8205/18174 [02:38<01:54, 87.06it/s]
[2025-01-04 17:39:07] 45%|████▌     | 8214/18174 [02:38<01:53, 87.55it/s]
[2025-01-04 17:39:07] 45%|████▌     | 8223/18174 [02:45<36:54,  4.49it/s]
[2025-01-04 17:39:08] 45%|████▌     | 8232/18174 [02:45<26:22,  6.28it/s]
[2025-01-04 17:39:08] 45%|████▌     | 8241/18174 [02:45<19:00,  8.71it/s]
[2025-01-04 17:39:08] 45%|████▌     | 8250/18174 [02:45<13:52, 11.92it/s]
[2025-01-04 17:39:08] 45%|████▌     | 8259/18174 [02:45<10:17, 16.06it/s]
[2025-01-04 17:39:08] 45%|████▌     | 8268/18174 [02:45<07:46, 21.22it/s]
[2025-01-04 17:39:09] 46%|████▌     | 8277/18174 [02:45<05:59, 27.50it/s]
[2025-01-04 17:39:09] 46%|████▌     | 8286/18174 [02:46<04:45, 34.62it/s]
[2025-01-04 17:39:09] 46%|████▌     | 8295/18174 [02:46<03:54, 42.15it/s]
[2025-01-04 17:39:09] 46%|████▌     | 8304/18174 [02:46<03:18, 49.82it/s]
[2025-01-04 17:39:09] 46%|████▌     | 8313/18174 [02:46<02:53, 56.77it/s]
[2025-01-04 17:39:10] 46%|████▌     | 8322/18174 [02:46<02:42, 60.61it/s]
[2025-01-04 17:39:10] 46%|████▌     | 8331/18174 [02:46<02:30, 65.44it/s]
[2025-01-04 17:39:10] 46%|████▌     | 8340/18174 [02:46<02:21, 69.73it/s]
[2025-01-04 17:39:10] 46%|████▌     | 8349/18174 [02:46<02:12, 74.00it/s]
[2025-01-04 17:39:10] 46%|████▌     | 8358/18174 [02:46<02:08, 76.54it/s]
[2025-01-04 17:39:11] 46%|████▌     | 8367/18174 [02:47<02:14, 72.89it/s]
[2025-01-04 17:39:11] 46%|████▌     | 8376/18174 [02:47<02:08, 76.53it/s]
[2025-01-04 17:39:11] 46%|████▌     | 8385/18174 [02:47<02:05, 78.17it/s]
[2025-01-04 17:39:11] 46%|████▌     | 8394/18174 [02:47<02:04, 78.58it/s]
[2025-01-04 17:39:11] 46%|████▌     | 8403/18174 [02:47<02:00, 81.04it/s]
[2025-01-04 17:39:12] 46%|████▋     | 8412/18174 [02:47<01:58, 82.31it/s]
[2025-01-04 17:39:12] 46%|████▋     | 8421/18174 [02:47<01:57, 82.93it/s]
[2025-01-04 17:39:12] 46%|████▋     | 8430/18174 [02:47<01:56, 83.92it/s]
[2025-01-04 17:39:12] 46%|████▋     | 8439/18174 [02:47<01:54, 84.92it/s]
[2025-01-04 17:39:12] 46%|████▋     | 8448/18174 [02:48<01:54, 85.31it/s]
[2025-01-04 17:39:13] 47%|████▋     | 8457/18174 [02:48<01:54, 85.02it/s]
[2025-01-04 17:39:13] 47%|████▋     | 8466/18174 [02:48<01:53, 85.47it/s]
[2025-01-04 17:39:13] 47%|████▋     | 8475/18174 [02:48<01:53, 85.58it/s]
[2025-01-04 17:39:13] 47%|████▋     | 8484/18174 [02:48<01:53, 85.56it/s]
[2025-01-04 17:39:13] 47%|████▋     | 8493/18174 [02:48<01:52, 86.17it/s]
[2025-01-04 17:39:14] 47%|████▋     | 8502/18174 [02:48<01:51, 86.79it/s]
[2025-01-04 17:39:14] 47%|████▋     | 8511/18174 [02:48<01:51, 86.82it/s]
[2025-01-04 17:39:14] 47%|████▋     | 8520/18174 [02:48<01:51, 86.64it/s]
[2025-01-04 17:39:14] 47%|████▋     | 8529/18174 [02:48<01:51, 86.55it/s]
[2025-01-04 17:39:14] 47%|████▋     | 8538/18174 [02:49<01:52, 85.92it/s]
[2025-01-04 17:39:15] 47%|████▋     | 8547/18174 [02:49<01:52, 85.20it/s]
[2025-01-04 17:39:15] 47%|████▋     | 8556/18174 [02:49<01:52, 85.59it/s]
[2025-01-04 17:39:15] 47%|████▋     | 8565/18174 [02:49<01:53, 84.37it/s]
[2025-01-04 17:39:15] 47%|████▋     | 8574/18174 [02:49<01:53, 84.66it/s]
[2025-01-04 17:39:15] 47%|████▋     | 8583/18174 [02:49<01:52, 85.29it/s]
[2025-01-04 17:39:16] 47%|████▋     | 8592/18174 [02:49<01:52, 85.38it/s]
[2025-01-04 17:39:16] 47%|████▋     | 8601/18174 [02:49<01:53, 84.38it/s]
[2025-01-04 17:39:16] 47%|████▋     | 8610/18174 [02:49<01:52, 84.86it/s]
[2025-01-04 17:39:16] 47%|████▋     | 8619/18174 [02:50<01:52, 84.87it/s]
[2025-01-04 17:39:16] 47%|████▋     | 8628/18174 [02:50<01:51, 85.24it/s]
[2025-01-04 17:39:17] 48%|████▊     | 8637/18174 [02:50<01:51, 85.88it/s]
[2025-01-04 17:39:17] 48%|████▊     | 8646/18174 [02:50<01:51, 85.29it/s]
[2025-01-04 17:39:17] 48%|████▊     | 8655/18174 [02:50<01:52, 84.95it/s]
[2025-01-04 17:39:17] 48%|████▊     | 8664/18174 [02:50<01:51, 85.26it/s]
[2025-01-04 17:39:17] 48%|████▊     | 8673/18174 [02:50<01:50, 85.85it/s]
[2025-01-04 17:39:18] 48%|████▊     | 8682/18174 [02:50<01:50, 86.01it/s]
[2025-01-04 17:39:18] 48%|████▊     | 8691/18174 [02:50<01:51, 85.08it/s]
[2025-01-04 17:39:18] 48%|████▊     | 8700/18174 [02:50<01:50, 85.74it/s]
[2025-01-04 17:39:18] 48%|████▊     | 8709/18174 [02:51<01:51, 85.14it/s]
[2025-01-04 17:39:18] 48%|████▊     | 8718/18174 [02:51<01:53, 83.26it/s]
[2025-01-04 17:39:19] 48%|████▊     | 8727/18174 [02:51<01:54, 82.50it/s]
[2025-01-04 17:39:19] 48%|████▊     | 8736/18174 [02:51<01:54, 82.24it/s]
[2025-01-04 17:39:19] 48%|████▊     | 8745/18174 [02:51<01:52, 83.52it/s]
[2025-01-04 17:39:19] 48%|████▊     | 8754/18174 [02:51<02:09, 72.82it/s]
[2025-01-04 17:39:19] 48%|████▊     | 8763/18174 [02:51<02:04, 75.82it/s]
[2025-01-04 17:39:20] 48%|████▊     | 8772/18174 [02:51<02:00, 78.22it/s]
[2025-01-04 17:39:20] 48%|████▊     | 8781/18174 [02:51<01:59, 78.59it/s]
[2025-01-04 17:39:20] 48%|████▊     | 8790/18174 [02:52<01:58, 79.01it/s]
[2025-01-04 17:39:20] 48%|████▊     | 8798/18174 [02:52<01:59, 78.57it/s]
[2025-01-04 17:39:20] 48%|████▊     | 8806/18174 [02:52<02:00, 77.74it/s]
[2025-01-04 17:39:21] 48%|████▊     | 8814/18174 [02:58<36:20,  4.29it/s]
[2025-01-04 17:39:21] 49%|████▊     | 8823/18174 [02:58<25:24,  6.13it/s]
[2025-01-04 17:39:21] 49%|████▊     | 8832/18174 [02:58<18:02,  8.63it/s]
[2025-01-04 17:39:21] 49%|████▊     | 8841/18174 [02:58<13:01, 11.94it/s]
[2025-01-04 17:39:21] 49%|████▊     | 8850/18174 [02:58<09:37, 16.15it/s]
[2025-01-04 17:39:22] 49%|████▊     | 8859/18174 [02:59<07:13, 21.47it/s]
[2025-01-04 17:39:22] 49%|████▉     | 8868/18174 [02:59<05:35, 27.72it/s]
[2025-01-04 17:39:22] 49%|████▉     | 8877/18174 [02:59<04:27, 34.76it/s]
[2025-01-04 17:39:22] 49%|████▉     | 8886/18174 [02:59<03:41, 42.02it/s]
[2025-01-04 17:39:22] 49%|████▉     | 8895/18174 [02:59<03:06, 49.68it/s]
[2025-01-04 17:39:23] 49%|████▉     | 8904/18174 [02:59<02:42, 57.06it/s]
[2025-01-04 17:39:23] 49%|████▉     | 8913/18174 [02:59<02:25, 63.58it/s]
[2025-01-04 17:39:23] 49%|████▉     | 8922/18174 [02:59<02:16, 67.85it/s]
[2025-01-04 17:39:23] 49%|████▉     | 8931/18174 [02:59<02:07, 72.43it/s]
[2025-01-04 17:39:23] 49%|████▉     | 8940/18174 [03:00<02:01, 75.87it/s]
[2025-01-04 17:39:24] 49%|████▉     | 8949/18174 [03:00<01:56, 79.06it/s]
[2025-01-04 17:39:24] 49%|████▉     | 8958/18174 [03:00<02:01, 76.06it/s]
[2025-01-04 17:39:24] 49%|████▉     | 8967/18174 [03:00<02:00, 76.72it/s]
[2025-01-04 17:39:24] 49%|████▉     | 8976/18174 [03:00<01:59, 76.79it/s]
[2025-01-04 17:39:24] 49%|████▉     | 8984/18174 [03:00<02:00, 76.09it/s]
[2025-01-04 17:39:25] 49%|████▉     | 8992/18174 [03:00<02:00, 76.03it/s]
[2025-01-04 17:39:25] 50%|████▉     | 9001/18174 [03:00<01:58, 77.72it/s]
[2025-01-04 17:39:25] 50%|████▉     | 9010/18174 [03:00<01:53, 80.46it/s]
[2025-01-04 17:39:25] 50%|████▉     | 9020/18174 [03:01<01:49, 83.42it/s]
[2025-01-04 17:39:25] 50%|████▉     | 9029/18174 [03:01<01:51, 82.05it/s]
[2025-01-04 17:39:26] 50%|████▉     | 9038/18174 [03:01<01:52, 81.14it/s]
[2025-01-04 17:39:26] 50%|████▉     | 9047/18174 [03:01<02:01, 75.32it/s]
[2025-01-04 17:39:26] 50%|████▉     | 9055/18174 [03:01<02:03, 73.72it/s]
[2025-01-04 17:39:26] 50%|████▉     | 9063/18174 [03:01<02:02, 74.21it/s]
[2025-01-04 17:39:26] 50%|████▉     | 9071/18174 [03:01<02:01, 74.76it/s]
[2025-01-04 17:39:27] 50%|████▉     | 9079/18174 [03:01<02:01, 75.06it/s]
[2025-01-04 17:39:27] 50%|█████     | 9087/18174 [03:01<02:00, 75.28it/s]
[2025-01-04 17:39:27] 50%|█████     | 9095/18174 [03:02<02:00, 75.47it/s]
[2025-01-04 17:39:27] 50%|█████     | 9103/18174 [03:02<02:05, 72.39it/s]
[2025-01-04 17:39:27] 50%|█████     | 9111/18174 [03:02<02:08, 70.66it/s]
[2025-01-04 17:39:28] 50%|█████     | 9119/18174 [03:02<02:11, 68.69it/s]
[2025-01-04 17:39:28] 50%|█████     | 9126/18174 [03:02<02:12, 68.12it/s]
[2025-01-04 17:39:28] 50%|█████     | 9133/18174 [03:02<02:13, 67.62it/s]
[2025-01-04 17:39:28] 50%|█████     | 9140/18174 [03:02<02:14, 66.96it/s]
[2025-01-04 17:39:28] 50%|█████     | 9147/18174 [03:02<02:16, 65.99it/s]
[2025-01-04 17:39:29] 50%|█████     | 9154/18174 [03:02<02:14, 66.82it/s]
[2025-01-04 17:39:29] 50%|█████     | 9162/18174 [03:03<02:10, 69.28it/s]
[2025-01-04 17:39:29] 50%|█████     | 9170/18174 [03:03<02:05, 71.49it/s]
[2025-01-04 17:39:29] 51%|█████     | 9178/18174 [03:03<02:03, 72.89it/s]
[2025-01-04 17:39:29] 51%|█████     | 9186/18174 [03:03<02:02, 73.35it/s]
[2025-01-04 17:39:30] 51%|█████     | 9194/18174 [03:03<02:02, 73.05it/s]
[2025-01-04 17:39:30] 51%|█████     | 9202/18174 [03:03<02:03, 72.90it/s]
[2025-01-04 17:39:30] 51%|█████     | 9210/18174 [03:03<02:03, 72.43it/s]
[2025-01-04 17:39:30] 51%|█████     | 9218/18174 [03:03<02:04, 72.21it/s]
[2025-01-04 17:39:30] 51%|█████     | 9226/18174 [03:03<02:02, 72.87it/s]
[2025-01-04 17:39:31] 51%|█████     | 9234/18174 [03:04<02:01, 73.84it/s]
[2025-01-04 17:39:31] 51%|█████     | 9242/18174 [03:04<02:00, 74.43it/s]
[2025-01-04 17:39:31] 51%|█████     | 9251/18174 [03:04<01:56, 76.92it/s]
[2025-01-04 17:39:31] 51%|█████     | 9260/18174 [03:04<01:53, 78.74it/s]
[2025-01-04 17:39:31] 51%|█████     | 9269/18174 [03:04<01:51, 80.22it/s]
[2025-01-04 17:39:32] 51%|█████     | 9278/18174 [03:04<01:48, 82.34it/s]
[2025-01-04 17:39:32] 51%|█████     | 9287/18174 [03:04<01:45, 84.10it/s]
[2025-01-04 17:39:32] 51%|█████     | 9296/18174 [03:04<01:45, 84.08it/s]
[2025-01-04 17:39:32] 51%|█████     | 9305/18174 [03:04<01:49, 81.04it/s]
[2025-01-04 17:39:32] 51%|█████     | 9314/18174 [03:04<01:50, 80.22it/s]
[2025-01-04 17:39:33] 51%|█████▏    | 9323/18174 [03:05<01:50, 79.84it/s]
[2025-01-04 17:39:33] 51%|█████▏    | 9332/18174 [03:05<01:51, 79.27it/s]
[2025-01-04 17:39:33] 51%|█████▏    | 9340/18174 [03:05<01:54, 77.22it/s]
[2025-01-04 17:39:33] 51%|█████▏    | 9348/18174 [03:05<01:59, 74.16it/s]
[2025-01-04 17:39:33] 51%|█████▏    | 9356/18174 [03:05<01:56, 75.44it/s]
[2025-01-04 17:39:34] 52%|█████▏    | 9364/18174 [03:11<34:40,  4.23it/s]
[2025-01-04 17:39:34] 52%|█████▏    | 9373/18174 [03:11<24:07,  6.08it/s]
[2025-01-04 17:39:34] 52%|█████▏    | 9382/18174 [03:11<17:05,  8.58it/s]
[2025-01-04 17:39:34] 52%|█████▏    | 9391/18174 [03:12<12:18, 11.89it/s]
[2025-01-04 17:39:34] 52%|█████▏    | 9400/18174 [03:12<09:02, 16.16it/s]
[2025-01-04 17:39:35] 52%|█████▏    | 9409/18174 [03:12<06:47, 21.51it/s]
[2025-01-04 17:39:35] 52%|█████▏    | 9418/18174 [03:12<05:14, 27.83it/s]
[2025-01-04 17:39:35] 52%|█████▏    | 9427/18174 [03:12<04:09, 35.12it/s]
[2025-01-04 17:39:35] 52%|█████▏    | 9436/18174 [03:12<03:23, 42.98it/s]
[2025-01-04 17:39:35] 52%|█████▏    | 9445/18174 [03:12<02:51, 50.99it/s]
[2025-01-04 17:39:36] 52%|█████▏    | 9454/18174 [03:12<02:28, 58.55it/s]
[2025-01-04 17:39:36] 52%|█████▏    | 9463/18174 [03:12<02:13, 65.35it/s]
[2025-01-04 17:39:36] 52%|█████▏    | 9472/18174 [03:12<02:02, 70.93it/s]
[2025-01-04 17:39:36] 52%|█████▏    | 9482/18174 [03:13<01:54, 76.13it/s]
[2025-01-04 17:39:36] 52%|█████▏    | 9492/18174 [03:13<01:48, 80.15it/s]
[2025-01-04 17:39:37] 52%|█████▏    | 9501/18174 [03:13<01:47, 81.01it/s]
[2025-01-04 17:39:37] 52%|█████▏    | 9510/18174 [03:13<01:46, 80.99it/s]
[2025-01-04 17:39:37] 52%|█████▏    | 9519/18174 [03:13<01:44, 82.66it/s]
[2025-01-04 17:39:37] 52%|█████▏    | 9528/18174 [03:13<01:43, 83.86it/s]
[2025-01-04 17:39:37] 52%|█████▏    | 9537/18174 [03:13<01:41, 84.85it/s]
[2025-01-04 17:39:38] 53%|█████▎    | 9546/18174 [03:13<01:41, 85.14it/s]
[2025-01-04 17:39:38] 53%|█████▎    | 9555/18174 [03:13<01:41, 84.78it/s]
[2025-01-04 17:39:38] 53%|█████▎    | 9564/18174 [03:14<01:40, 85.47it/s]
[2025-01-04 17:39:38] 53%|█████▎    | 9573/18174 [03:14<01:39, 86.40it/s]
[2025-01-04 17:39:38] 53%|█████▎    | 9582/18174 [03:14<01:38, 87.27it/s]
[2025-01-04 17:39:39] 53%|█████▎    | 9591/18174 [03:14<01:38, 86.81it/s]
[2025-01-04 17:39:39] 53%|█████▎    | 9600/18174 [03:14<01:38, 86.96it/s]
[2025-01-04 17:39:39] 53%|█████▎    | 9609/18174 [03:14<01:37, 87.66it/s]
[2025-01-04 17:39:39] 53%|█████▎    | 9618/18174 [03:14<01:37, 87.80it/s]
[2025-01-04 17:39:39] 53%|█████▎    | 9627/18174 [03:14<01:36, 88.26it/s]
[2025-01-04 17:39:40] 53%|█████▎    | 9636/18174 [03:14<01:37, 87.98it/s]
[2025-01-04 17:39:40] 53%|█████▎    | 9645/18174 [03:14<01:36, 88.11it/s]
[2025-01-04 17:39:40] 53%|█████▎    | 9654/18174 [03:15<01:36, 88.15it/s]
[2025-01-04 17:39:40] 53%|█████▎    | 9663/18174 [03:15<01:36, 87.86it/s]
[2025-01-04 17:39:40] 53%|█████▎    | 9672/18174 [03:15<01:38, 86.43it/s]
[2025-01-04 17:39:41] 53%|█████▎    | 9681/18174 [03:15<01:39, 85.18it/s]
[2025-01-04 17:39:41] 53%|█████▎    | 9690/18174 [03:15<01:38, 86.18it/s]
[2025-01-04 17:39:41] 53%|█████▎    | 9699/18174 [03:15<01:38, 86.45it/s]
[2025-01-04 17:39:41] 53%|█████▎    | 9708/18174 [03:15<01:36, 87.30it/s]
[2025-01-04 17:39:41] 53%|█████▎    | 9717/18174 [03:15<01:36, 87.91it/s]
[2025-01-04 17:39:42] 54%|█████▎    | 9726/18174 [03:15<01:35, 88.46it/s]
[2025-01-04 17:39:42] 54%|█████▎    | 9735/18174 [03:16<01:35, 88.34it/s]
[2025-01-04 17:39:42] 54%|█████▎    | 9744/18174 [03:16<01:35, 88.23it/s]
[2025-01-04 17:39:42] 54%|█████▎    | 9753/18174 [03:16<01:35, 88.33it/s]
[2025-01-04 17:39:42] 54%|█████▎    | 9762/18174 [03:16<01:35, 87.65it/s]
[2025-01-04 17:39:43] 54%|█████▍    | 9771/18174 [03:16<01:38, 84.96it/s]
[2025-01-04 17:39:43] 54%|█████▍    | 9780/18174 [03:16<01:41, 82.55it/s]
[2025-01-04 17:39:43] 54%|█████▍    | 9789/18174 [03:16<01:42, 81.55it/s]
[2025-01-04 17:39:43] 54%|█████▍    | 9798/18174 [03:16<01:40, 83.52it/s]
[2025-01-04 17:39:43] 54%|█████▍    | 9807/18174 [03:16<01:38, 85.04it/s]
[2025-01-04 17:39:44] 54%|█████▍    | 9816/18174 [03:16<01:36, 86.23it/s]
[2025-01-04 17:39:44] 54%|█████▍    | 9825/18174 [03:17<01:35, 87.08it/s]
[2025-01-04 17:39:44] 54%|█████▍    | 9834/18174 [03:17<01:37, 85.35it/s]
[2025-01-04 17:39:44] 54%|█████▍    | 9843/18174 [03:17<01:37, 85.07it/s]
[2025-01-04 17:39:44] 54%|█████▍    | 9852/18174 [03:17<01:39, 83.82it/s]
[2025-01-04 17:39:45] 54%|█████▍    | 9861/18174 [03:17<01:39, 83.51it/s]
[2025-01-04 17:39:45] 54%|█████▍    | 9870/18174 [03:17<01:37, 85.23it/s]
[2025-01-04 17:39:45] 54%|█████▍    | 9879/18174 [03:17<01:36, 86.08it/s]
[2025-01-04 17:39:45] 54%|█████▍    | 9888/18174 [03:17<01:35, 86.59it/s]
[2025-01-04 17:39:45] 54%|█████▍    | 9897/18174 [03:17<01:34, 87.33it/s]
[2025-01-04 17:39:46] 55%|█████▍    | 9906/18174 [03:18<01:34, 87.69it/s]
[2025-01-04 17:39:46] 55%|█████▍    | 9915/18174 [03:18<01:34, 87.82it/s]
[2025-01-04 17:39:46] 55%|█████▍    | 9924/18174 [03:18<01:33, 88.37it/s]
[2025-01-04 17:39:46] 55%|█████▍    | 9933/18174 [03:18<01:34, 87.66it/s]
[2025-01-04 17:39:46] 55%|█████▍    | 9942/18174 [03:24<30:48,  4.45it/s]
[2025-01-04 17:39:47] 55%|█████▍    | 9951/18174 [03:24<22:00,  6.23it/s]
[2025-01-04 17:39:47] 55%|█████▍    | 9960/18174 [03:25<15:50,  8.64it/s]
[2025-01-04 17:39:47] 55%|█████▍    | 9969/18174 [03:25<11:32, 11.85it/s]
[2025-01-04 17:39:47] 55%|█████▍    | 9979/18174 [03:25<08:17, 16.48it/s]
[2025-01-04 17:39:47] 55%|█████▍    | 9988/18174 [03:25<06:18, 21.62it/s]
[2025-01-04 17:39:48] 55%|█████▌    | 9997/18174 [03:25<04:53, 27.84it/s]
[2025-01-04 17:39:48] 55%|█████▌    | 10006/18174 [03:25<03:54, 34.85it/s]
[2025-01-04 17:39:48] 55%|█████▌    | 10015/18174 [03:25<03:12, 42.41it/s]
[2025-01-04 17:39:48] 55%|█████▌    | 10024/18174 [03:25<02:45, 49.39it/s]
