[2024-12-28 19:19:57] 开始处理任务
[2024-12-28 19:19:57] 使用配置文件: C:\computer\3\itproject\digitaltool\file\sync\out\20241228191957_miWD\20241228191957_miWD.yaml
[2024-12-28 19:19:58] add ffmpeg to path
[2024-12-28 19:20:03] Loads checkpoint by local backend from path: ./models/dwpose/dw-ll_ucoco_384.pth
[2024-12-28 19:20:04] cuda start
[2024-12-28 19:20:10] C:\ProgramData\miniconda3\envs\musetalk\lib\site-packages\torch\utils\_contextlib.py:125: UserWarning: Decorating classes is deprecated and will be disabled in future versions. You should only decorate functions or methods. To preserve the current behavior of class decoration, you can directly decorate the `__init__` method and nothing else.
[2024-12-28 19:20:10] warnings.warn("Decorating classes is deprecated and will be disabled in "
[2024-12-28 19:20:10] {'20241226200103_wbvh': {'preparation': False, 'bbox_shift': 5, 'video_path': 'C:\\computer\\3\\itproject\\digitaltool\\file\\train\\20241226200103_wbvh\\20241226200103_wbvh.mp4', 'audio_clips': {'audio_0': 'C:\\computer\\3\\itproject\\digitaltool\\file\\sync\\out\\20241228191957_miWD\\20241228191957_miWD.wav'}}}
[2024-12-28 19:20:10] avatar_path---------------------: C:\computer\3\itproject\MuseTalk\results\20241226200103_wbvh
[2024-12-28 19:20:10] reading images...
[2024-12-28 19:20:10] 
[2024-12-28 19:20:10] 0%|          | 0/600 [00:00<?, ?it/s]
[2024-12-28 19:20:11] 2%|▏         | 9/600 [00:00<00:07, 79.99it/s]
[2024-12-28 19:20:11] 3%|▎         | 17/600 [00:00<00:07, 78.58it/s]
[2024-12-28 19:20:11] 4%|▍         | 25/600 [00:00<00:07, 78.45it/s]
[2024-12-28 19:20:11] 6%|▌         | 34/600 [00:00<00:07, 80.11it/s]
[2024-12-28 19:20:11] 7%|▋         | 43/600 [00:00<00:06, 80.06it/s]
[2024-12-28 19:20:11] 9%|▊         | 52/600 [00:00<00:06, 79.79it/s]
[2024-12-28 19:20:11] 10%|█         | 60/600 [00:00<00:06, 78.77it/s]
[2024-12-28 19:20:11] 11%|█▏        | 68/600 [00:00<00:06, 79.02it/s]
[2024-12-28 19:20:11] 13%|█▎        | 76/600 [00:00<00:06, 78.60it/s]
[2024-12-28 19:20:11] 14%|█▍        | 84/600 [00:01<00:06, 77.31it/s]
[2024-12-28 19:20:12] 15%|█▌        | 92/600 [00:01<00:06, 75.33it/s]
[2024-12-28 19:20:12] 17%|█▋        | 100/600 [00:01<00:06, 75.16it/s]
[2024-12-28 19:20:12] 18%|█▊        | 108/600 [00:01<00:06, 74.72it/s]
[2024-12-28 19:20:12] 19%|█▉        | 116/600 [00:01<00:06, 74.94it/s]
[2024-12-28 19:20:12] 21%|██        | 124/600 [00:01<00:06, 75.84it/s]
[2024-12-28 19:20:12] 22%|██▏       | 132/600 [00:01<00:06, 76.23it/s]
[2024-12-28 19:20:12] 23%|██▎       | 140/600 [00:01<00:05, 76.86it/s]
[2024-12-28 19:20:12] 25%|██▍       | 148/600 [00:01<00:05, 77.38it/s]
[2024-12-28 19:20:12] 26%|██▌       | 156/600 [00:02<00:05, 77.05it/s]
[2024-12-28 19:20:13] 27%|██▋       | 164/600 [00:02<00:05, 77.34it/s]
[2024-12-28 19:20:13] 29%|██▉       | 173/600 [00:02<00:05, 78.34it/s]
[2024-12-28 19:20:13] 30%|███       | 182/600 [00:02<00:05, 79.74it/s]
[2024-12-28 19:20:13] 32%|███▏      | 191/600 [00:02<00:05, 81.40it/s]
[2024-12-28 19:20:13] 33%|███▎      | 200/600 [00:02<00:04, 81.52it/s]
[2024-12-28 19:20:13] 35%|███▍      | 209/600 [00:02<00:04, 81.49it/s]
[2024-12-28 19:20:13] 36%|███▋      | 218/600 [00:02<00:04, 81.03it/s]
[2024-12-28 19:20:13] 38%|███▊      | 227/600 [00:02<00:04, 79.38it/s]
[2024-12-28 19:20:13] 39%|███▉      | 235/600 [00:03<00:04, 77.89it/s]
[2024-12-28 19:20:14] 40%|████      | 243/600 [00:03<00:04, 77.72it/s]
[2024-12-28 19:20:14] 42%|████▏     | 252/600 [00:03<00:04, 79.10it/s]
[2024-12-28 19:20:14] 43%|████▎     | 260/600 [00:03<00:04, 78.13it/s]
[2024-12-28 19:20:14] 45%|████▍     | 268/600 [00:03<00:04, 77.23it/s]
[2024-12-28 19:20:14] 46%|████▌     | 276/600 [00:03<00:04, 77.47it/s]
[2024-12-28 19:20:14] 47%|████▋     | 284/600 [00:03<00:04, 75.79it/s]
[2024-12-28 19:20:14] 49%|████▊     | 292/600 [00:03<00:04, 75.59it/s]
[2024-12-28 19:20:14] 50%|█████     | 300/600 [00:03<00:03, 76.26it/s]
[2024-12-28 19:20:14] 52%|█████▏    | 309/600 [00:03<00:03, 77.37it/s]
[2024-12-28 19:20:14] 53%|█████▎    | 318/600 [00:04<00:03, 79.10it/s]
[2024-12-28 19:20:15] 55%|█████▍    | 327/600 [00:04<00:03, 80.04it/s]
[2024-12-28 19:20:15] 56%|█████▌    | 336/600 [00:04<00:03, 79.14it/s]
[2024-12-28 19:20:15] 57%|█████▊    | 345/600 [00:04<00:03, 80.05it/s]
[2024-12-28 19:20:15] 59%|█████▉    | 354/600 [00:04<00:03, 80.46it/s]
[2024-12-28 19:20:15] 60%|██████    | 363/600 [00:04<00:03, 78.75it/s]
[2024-12-28 19:20:15] 62%|██████▏   | 371/600 [00:04<00:02, 77.71it/s]
[2024-12-28 19:20:15] 63%|██████▎   | 379/600 [00:04<00:02, 76.12it/s]
[2024-12-28 19:20:15] 64%|██████▍   | 387/600 [00:04<00:02, 75.58it/s]
[2024-12-28 19:20:15] 66%|██████▌   | 395/600 [00:05<00:02, 74.97it/s]
[2024-12-28 19:20:16] 67%|██████▋   | 403/600 [00:05<00:02, 74.60it/s]
[2024-12-28 19:20:16] 68%|██████▊   | 411/600 [00:05<00:02, 74.27it/s]
[2024-12-28 19:20:16] 70%|██████▉   | 419/600 [00:05<00:02, 74.33it/s]
[2024-12-28 19:20:16] 71%|███████   | 427/600 [00:05<00:02, 74.01it/s]
[2024-12-28 19:20:16] 72%|███████▎  | 435/600 [00:05<00:02, 75.38it/s]
[2024-12-28 19:20:16] 74%|███████▍  | 443/600 [00:05<00:02, 76.04it/s]
[2024-12-28 19:20:16] 75%|███████▌  | 451/600 [00:05<00:02, 74.36it/s]
[2024-12-28 19:20:16] 76%|███████▋  | 459/600 [00:05<00:01, 73.10it/s]
[2024-12-28 19:20:16] 78%|███████▊  | 467/600 [00:06<00:01, 73.08it/s]
[2024-12-28 19:20:17] 79%|███████▉  | 475/600 [00:06<00:01, 74.09it/s]
[2024-12-28 19:20:17] 80%|████████  | 483/600 [00:06<00:01, 75.22it/s]
[2024-12-28 19:20:17] 82%|████████▏ | 491/600 [00:06<00:01, 76.26it/s]
[2024-12-28 19:20:17] 83%|████████▎ | 499/600 [00:06<00:01, 75.69it/s]
[2024-12-28 19:20:17] 84%|████████▍ | 507/600 [00:06<00:01, 76.25it/s]
[2024-12-28 19:20:17] 86%|████████▌ | 516/600 [00:06<00:01, 78.30it/s]
[2024-12-28 19:20:17] 87%|████████▋ | 524/600 [00:06<00:00, 78.64it/s]
[2024-12-28 19:20:17] 89%|████████▊ | 532/600 [00:06<00:00, 77.43it/s]
[2024-12-28 19:20:17] 90%|█████████ | 540/600 [00:06<00:00, 75.74it/s]
[2024-12-28 19:20:17] 91%|█████████▏| 548/600 [00:07<00:00, 75.98it/s]
[2024-12-28 19:20:18] 93%|█████████▎| 556/600 [00:07<00:00, 76.80it/s]
[2024-12-28 19:20:18] 94%|█████████▍| 564/600 [00:07<00:00, 76.95it/s]
[2024-12-28 19:20:18] 95%|█████████▌| 572/600 [00:07<00:00, 77.05it/s]
[2024-12-28 19:20:18] 97%|█████████▋| 580/600 [00:07<00:00, 77.21it/s]
[2024-12-28 19:20:18] 98%|█████████▊| 588/600 [00:07<00:00, 77.30it/s]
[2024-12-28 19:20:18] 99%|█████████▉| 596/600 [00:07<00:00, 77.52it/s]
[2024-12-28 19:20:18] 100%|██████████| 600/600 [00:07<00:00, 77.23it/s]
[2024-12-28 19:20:18] reading images...
[2024-12-28 19:20:18] 
[2024-12-28 19:20:18] 0%|          | 0/600 [00:00<?, ?it/s]
[2024-12-28 19:20:18] 14%|█▍        | 83/600 [00:00<00:00, 829.06it/s]
[2024-12-28 19:20:18] 28%|██▊       | 168/600 [00:00<00:00, 835.05it/s]
[2024-12-28 19:20:18] 42%|████▏     | 252/600 [00:00<00:00, 806.09it/s]
[2024-12-28 19:20:19] 56%|█████▌    | 335/600 [00:00<00:00, 813.68it/s]
[2024-12-28 19:20:19] 70%|██████▉   | 417/600 [00:00<00:00, 803.90it/s]
[2024-12-28 19:20:19] 86%|████████▌ | 514/600 [00:00<00:00, 857.39it/s]
[2024-12-28 19:20:19] 100%|██████████| 600/600 [00:00<00:00, 850.73it/s]
[2024-12-28 19:20:19] Inferring using: C:\computer\3\itproject\digitaltool\file\sync\out\20241228191957_miWD\20241228191957_miWD.wav
[2024-12-28 19:20:19] start inference
[2024-12-28 19:20:19] video in 25 FPS, audio idx in 50FPS
[2024-12-28 19:20:19] processing audio:C:\computer\3\itproject\digitaltool\file\sync\out\20241228191957_miWD\20241228191957_miWD.wav costs 346.53234481811523ms
[2024-12-28 19:20:19] 129
[2024-12-28 19:20:19] 
[2024-12-28 19:20:21] 0%|          | 0/33 [00:00<?, ?it/s]
[2024-12-28 19:20:21] 3%|▎         | 1/33 [00:01<00:55,  1.72s/it]mask_array.shape: (480, 480, 3)
[2024-12-28 19:20:21] mask_array.dtype: uint8
[2024-12-28 19:20:21] mask_array.shape: (480, 480, 3)
[2024-12-28 19:20:21] mask_array.dtype: uint8
[2024-12-28 19:20:21] mask_array.shape: (484, 484, 3)
[2024-12-28 19:20:21] mask_array.dtype: uint8
[2024-12-28 19:20:21] mask_array.shape: (484, 484, 3)
[2024-12-28 19:20:21] mask_array.dtype: uint8
[2024-12-28 19:20:21] 
[2024-12-28 19:20:21] 6%|▌         | 2/33 [00:01<00:24,  1.24it/s]mask_array.shape: (488, 488, 3)
[2024-12-28 19:20:21] mask_array.dtype: uint8
[2024-12-28 19:20:21] mask_array.shape: (492, 492, 3)
[2024-12-28 19:20:21] mask_array.dtype: uint8
[2024-12-28 19:20:21] mask_array.shape: (486, 486, 3)
[2024-12-28 19:20:21] mask_array.dtype: uint8
[2024-12-28 19:20:21] mask_array.shape: (482, 482, 3)
[2024-12-28 19:20:21] mask_array.dtype: uint8
[2024-12-28 19:20:21] 
[2024-12-28 19:20:21] 9%|▉         | 3/33 [00:02<00:15,  1.96it/s]mask_array.shape: (486, 486, 3)
[2024-12-28 19:20:21] mask_array.dtype: uint8
[2024-12-28 19:20:21] mask_array.shape: (486, 486, 3)
[2024-12-28 19:20:21] mask_array.dtype: uint8
[2024-12-28 19:20:21] mask_array.shape: (486, 486, 3)
[2024-12-28 19:20:21] mask_array.dtype: uint8
[2024-12-28 19:20:21] mask_array.shape: (494, 494, 3)
[2024-12-28 19:20:21] mask_array.dtype: uint8
[2024-12-28 19:20:21] 
[2024-12-28 19:20:21] 12%|█▏        | 4/33 [00:02<00:10,  2.70it/s]mask_array.shape: (504, 504, 3)
[2024-12-28 19:20:21] mask_array.dtype: uint8
[2024-12-28 19:20:21] mask_array.shape: (498, 498, 3)
[2024-12-28 19:20:21] mask_array.dtype: uint8
[2024-12-28 19:20:21] mask_array.shape: (488, 488, 3)
[2024-12-28 19:20:21] mask_array.dtype: uint8
[2024-12-28 19:20:21] mask_array.shape: (488, 488, 3)
[2024-12-28 19:20:21] mask_array.dtype: uint8
[2024-12-28 19:20:21] 
[2024-12-28 19:20:21] 15%|█▌        | 5/33 [00:02<00:08,  3.40it/s]mask_array.shape: (484, 484, 3)
[2024-12-28 19:20:21] mask_array.dtype: uint8
[2024-12-28 19:20:22] mask_array.shape: (484, 484, 3)
[2024-12-28 19:20:22] mask_array.dtype: uint8
[2024-12-28 19:20:22] mask_array.shape: (482, 482, 3)
[2024-12-28 19:20:22] mask_array.dtype: uint8
[2024-12-28 19:20:22] mask_array.shape: (476, 476, 3)
[2024-12-28 19:20:22] mask_array.dtype: uint8
[2024-12-28 19:20:22] 
[2024-12-28 19:20:22] 18%|█▊        | 6/33 [00:02<00:06,  4.02it/s]mask_array.shape: (472, 472, 3)
[2024-12-28 19:20:22] mask_array.dtype: uint8
[2024-12-28 19:20:22] mask_array.shape: (472, 472, 3)
[2024-12-28 19:20:22] mask_array.dtype: uint8
[2024-12-28 19:20:22] mask_array.shape: (472, 472, 3)
[2024-12-28 19:20:22] mask_array.dtype: uint8
[2024-12-28 19:20:22] mask_array.shape: (460, 460, 3)
[2024-12-28 19:20:22] mask_array.dtype: uint8
[2024-12-28 19:20:22] 
[2024-12-28 19:20:22] 21%|██        | 7/33 [00:02<00:05,  4.56it/s]mask_array.shape: (460, 460, 3)
[2024-12-28 19:20:22] mask_array.dtype: uint8
[2024-12-28 19:20:22] mask_array.shape: (450, 450, 3)
[2024-12-28 19:20:22] mask_array.dtype: uint8
[2024-12-28 19:20:22] mask_array.shape: (448, 448, 3)
[2024-12-28 19:20:22] mask_array.dtype: uint8
[2024-12-28 19:20:22] mask_array.shape: (448, 448, 3)
[2024-12-28 19:20:22] mask_array.dtype: uint8
[2024-12-28 19:20:22] 
[2024-12-28 19:20:22] 24%|██▍       | 8/33 [00:02<00:05,  4.97it/s]mask_array.shape: (448, 448, 3)
[2024-12-28 19:20:22] mask_array.dtype: uint8
[2024-12-28 19:20:22] mask_array.shape: (438, 438, 3)
[2024-12-28 19:20:22] mask_array.dtype: uint8
[2024-12-28 19:20:22] mask_array.shape: (438, 438, 3)
[2024-12-28 19:20:22] mask_array.dtype: uint8
[2024-12-28 19:20:22] mask_array.shape: (434, 434, 3)
[2024-12-28 19:20:22] mask_array.dtype: uint8
[2024-12-28 19:20:22] 
[2024-12-28 19:20:22] 27%|██▋       | 9/33 [00:03<00:04,  5.32it/s]mask_array.shape: (438, 438, 3)
[2024-12-28 19:20:22] mask_array.dtype: uint8
[2024-12-28 19:20:22] mask_array.shape: (438, 438, 3)
[2024-12-28 19:20:22] mask_array.dtype: uint8
[2024-12-28 19:20:22] mask_array.shape: (438, 438, 3)
[2024-12-28 19:20:22] mask_array.dtype: uint8
[2024-12-28 19:20:22] mask_array.shape: (444, 444, 3)
[2024-12-28 19:20:22] mask_array.dtype: uint8
[2024-12-28 19:20:22] 
[2024-12-28 19:20:22] 30%|███       | 10/33 [00:03<00:04,  5.58it/s]mask_array.shape: (448, 448, 3)
[2024-12-28 19:20:22] mask_array.dtype: uint8
[2024-12-28 19:20:22] mask_array.shape: (448, 448, 3)
[2024-12-28 19:20:22] mask_array.dtype: uint8
[2024-12-28 19:20:22] mask_array.shape: (452, 452, 3)
[2024-12-28 19:20:22] mask_array.dtype: uint8
[2024-12-28 19:20:22] mask_array.shape: (452, 452, 3)
[2024-12-28 19:20:22] mask_array.dtype: uint8
[2024-12-28 19:20:22] 
[2024-12-28 19:20:22] 33%|███▎      | 11/33 [00:03<00:03,  5.77it/s]mask_array.shape: (458, 458, 3)
[2024-12-28 19:20:22] mask_array.dtype: uint8
[2024-12-28 19:20:22] mask_array.shape: (462, 462, 3)
[2024-12-28 19:20:22] mask_array.dtype: uint8
[2024-12-28 19:20:22] mask_array.shape: (462, 462, 3)
[2024-12-28 19:20:22] mask_array.dtype: uint8
[2024-12-28 19:20:23] mask_array.shape: (468, 468, 3)
[2024-12-28 19:20:23] mask_array.dtype: uint8
[2024-12-28 19:20:23] 
[2024-12-28 19:20:23] 36%|███▋      | 12/33 [00:03<00:03,  5.89it/s]mask_array.shape: (472, 472, 3)
[2024-12-28 19:20:23] mask_array.dtype: uint8
[2024-12-28 19:20:23] mask_array.shape: (472, 472, 3)
[2024-12-28 19:20:23] mask_array.dtype: uint8
[2024-12-28 19:20:23] mask_array.shape: (484, 484, 3)
[2024-12-28 19:20:23] mask_array.dtype: uint8
[2024-12-28 19:20:23] mask_array.shape: (488, 488, 3)
[2024-12-28 19:20:23] mask_array.dtype: uint8
[2024-12-28 19:20:23] 
[2024-12-28 19:20:23] 39%|███▉      | 13/33 [00:03<00:03,  5.94it/s]mask_array.shape: (488, 488, 3)
[2024-12-28 19:20:23] mask_array.dtype: uint8
[2024-12-28 19:20:23] mask_array.shape: (494, 494, 3)
[2024-12-28 19:20:23] mask_array.dtype: uint8
[2024-12-28 19:20:23] mask_array.shape: (492, 492, 3)
[2024-12-28 19:20:23] mask_array.dtype: uint8
[2024-12-28 19:20:23] mask_array.shape: (492, 492, 3)
[2024-12-28 19:20:23] mask_array.dtype: uint8
[2024-12-28 19:20:23] 
[2024-12-28 19:20:23] 42%|████▏     | 14/33 [00:03<00:03,  6.04it/s]mask_array.shape: (504, 504, 3)
[2024-12-28 19:20:23] mask_array.dtype: uint8
[2024-12-28 19:20:23] mask_array.shape: (498, 498, 3)
[2024-12-28 19:20:23] mask_array.dtype: uint8
[2024-12-28 19:20:23] mask_array.shape: (498, 498, 3)
[2024-12-28 19:20:23] mask_array.dtype: uint8
[2024-12-28 19:20:23] mask_array.shape: (494, 494, 3)
[2024-12-28 19:20:23] mask_array.dtype: uint8
[2024-12-28 19:20:23] 
[2024-12-28 19:20:23] 45%|████▌     | 15/33 [00:03<00:02,  6.11it/s]mask_array.shape: (488, 488, 3)
[2024-12-28 19:20:23] mask_array.dtype: uint8
[2024-12-28 19:20:23] mask_array.shape: (488, 488, 3)
[2024-12-28 19:20:23] mask_array.dtype: uint8
[2024-12-28 19:20:23] mask_array.shape: (488, 488, 3)
[2024-12-28 19:20:23] mask_array.dtype: uint8
[2024-12-28 19:20:23] mask_array.shape: (476, 476, 3)
[2024-12-28 19:20:23] mask_array.dtype: uint8
[2024-12-28 19:20:23] 
[2024-12-28 19:20:23] 48%|████▊     | 16/33 [00:04<00:02,  6.04it/s]mask_array.shape: (472, 472, 3)
[2024-12-28 19:20:23] mask_array.dtype: uint8
[2024-12-28 19:20:23] mask_array.shape: (476, 476, 3)
[2024-12-28 19:20:23] mask_array.dtype: uint8
[2024-12-28 19:20:23] mask_array.shape: (472, 472, 3)
[2024-12-28 19:20:23] mask_array.dtype: uint8
[2024-12-28 19:20:23] mask_array.shape: (472, 472, 3)
[2024-12-28 19:20:23] mask_array.dtype: uint8
[2024-12-28 19:20:23] 
[2024-12-28 19:20:23] 52%|█████▏    | 17/33 [00:04<00:02,  6.00it/s]mask_array.shape: (472, 472, 3)
[2024-12-28 19:20:23] mask_array.dtype: uint8
[2024-12-28 19:20:23] mask_array.shape: (468, 468, 3)
[2024-12-28 19:20:23] mask_array.dtype: uint8
[2024-12-28 19:20:23] mask_array.shape: (472, 472, 3)
[2024-12-28 19:20:23] mask_array.dtype: uint8
[2024-12-28 19:20:24] mask_array.shape: (468, 468, 3)
[2024-12-28 19:20:24] mask_array.dtype: uint8
[2024-12-28 19:20:24] 
[2024-12-28 19:20:24] 55%|█████▍    | 18/33 [00:04<00:02,  5.94it/s]mask_array.shape: (468, 468, 3)
[2024-12-28 19:20:24] mask_array.dtype: uint8
[2024-12-28 19:20:24] mask_array.shape: (468, 468, 3)
[2024-12-28 19:20:24] mask_array.dtype: uint8
[2024-12-28 19:20:24] mask_array.shape: (458, 458, 3)
[2024-12-28 19:20:24] mask_array.dtype: uint8
[2024-12-28 19:20:24] mask_array.shape: (458, 458, 3)
[2024-12-28 19:20:24] mask_array.dtype: uint8
[2024-12-28 19:20:24] 
[2024-12-28 19:20:24] 58%|█████▊    | 19/33 [00:04<00:02,  6.01it/s]mask_array.shape: (458, 458, 3)
[2024-12-28 19:20:24] mask_array.dtype: uint8
[2024-12-28 19:20:24] mask_array.shape: (452, 452, 3)
[2024-12-28 19:20:24] mask_array.dtype: uint8
[2024-12-28 19:20:24] mask_array.shape: (450, 450, 3)
[2024-12-28 19:20:24] mask_array.dtype: uint8
[2024-12-28 19:20:24] 
[2024-12-28 19:20:24] 61%|██████    | 20/33 [00:04<00:02,  5.33it/s]mask_array.shape: (450, 450, 3)
[2024-12-28 19:20:24] mask_array.dtype: uint8
[2024-12-28 19:20:24] mask_array.shape: (440, 440, 3)
[2024-12-28 19:20:24] mask_array.dtype: uint8
[2024-12-28 19:20:24] mask_array.shape: (440, 440, 3)
[2024-12-28 19:20:24] mask_array.dtype: uint8
[2024-12-28 19:20:24] 
[2024-12-28 19:20:25] 64%|██████▎   | 21/33 [00:05<00:03,  3.69it/s]mask_array.shape: (446, 446, 3)
[2024-12-28 19:20:25] mask_array.dtype: uint8
[2024-12-28 19:20:25] mask_array.shape: (446, 446, 3)
[2024-12-28 19:20:25] mask_array.dtype: uint8
[2024-12-28 19:20:25] mask_array.shape: (440, 440, 3)
[2024-12-28 19:20:25] mask_array.dtype: uint8
[2024-12-28 19:20:25] mask_array.shape: (440, 440, 3)
[2024-12-28 19:20:25] mask_array.dtype: uint8
[2024-12-28 19:20:25] mask_array.shape: (446, 446, 3)
[2024-12-28 19:20:25] mask_array.dtype: uint8
[2024-12-28 19:20:25] mask_array.shape: (446, 446, 3)
[2024-12-28 19:20:25] mask_array.dtype: uint8
[2024-12-28 19:20:25] 
[2024-12-28 19:20:25] 67%|██████▋   | 22/33 [00:05<00:02,  4.05it/s]mask_array.shape: (440, 440, 3)
[2024-12-28 19:20:25] mask_array.dtype: uint8
[2024-12-28 19:20:25] mask_array.shape: (440, 440, 3)
[2024-12-28 19:20:25] mask_array.dtype: uint8
[2024-12-28 19:20:25] mask_array.shape: (440, 440, 3)
[2024-12-28 19:20:25] mask_array.dtype: uint8
[2024-12-28 19:20:25] mask_array.shape: (440, 440, 3)
[2024-12-28 19:20:25] mask_array.dtype: uint8
[2024-12-28 19:20:25] 
[2024-12-28 19:20:25] 70%|██████▉   | 23/33 [00:05<00:02,  4.52it/s]mask_array.shape: (446, 446, 3)
[2024-12-28 19:20:25] mask_array.dtype: uint8
[2024-12-28 19:20:25] mask_array.shape: (446, 446, 3)
[2024-12-28 19:20:25] mask_array.dtype: uint8
[2024-12-28 19:20:25] mask_array.shape: (440, 440, 3)
[2024-12-28 19:20:25] mask_array.dtype: uint8
[2024-12-28 19:20:25] mask_array.shape: (448, 448, 3)
[2024-12-28 19:20:25] mask_array.dtype: uint8
[2024-12-28 19:20:25] 
[2024-12-28 19:20:25] 73%|███████▎  | 24/33 [00:05<00:01,  4.94it/s]mask_array.shape: (448, 448, 3)
[2024-12-28 19:20:25] mask_array.dtype: uint8
[2024-12-28 19:20:25] mask_array.shape: (448, 448, 3)
[2024-12-28 19:20:25] mask_array.dtype: uint8
[2024-12-28 19:20:25] mask_array.shape: (452, 452, 3)
[2024-12-28 19:20:25] mask_array.dtype: uint8
[2024-12-28 19:20:25] mask_array.shape: (448, 448, 3)
[2024-12-28 19:20:25] mask_array.dtype: uint8
[2024-12-28 19:20:25] 
[2024-12-28 19:20:25] 76%|███████▌  | 25/33 [00:06<00:01,  5.22it/s]mask_array.shape: (448, 448, 3)
[2024-12-28 19:20:25] mask_array.dtype: uint8
[2024-12-28 19:20:25] mask_array.shape: (446, 446, 3)
[2024-12-28 19:20:25] mask_array.dtype: uint8
[2024-12-28 19:20:25] mask_array.shape: (446, 446, 3)
[2024-12-28 19:20:25] mask_array.dtype: uint8
[2024-12-28 19:20:25] mask_array.shape: (446, 446, 3)
[2024-12-28 19:20:25] mask_array.dtype: uint8
[2024-12-28 19:20:25] 
[2024-12-28 19:20:25] 79%|███████▉  | 26/33 [00:06<00:01,  5.42it/s]mask_array.shape: (450, 450, 3)
[2024-12-28 19:20:25] mask_array.dtype: uint8
[2024-12-28 19:20:25] mask_array.shape: (452, 452, 3)
[2024-12-28 19:20:25] mask_array.dtype: uint8
[2024-12-28 19:20:25] mask_array.shape: (452, 452, 3)
[2024-12-28 19:20:25] mask_array.dtype: uint8
[2024-12-28 19:20:25] mask_array.shape: (448, 448, 3)
[2024-12-28 19:20:25] mask_array.dtype: uint8
[2024-12-28 19:20:25] 
[2024-12-28 19:20:25] 82%|████████▏ | 27/33 [00:06<00:01,  5.58it/s]mask_array.shape: (448, 448, 3)
[2024-12-28 19:20:25] mask_array.dtype: uint8
[2024-12-28 19:20:26] mask_array.shape: (448, 448, 3)
[2024-12-28 19:20:26] mask_array.dtype: uint8
[2024-12-28 19:20:26] mask_array.shape: (452, 452, 3)
[2024-12-28 19:20:26] mask_array.dtype: uint8
[2024-12-28 19:20:26] mask_array.shape: (448, 448, 3)
[2024-12-28 19:20:26] mask_array.dtype: uint8
[2024-12-28 19:20:26] 
[2024-12-28 19:20:26] 85%|████████▍ | 28/33 [00:06<00:00,  5.69it/s]mask_array.shape: (452, 452, 3)
[2024-12-28 19:20:26] mask_array.dtype: uint8
[2024-12-28 19:20:26] mask_array.shape: (452, 452, 3)
[2024-12-28 19:20:26] mask_array.dtype: uint8
[2024-12-28 19:20:26] mask_array.shape: (452, 452, 3)
[2024-12-28 19:20:26] mask_array.dtype: uint8
[2024-12-28 19:20:26] mask_array.shape: (452, 452, 3)
[2024-12-28 19:20:26] mask_array.dtype: uint8
[2024-12-28 19:20:26] 
[2024-12-28 19:20:26] 88%|████████▊ | 29/33 [00:06<00:00,  5.82it/s]mask_array.shape: (452, 452, 3)
[2024-12-28 19:20:26] mask_array.dtype: uint8
[2024-12-28 19:20:26] mask_array.shape: (458, 458, 3)
[2024-12-28 19:20:26] mask_array.dtype: uint8
[2024-12-28 19:20:26] mask_array.shape: (462, 462, 3)
[2024-12-28 19:20:26] mask_array.dtype: uint8
[2024-12-28 19:20:26] mask_array.shape: (462, 462, 3)
[2024-12-28 19:20:26] mask_array.dtype: uint8
[2024-12-28 19:20:26] 
[2024-12-28 19:20:26] 91%|█████████ | 30/33 [00:06<00:00,  5.89it/s]mask_array.shape: (462, 462, 3)
[2024-12-28 19:20:26] mask_array.dtype: uint8
[2024-12-28 19:20:26] mask_array.shape: (462, 462, 3)
[2024-12-28 19:20:26] mask_array.dtype: uint8
[2024-12-28 19:20:26] mask_array.shape: (468, 468, 3)
[2024-12-28 19:20:26] mask_array.dtype: uint8
[2024-12-28 19:20:26] mask_array.shape: (468, 468, 3)
[2024-12-28 19:20:26] mask_array.dtype: uint8
[2024-12-28 19:20:26] 
[2024-12-28 19:20:26] 94%|█████████▍| 31/33 [00:07<00:00,  6.03it/s]mask_array.shape: (468, 468, 3)
[2024-12-28 19:20:26] mask_array.dtype: uint8
[2024-12-28 19:20:26] mask_array.shape: (462, 462, 3)
[2024-12-28 19:20:26] mask_array.dtype: uint8
[2024-12-28 19:20:26] mask_array.shape: (462, 462, 3)
[2024-12-28 19:20:26] mask_array.dtype: uint8
[2024-12-28 19:20:26] mask_array.shape: (462, 462, 3)
[2024-12-28 19:20:26] mask_array.dtype: uint8
[2024-12-28 19:20:26] 
[2024-12-28 19:20:26] 97%|█████████▋| 32/33 [00:07<00:00,  6.12it/s]mask_array.shape: (468, 468, 3)
[2024-12-28 19:20:26] mask_array.dtype: uint8
[2024-12-28 19:20:26] mask_array.shape: (468, 468, 3)
[2024-12-28 19:20:26] mask_array.dtype: uint8
[2024-12-28 19:20:26] mask_array.shape: (468, 468, 3)
[2024-12-28 19:20:26] mask_array.dtype: uint8
[2024-12-28 19:20:26] mask_array.shape: (462, 462, 3)
[2024-12-28 19:20:26] mask_array.dtype: uint8
[2024-12-28 19:20:27] 
[2024-12-28 19:20:27] 100%|██████████| 33/33 [00:08<00:00,  2.64it/s]
[2024-12-28 19:20:27] 100%|██████████| 33/33 [00:08<00:00,  4.10it/s]
[2024-12-28 19:20:27] Total process time of 129 frames including saving images = 8.042346477508545s
[2024-12-28 19:20:27] -------------------------------------------------------------------------------------------------out_vid_name audio_0
[2024-12-28 19:20:27] ffmpeg -y -v warning -r 25 -f image2 -i C:\computer\3\itproject\MuseTalk\results\20241226200103_wbvh/tmp/%08d.png -vcodec libx264 -vf format=rgb24,scale=out_color_matrix=bt709,format=yuv420p -crf 18 C:\computer\3\itproject\MuseTalk\results\20241226200103_wbvh/temp.mp4
[2024-12-28 19:20:28] ffmpeg -y -v warning -i C:\computer\3\itproject\digitaltool\file\sync\out\20241228191957_miWD\20241228191957_miWD.wav -i C:\computer\3\itproject\MuseTalk\results\20241226200103_wbvh/temp.mp4 C:\computer\3\itproject\MuseTalk\results\20241226200103_wbvh/vid_output/audio_0.mp4
[2024-12-28 19:20:28] [aist#0:0/pcm_s16le @ 000001de08ece480] Guessed Channel Layout: stereo
[2024-12-28 19:20:29] result is save to C:\computer\3\itproject\MuseTalk\results\20241226200103_wbvh/vid_output/audio_0.mp4
[2024-12-28 19:20:29] args.save_path: C:\computer\3\itproject\digitaltool\file\sync\out\20241228191957_miWD\20241228191957_miWD_output.mp4
[2024-12-28 19:20:29] 
[2024-12-28 19:20:29] 
[2024-12-28 19:20:30] [0m
[2024-12-28 19:20:30] 任务完成
