[2024-12-26 21:04:23] 开始处理任务
[2024-12-26 21:04:23] 使用配置文件: C:\computer\3\itproject\digitaltool\file\sync\out\20241226210423_wxJm\20241226210423_wxJm.yaml
[2024-12-26 21:04:25] add ffmpeg to path
[2024-12-26 21:04:31] Loads checkpoint by local backend from path: ./models/dwpose/dw-ll_ucoco_384.pth
[2024-12-26 21:04:31] cuda start
[2024-12-26 21:04:37] C:\ProgramData\miniconda3\envs\musetalk\lib\site-packages\torch\utils\_contextlib.py:125: UserWarning: Decorating classes is deprecated and will be disabled in future versions. You should only decorate functions or methods. To preserve the current behavior of class decoration, you can directly decorate the `__init__` method and nothing else.
[2024-12-26 21:04:37] warnings.warn("Decorating classes is deprecated and will be disabled in "
[2024-12-26 21:04:37] {'20241226200103_wbvh': {'preparation': False, 'bbox_shift': 5, 'video_path': 'C:\\computer\\3\\itproject\\digitaltool\\file\\train\\20241226200103_wbvh\\20241226200103_wbvh.mp4', 'audio_clips': {'audio_0': 'C:\\computer\\3\\itproject\\digitaltool\\file\\sync\\out\\20241226210423_wxJm\\20241226210423_wxJm.wav'}}}
[2024-12-26 21:04:37] avatar_path---------------------: C:\computer\3\itproject\MuseTalk\results\20241226200103_wbvh
[2024-12-26 21:04:37] reading images...
[2024-12-26 21:04:37] 
[2024-12-26 21:04:37] 0%|          | 0/600 [00:00<?, ?it/s]
[2024-12-26 21:04:37] 1%|▏         | 8/600 [00:00<00:07, 77.19it/s]
[2024-12-26 21:04:37] 3%|▎         | 16/600 [00:00<00:07, 77.03it/s]
[2024-12-26 21:04:37] 4%|▍         | 24/600 [00:00<00:07, 77.41it/s]
[2024-12-26 21:04:37] 6%|▌         | 33/600 [00:00<00:06, 81.02it/s]
[2024-12-26 21:04:37] 7%|▋         | 42/600 [00:00<00:06, 81.30it/s]
[2024-12-26 21:04:38] 8%|▊         | 51/600 [00:00<00:06, 81.17it/s]
[2024-12-26 21:04:38] 10%|█         | 60/600 [00:00<00:06, 82.37it/s]
[2024-12-26 21:04:38] 12%|█▏        | 69/600 [00:00<00:06, 83.12it/s]
[2024-12-26 21:04:38] 13%|█▎        | 78/600 [00:00<00:06, 83.55it/s]
[2024-12-26 21:04:38] 14%|█▍        | 87/600 [00:01<00:06, 80.11it/s]
[2024-12-26 21:04:38] 16%|█▌        | 96/600 [00:01<00:06, 77.71it/s]
[2024-12-26 21:04:38] 17%|█▋        | 104/600 [00:01<00:06, 76.33it/s]
[2024-12-26 21:04:38] 19%|█▊        | 112/600 [00:01<00:06, 75.87it/s]
[2024-12-26 21:04:38] 20%|██        | 120/600 [00:01<00:06, 76.28it/s]
[2024-12-26 21:04:39] 21%|██▏       | 128/600 [00:01<00:06, 76.47it/s]
[2024-12-26 21:04:39] 23%|██▎       | 136/600 [00:01<00:06, 75.92it/s]
[2024-12-26 21:04:39] 24%|██▍       | 144/600 [00:01<00:05, 76.16it/s]
[2024-12-26 21:04:39] 25%|██▌       | 152/600 [00:01<00:05, 76.39it/s]
[2024-12-26 21:04:39] 27%|██▋       | 160/600 [00:02<00:05, 76.92it/s]
[2024-12-26 21:04:39] 28%|██▊       | 168/600 [00:02<00:05, 77.24it/s]
[2024-12-26 21:04:39] 29%|██▉       | 176/600 [00:02<00:05, 77.64it/s]
[2024-12-26 21:04:39] 31%|███       | 184/600 [00:02<00:05, 77.43it/s]
[2024-12-26 21:04:39] 32%|███▏      | 192/600 [00:02<00:05, 76.61it/s]
[2024-12-26 21:04:39] 33%|███▎      | 200/600 [00:02<00:05, 76.15it/s]
[2024-12-26 21:04:40] 35%|███▍      | 208/600 [00:02<00:05, 75.83it/s]
[2024-12-26 21:04:40] 36%|███▌      | 216/600 [00:02<00:05, 75.81it/s]
[2024-12-26 21:04:40] 37%|███▋      | 224/600 [00:02<00:04, 75.79it/s]
[2024-12-26 21:04:40] 39%|███▊      | 232/600 [00:02<00:04, 75.48it/s]
[2024-12-26 21:04:40] 40%|████      | 240/600 [00:03<00:04, 74.51it/s]
[2024-12-26 21:04:40] 41%|████▏     | 248/600 [00:03<00:04, 74.04it/s]
[2024-12-26 21:04:40] 43%|████▎     | 256/600 [00:03<00:04, 74.62it/s]
[2024-12-26 21:04:40] 44%|████▍     | 264/600 [00:03<00:04, 74.66it/s]
[2024-12-26 21:04:40] 45%|████▌     | 272/600 [00:03<00:04, 74.59it/s]
[2024-12-26 21:04:41] 47%|████▋     | 280/600 [00:03<00:04, 74.43it/s]
[2024-12-26 21:04:41] 48%|████▊     | 288/600 [00:03<00:04, 75.17it/s]
[2024-12-26 21:04:41] 49%|████▉     | 296/600 [00:03<00:03, 76.07it/s]
[2024-12-26 21:04:41] 51%|█████     | 305/600 [00:03<00:03, 77.96it/s]
[2024-12-26 21:04:41] 52%|█████▏    | 313/600 [00:04<00:03, 77.65it/s]
[2024-12-26 21:04:41] 54%|█████▎    | 321/600 [00:04<00:03, 77.31it/s]
[2024-12-26 21:04:41] 55%|█████▍    | 329/600 [00:04<00:03, 76.34it/s]
[2024-12-26 21:04:41] 56%|█████▌    | 337/600 [00:04<00:03, 75.86it/s]
[2024-12-26 21:04:41] 57%|█████▊    | 345/600 [00:04<00:03, 75.74it/s]
[2024-12-26 21:04:42] 59%|█████▉    | 353/600 [00:04<00:03, 75.77it/s]
[2024-12-26 21:04:42] 60%|██████    | 361/600 [00:04<00:03, 74.67it/s]
[2024-12-26 21:04:42] 62%|██████▏   | 369/600 [00:04<00:03, 74.88it/s]
[2024-12-26 21:04:42] 63%|██████▎   | 377/600 [00:04<00:03, 74.02it/s]
[2024-12-26 21:04:42] 64%|██████▍   | 385/600 [00:05<00:02, 73.76it/s]
[2024-12-26 21:04:42] 66%|██████▌   | 393/600 [00:05<00:02, 73.93it/s]
[2024-12-26 21:04:42] 67%|██████▋   | 401/600 [00:05<00:02, 73.24it/s]
[2024-12-26 21:04:42] 68%|██████▊   | 409/600 [00:05<00:02, 72.78it/s]
[2024-12-26 21:04:42] 70%|██████▉   | 417/600 [00:05<00:02, 73.37it/s]
[2024-12-26 21:04:42] 71%|███████   | 425/600 [00:05<00:02, 74.26it/s]
[2024-12-26 21:04:43] 72%|███████▏  | 433/600 [00:05<00:02, 75.47it/s]
[2024-12-26 21:04:43] 74%|███████▎  | 441/600 [00:05<00:02, 76.01it/s]
[2024-12-26 21:04:43] 75%|███████▍  | 449/600 [00:05<00:01, 76.16it/s]
[2024-12-26 21:04:43] 76%|███████▌  | 457/600 [00:05<00:01, 76.38it/s]
[2024-12-26 21:04:43] 78%|███████▊  | 465/600 [00:06<00:01, 76.33it/s]
[2024-12-26 21:04:43] 79%|███████▉  | 473/600 [00:06<00:01, 76.37it/s]
[2024-12-26 21:04:43] 80%|████████  | 481/600 [00:06<00:01, 76.15it/s]
[2024-12-26 21:04:43] 82%|████████▏ | 489/600 [00:06<00:01, 76.01it/s]
[2024-12-26 21:04:43] 83%|████████▎ | 497/600 [00:06<00:01, 75.85it/s]
[2024-12-26 21:04:44] 84%|████████▍ | 505/600 [00:06<00:01, 75.41it/s]
[2024-12-26 21:04:44] 86%|████████▌ | 513/600 [00:06<00:01, 75.31it/s]
[2024-12-26 21:04:44] 87%|████████▋ | 521/600 [00:06<00:01, 75.19it/s]
[2024-12-26 21:04:44] 88%|████████▊ | 529/600 [00:06<00:00, 75.70it/s]
[2024-12-26 21:04:44] 90%|████████▉ | 537/600 [00:07<00:00, 76.83it/s]
[2024-12-26 21:04:44] 91%|█████████ | 545/600 [00:07<00:00, 76.05it/s]
[2024-12-26 21:04:44] 92%|█████████▏| 553/600 [00:07<00:00, 75.76it/s]
[2024-12-26 21:04:44] 94%|█████████▎| 561/600 [00:07<00:00, 76.31it/s]
[2024-12-26 21:04:44] 95%|█████████▍| 569/600 [00:07<00:00, 76.28it/s]
[2024-12-26 21:04:44] 96%|█████████▌| 577/600 [00:07<00:00, 75.49it/s]
[2024-12-26 21:04:45] 98%|█████████▊| 585/600 [00:07<00:00, 74.64it/s]
[2024-12-26 21:04:45] 99%|█████████▉| 593/600 [00:07<00:00, 74.76it/s]
[2024-12-26 21:04:45] 100%|██████████| 600/600 [00:07<00:00, 76.14it/s]
[2024-12-26 21:04:45] reading images...
[2024-12-26 21:04:45] 
[2024-12-26 21:04:45] 0%|          | 0/600 [00:00<?, ?it/s]
[2024-12-26 21:04:45] 14%|█▎        | 81/600 [00:00<00:00, 805.31it/s]
[2024-12-26 21:04:45] 28%|██▊       | 167/600 [00:00<00:00, 837.40it/s]
[2024-12-26 21:04:45] 42%|████▏     | 251/600 [00:00<00:00, 806.86it/s]
[2024-12-26 21:04:45] 55%|█████▌    | 332/600 [00:00<00:00, 786.79it/s]
[2024-12-26 21:04:45] 68%|██████▊   | 411/600 [00:00<00:00, 780.61it/s]
[2024-12-26 21:04:45] 83%|████████▎ | 497/600 [00:00<00:00, 804.20it/s]
[2024-12-26 21:04:45] 97%|█████████▋| 584/600 [00:00<00:00, 823.90it/s]
[2024-12-26 21:04:45] 100%|██████████| 600/600 [00:00<00:00, 810.35it/s]
[2024-12-26 21:04:45] Inferring using: C:\computer\3\itproject\digitaltool\file\sync\out\20241226210423_wxJm\20241226210423_wxJm.wav
[2024-12-26 21:04:45] start inference
[2024-12-26 21:04:46] video in 25 FPS, audio idx in 50FPS
[2024-12-26 21:04:46] processing audio:C:\computer\3\itproject\digitaltool\file\sync\out\20241226210423_wxJm\20241226210423_wxJm.wav costs 496.0930347442627ms
[2024-12-26 21:04:46] 129
[2024-12-26 21:04:46] 0%|          | 0/33 [00:00<?, ?it/s]
[2024-12-26 21:04:48] 
[2024-12-26 21:04:48] 3%|▎         | 1/33 [00:01<00:51,  1.60s/it]mask_array.shape: (480, 480, 3)
[2024-12-26 21:04:48] mask_array.dtype: uint8
[2024-12-26 21:04:48] mask_array.shape: (480, 480, 3)
[2024-12-26 21:04:48] mask_array.dtype: uint8
[2024-12-26 21:04:48] mask_array.shape: (484, 484, 3)
[2024-12-26 21:04:48] mask_array.dtype: uint8
[2024-12-26 21:04:48] mask_array.shape: (484, 484, 3)
[2024-12-26 21:04:48] mask_array.dtype: uint8
[2024-12-26 21:04:48] 
[2024-12-26 21:04:48] 6%|▌         | 2/33 [00:01<00:23,  1.32it/s]mask_array.shape: (488, 488, 3)
[2024-12-26 21:04:48] mask_array.dtype: uint8
[2024-12-26 21:04:48] mask_array.shape: (492, 492, 3)
[2024-12-26 21:04:48] mask_array.dtype: uint8
[2024-12-26 21:04:48] mask_array.shape: (486, 486, 3)
[2024-12-26 21:04:48] mask_array.dtype: uint8
[2024-12-26 21:04:48] mask_array.shape: (482, 482, 3)
[2024-12-26 21:04:48] mask_array.dtype: uint8
[2024-12-26 21:04:48] 
[2024-12-26 21:04:48] 9%|▉         | 3/33 [00:01<00:14,  2.07it/s]mask_array.shape: (486, 486, 3)
[2024-12-26 21:04:48] mask_array.dtype: uint8
[2024-12-26 21:04:48] mask_array.shape: (486, 486, 3)
[2024-12-26 21:04:48] mask_array.dtype: uint8
[2024-12-26 21:04:48] mask_array.shape: (486, 486, 3)
[2024-12-26 21:04:48] mask_array.dtype: uint8
[2024-12-26 21:04:48] mask_array.shape: (494, 494, 3)
[2024-12-26 21:04:48] mask_array.dtype: uint8
[2024-12-26 21:04:48] 
[2024-12-26 21:04:48] 12%|█▏        | 4/33 [00:02<00:10,  2.82it/s]mask_array.shape: (504, 504, 3)
[2024-12-26 21:04:48] mask_array.dtype: uint8
[2024-12-26 21:04:48] mask_array.shape: (498, 498, 3)
[2024-12-26 21:04:48] mask_array.dtype: uint8
[2024-12-26 21:04:48] mask_array.shape: (488, 488, 3)
[2024-12-26 21:04:48] mask_array.dtype: uint8
[2024-12-26 21:04:48] mask_array.shape: (488, 488, 3)
[2024-12-26 21:04:48] mask_array.dtype: uint8
[2024-12-26 21:04:48] 
[2024-12-26 21:04:48] 15%|█▌        | 5/33 [00:02<00:07,  3.51it/s]mask_array.shape: (484, 484, 3)
[2024-12-26 21:04:48] mask_array.dtype: uint8
[2024-12-26 21:04:48] mask_array.shape: (484, 484, 3)
[2024-12-26 21:04:48] mask_array.dtype: uint8
[2024-12-26 21:04:48] mask_array.shape: (482, 482, 3)
[2024-12-26 21:04:48] mask_array.dtype: uint8
[2024-12-26 21:04:48] mask_array.shape: (476, 476, 3)
[2024-12-26 21:04:48] mask_array.dtype: uint8
[2024-12-26 21:04:48] 
[2024-12-26 21:04:48] 18%|█▊        | 6/33 [00:02<00:06,  4.12it/s]mask_array.shape: (472, 472, 3)
[2024-12-26 21:04:48] mask_array.dtype: uint8
[2024-12-26 21:04:48] mask_array.shape: (472, 472, 3)
[2024-12-26 21:04:48] mask_array.dtype: uint8
[2024-12-26 21:04:48] mask_array.shape: (472, 472, 3)
[2024-12-26 21:04:48] mask_array.dtype: uint8
[2024-12-26 21:04:48] mask_array.shape: (460, 460, 3)
[2024-12-26 21:04:48] mask_array.dtype: uint8
[2024-12-26 21:04:49] 
[2024-12-26 21:04:49] 21%|██        | 7/33 [00:02<00:05,  4.63it/s]mask_array.shape: (460, 460, 3)
[2024-12-26 21:04:49] mask_array.dtype: uint8
[2024-12-26 21:04:49] mask_array.shape: (450, 450, 3)
[2024-12-26 21:04:49] mask_array.dtype: uint8
[2024-12-26 21:04:49] mask_array.shape: (448, 448, 3)
[2024-12-26 21:04:49] mask_array.dtype: uint8
[2024-12-26 21:04:49] mask_array.shape: (448, 448, 3)
[2024-12-26 21:04:49] mask_array.dtype: uint8
[2024-12-26 21:04:49] 
[2024-12-26 21:04:49] 24%|██▍       | 8/33 [00:02<00:04,  5.05it/s]mask_array.shape: (448, 448, 3)
[2024-12-26 21:04:49] mask_array.dtype: uint8
[2024-12-26 21:04:49] mask_array.shape: (438, 438, 3)
[2024-12-26 21:04:49] mask_array.dtype: uint8
[2024-12-26 21:04:49] mask_array.shape: (438, 438, 3)
[2024-12-26 21:04:49] mask_array.dtype: uint8
[2024-12-26 21:04:49] mask_array.shape: (434, 434, 3)
[2024-12-26 21:04:49] mask_array.dtype: uint8
[2024-12-26 21:04:49] 
[2024-12-26 21:04:49] 27%|██▋       | 9/33 [00:02<00:04,  5.37it/s]mask_array.shape: (438, 438, 3)
[2024-12-26 21:04:49] mask_array.dtype: uint8
[2024-12-26 21:04:49] mask_array.shape: (438, 438, 3)
[2024-12-26 21:04:49] mask_array.dtype: uint8
[2024-12-26 21:04:49] mask_array.shape: (438, 438, 3)
[2024-12-26 21:04:49] mask_array.dtype: uint8
[2024-12-26 21:04:49] mask_array.shape: (444, 444, 3)
[2024-12-26 21:04:49] mask_array.dtype: uint8
[2024-12-26 21:04:49] 
[2024-12-26 21:04:49] 30%|███       | 10/33 [00:03<00:04,  5.62it/s]mask_array.shape: (448, 448, 3)
[2024-12-26 21:04:49] mask_array.dtype: uint8
[2024-12-26 21:04:49] mask_array.shape: (448, 448, 3)
[2024-12-26 21:04:49] mask_array.dtype: uint8
[2024-12-26 21:04:49] mask_array.shape: (452, 452, 3)
[2024-12-26 21:04:49] mask_array.dtype: uint8
[2024-12-26 21:04:49] mask_array.shape: (452, 452, 3)
[2024-12-26 21:04:49] mask_array.dtype: uint8
[2024-12-26 21:04:49] 
[2024-12-26 21:04:49] 33%|███▎      | 11/33 [00:03<00:03,  5.79it/s]mask_array.shape: (458, 458, 3)
[2024-12-26 21:04:49] mask_array.dtype: uint8
[2024-12-26 21:04:49] mask_array.shape: (462, 462, 3)
[2024-12-26 21:04:49] mask_array.dtype: uint8
[2024-12-26 21:04:49] mask_array.shape: (462, 462, 3)
[2024-12-26 21:04:49] mask_array.dtype: uint8
[2024-12-26 21:04:49] mask_array.shape: (468, 468, 3)
[2024-12-26 21:04:49] mask_array.dtype: uint8
[2024-12-26 21:04:49] 
[2024-12-26 21:04:49] 36%|███▋      | 12/33 [00:03<00:03,  5.93it/s]mask_array.shape: (472, 472, 3)
[2024-12-26 21:04:49] mask_array.dtype: uint8
[2024-12-26 21:04:49] mask_array.shape: (472, 472, 3)
[2024-12-26 21:04:49] mask_array.dtype: uint8
[2024-12-26 21:04:49] mask_array.shape: (484, 484, 3)
[2024-12-26 21:04:49] mask_array.dtype: uint8
[2024-12-26 21:04:49] mask_array.shape: (488, 488, 3)
[2024-12-26 21:04:49] mask_array.dtype: uint8
[2024-12-26 21:04:49] 
[2024-12-26 21:04:49] 39%|███▉      | 13/33 [00:03<00:03,  6.03it/s]mask_array.shape: (488, 488, 3)
[2024-12-26 21:04:49] mask_array.dtype: uint8
[2024-12-26 21:04:49] mask_array.shape: (494, 494, 3)
[2024-12-26 21:04:49] mask_array.dtype: uint8
[2024-12-26 21:04:50] mask_array.shape: (492, 492, 3)
[2024-12-26 21:04:50] mask_array.dtype: uint8
[2024-12-26 21:04:50] mask_array.shape: (492, 492, 3)
[2024-12-26 21:04:50] mask_array.dtype: uint8
[2024-12-26 21:04:50] 
[2024-12-26 21:04:50] 42%|████▏     | 14/33 [00:03<00:03,  6.11it/s]mask_array.shape: (504, 504, 3)
[2024-12-26 21:04:50] mask_array.dtype: uint8
[2024-12-26 21:04:50] mask_array.shape: (498, 498, 3)
[2024-12-26 21:04:50] mask_array.dtype: uint8
[2024-12-26 21:04:50] mask_array.shape: (498, 498, 3)
[2024-12-26 21:04:50] mask_array.dtype: uint8
[2024-12-26 21:04:50] mask_array.shape: (494, 494, 3)
[2024-12-26 21:04:50] mask_array.dtype: uint8
[2024-12-26 21:04:50] 
[2024-12-26 21:04:50] 45%|████▌     | 15/33 [00:03<00:02,  6.20it/s]mask_array.shape: (488, 488, 3)
[2024-12-26 21:04:50] mask_array.dtype: uint8
[2024-12-26 21:04:50] mask_array.shape: (488, 488, 3)
[2024-12-26 21:04:50] mask_array.dtype: uint8
[2024-12-26 21:04:50] mask_array.shape: (488, 488, 3)
[2024-12-26 21:04:50] mask_array.dtype: uint8
[2024-12-26 21:04:50] mask_array.shape: (476, 476, 3)
[2024-12-26 21:04:50] mask_array.dtype: uint8
[2024-12-26 21:04:50] 
[2024-12-26 21:04:50] 48%|████▊     | 16/33 [00:03<00:02,  6.24it/s]mask_array.shape: (472, 472, 3)
[2024-12-26 21:04:50] mask_array.dtype: uint8
[2024-12-26 21:04:50] mask_array.shape: (476, 476, 3)
[2024-12-26 21:04:50] mask_array.dtype: uint8
[2024-12-26 21:04:50] mask_array.shape: (472, 472, 3)
[2024-12-26 21:04:50] mask_array.dtype: uint8
[2024-12-26 21:04:50] mask_array.shape: (472, 472, 3)
[2024-12-26 21:04:50] mask_array.dtype: uint8
[2024-12-26 21:04:50] 
[2024-12-26 21:04:50] 52%|█████▏    | 17/33 [00:04<00:02,  6.20it/s]mask_array.shape: (472, 472, 3)
[2024-12-26 21:04:50] mask_array.dtype: uint8
[2024-12-26 21:04:50] mask_array.shape: (468, 468, 3)
[2024-12-26 21:04:50] mask_array.dtype: uint8
[2024-12-26 21:04:50] mask_array.shape: (472, 472, 3)
[2024-12-26 21:04:50] mask_array.dtype: uint8
[2024-12-26 21:04:50] mask_array.shape: (468, 468, 3)
[2024-12-26 21:04:50] mask_array.dtype: uint8
[2024-12-26 21:04:50] 
[2024-12-26 21:04:50] 55%|█████▍    | 18/33 [00:04<00:02,  6.24it/s]mask_array.shape: (468, 468, 3)
[2024-12-26 21:04:50] mask_array.dtype: uint8
[2024-12-26 21:04:50] mask_array.shape: (468, 468, 3)
[2024-12-26 21:04:50] mask_array.dtype: uint8
[2024-12-26 21:04:50] mask_array.shape: (458, 458, 3)
[2024-12-26 21:04:50] mask_array.dtype: uint8
[2024-12-26 21:04:50] mask_array.shape: (458, 458, 3)
[2024-12-26 21:04:50] mask_array.dtype: uint8
[2024-12-26 21:04:50] 
[2024-12-26 21:04:50] 58%|█████▊    | 19/33 [00:04<00:02,  6.27it/s]mask_array.shape: (458, 458, 3)
[2024-12-26 21:04:50] mask_array.dtype: uint8
[2024-12-26 21:04:50] mask_array.shape: (452, 452, 3)
[2024-12-26 21:04:50] mask_array.dtype: uint8
[2024-12-26 21:04:50] mask_array.shape: (450, 450, 3)
[2024-12-26 21:04:50] mask_array.dtype: uint8
[2024-12-26 21:04:51] mask_array.shape: (450, 450, 3)
[2024-12-26 21:04:51] mask_array.dtype: uint8
[2024-12-26 21:04:51] 
[2024-12-26 21:04:51] 61%|██████    | 20/33 [00:04<00:02,  6.07it/s]mask_array.shape: (440, 440, 3)
[2024-12-26 21:04:51] mask_array.dtype: uint8
[2024-12-26 21:04:51] mask_array.shape: (440, 440, 3)
[2024-12-26 21:04:51] mask_array.dtype: uint8
[2024-12-26 21:04:51] mask_array.shape: (446, 446, 3)
[2024-12-26 21:04:51] mask_array.dtype: uint8
[2024-12-26 21:04:51] mask_array.shape: (446, 446, 3)
[2024-12-26 21:04:51] mask_array.dtype: uint8
[2024-12-26 21:04:51] 
[2024-12-26 21:04:51] 64%|██████▎   | 21/33 [00:04<00:01,  6.06it/s]mask_array.shape: (440, 440, 3)
[2024-12-26 21:04:51] mask_array.dtype: uint8
[2024-12-26 21:04:51] mask_array.shape: (440, 440, 3)
[2024-12-26 21:04:51] mask_array.dtype: uint8
[2024-12-26 21:04:51] mask_array.shape: (446, 446, 3)
[2024-12-26 21:04:51] mask_array.dtype: uint8
[2024-12-26 21:04:51] mask_array.shape: (446, 446, 3)
[2024-12-26 21:04:51] mask_array.dtype: uint8
[2024-12-26 21:04:51] 
[2024-12-26 21:04:51] 67%|██████▋   | 22/33 [00:04<00:01,  6.09it/s]mask_array.shape: (440, 440, 3)
[2024-12-26 21:04:51] mask_array.dtype: uint8
[2024-12-26 21:04:51] mask_array.shape: (440, 440, 3)
[2024-12-26 21:04:51] mask_array.dtype: uint8
[2024-12-26 21:04:51] mask_array.shape: (440, 440, 3)
[2024-12-26 21:04:51] mask_array.dtype: uint8
[2024-12-26 21:04:51] mask_array.shape: (440, 440, 3)
[2024-12-26 21:04:51] mask_array.dtype: uint8
[2024-12-26 21:04:51] 
[2024-12-26 21:04:51] 70%|██████▉   | 23/33 [00:05<00:01,  6.10it/s]mask_array.shape: (446, 446, 3)
[2024-12-26 21:04:51] mask_array.dtype: uint8
[2024-12-26 21:04:51] mask_array.shape: (446, 446, 3)
[2024-12-26 21:04:51] mask_array.dtype: uint8
[2024-12-26 21:04:51] mask_array.shape: (440, 440, 3)
[2024-12-26 21:04:51] mask_array.dtype: uint8
[2024-12-26 21:04:51] mask_array.shape: (448, 448, 3)
[2024-12-26 21:04:51] mask_array.dtype: uint8
[2024-12-26 21:04:51] 
[2024-12-26 21:04:51] 73%|███████▎  | 24/33 [00:05<00:01,  6.13it/s]mask_array.shape: (448, 448, 3)
[2024-12-26 21:04:51] mask_array.dtype: uint8
[2024-12-26 21:04:51] mask_array.shape: (448, 448, 3)
[2024-12-26 21:04:51] mask_array.dtype: uint8
[2024-12-26 21:04:51] mask_array.shape: (452, 452, 3)
[2024-12-26 21:04:51] mask_array.dtype: uint8
[2024-12-26 21:04:51] mask_array.shape: (448, 448, 3)
[2024-12-26 21:04:51] mask_array.dtype: uint8
[2024-12-26 21:04:51] 
[2024-12-26 21:04:51] 76%|███████▌  | 25/33 [00:05<00:01,  6.17it/s]mask_array.shape: (448, 448, 3)
[2024-12-26 21:04:51] mask_array.dtype: uint8
[2024-12-26 21:04:51] mask_array.shape: (446, 446, 3)
[2024-12-26 21:04:51] mask_array.dtype: uint8
[2024-12-26 21:04:51] mask_array.shape: (446, 446, 3)
[2024-12-26 21:04:51] mask_array.dtype: uint8
[2024-12-26 21:04:51] mask_array.shape: (446, 446, 3)
[2024-12-26 21:04:51] mask_array.dtype: uint8
[2024-12-26 21:04:52] 
[2024-12-26 21:04:52] 79%|███████▉  | 26/33 [00:05<00:01,  6.13it/s]mask_array.shape: (450, 450, 3)
[2024-12-26 21:04:52] mask_array.dtype: uint8
[2024-12-26 21:04:52] mask_array.shape: (452, 452, 3)
[2024-12-26 21:04:52] mask_array.dtype: uint8
[2024-12-26 21:04:52] mask_array.shape: (452, 452, 3)
[2024-12-26 21:04:52] mask_array.dtype: uint8
[2024-12-26 21:04:52] mask_array.shape: (448, 448, 3)
[2024-12-26 21:04:52] mask_array.dtype: uint8
[2024-12-26 21:04:52] 
[2024-12-26 21:04:52] 82%|████████▏ | 27/33 [00:05<00:00,  6.15it/s]mask_array.shape: (448, 448, 3)
[2024-12-26 21:04:52] mask_array.dtype: uint8
[2024-12-26 21:04:52] mask_array.shape: (448, 448, 3)
[2024-12-26 21:04:52] mask_array.dtype: uint8
[2024-12-26 21:04:52] mask_array.shape: (452, 452, 3)
[2024-12-26 21:04:52] mask_array.dtype: uint8
[2024-12-26 21:04:52] mask_array.shape: (448, 448, 3)
[2024-12-26 21:04:52] mask_array.dtype: uint8
[2024-12-26 21:04:52] 
[2024-12-26 21:04:52] 85%|████████▍ | 28/33 [00:05<00:00,  6.17it/s]mask_array.shape: (452, 452, 3)
[2024-12-26 21:04:52] mask_array.dtype: uint8
[2024-12-26 21:04:52] mask_array.shape: (452, 452, 3)
[2024-12-26 21:04:52] mask_array.dtype: uint8
[2024-12-26 21:04:52] mask_array.shape: (452, 452, 3)
[2024-12-26 21:04:52] mask_array.dtype: uint8
[2024-12-26 21:04:52] mask_array.shape: (452, 452, 3)
[2024-12-26 21:04:52] mask_array.dtype: uint8
[2024-12-26 21:04:52] 
[2024-12-26 21:04:52] 88%|████████▊ | 29/33 [00:06<00:00,  6.09it/s]mask_array.shape: (452, 452, 3)
[2024-12-26 21:04:52] mask_array.dtype: uint8
[2024-12-26 21:04:52] mask_array.shape: (458, 458, 3)
[2024-12-26 21:04:52] mask_array.dtype: uint8
[2024-12-26 21:04:52] mask_array.shape: (462, 462, 3)
[2024-12-26 21:04:52] mask_array.dtype: uint8
[2024-12-26 21:04:52] mask_array.shape: (462, 462, 3)
[2024-12-26 21:04:52] mask_array.dtype: uint8
[2024-12-26 21:04:52] 
[2024-12-26 21:04:52] 91%|█████████ | 30/33 [00:06<00:00,  5.87it/s]mask_array.shape: (462, 462, 3)
[2024-12-26 21:04:52] mask_array.dtype: uint8
[2024-12-26 21:04:52] mask_array.shape: (462, 462, 3)
[2024-12-26 21:04:52] mask_array.dtype: uint8
[2024-12-26 21:04:52] mask_array.shape: (468, 468, 3)
[2024-12-26 21:04:52] mask_array.dtype: uint8
[2024-12-26 21:04:52] mask_array.shape: (468, 468, 3)
[2024-12-26 21:04:52] mask_array.dtype: uint8
[2024-12-26 21:04:52] 
[2024-12-26 21:04:52] 94%|█████████▍| 31/33 [00:06<00:00,  5.90it/s]mask_array.shape: (468, 468, 3)
[2024-12-26 21:04:52] mask_array.dtype: uint8
[2024-12-26 21:04:52] mask_array.shape: (462, 462, 3)
[2024-12-26 21:04:52] mask_array.dtype: uint8
[2024-12-26 21:04:52] mask_array.shape: (462, 462, 3)
[2024-12-26 21:04:52] mask_array.dtype: uint8
[2024-12-26 21:04:52] mask_array.shape: (462, 462, 3)
[2024-12-26 21:04:52] mask_array.dtype: uint8
[2024-12-26 21:04:53] 
[2024-12-26 21:04:53] 97%|█████████▋| 32/33 [00:06<00:00,  5.73it/s]mask_array.shape: (468, 468, 3)
[2024-12-26 21:04:53] mask_array.dtype: uint8
[2024-12-26 21:04:53] mask_array.shape: (468, 468, 3)
[2024-12-26 21:04:53] mask_array.dtype: uint8
[2024-12-26 21:04:53] mask_array.shape: (468, 468, 3)
[2024-12-26 21:04:53] mask_array.dtype: uint8
[2024-12-26 21:04:53] mask_array.shape: (462, 462, 3)
[2024-12-26 21:04:53] mask_array.dtype: uint8
[2024-12-26 21:04:54] 
[2024-12-26 21:04:54] 100%|██████████| 33/33 [00:07<00:00,  2.48it/s]
[2024-12-26 21:04:54] 100%|██████████| 33/33 [00:07<00:00,  4.35it/s]
[2024-12-26 21:04:54] Total process time of 129 frames including saving images = 7.594519376754761s
[2024-12-26 21:04:54] -------------------------------------------------------------------------------------------------out_vid_name audio_0
[2024-12-26 21:04:54] ffmpeg -y -v warning -r 25 -f image2 -i C:\computer\3\itproject\MuseTalk\results\20241226200103_wbvh/tmp/%08d.png -vcodec libx264 -vf format=rgb24,scale=out_color_matrix=bt709,format=yuv420p -crf 18 C:\computer\3\itproject\MuseTalk\results\20241226200103_wbvh/temp.mp4
[2024-12-26 21:04:54] ffmpeg -y -v warning -i C:\computer\3\itproject\digitaltool\file\sync\out\20241226210423_wxJm\20241226210423_wxJm.wav -i C:\computer\3\itproject\MuseTalk\results\20241226200103_wbvh/temp.mp4 C:\computer\3\itproject\MuseTalk\results\20241226200103_wbvh/vid_output/audio_0.mp4
[2024-12-26 21:04:55] [aist#0:0/pcm_s16le @ 0000022291c44b40] Guessed Channel Layout: stereo
[2024-12-26 21:04:55] result is save to C:\computer\3\itproject\MuseTalk\results\20241226200103_wbvh/vid_output/audio_0.mp4
[2024-12-26 21:04:55] args.save_path: C:\computer\3\itproject\digitaltool\file\sync\out\20241226210423_wxJm\20241226210423_wxJm_output.mp4
[2024-12-26 21:04:55] 
[2024-12-26 21:04:55] 
[2024-12-26 21:04:56] [0m
[2024-12-26 21:04:56] 任务完成
