[2024-12-29 15:16:28] 开始处理任务
[2024-12-29 15:16:28] 使用配置文件: C:\computer\3\itproject\digitaltool\file\sync\out\20241229151628_xopA\20241229151628_xopA.yaml
[2024-12-29 15:16:29] add ffmpeg to path
[2024-12-29 15:16:35] Loads checkpoint by local backend from path: ./models/dwpose/dw-ll_ucoco_384.pth
[2024-12-29 15:16:36] cuda start
[2024-12-29 15:16:41] C:\ProgramData\miniconda3\envs\musetalk\lib\site-packages\torch\utils\_contextlib.py:125: UserWarning: Decorating classes is deprecated and will be disabled in future versions. You should only decorate functions or methods. To preserve the current behavior of class decoration, you can directly decorate the `__init__` method and nothing else.
[2024-12-29 15:16:42] warnings.warn("Decorating classes is deprecated and will be disabled in "
[2024-12-29 15:16:43] {'20241226200103_wbvh': {'preparation': False, 'bbox_shift': 5, 'video_path': 'C:\\computer\\3\\itproject\\digitaltool\\file\\train\\20241226200103_wbvh\\20241226200103_wbvh.mp4', 'audio_clips': {'audio_0': 'C:\\computer\\3\\itproject\\digitaltool\\file\\sync\\out\\20241229151628_xopA\\20241229151628_xopA.wav'}}}
[2024-12-29 15:16:44] avatar_path---------------------: C:\computer\3\itproject\MuseTalk\results\20241226200103_wbvh
[2024-12-29 15:16:45] reading images...
[2024-12-29 15:16:46] 
[2024-12-29 15:16:47] 0%|          | 0/600 [00:00<?, ?it/s]
[2024-12-29 15:16:48] 2%|▏         | 9/600 [00:00<00:07, 83.33it/s]
[2024-12-29 15:16:49] 3%|▎         | 18/600 [00:00<00:06, 83.79it/s]
[2024-12-29 15:16:50] 4%|▍         | 27/600 [00:00<00:06, 83.23it/s]
[2024-12-29 15:16:51] 6%|▌         | 36/600 [00:00<00:06, 84.19it/s]
[2024-12-29 15:16:52] 8%|▊         | 45/600 [00:00<00:06, 85.02it/s]
[2024-12-29 15:16:53] 9%|▉         | 54/600 [00:00<00:06, 84.98it/s]
[2024-12-29 15:16:54] 10%|█         | 63/600 [00:00<00:06, 84.96it/s]
[2024-12-29 15:16:55] 12%|█▏        | 72/600 [00:00<00:06, 84.43it/s]
[2024-12-29 15:16:56] 14%|█▎        | 81/600 [00:00<00:06, 84.21it/s]
[2024-12-29 15:16:57] 15%|█▌        | 90/600 [00:01<00:06, 83.22it/s]
[2024-12-29 15:16:58] 16%|█▋        | 99/600 [00:01<00:06, 82.09it/s]
[2024-12-29 15:16:59] 18%|█▊        | 108/600 [00:01<00:06, 80.23it/s]
[2024-12-29 15:17:00] 20%|█▉        | 117/600 [00:01<00:05, 80.59it/s]
[2024-12-29 15:17:01] 21%|██        | 126/600 [00:01<00:05, 81.85it/s]
[2024-12-29 15:17:02] 22%|██▎       | 135/600 [00:01<00:05, 82.98it/s]
[2024-12-29 15:17:03] 24%|██▍       | 144/600 [00:01<00:05, 81.94it/s]
[2024-12-29 15:17:04] 26%|██▌       | 153/600 [00:01<00:05, 81.46it/s]
[2024-12-29 15:17:05] 27%|██▋       | 162/600 [00:01<00:05, 81.79it/s]
[2024-12-29 15:17:06] 28%|██▊       | 171/600 [00:02<00:05, 83.27it/s]
[2024-12-29 15:17:07] 30%|███       | 180/600 [00:02<00:05, 83.52it/s]
[2024-12-29 15:17:08] 32%|███▏      | 189/600 [00:02<00:05, 81.20it/s]
[2024-12-29 15:17:09] 33%|███▎      | 198/600 [00:02<00:05, 80.19it/s]
[2024-12-29 15:17:10] 34%|███▍      | 207/600 [00:02<00:04, 78.76it/s]
[2024-12-29 15:17:11] 36%|███▌      | 215/600 [00:02<00:04, 78.25it/s]
[2024-12-29 15:17:12] 37%|███▋      | 223/600 [00:02<00:04, 78.30it/s]
[2024-12-29 15:17:13] 39%|███▊      | 232/600 [00:02<00:04, 79.37it/s]
[2024-12-29 15:17:14] 40%|████      | 240/600 [00:02<00:04, 79.10it/s]
[2024-12-29 15:17:15] 42%|████▏     | 249/600 [00:03<00:04, 79.60it/s]
[2024-12-29 15:17:16] 43%|████▎     | 258/600 [00:03<00:04, 80.23it/s]
[2024-12-29 15:17:17] 44%|████▍     | 267/600 [00:03<00:04, 78.55it/s]
[2024-12-29 15:17:18] 46%|████▌     | 275/600 [00:03<00:04, 78.95it/s]
[2024-12-29 15:17:19] 47%|████▋     | 283/600 [00:03<00:04, 78.98it/s]
[2024-12-29 15:17:20] 48%|████▊     | 291/600 [00:03<00:03, 78.60it/s]
[2024-12-29 15:17:21] 50%|█████     | 300/600 [00:03<00:03, 81.19it/s]
[2024-12-29 15:17:22] 52%|█████▏    | 309/600 [00:03<00:03, 82.08it/s]
[2024-12-29 15:17:23] 53%|█████▎    | 318/600 [00:03<00:03, 81.31it/s]
[2024-12-29 15:17:24] 55%|█████▍    | 327/600 [00:04<00:03, 81.58it/s]
[2024-12-29 15:17:25] 56%|█████▌    | 336/600 [00:04<00:03, 81.65it/s]
[2024-12-29 15:17:26] 57%|█████▊    | 345/600 [00:04<00:03, 80.16it/s]
[2024-12-29 15:17:27] 59%|█████▉    | 354/600 [00:04<00:03, 80.65it/s]
[2024-12-29 15:17:28] 60%|██████    | 363/600 [00:04<00:02, 80.72it/s]
[2024-12-29 15:17:29] 62%|██████▏   | 372/600 [00:04<00:02, 80.18it/s]
[2024-12-29 15:17:30] 64%|██████▎   | 381/600 [00:04<00:02, 81.32it/s]
[2024-12-29 15:17:31] 65%|██████▌   | 390/600 [00:04<00:02, 81.36it/s]
[2024-12-29 15:17:32] 66%|██████▋   | 399/600 [00:04<00:02, 81.04it/s]
[2024-12-29 15:17:33] 68%|██████▊   | 408/600 [00:05<00:02, 81.38it/s]
[2024-12-29 15:17:34] 70%|██████▉   | 417/600 [00:05<00:02, 80.96it/s]
[2024-12-29 15:17:35] 71%|███████   | 426/600 [00:05<00:02, 81.00it/s]
[2024-12-29 15:17:36] 72%|███████▎  | 435/600 [00:05<00:02, 81.46it/s]
[2024-12-29 15:17:37] 74%|███████▍  | 444/600 [00:05<00:01, 80.69it/s]
[2024-12-29 15:17:38] 76%|███████▌  | 453/600 [00:05<00:01, 80.16it/s]
[2024-12-29 15:17:39] 77%|███████▋  | 462/600 [00:05<00:01, 80.22it/s]
[2024-12-29 15:17:40] 78%|███████▊  | 471/600 [00:05<00:01, 81.13it/s]
[2024-12-29 15:17:41] 80%|████████  | 480/600 [00:05<00:01, 81.55it/s]
[2024-12-29 15:17:42] 82%|████████▏ | 489/600 [00:06<00:01, 82.64it/s]
[2024-12-29 15:17:43] 83%|████████▎ | 498/600 [00:06<00:01, 82.62it/s]
[2024-12-29 15:17:44] 84%|████████▍ | 507/600 [00:06<00:01, 81.71it/s]
[2024-12-29 15:17:45] 86%|████████▌ | 516/600 [00:06<00:01, 81.30it/s]
[2024-12-29 15:17:46] 88%|████████▊ | 525/600 [00:06<00:00, 80.25it/s]
[2024-12-29 15:17:47] 89%|████████▉ | 534/600 [00:06<00:00, 81.59it/s]
[2024-12-29 15:17:48] 90%|█████████ | 543/600 [00:06<00:00, 82.56it/s]
[2024-12-29 15:17:49] 92%|█████████▏| 552/600 [00:06<00:00, 83.02it/s]
[2024-12-29 15:17:50] 94%|█████████▎| 561/600 [00:06<00:00, 84.04it/s]
[2024-12-29 15:17:51] 95%|█████████▌| 570/600 [00:06<00:00, 85.14it/s]
[2024-12-29 15:17:52] 96%|█████████▋| 579/600 [00:07<00:00, 85.31it/s]
[2024-12-29 15:17:53] 98%|█████████▊| 588/600 [00:07<00:00, 83.76it/s]
[2024-12-29 15:17:54] 100%|█████████▉| 597/600 [00:07<00:00, 83.17it/s]
[2024-12-29 15:17:55] 100%|██████████| 600/600 [00:07<00:00, 81.62it/s]
[2024-12-29 15:17:56] reading images...
[2024-12-29 15:17:57] 
[2024-12-29 15:17:58] 0%|          | 0/600 [00:00<?, ?it/s]
[2024-12-29 15:17:59] 14%|█▍        | 87/600 [00:00<00:00, 869.96it/s]
[2024-12-29 15:18:00] 30%|██▉       | 177/600 [00:00<00:00, 885.00it/s]
[2024-12-29 15:18:01] 44%|████▍     | 266/600 [00:00<00:00, 867.50it/s]
[2024-12-29 15:18:02] 59%|█████▉    | 353/600 [00:00<00:00, 861.77it/s]
[2024-12-29 15:18:03] 73%|███████▎  | 440/600 [00:00<00:00, 852.32it/s]
[2024-12-29 15:18:04] 90%|█████████ | 540/600 [00:00<00:00, 900.05it/s]
[2024-12-29 15:18:05] 100%|██████████| 600/600 [00:00<00:00, 888.75it/s]
[2024-12-29 15:18:06] Inferring using: C:\computer\3\itproject\digitaltool\file\sync\out\20241229151628_xopA\20241229151628_xopA.wav
[2024-12-29 15:18:07] start inference
[2024-12-29 15:18:08] video in 25 FPS, audio idx in 50FPS
[2024-12-29 15:18:09] processing audio:C:\computer\3\itproject\digitaltool\file\sync\out\20241229151628_xopA\20241229151628_xopA.wav costs 486.83881759643555ms
[2024-12-29 15:18:10] 129
[2024-12-29 15:18:11] 
[2024-12-29 15:18:12] 0%|          | 0/33 [00:00<?, ?it/s]
[2024-12-29 15:18:13] 3%|▎         | 1/33 [00:01<00:50,  1.57s/it]mask_array.shape: (480, 480, 3)
[2024-12-29 15:18:14] mask_array.dtype: uint8
[2024-12-29 15:18:15] mask_array.shape: (480, 480, 3)
[2024-12-29 15:18:16] mask_array.dtype: uint8
[2024-12-29 15:18:17] mask_array.shape: (484, 484, 3)
[2024-12-29 15:18:18] mask_array.dtype: uint8
[2024-12-29 15:18:19] mask_array.shape: (484, 484, 3)
[2024-12-29 15:18:20] mask_array.dtype: uint8
[2024-12-29 15:18:21] 
[2024-12-29 15:18:22] 6%|▌         | 2/33 [00:14<04:23,  8.50s/it]mask_array.shape: (488, 488, 3)
[2024-12-29 15:18:23] mask_array.dtype: uint8
[2024-12-29 15:18:24] mask_array.shape: (492, 492, 3)
[2024-12-29 15:18:25] mask_array.dtype: uint8
[2024-12-29 15:18:26] mask_array.shape: (486, 486, 3)
[2024-12-29 15:18:27] mask_array.dtype: uint8
[2024-12-29 15:18:28] mask_array.shape: (482, 482, 3)
[2024-12-29 15:18:29] mask_array.dtype: uint8
[2024-12-29 15:18:30] 
[2024-12-29 15:18:31] 9%|▉         | 3/33 [00:15<02:20,  4.69s/it]mask_array.shape: (486, 486, 3)
[2024-12-29 15:18:32] mask_array.dtype: uint8
[2024-12-29 15:18:33] mask_array.shape: (486, 486, 3)
[2024-12-29 15:18:34] mask_array.dtype: uint8
[2024-12-29 15:18:35] mask_array.shape: (486, 486, 3)
[2024-12-29 15:18:36] mask_array.dtype: uint8
[2024-12-29 15:18:37] mask_array.shape: (494, 494, 3)
[2024-12-29 15:18:38] mask_array.dtype: uint8
[2024-12-29 15:18:39] 
[2024-12-29 15:18:40] 12%|█▏        | 4/33 [00:15<01:24,  2.90s/it]mask_array.shape: (504, 504, 3)
[2024-12-29 15:18:41] mask_array.dtype: uint8
[2024-12-29 15:18:42] mask_array.shape: (498, 498, 3)
[2024-12-29 15:18:43] mask_array.dtype: uint8
[2024-12-29 15:18:44] mask_array.shape: (488, 488, 3)
[2024-12-29 15:18:45] mask_array.dtype: uint8
[2024-12-29 15:18:46] mask_array.shape: (488, 488, 3)
[2024-12-29 15:18:47] mask_array.dtype: uint8
[2024-12-29 15:18:48] 
[2024-12-29 15:18:49] 15%|█▌        | 5/33 [00:15<00:53,  1.91s/it]mask_array.shape: (484, 484, 3)
[2024-12-29 15:18:50] mask_array.dtype: uint8
[2024-12-29 15:18:51] mask_array.shape: (484, 484, 3)
[2024-12-29 15:18:52] mask_array.dtype: uint8
[2024-12-29 15:18:53] mask_array.shape: (482, 482, 3)
[2024-12-29 15:18:54] mask_array.dtype: uint8
[2024-12-29 15:18:55] mask_array.shape: (476, 476, 3)
[2024-12-29 15:18:56] mask_array.dtype: uint8
[2024-12-29 15:18:57] 
[2024-12-29 15:18:58] 18%|█▊        | 6/33 [00:15<00:35,  1.32s/it]mask_array.shape: (472, 472, 3)
[2024-12-29 15:18:59] mask_array.dtype: uint8
[2024-12-29 15:19:00] mask_array.shape: (472, 472, 3)
[2024-12-29 15:19:01] mask_array.dtype: uint8
[2024-12-29 15:19:02] mask_array.shape: (472, 472, 3)
[2024-12-29 15:19:03] mask_array.dtype: uint8
[2024-12-29 15:19:04] mask_array.shape: (460, 460, 3)
[2024-12-29 15:19:05] mask_array.dtype: uint8
[2024-12-29 15:19:06] 
[2024-12-29 15:19:07] 21%|██        | 7/33 [00:15<00:24,  1.06it/s]mask_array.shape: (460, 460, 3)
[2024-12-29 15:19:08] mask_array.dtype: uint8
[2024-12-29 15:19:09] mask_array.shape: (450, 450, 3)
[2024-12-29 15:19:10] mask_array.dtype: uint8
[2024-12-29 15:19:11] mask_array.shape: (448, 448, 3)
[2024-12-29 15:19:12] mask_array.dtype: uint8
[2024-12-29 15:19:13] mask_array.shape: (448, 448, 3)
[2024-12-29 15:19:14] mask_array.dtype: uint8
[2024-12-29 15:19:15] 
[2024-12-29 15:19:16] 24%|██▍       | 8/33 [00:15<00:17,  1.44it/s]mask_array.shape: (448, 448, 3)
[2024-12-29 15:19:17] mask_array.dtype: uint8
[2024-12-29 15:19:18] mask_array.shape: (438, 438, 3)
[2024-12-29 15:19:19] mask_array.dtype: uint8
[2024-12-29 15:19:20] mask_array.shape: (438, 438, 3)
[2024-12-29 15:19:21] mask_array.dtype: uint8
[2024-12-29 15:19:22] mask_array.shape: (434, 434, 3)
[2024-12-29 15:19:23] mask_array.dtype: uint8
[2024-12-29 15:19:24] 
[2024-12-29 15:19:25] 27%|██▋       | 9/33 [00:16<00:12,  1.90it/s]mask_array.shape: (438, 438, 3)
[2024-12-29 15:19:26] mask_array.dtype: uint8
[2024-12-29 15:19:27] mask_array.shape: (438, 438, 3)
[2024-12-29 15:19:28] mask_array.dtype: uint8
[2024-12-29 15:19:29] mask_array.shape: (438, 438, 3)
[2024-12-29 15:19:30] mask_array.dtype: uint8
[2024-12-29 15:19:31] mask_array.shape: (444, 444, 3)
[2024-12-29 15:19:32] mask_array.dtype: uint8
[2024-12-29 15:19:33] 
[2024-12-29 15:19:34] 30%|███       | 10/33 [00:16<00:09,  2.43it/s]mask_array.shape: (448, 448, 3)
[2024-12-29 15:19:35] mask_array.dtype: uint8
[2024-12-29 15:19:36] mask_array.shape: (448, 448, 3)
[2024-12-29 15:19:37] mask_array.dtype: uint8
[2024-12-29 15:19:38] mask_array.shape: (452, 452, 3)
[2024-12-29 15:19:39] mask_array.dtype: uint8
[2024-12-29 15:19:40] mask_array.shape: (452, 452, 3)
[2024-12-29 15:19:41] mask_array.dtype: uint8
[2024-12-29 15:19:42] 
[2024-12-29 15:19:43] 33%|███▎      | 11/33 [00:16<00:07,  2.99it/s]mask_array.shape: (458, 458, 3)
[2024-12-29 15:19:44] mask_array.dtype: uint8
[2024-12-29 15:19:45] mask_array.shape: (462, 462, 3)
[2024-12-29 15:19:46] mask_array.dtype: uint8
[2024-12-29 15:19:47] mask_array.shape: (462, 462, 3)
[2024-12-29 15:19:48] mask_array.dtype: uint8
[2024-12-29 15:19:49] mask_array.shape: (468, 468, 3)
[2024-12-29 15:19:50] mask_array.dtype: uint8
[2024-12-29 15:19:51] 
[2024-12-29 15:19:52] 36%|███▋      | 12/33 [00:16<00:05,  3.56it/s]mask_array.shape: (472, 472, 3)
[2024-12-29 15:19:53] mask_array.dtype: uint8
[2024-12-29 15:19:54] mask_array.shape: (472, 472, 3)
[2024-12-29 15:19:55] mask_array.dtype: uint8
[2024-12-29 15:19:56] mask_array.shape: (484, 484, 3)
[2024-12-29 15:19:57] mask_array.dtype: uint8
[2024-12-29 15:19:58] mask_array.shape: (488, 488, 3)
[2024-12-29 15:19:59] mask_array.dtype: uint8
[2024-12-29 15:20:00] 
[2024-12-29 15:20:01] 39%|███▉      | 13/33 [00:16<00:04,  4.08it/s]mask_array.shape: (488, 488, 3)
[2024-12-29 15:20:02] mask_array.dtype: uint8
[2024-12-29 15:20:03] mask_array.shape: (494, 494, 3)
[2024-12-29 15:20:04] mask_array.dtype: uint8
[2024-12-29 15:20:05] mask_array.shape: (492, 492, 3)
[2024-12-29 15:20:06] mask_array.dtype: uint8
[2024-12-29 15:20:07] mask_array.shape: (492, 492, 3)
[2024-12-29 15:20:08] mask_array.dtype: uint8
[2024-12-29 15:20:09] 
[2024-12-29 15:20:10] 42%|████▏     | 14/33 [00:16<00:04,  4.58it/s]mask_array.shape: (504, 504, 3)
[2024-12-29 15:20:11] mask_array.dtype: uint8
[2024-12-29 15:20:12] mask_array.shape: (498, 498, 3)
[2024-12-29 15:20:13] mask_array.dtype: uint8
[2024-12-29 15:20:14] mask_array.shape: (498, 498, 3)
[2024-12-29 15:20:15] mask_array.dtype: uint8
[2024-12-29 15:20:16] mask_array.shape: (494, 494, 3)
[2024-12-29 15:20:17] mask_array.dtype: uint8
[2024-12-29 15:20:18] 
[2024-12-29 15:20:19] 45%|████▌     | 15/33 [00:17<00:03,  4.98it/s]mask_array.shape: (488, 488, 3)
[2024-12-29 15:20:20] mask_array.dtype: uint8
[2024-12-29 15:20:21] mask_array.shape: (488, 488, 3)
[2024-12-29 15:20:22] mask_array.dtype:
[2024-12-29 15:20:23] 48%|████▊     | 16/33 [00:17<00:03,  5.33it/s] uint8
[2024-12-29 15:20:24] mask_array.shape: (488, 488, 3)
[2024-12-29 15:20:25] mask_array.dtype: uint8
[2024-12-29 15:20:26] 生成完成，输出文件已生成
