[2024-12-28 21:28:50] 开始处理任务
[2024-12-28 21:28:50] 使用配置文件: C:\computer\3\itproject\digitaltool\file\sync\out\20241228212850_mKsH\20241228212850_mKsH.yaml
[2024-12-28 21:28:52] add ffmpeg to path
[2024-12-28 21:28:57] Loads checkpoint by local backend from path: ./models/dwpose/dw-ll_ucoco_384.pth
[2024-12-28 21:28:57] cuda start
[2024-12-28 21:29:03] C:\ProgramData\miniconda3\envs\musetalk\lib\site-packages\torch\utils\_contextlib.py:125: UserWarning: Decorating classes is deprecated and will be disabled in future versions. You should only decorate functions or methods. To preserve the current behavior of class decoration, you can directly decorate the `__init__` method and nothing else.
[2024-12-28 21:29:03] warnings.warn("Decorating classes is deprecated and will be disabled in "
[2024-12-28 21:29:03] {'20241226200103_wbvh': {'preparation': False, 'bbox_shift': 5, 'video_path': 'C:\\computer\\3\\itproject\\digitaltool\\file\\train\\20241226200103_wbvh\\20241226200103_wbvh.mp4', 'audio_clips': {'audio_0': 'C:\\computer\\3\\itproject\\digitaltool\\file\\sync\\out\\20241228212850_mKsH\\20241228212850_mKsH.wav'}}}
[2024-12-28 21:29:03] avatar_path---------------------: C:\computer\3\itproject\MuseTalk\results\20241226200103_wbvh
[2024-12-28 21:29:03] reading images...
[2024-12-28 21:29:03] 
[2024-12-28 21:29:03] 0%|          | 0/600 [00:00<?, ?it/s]
[2024-12-28 21:29:03] 2%|▏         | 9/600 [00:00<00:07, 83.94it/s]
[2024-12-28 21:29:03] 3%|▎         | 18/600 [00:00<00:06, 84.97it/s]
[2024-12-28 21:29:03] 4%|▍         | 27/600 [00:00<00:06, 86.62it/s]
[2024-12-28 21:29:03] 6%|▌         | 36/600 [00:00<00:06, 86.75it/s]
[2024-12-28 21:29:04] 8%|▊         | 45/600 [00:00<00:06, 86.52it/s]
[2024-12-28 21:29:04] 9%|▉         | 54/600 [00:00<00:06, 86.10it/s]
[2024-12-28 21:29:04] 10%|█         | 63/600 [00:00<00:06, 85.84it/s]
[2024-12-28 21:29:04] 12%|█▏        | 72/600 [00:00<00:06, 85.25it/s]
[2024-12-28 21:29:04] 14%|█▎        | 81/600 [00:00<00:06, 84.87it/s]
[2024-12-28 21:29:04] 15%|█▌        | 90/600 [00:01<00:06, 84.22it/s]
[2024-12-28 21:29:04] 16%|█▋        | 99/600 [00:01<00:06, 82.47it/s]
[2024-12-28 21:29:04] 18%|█▊        | 108/600 [00:01<00:05, 82.85it/s]
[2024-12-28 21:29:04] 20%|█▉        | 117/600 [00:01<00:05, 83.34it/s]
[2024-12-28 21:29:05] 21%|██        | 126/600 [00:01<00:05, 82.53it/s]
[2024-12-28 21:29:05] 22%|██▎       | 135/600 [00:01<00:05, 83.34it/s]
[2024-12-28 21:29:05] 24%|██▍       | 144/600 [00:01<00:05, 82.19it/s]
[2024-12-28 21:29:05] 26%|██▌       | 153/600 [00:01<00:05, 81.96it/s]
[2024-12-28 21:29:05] 27%|██▋       | 162/600 [00:01<00:05, 81.42it/s]
[2024-12-28 21:29:05] 28%|██▊       | 171/600 [00:02<00:05, 82.69it/s]
[2024-12-28 21:29:05] 30%|███       | 180/600 [00:02<00:05, 82.49it/s]
[2024-12-28 21:29:05] 32%|███▏      | 189/600 [00:02<00:04, 82.97it/s]
[2024-12-28 21:29:05] 33%|███▎      | 198/600 [00:02<00:04, 82.96it/s]
[2024-12-28 21:29:06] 34%|███▍      | 207/600 [00:02<00:04, 82.16it/s]
[2024-12-28 21:29:06] 36%|███▌      | 216/600 [00:02<00:04, 80.94it/s]
[2024-12-28 21:29:06] 38%|███▊      | 225/600 [00:02<00:04, 80.58it/s]
[2024-12-28 21:29:06] 39%|███▉      | 234/600 [00:02<00:04, 81.14it/s]
[2024-12-28 21:29:06] 40%|████      | 243/600 [00:02<00:04, 79.39it/s]
[2024-12-28 21:29:06] 42%|████▏     | 251/600 [00:03<00:04, 78.68it/s]
[2024-12-28 21:29:06] 43%|████▎     | 260/600 [00:03<00:04, 79.57it/s]
[2024-12-28 21:29:06] 45%|████▍     | 269/600 [00:03<00:04, 80.24it/s]
[2024-12-28 21:29:06] 46%|████▋     | 278/600 [00:03<00:03, 80.93it/s]
[2024-12-28 21:29:07] 48%|████▊     | 287/600 [00:03<00:03, 81.40it/s]
[2024-12-28 21:29:07] 49%|████▉     | 296/600 [00:03<00:03, 80.35it/s]
[2024-12-28 21:29:07] 51%|█████     | 305/600 [00:03<00:03, 82.68it/s]
[2024-12-28 21:29:07] 52%|█████▏    | 314/600 [00:03<00:03, 83.54it/s]
[2024-12-28 21:29:07] 54%|█████▍    | 323/600 [00:03<00:03, 81.87it/s]
[2024-12-28 21:29:07] 55%|█████▌    | 332/600 [00:04<00:03, 80.79it/s]
[2024-12-28 21:29:07] 57%|█████▋    | 341/600 [00:04<00:03, 80.18it/s]
[2024-12-28 21:29:07] 58%|█████▊    | 350/600 [00:04<00:03, 80.98it/s]
[2024-12-28 21:29:07] 60%|█████▉    | 359/600 [00:04<00:02, 81.34it/s]
[2024-12-28 21:29:08] 61%|██████▏   | 368/600 [00:04<00:02, 81.48it/s]
[2024-12-28 21:29:08] 63%|██████▎   | 377/600 [00:04<00:02, 81.69it/s]
[2024-12-28 21:29:08] 64%|██████▍   | 386/600 [00:04<00:02, 81.50it/s]
[2024-12-28 21:29:08] 66%|██████▌   | 395/600 [00:04<00:02, 80.61it/s]
[2024-12-28 21:29:08] 67%|██████▋   | 404/600 [00:04<00:02, 81.00it/s]
[2024-12-28 21:29:08] 69%|██████▉   | 413/600 [00:05<00:02, 80.51it/s]
[2024-12-28 21:29:08] 70%|███████   | 422/600 [00:05<00:02, 80.86it/s]
[2024-12-28 21:29:08] 72%|███████▏  | 431/600 [00:05<00:02, 80.38it/s]
[2024-12-28 21:29:08] 73%|███████▎  | 440/600 [00:05<00:01, 81.79it/s]
[2024-12-28 21:29:09] 75%|███████▍  | 449/600 [00:05<00:01, 82.46it/s]
[2024-12-28 21:29:09] 76%|███████▋  | 458/600 [00:05<00:01, 81.37it/s]
[2024-12-28 21:29:09] 78%|███████▊  | 467/600 [00:05<00:01, 81.97it/s]
[2024-12-28 21:29:09] 79%|███████▉  | 476/600 [00:05<00:01, 82.94it/s]
[2024-12-28 21:29:09] 81%|████████  | 485/600 [00:05<00:01, 81.86it/s]
[2024-12-28 21:29:09] 82%|████████▏ | 494/600 [00:06<00:01, 82.64it/s]
[2024-12-28 21:29:09] 84%|████████▍ | 503/600 [00:06<00:01, 82.28it/s]
[2024-12-28 21:29:09] 85%|████████▌ | 512/600 [00:06<00:01, 81.43it/s]
[2024-12-28 21:29:09] 87%|████████▋ | 521/600 [00:06<00:00, 81.88it/s]
[2024-12-28 21:29:10] 88%|████████▊ | 530/600 [00:06<00:00, 82.64it/s]
[2024-12-28 21:29:10] 90%|████████▉ | 539/600 [00:06<00:00, 80.95it/s]
[2024-12-28 21:29:10] 91%|█████████▏| 548/600 [00:06<00:00, 80.86it/s]
[2024-12-28 21:29:10] 93%|█████████▎| 557/600 [00:06<00:00, 76.68it/s]
[2024-12-28 21:29:10] 94%|█████████▍| 565/600 [00:06<00:00, 77.36it/s]
[2024-12-28 21:29:10] 96%|█████████▌| 573/600 [00:07<00:00, 77.80it/s]
[2024-12-28 21:29:10] 97%|█████████▋| 581/600 [00:07<00:00, 78.17it/s]
[2024-12-28 21:29:10] 98%|█████████▊| 590/600 [00:07<00:00, 80.29it/s]
[2024-12-28 21:29:10] 100%|█████████▉| 599/600 [00:07<00:00, 81.90it/s]
[2024-12-28 21:29:10] 100%|██████████| 600/600 [00:07<00:00, 81.77it/s]
[2024-12-28 21:29:10] reading images...
[2024-12-28 21:29:10] 
[2024-12-28 21:29:10] 0%|          | 0/600 [00:00<?, ?it/s]
[2024-12-28 21:29:11] 16%|█▌        | 96/600 [00:00<00:00, 955.13it/s]
[2024-12-28 21:29:11] 32%|███▏      | 192/600 [00:00<00:00, 938.66it/s]
[2024-12-28 21:29:11] 48%|████▊     | 286/600 [00:00<00:00, 894.45it/s]
[2024-12-28 21:29:11] 63%|██████▎   | 376/600 [00:00<00:00, 878.15it/s]
[2024-12-28 21:29:11] 78%|███████▊  | 467/600 [00:00<00:00, 887.16it/s]
[2024-12-28 21:29:11] 93%|█████████▎| 559/600 [00:00<00:00, 896.52it/s]
[2024-12-28 21:29:11] 100%|██████████| 600/600 [00:00<00:00, 900.91it/s]
[2024-12-28 21:29:11] Inferring using: C:\computer\3\itproject\digitaltool\file\sync\out\20241228212850_mKsH\20241228212850_mKsH.wav
[2024-12-28 21:29:11] start inference
[2024-12-28 21:29:11] video in 25 FPS, audio idx in 50FPS
[2024-12-28 21:29:11] processing audio:C:\computer\3\itproject\digitaltool\file\sync\out\20241228212850_mKsH\20241228212850_mKsH.wav costs 490.25678634643555ms
[2024-12-28 21:29:11] 129
[2024-12-28 21:29:11] 0%|          | 0/33 [00:00<?, ?it/s]
[2024-12-28 21:29:13] 
[2024-12-28 21:29:13] 3%|▎         | 1/33 [00:01<00:48,  1.52s/it]mask_array.shape: (480, 480, 3)
[2024-12-28 21:29:13] mask_array.dtype: uint8
[2024-12-28 21:29:13] mask_array.shape: (480, 480, 3)
[2024-12-28 21:29:13] mask_array.dtype: uint8
[2024-12-28 21:29:13] mask_array.shape: (484, 484, 3)
[2024-12-28 21:29:13] mask_array.dtype: uint8
[2024-12-28 21:29:13] mask_array.shape: (484, 484, 3)
[2024-12-28 21:29:13] mask_array.dtype: uint8
[2024-12-28 21:29:13] 
[2024-12-28 21:29:13] 6%|▌         | 2/33 [00:01<00:22,  1.38it/s]mask_array.shape: (488, 488, 3)
[2024-12-28 21:29:13] mask_array.dtype: uint8
[2024-12-28 21:29:13] mask_array.shape: (492, 492, 3)
[2024-12-28 21:29:13] mask_array.dtype: uint8
[2024-12-28 21:29:13] mask_array.shape: (486, 486, 3)
[2024-12-28 21:29:13] mask_array.dtype: uint8
[2024-12-28 21:29:13] mask_array.shape: (482, 482, 3)
[2024-12-28 21:29:13] mask_array.dtype: uint8
[2024-12-28 21:29:13] 
[2024-12-28 21:29:13] 9%|▉         | 3/33 [00:01<00:13,  2.15it/s]mask_array.shape: (486, 486, 3)
[2024-12-28 21:29:13] mask_array.dtype: uint8
[2024-12-28 21:29:13] mask_array.shape: (486, 486, 3)
[2024-12-28 21:29:13] mask_array.dtype: uint8
[2024-12-28 21:29:13] mask_array.shape: (486, 486, 3)
[2024-12-28 21:29:13] mask_array.dtype: uint8
[2024-12-28 21:29:13] mask_array.shape: (494, 494, 3)
[2024-12-28 21:29:13] mask_array.dtype: uint8
[2024-12-28 21:29:13] 
[2024-12-28 21:29:13] 12%|█▏        | 4/33 [00:02<00:09,  2.91it/s]mask_array.shape: (504, 504, 3)
[2024-12-28 21:29:13] mask_array.dtype: uint8
[2024-12-28 21:29:13] mask_array.shape: (498, 498, 3)
[2024-12-28 21:29:13] mask_array.dtype: uint8
[2024-12-28 21:29:14] mask_array.shape: (488, 488, 3)
[2024-12-28 21:29:14] mask_array.dtype: uint8
[2024-12-28 21:29:14] mask_array.shape: (488, 488, 3)
[2024-12-28 21:29:14] mask_array.dtype: uint8
[2024-12-28 21:29:14] 
[2024-12-28 21:29:14] 15%|█▌        | 5/33 [00:02<00:07,  3.62it/s]mask_array.shape: (484, 484, 3)
[2024-12-28 21:29:14] mask_array.dtype: uint8
[2024-12-28 21:29:14] mask_array.shape: (484, 484, 3)
[2024-12-28 21:29:14] mask_array.dtype: uint8
[2024-12-28 21:29:14] mask_array.shape: (482, 482, 3)
[2024-12-28 21:29:14] mask_array.dtype: uint8
[2024-12-28 21:29:14] mask_array.shape: (476, 476, 3)
[2024-12-28 21:29:14] mask_array.dtype: uint8
[2024-12-28 21:29:14] 
[2024-12-28 21:29:14] 18%|█▊        | 6/33 [00:02<00:06,  4.23it/s]mask_array.shape: (472, 472, 3)
[2024-12-28 21:29:14] mask_array.dtype: uint8
[2024-12-28 21:29:14] mask_array.shape: (472, 472, 3)
[2024-12-28 21:29:14] mask_array.dtype: uint8
[2024-12-28 21:29:14] mask_array.shape: (472, 472, 3)
[2024-12-28 21:29:14] mask_array.dtype: uint8
[2024-12-28 21:29:14] mask_array.shape: (460, 460, 3)
[2024-12-28 21:29:14] mask_array.dtype: uint8
[2024-12-28 21:29:14] 
[2024-12-28 21:29:14] 21%|██        | 7/33 [00:02<00:05,  4.74it/s]mask_array.shape: (460, 460, 3)
[2024-12-28 21:29:14] mask_array.dtype: uint8
[2024-12-28 21:29:14] mask_array.shape: (450, 450, 3)
[2024-12-28 21:29:14] mask_array.dtype: uint8
[2024-12-28 21:29:14] mask_array.shape: (448, 448, 3)
[2024-12-28 21:29:14] mask_array.dtype: uint8
[2024-12-28 21:29:14] mask_array.shape: (448, 448, 3)
[2024-12-28 21:29:14] mask_array.dtype: uint8
[2024-12-28 21:29:14] 
[2024-12-28 21:29:14] 24%|██▍       | 8/33 [00:02<00:04,  5.13it/s]mask_array.shape: (448, 448, 3)
[2024-12-28 21:29:14] mask_array.dtype: uint8
[2024-12-28 21:29:14] mask_array.shape: (438, 438, 3)
[2024-12-28 21:29:14] mask_array.dtype: uint8
[2024-12-28 21:29:14] mask_array.shape: (438, 438, 3)
[2024-12-28 21:29:14] mask_array.dtype: uint8
[2024-12-28 21:29:14] mask_array.shape: (434, 434, 3)
[2024-12-28 21:29:14] mask_array.dtype: uint8
[2024-12-28 21:29:14] 
[2024-12-28 21:29:14] 27%|██▋       | 9/33 [00:02<00:04,  5.46it/s]mask_array.shape: (438, 438, 3)
[2024-12-28 21:29:14] mask_array.dtype: uint8
[2024-12-28 21:29:14] mask_array.shape: (438, 438, 3)
[2024-12-28 21:29:14] mask_array.dtype: uint8
[2024-12-28 21:29:14] mask_array.shape: (438, 438, 3)
[2024-12-28 21:29:14] mask_array.dtype: uint8
[2024-12-28 21:29:14] mask_array.shape: (444, 444, 3)
[2024-12-28 21:29:14] mask_array.dtype: uint8
[2024-12-28 21:29:14] 
[2024-12-28 21:29:14] 30%|███       | 10/33 [00:02<00:04,  5.69it/s]mask_array.shape: (448, 448, 3)
[2024-12-28 21:29:14] mask_array.dtype: uint8
[2024-12-28 21:29:14] mask_array.shape: (448, 448, 3)
[2024-12-28 21:29:14] mask_array.dtype: uint8
[2024-12-28 21:29:14] mask_array.shape: (452, 452, 3)
[2024-12-28 21:29:14] mask_array.dtype: uint8
[2024-12-28 21:29:14] mask_array.shape: (452, 452, 3)
[2024-12-28 21:29:14] mask_array.dtype: uint8
[2024-12-28 21:29:15] 
[2024-12-28 21:29:15] 33%|███▎      | 11/33 [00:03<00:03,  5.86it/s]mask_array.shape: (458, 458, 3)
[2024-12-28 21:29:15] mask_array.dtype: uint8
[2024-12-28 21:29:15] mask_array.shape: (462, 462, 3)
[2024-12-28 21:29:15] mask_array.dtype: uint8
[2024-12-28 21:29:15] mask_array.shape: (462, 462, 3)
[2024-12-28 21:29:15] mask_array.dtype: uint8
[2024-12-28 21:29:15] mask_array.shape: (468, 468, 3)
[2024-12-28 21:29:15] mask_array.dtype: uint8
[2024-12-28 21:29:15] 
[2024-12-28 21:29:15] 36%|███▋      | 12/33 [00:03<00:03,  5.97it/s]mask_array.shape: (472, 472, 3)
[2024-12-28 21:29:15] mask_array.dtype: uint8
[2024-12-28 21:29:15] mask_array.shape: (472, 472, 3)
[2024-12-28 21:29:15] mask_array.dtype: uint8
[2024-12-28 21:29:15] mask_array.shape: (484, 484, 3)
[2024-12-28 21:29:15] mask_array.dtype: uint8
[2024-12-28 21:29:15] mask_array.shape: (488, 488, 3)
[2024-12-28 21:29:15] mask_array.dtype: uint8
[2024-12-28 21:29:15] 
[2024-12-28 21:29:15] 39%|███▉      | 13/33 [00:03<00:03,  6.09it/s]mask_array.shape: (488, 488, 3)
[2024-12-28 21:29:15] mask_array.dtype: uint8
[2024-12-28 21:29:15] mask_array.shape: (494, 494, 3)
[2024-12-28 21:29:15] mask_array.dtype: uint8
[2024-12-28 21:29:15] mask_array.shape: (492, 492, 3)
[2024-12-28 21:29:15] mask_array.dtype: uint8
[2024-12-28 21:29:15] mask_array.shape: (492, 492, 3)
[2024-12-28 21:29:15] mask_array.dtype: uint8
[2024-12-28 21:29:15] 
[2024-12-28 21:29:15] 42%|████▏     | 14/33 [00:03<00:03,  6.16it/s]mask_array.shape: (504, 504, 3)
[2024-12-28 21:29:15] mask_array.dtype: uint8
[2024-12-28 21:29:15] mask_array.shape: (498, 498, 3)
[2024-12-28 21:29:15] mask_array.dtype: uint8
[2024-12-28 21:29:15] mask_array.shape: (498, 498, 3)
[2024-12-28 21:29:15] mask_array.dtype: uint8
[2024-12-28 21:29:15] mask_array.shape: (494, 494, 3)
[2024-12-28 21:29:15] mask_array.dtype: uint8
[2024-12-28 21:29:15] 
[2024-12-28 21:29:15] 45%|████▌     | 15/33 [00:03<00:02,  6.21it/s]mask_array.shape: (488, 488, 3)
[2024-12-28 21:29:15] mask_array.dtype: uint8
[2024-12-28 21:29:15] mask_array.shape: (488, 488, 3)
[2024-12-28 21:29:15] mask_array.dtype: uint8
[2024-12-28 21:29:15] mask_array.shape: (488, 488, 3)
[2024-12-28 21:29:15] mask_array.dtype: uint8
[2024-12-28 21:29:15] mask_array.shape: (476, 476, 3)
[2024-12-28 21:29:15] mask_array.dtype: uint8
[2024-12-28 21:29:15] 
[2024-12-28 21:29:15] 48%|████▊     | 16/33 [00:03<00:02,  6.24it/s]mask_array.shape: (472, 472, 3)
[2024-12-28 21:29:15] mask_array.dtype: uint8
[2024-12-28 21:29:15] mask_array.shape: (476, 476, 3)
[2024-12-28 21:29:15] mask_array.dtype: uint8
[2024-12-28 21:29:15] mask_array.shape: (472, 472, 3)
[2024-12-28 21:29:15] mask_array.dtype: uint8
[2024-12-28 21:29:15] mask_array.shape: (472, 472, 3)
[2024-12-28 21:29:15] mask_array.dtype: uint8
[2024-12-28 21:29:16] 
[2024-12-28 21:29:16] 52%|█████▏    | 17/33 [00:04<00:02,  6.29it/s]mask_array.shape: (472, 472, 3)
[2024-12-28 21:29:16] mask_array.dtype: uint8
[2024-12-28 21:29:16] mask_array.shape: (468, 468, 3)
[2024-12-28 21:29:16] mask_array.dtype: uint8
[2024-12-28 21:29:16] mask_array.shape: (472, 472, 3)
[2024-12-28 21:29:16] mask_array.dtype: uint8
[2024-12-28 21:29:16] mask_array.shape: (468, 468, 3)
[2024-12-28 21:29:16] mask_array.dtype: uint8
[2024-12-28 21:29:16] 
[2024-12-28 21:29:16] 55%|█████▍    | 18/33 [00:04<00:02,  6.31it/s]mask_array.shape: (468, 468, 3)
[2024-12-28 21:29:16] mask_array.dtype: uint8
[2024-12-28 21:29:16] mask_array.shape: (468, 468, 3)
[2024-12-28 21:29:16] mask_array.dtype: uint8
[2024-12-28 21:29:16] mask_array.shape: (458, 458, 3)
[2024-12-28 21:29:16] mask_array.dtype: uint8
[2024-12-28 21:29:16] mask_array.shape: (458, 458, 3)
[2024-12-28 21:29:16] mask_array.dtype: uint8
[2024-12-28 21:29:16] 
[2024-12-28 21:29:16] 58%|█████▊    | 19/33 [00:04<00:02,  6.33it/s]mask_array.shape: (458, 458, 3)
[2024-12-28 21:29:16] mask_array.dtype: uint8
[2024-12-28 21:29:16] mask_array.shape: (452, 452, 3)
[2024-12-28 21:29:16] mask_array.dtype: uint8
[2024-12-28 21:29:16] mask_array.shape: (450, 450, 3)
[2024-12-28 21:29:16] mask_array.dtype: uint8
[2024-12-28 21:29:16] mask_array.shape: (450, 450, 3)
[2024-12-28 21:29:16] mask_array.dtype: uint8
[2024-12-28 21:29:16] 
[2024-12-28 21:29:16] 61%|██████    | 20/33 [00:04<00:02,  6.29it/s]mask_array.shape: (440, 440, 3)
[2024-12-28 21:29:16] mask_array.dtype: uint8
[2024-12-28 21:29:16] mask_array.shape: (440, 440, 3)
[2024-12-28 21:29:16] mask_array.dtype: uint8
[2024-12-28 21:29:16] mask_array.shape: (446, 446, 3)
[2024-12-28 21:29:16] mask_array.dtype: uint8
[2024-12-28 21:29:16] mask_array.shape: (446, 446, 3)
[2024-12-28 21:29:16] mask_array.dtype: uint8
[2024-12-28 21:29:16] 
[2024-12-28 21:29:16] 64%|██████▎   | 21/33 [00:04<00:01,  6.30it/s]mask_array.shape: (440, 440, 3)
[2024-12-28 21:29:16] mask_array.dtype: uint8
[2024-12-28 21:29:16] mask_array.shape: (440, 440, 3)
[2024-12-28 21:29:16] mask_array.dtype: uint8
[2024-12-28 21:29:16] mask_array.shape: (446, 446, 3)
[2024-12-28 21:29:16] mask_array.dtype: uint8
[2024-12-28 21:29:16] mask_array.shape: (446, 446, 3)
[2024-12-28 21:29:16] mask_array.dtype: uint8
[2024-12-28 21:29:16] 
[2024-12-28 21:29:16] 67%|██████▋   | 22/33 [00:04<00:01,  6.29it/s]mask_array.shape: (440, 440, 3)
[2024-12-28 21:29:16] mask_array.dtype: uint8
[2024-12-28 21:29:16] mask_array.shape: (440, 440, 3)
[2024-12-28 21:29:16] mask_array.dtype: uint8
[2024-12-28 21:29:16] mask_array.shape: (440, 440, 3)
[2024-12-28 21:29:16] mask_array.dtype: uint8
[2024-12-28 21:29:16] mask_array.shape: (440, 440, 3)
[2024-12-28 21:29:16] mask_array.dtype: uint8
[2024-12-28 21:29:16] 
[2024-12-28 21:29:16] 70%|██████▉   | 23/33 [00:05<00:01,  6.30it/s]mask_array.shape: (446, 446, 3)
[2024-12-28 21:29:16] mask_array.dtype: uint8
[2024-12-28 21:29:17] mask_array.shape: (446, 446, 3)
[2024-12-28 21:29:17] mask_array.dtype: uint8
[2024-12-28 21:29:17] mask_array.shape: (440, 440, 3)
[2024-12-28 21:29:17] mask_array.dtype: uint8
[2024-12-28 21:29:17] mask_array.shape: (448, 448, 3)
[2024-12-28 21:29:17] mask_array.dtype: uint8
[2024-12-28 21:29:17] 
[2024-12-28 21:29:17] 73%|███████▎  | 24/33 [00:05<00:01,  6.30it/s]mask_array.shape: (448, 448, 3)
[2024-12-28 21:29:17] mask_array.dtype: uint8
[2024-12-28 21:29:17] mask_array.shape: (448, 448, 3)
[2024-12-28 21:29:17] mask_array.dtype: uint8
[2024-12-28 21:29:17] mask_array.shape: (452, 452, 3)
[2024-12-28 21:29:17] mask_array.dtype: uint8
[2024-12-28 21:29:17] mask_array.shape: (448, 448, 3)
[2024-12-28 21:29:17] mask_array.dtype: uint8
[2024-12-28 21:29:17] 
[2024-12-28 21:29:17] 76%|███████▌  | 25/33 [00:05<00:01,  6.32it/s]mask_array.shape: (448, 448, 3)
[2024-12-28 21:29:17] mask_array.dtype: uint8
[2024-12-28 21:29:17] mask_array.shape: (446, 446, 3)
[2024-12-28 21:29:17] mask_array.dtype: uint8
[2024-12-28 21:29:17] mask_array.shape: (446, 446, 3)
[2024-12-28 21:29:17] mask_array.dtype: uint8
[2024-12-28 21:29:17] mask_array.shape: (446, 446, 3)
[2024-12-28 21:29:17] mask_array.dtype: uint8
[2024-12-28 21:29:17] 
[2024-12-28 21:29:17] 79%|███████▉  | 26/33 [00:05<00:01,  6.33it/s]mask_array.shape: (450, 450, 3)
[2024-12-28 21:29:17] mask_array.dtype: uint8
[2024-12-28 21:29:17] mask_array.shape: (452, 452, 3)
[2024-12-28 21:29:17] mask_array.dtype: uint8
[2024-12-28 21:29:17] mask_array.shape: (452, 452, 3)
[2024-12-28 21:29:17] mask_array.dtype: uint8
[2024-12-28 21:29:17] mask_array.shape: (448, 448, 3)
[2024-12-28 21:29:17] mask_array.dtype: uint8
[2024-12-28 21:29:17] 
[2024-12-28 21:29:17] 82%|████████▏ | 27/33 [00:05<00:00,  6.34it/s]mask_array.shape: (448, 448, 3)
[2024-12-28 21:29:17] mask_array.dtype: uint8
[2024-12-28 21:29:17] mask_array.shape: (448, 448, 3)
[2024-12-28 21:29:17] mask_array.dtype: uint8
[2024-12-28 21:29:17] mask_array.shape: (452, 452, 3)
[2024-12-28 21:29:17] mask_array.dtype: uint8
[2024-12-28 21:29:17] mask_array.shape: (448, 448, 3)
[2024-12-28 21:29:17] mask_array.dtype: uint8
[2024-12-28 21:29:17] 
[2024-12-28 21:29:17] 85%|████████▍ | 28/33 [00:05<00:00,  6.17it/s]mask_array.shape: (452, 452, 3)
[2024-12-28 21:29:17] mask_array.dtype: uint8
[2024-12-28 21:29:17] mask_array.shape: (452, 452, 3)
[2024-12-28 21:29:17] mask_array.dtype: uint8
[2024-12-28 21:29:17] mask_array.shape: (452, 452, 3)
[2024-12-28 21:29:17] mask_array.dtype: uint8
[2024-12-28 21:29:17] mask_array.shape: (452, 452, 3)
[2024-12-28 21:29:17] mask_array.dtype: uint8
[2024-12-28 21:29:17] 
[2024-12-28 21:29:17] 88%|████████▊ | 29/33 [00:05<00:00,  6.19it/s]mask_array.shape: (452, 452, 3)
[2024-12-28 21:29:17] mask_array.dtype: uint8
[2024-12-28 21:29:17] mask_array.shape: (458, 458, 3)
[2024-12-28 21:29:17] mask_array.dtype: uint8
[2024-12-28 21:29:17] mask_array.shape: (462, 462, 3)
[2024-12-28 21:29:17] mask_array.dtype: uint8
[2024-12-28 21:29:18] mask_array.shape: (462, 462, 3)
[2024-12-28 21:29:18] mask_array.dtype: uint8
[2024-12-28 21:29:18] 
[2024-12-28 21:29:18] 91%|█████████ | 30/33 [00:06<00:00,  6.23it/s]mask_array.shape: (462, 462, 3)
[2024-12-28 21:29:18] mask_array.dtype: uint8
[2024-12-28 21:29:18] mask_array.shape: (462, 462, 3)
[2024-12-28 21:29:18] mask_array.dtype: uint8
[2024-12-28 21:29:18] mask_array.shape: (468, 468, 3)
[2024-12-28 21:29:18] mask_array.dtype: uint8
[2024-12-28 21:29:18] mask_array.shape: (468, 468, 3)
[2024-12-28 21:29:18] mask_array.dtype: uint8
[2024-12-28 21:29:18] 
[2024-12-28 21:29:18] 94%|█████████▍| 31/33 [00:06<00:00,  6.23it/s]mask_array.shape: (468, 468, 3)
[2024-12-28 21:29:18] mask_array.dtype: uint8
[2024-12-28 21:29:18] mask_array.shape: (462, 462, 3)
[2024-12-28 21:29:18] mask_array.dtype: uint8
[2024-12-28 21:29:18] mask_array.shape: (462, 462, 3)
[2024-12-28 21:29:18] mask_array.dtype: uint8
[2024-12-28 21:29:18] mask_array.shape: (462, 462, 3)
[2024-12-28 21:29:18] mask_array.dtype: uint8
[2024-12-28 21:29:18] 
[2024-12-28 21:29:18] 97%|█████████▋| 32/33 [00:06<00:00,  6.24it/s]mask_array.shape: (468, 468, 3)
[2024-12-28 21:29:18] mask_array.dtype: uint8
[2024-12-28 21:29:18] mask_array.shape: (468, 468, 3)
[2024-12-28 21:29:18] mask_array.dtype: uint8
[2024-12-28 21:29:18] mask_array.shape: (468, 468, 3)
[2024-12-28 21:29:18] mask_array.dtype: uint8
[2024-12-28 21:29:18] mask_array.shape: (462, 462, 3)
[2024-12-28 21:29:18] mask_array.dtype: uint8
[2024-12-28 21:29:19] 
[2024-12-28 21:29:19] 100%|██████████| 33/33 [00:07<00:00,  2.73it/s]
[2024-12-28 21:29:19] 100%|██████████| 33/33 [00:07<00:00,  4.52it/s]
[2024-12-28 21:29:19] Total process time of 129 frames including saving images = 7.296858549118042s
[2024-12-28 21:29:19] -------------------------------------------------------------------------------------------------out_vid_name audio_0
[2024-12-28 21:29:19] ffmpeg -y -v warning -r 25 -f image2 -i C:\computer\3\itproject\MuseTalk\results\20241226200103_wbvh/tmp/%08d.png -vcodec libx264 -vf format=rgb24,scale=out_color_matrix=bt709,format=yuv420p -crf 18 C:\computer\3\itproject\MuseTalk\results\20241226200103_wbvh/temp.mp4
[2024-12-28 21:29:20] ffmpeg -y -v warning -i C:\computer\3\itproject\digitaltool\file\sync\out\20241228212850_mKsH\20241228212850_mKsH.wav -i C:\computer\3\itproject\MuseTalk\results\20241226200103_wbvh/temp.mp4 C:\computer\3\itproject\MuseTalk\results\20241226200103_wbvh/vid_output/audio_0.mp4
[2024-12-28 21:29:20] [aist#0:0/pcm_s16le @ 0000015d3ead4b40] Guessed Channel Layout: stereo
[2024-12-28 21:29:21] result is save to C:\computer\3\itproject\MuseTalk\results\20241226200103_wbvh/vid_output/audio_0.mp4
[2024-12-28 21:29:21] args.save_path: C:\computer\3\itproject\digitaltool\file\sync\out\20241228212850_mKsH\20241228212850_mKsH_output.mp4
[2024-12-28 21:29:21] 
[2024-12-28 21:29:21] 
[2024-12-28 21:29:21] [0m
[2024-12-28 21:29:21] 任务完成
